[ 2014-09-12T15:24:04+08:00 ] 127.0.0.1 /manage/index.php/Admin/Index/index.html
INFO: [ app_init ] --START--
INFO: Run Behavior\BuildLiteBehavior [ RunTime:0.000025s ]
INFO: [ app_init ] --END-- [ RunTime:0.002631s ]
INFO: [ app_begin ] --START--
INFO: Run Behavior\ReadHtmlCacheBehavior [ RunTime:0.009557s ]
INFO: [ app_begin ] --END-- [ RunTime:0.009694s ]
NOTIC: [8] A session had already been started - ignoring session_start() D:\wamp\www\manage\ThinkPHP\Common\functions.php 第 1191 行.
NOTIC: [8] Undefined index: 7195a62edfd11a40a68c77ff40ee98a6 D:\wamp\www\manage\ThinkPHP\Library\Org\Util\Rbac.class.php 第 170 行.
INFO: [ view_parse ] --START--
INFO: [ template_filter ] --START--
INFO: Run Behavior\ContentReplaceBehavior [ RunTime:0.000081s ]
INFO: [ template_filter ] --END-- [ RunTime:0.000191s ]
INFO: Run Behavior\ParseTemplateBehavior [ RunTime:0.123597s ]
INFO: [ view_parse ] --END-- [ RunTime:0.123747s ]
INFO: [ view_filter ] --START--
INFO: Run Behavior\WriteHtmlCacheBehavior [ RunTime:0.010243s ]
INFO: [ view_filter ] --END-- [ RunTime:0.010363s ]
INFO: [ app_end ] --START--
INFO: Run Behavior\ShowPageTraceBehavior [ RunTime:0.010356s ]
INFO: [ app_end ] --END-- [ RunTime:0.010472s ]

[ 2014-09-12T15:24:05+08:00 ] 127.0.0.1 /manage/index.php/Admin/Index/conf
INFO: [ app_init ] --START--
INFO: Run Behavior\BuildLiteBehavior [ RunTime:0.000027s ]
INFO: [ app_init ] --END-- [ RunTime:0.002852s ]
INFO: [ app_begin ] --START--
INFO: Run Behavior\ReadHtmlCacheBehavior [ RunTime:0.009668s ]
INFO: [ app_begin ] --END-- [ RunTime:0.009816s ]
NOTIC: [8] A session had already been started - ignoring session_start() D:\wamp\www\manage\ThinkPHP\Common\functions.php 第 1191 行.
INFO: [ view_parse ] --START--
INFO: [ template_filter ] --START--
INFO: Run Behavior\ContentReplaceBehavior [ RunTime:0.000112s ]
INFO: [ template_filter ] --END-- [ RunTime:0.000268s ]
NOTIC: [8] Undefined variable: time D:\wamp\www\manage\App\Runtime\Cache\Admin\e0852ee07e2cbe427a5bdfe411069bc0.php 第 36 行.
NOTIC: [8] Undefined variable: ip D:\wamp\www\manage\App\Runtime\Cache\Admin\e0852ee07e2cbe427a5bdfe411069bc0.php 第 37 行.
INFO: Run Behavior\ParseTemplateBehavior [ RunTime:0.094411s ]
INFO: [ view_parse ] --END-- [ RunTime:0.094546s ]
INFO: [ view_filter ] --START--
INFO: Run Behavior\WriteHtmlCacheBehavior [ RunTime:0.009884s ]
INFO: [ view_filter ] --END-- [ RunTime:0.010011s ]
INFO: [ app_end ] --START--
INFO: Run Behavior\ShowPageTraceBehavior [ RunTime:0.014350s ]
INFO: [ app_end ] --END-- [ RunTime:0.014518s ]

[ 2014-09-12T15:24:07+08:00 ] 127.0.0.1 /manage/index.php/Admin/Work/index
INFO: [ app_init ] --START--
INFO: Run Behavior\BuildLiteBehavior [ RunTime:0.000073s ]
INFO: [ app_init ] --END-- [ RunTime:0.002760s ]
INFO: [ app_begin ] --START--
INFO: Run Behavior\ReadHtmlCacheBehavior [ RunTime:0.009686s ]
INFO: [ app_begin ] --END-- [ RunTime:0.009842s ]
NOTIC: [8] A session had already been started - ignoring session_start() D:\wamp\www\manage\ThinkPHP\Common\functions.php 第 1191 行.
NOTIC: [8] Undefined index: 5ebdb3a0289a3e611d38ca481a47957b D:\wamp\www\manage\ThinkPHP\Library\Org\Util\Rbac.class.php 第 170 行.
SQL: SHOW COLUMNS FROM `user` [ RunTime:0.014976s ]
SQL: SELECT `id`,`username`,`logintime`,`loginip`,`lock` FROM `user` WHERE `id` = 30  [ RunTime:0.000239s ]
SQL: SHOW COLUMNS FROM `role` [ RunTime:0.005570s ]
NOTIC: [8] Undefined index: mapping_order D:\wamp\www\manage\ThinkPHP\Library\Think\Model\RelationModel.class.php 第 186 行.
NOTIC: [8] Undefined index: mapping_limit D:\wamp\www\manage\ThinkPHP\Library\Think\Model\RelationModel.class.php 第 187 行.
SQL: SELECT b.id, name, remark FROM role_user AS a, role AS b WHERE a.role_id = b.id AND a. user_id='30' [ RunTime:0.000132s ]
SQL: SHOW COLUMNS FROM `apartment` [ RunTime:0.004960s ]
NOTIC: [8] Undefined index: mapping_order D:\wamp\www\manage\ThinkPHP\Library\Think\Model\RelationModel.class.php 第 186 行.
NOTIC: [8] Undefined index: mapping_limit D:\wamp\www\manage\ThinkPHP\Library\Think\Model\RelationModel.class.php 第 187 行.
SQL: SELECT b.id, name FROM apart_user AS a, apartment AS b WHERE a.apart_id = b.id AND a. user_id='30' [ RunTime:0.000213s ]
SQL: SHOW COLUMNS FROM `level` [ RunTime:0.005592s ]
NOTIC: [8] Undefined index: mapping_order D:\wamp\www\manage\ThinkPHP\Library\Think\Model\RelationModel.class.php 第 186 行.
NOTIC: [8] Undefined index: mapping_limit D:\wamp\www\manage\ThinkPHP\Library\Think\Model\RelationModel.class.php 第 187 行.
SQL: SELECT b.id, name FROM level_user AS a, level AS b WHERE a.level_id = b.id AND a. user_id='30' [ RunTime:0.000136s ]
SQL: SHOW COLUMNS FROM `work` [ RunTime:0.005778s ]
NOTIC: [8] Undefined index: mapping_order D:\wamp\www\manage\ThinkPHP\Library\Think\Model\RelationModel.class.php 第 186 行.
NOTIC: [8] Undefined index: mapping_limit D:\wamp\www\manage\ThinkPHP\Library\Think\Model\RelationModel.class.php 第 187 行.
SQL: SELECT b.id, title, content, deadline FROM work_user AS a, work AS b WHERE a.work_id = b.id AND a. user_id='30' [ RunTime:0.001311s ]
SQL: SHOW COLUMNS FROM `apartment` [ RunTime:0.005504s ]
SQL: SELECT `id`,`name`,`status` FROM `apartment` WHERE `id` = 3  [ RunTime:0.000356s ]
NOTIC: [8] Undefined index: mapping_order D:\wamp\www\manage\ThinkPHP\Library\Think\Model\RelationModel.class.php 第 186 行.
NOTIC: [8] Undefined index: mapping_limit D:\wamp\www\manage\ThinkPHP\Library\Think\Model\RelationModel.class.php 第 187 行.
SQL: SELECT b.id, title, content, deadline FROM apart_work AS a, work AS b WHERE a.work_id = b.id AND a. apart_id='3' [ RunTime:0.000497s ]
SQL: SHOW COLUMNS FROM `user` [ RunTime:0.005908s ]
NOTIC: [8] Undefined index: mapping_order D:\wamp\www\manage\ThinkPHP\Library\Think\Model\RelationModel.class.php 第 186 行.
NOTIC: [8] Undefined index: mapping_limit D:\wamp\www\manage\ThinkPHP\Library\Think\Model\RelationModel.class.php 第 187 行.
SQL: SELECT b.id, username FROM apart_user AS a, user AS b WHERE a.user_id = b.id AND a. apart_id='3' [ RunTime:0.000619s ]
SQL: SHOW COLUMNS FROM `notice` [ RunTime:0.004964s ]
NOTIC: [8] Undefined index: mapping_order D:\wamp\www\manage\ThinkPHP\Library\Think\Model\RelationModel.class.php 第 186 行.
NOTIC: [8] Undefined index: mapping_limit D:\wamp\www\manage\ThinkPHP\Library\Think\Model\RelationModel.class.php 第 187 行.
SQL: SELECT b.id, title, content, createtime FROM apart_notice AS a, notice AS b WHERE a.notice_id = b.id AND a. apart_id='3' [ RunTime:0.000702s ]
INFO: [ view_parse ] --START--
INFO: [ template_filter ] --START--
INFO: Run Behavior\ContentReplaceBehavior [ RunTime:0.000068s ]
INFO: [ template_filter ] --END-- [ RunTime:0.000167s ]
INFO: Run Behavior\ParseTemplateBehavior [ RunTime:0.069924s ]
INFO: [ view_parse ] --END-- [ RunTime:0.070080s ]
INFO: [ view_filter ] --START--
INFO: Run Behavior\WriteHtmlCacheBehavior [ RunTime:0.011178s ]
INFO: [ view_filter ] --END-- [ RunTime:0.011288s ]
INFO: [ app_end ] --START--
INFO: Run Behavior\ShowPageTraceBehavior [ RunTime:0.010001s ]
INFO: [ app_end ] --END-- [ RunTime:0.010108s ]

[ 2014-09-12T15:24:09+08:00 ] 127.0.0.1 /manage/index.php/Admin/Work/addNotice
INFO: [ app_init ] --START--
INFO: Run Behavior\BuildLiteBehavior [ RunTime:0.000027s ]
INFO: [ app_init ] --END-- [ RunTime:0.003079s ]
INFO: [ app_begin ] --START--
INFO: Run Behavior\ReadHtmlCacheBehavior [ RunTime:0.009319s ]
INFO: [ app_begin ] --END-- [ RunTime:0.009452s ]
NOTIC: [8] A session had already been started - ignoring session_start() D:\wamp\www\manage\ThinkPHP\Common\functions.php 第 1191 行.
NOTIC: [8] Undefined index: b5783510ea690d96a17ab9aa82a8aa50 D:\wamp\www\manage\ThinkPHP\Library\Org\Util\Rbac.class.php 第 170 行.
SQL: SHOW COLUMNS FROM `notice` [ RunTime:0.005913s ]
SQL: SELECT * FROM `notice` LEFT JOIN apart_notice ON apart_notice.notice_id = notice.id  WHERE `apart_id` = '3' ORDER BY id desc LIMIT 1   [ RunTime:0.000546s ]
INFO: [ view_parse ] --START--
INFO: [ template_filter ] --START--
INFO: Run Behavior\ContentReplaceBehavior [ RunTime:0.000073s ]
INFO: [ template_filter ] --END-- [ RunTime:0.000176s ]
INFO: Run Behavior\ParseTemplateBehavior [ RunTime:0.101696s ]
INFO: [ view_parse ] --END-- [ RunTime:0.101853s ]
INFO: [ view_filter ] --START--
INFO: Run Behavior\WriteHtmlCacheBehavior [ RunTime:0.010010s ]
INFO: [ view_filter ] --END-- [ RunTime:0.010108s ]
INFO: [ app_end ] --START--
INFO: Run Behavior\ShowPageTraceBehavior [ RunTime:0.010226s ]
INFO: [ app_end ] --END-- [ RunTime:0.010323s ]

[ 2014-09-12T15:24:10+08:00 ] 127.0.0.1 /manage/index.php/Admin/Work/addWork
INFO: [ app_init ] --START--
INFO: Run Behavior\BuildLiteBehavior [ RunTime:0.000025s ]
INFO: [ app_init ] --END-- [ RunTime:0.002611s ]
INFO: [ app_begin ] --START--
INFO: Run Behavior\ReadHtmlCacheBehavior [ RunTime:0.009725s ]
INFO: [ app_begin ] --END-- [ RunTime:0.009886s ]
NOTIC: [8] A session had already been started - ignoring session_start() D:\wamp\www\manage\ThinkPHP\Common\functions.php 第 1191 行.
NOTIC: [8] Undefined index: 20e7ca4a1ca0268a6f7cb222f01fbc02 D:\wamp\www\manage\ThinkPHP\Library\Org\Util\Rbac.class.php 第 170 行.
SQL: SHOW COLUMNS FROM `apartment` [ RunTime:0.005419s ]
SQL: SELECT `id`,`name`,`status` FROM `apartment` WHERE `id` = 3  [ RunTime:0.000213s ]
SQL: SHOW COLUMNS FROM `work` [ RunTime:0.006610s ]
NOTIC: [8] Undefined index: mapping_order D:\wamp\www\manage\ThinkPHP\Library\Think\Model\RelationModel.class.php 第 186 行.
NOTIC: [8] Undefined index: mapping_limit D:\wamp\www\manage\ThinkPHP\Library\Think\Model\RelationModel.class.php 第 187 行.
SQL: SELECT b.id, title, content, deadline FROM apart_work AS a, work AS b WHERE a.work_id = b.id AND a. apart_id='3' [ RunTime:0.000217s ]
SQL: SHOW COLUMNS FROM `user` [ RunTime:0.005848s ]
NOTIC: [8] Undefined index: mapping_order D:\wamp\www\manage\ThinkPHP\Library\Think\Model\RelationModel.class.php 第 186 行.
NOTIC: [8] Undefined index: mapping_limit D:\wamp\www\manage\ThinkPHP\Library\Think\Model\RelationModel.class.php 第 187 行.
SQL: SELECT b.id, username FROM apart_user AS a, user AS b WHERE a.user_id = b.id AND a. apart_id='3' [ RunTime:0.000185s ]
SQL: SHOW COLUMNS FROM `notice` [ RunTime:0.005748s ]
NOTIC: [8] Undefined index: mapping_order D:\wamp\www\manage\ThinkPHP\Library\Think\Model\RelationModel.class.php 第 186 行.
NOTIC: [8] Undefined index: mapping_limit D:\wamp\www\manage\ThinkPHP\Library\Think\Model\RelationModel.class.php 第 187 行.
SQL: SELECT b.id, title, content, createtime FROM apart_notice AS a, notice AS b WHERE a.notice_id = b.id AND a. apart_id='3' [ RunTime:0.000149s ]
SQL: SHOW COLUMNS FROM `level` [ RunTime:0.004777s ]
SQL: SELECT * FROM `level`  [ RunTime:0.000298s ]
INFO: [ view_parse ] --START--
INFO: [ template_filter ] --START--
INFO: Run Behavior\ContentReplaceBehavior [ RunTime:0.000089s ]
INFO: [ template_filter ] --END-- [ RunTime:0.000200s ]
INFO: Run Behavior\ParseTemplateBehavior [ RunTime:0.074954s ]
INFO: [ view_parse ] --END-- [ RunTime:0.075122s ]
INFO: [ view_filter ] --START--
INFO: Run Behavior\WriteHtmlCacheBehavior [ RunTime:0.014567s ]
INFO: [ view_filter ] --END-- [ RunTime:0.014726s ]
INFO: [ app_end ] --START--
INFO: Run Behavior\ShowPageTraceBehavior [ RunTime:0.010462s ]
INFO: [ app_end ] --END-- [ RunTime:0.010614s ]

[ 2014-09-12T15:24:12+08:00 ] 127.0.0.1 /manage/index.php/Admin/Rbac/index
INFO: [ app_init ] --START--
INFO: Run Behavior\BuildLiteBehavior [ RunTime:0.000023s ]
INFO: [ app_init ] --END-- [ RunTime:0.002599s ]
INFO: [ app_begin ] --START--
INFO: Run Behavior\ReadHtmlCacheBehavior [ RunTime:0.009021s ]
INFO: [ app_begin ] --END-- [ RunTime:0.009166s ]
NOTIC: [8] A session had already been started - ignoring session_start() D:\wamp\www\manage\ThinkPHP\Common\functions.php 第 1191 行.
NOTIC: [8] Undefined index: 72936d70a0c84145425611570d406b3f D:\wamp\www\manage\ThinkPHP\Library\Org\Util\Rbac.class.php 第 170 行.
SQL: SHOW COLUMNS FROM `user` [ RunTime:0.008249s ]
SQL: SELECT `id`,`username`,`logintime`,`loginip`,`lock` FROM `user`  [ RunTime:0.000454s ]
SQL: SHOW COLUMNS FROM `role` [ RunTime:0.005265s ]
NOTIC: [8] Undefined index: mapping_order D:\wamp\www\manage\ThinkPHP\Library\Think\Model\RelationModel.class.php 第 186 行.
NOTIC: [8] Undefined index: mapping_limit D:\wamp\www\manage\ThinkPHP\Library\Think\Model\RelationModel.class.php 第 187 行.
SQL: SELECT b.id, name, remark FROM role_user AS a, role AS b WHERE a.role_id = b.id AND a. user_id='1' [ RunTime:0.000444s ]
SQL: SHOW COLUMNS FROM `apartment` [ RunTime:0.005119s ]
NOTIC: [8] Undefined index: mapping_order D:\wamp\www\manage\ThinkPHP\Library\Think\Model\RelationModel.class.php 第 186 行.
NOTIC: [8] Undefined index: mapping_limit D:\wamp\www\manage\ThinkPHP\Library\Think\Model\RelationModel.class.php 第 187 行.
SQL: SELECT b.id, name FROM apart_user AS a, apartment AS b WHERE a.apart_id = b.id AND a. user_id='1' [ RunTime:0.000392s ]
SQL: SHOW COLUMNS FROM `level` [ RunTime:0.005850s ]
NOTIC: [8] Undefined index: mapping_order D:\wamp\www\manage\ThinkPHP\Library\Think\Model\RelationModel.class.php 第 186 行.
NOTIC: [8] Undefined index: mapping_limit D:\wamp\www\manage\ThinkPHP\Library\Think\Model\RelationModel.class.php 第 187 行.
SQL: SELECT b.id, name FROM level_user AS a, level AS b WHERE a.level_id = b.id AND a. user_id='1' [ RunTime:0.000384s ]
SQL: SHOW COLUMNS FROM `work` [ RunTime:0.007994s ]
NOTIC: [8] Undefined index: mapping_order D:\wamp\www\manage\ThinkPHP\Library\Think\Model\RelationModel.class.php 第 186 行.
NOTIC: [8] Undefined index: mapping_limit D:\wamp\www\manage\ThinkPHP\Library\Think\Model\RelationModel.class.php 第 187 行.
SQL: SELECT b.id, title, content, deadline FROM work_user AS a, work AS b WHERE a.work_id = b.id AND a. user_id='1' [ RunTime:0.000455s ]
NOTIC: [8] Undefined index: mapping_order D:\wamp\www\manage\ThinkPHP\Library\Think\Model\RelationModel.class.php 第 186 行.
NOTIC: [8] Undefined index: mapping_limit D:\wamp\www\manage\ThinkPHP\Library\Think\Model\RelationModel.class.php 第 187 行.
SQL: SELECT b.id, name, remark FROM role_user AS a, role AS b WHERE a.role_id = b.id AND a. user_id='29' [ RunTime:0.000435s ]
NOTIC: [8] Undefined index: mapping_order D:\wamp\www\manage\ThinkPHP\Library\Think\Model\RelationModel.class.php 第 186 行.
NOTIC: [8] Undefined index: mapping_limit D:\wamp\www\manage\ThinkPHP\Library\Think\Model\RelationModel.class.php 第 187 行.
SQL: SELECT b.id, name FROM apart_user AS a, apartment AS b WHERE a.apart_id = b.id AND a. user_id='29' [ RunTime:0.000495s ]
NOTIC: [8] Undefined index: mapping_order D:\wamp\www\manage\ThinkPHP\Library\Think\Model\RelationModel.class.php 第 186 行.
NOTIC: [8] Undefined index: mapping_limit D:\wamp\www\manage\ThinkPHP\Library\Think\Model\RelationModel.class.php 第 187 行.
SQL: SELECT b.id, name FROM level_user AS a, level AS b WHERE a.level_id = b.id AND a. user_id='29' [ RunTime:0.001096s ]
NOTIC: [8] Undefined index: mapping_order D:\wamp\www\manage\ThinkPHP\Library\Think\Model\RelationModel.class.php 第 186 行.
NOTIC: [8] Undefined index: mapping_limit D:\wamp\www\manage\ThinkPHP\Library\Think\Model\RelationModel.class.php 第 187 行.
SQL: SELECT b.id, title, content, deadline FROM work_user AS a, work AS b WHERE a.work_id = b.id AND a. user_id='29' [ RunTime:0.000759s ]
NOTIC: [8] Undefined index: mapping_order D:\wamp\www\manage\ThinkPHP\Library\Think\Model\RelationModel.class.php 第 186 行.
NOTIC: [8] Undefined index: mapping_limit D:\wamp\www\manage\ThinkPHP\Library\Think\Model\RelationModel.class.php 第 187 行.
SQL: SELECT b.id, name, remark FROM role_user AS a, role AS b WHERE a.role_id = b.id AND a. user_id='30' [ RunTime:0.000199s ]
NOTIC: [8] Undefined index: mapping_order D:\wamp\www\manage\ThinkPHP\Library\Think\Model\RelationModel.class.php 第 186 行.
NOTIC: [8] Undefined index: mapping_limit D:\wamp\www\manage\ThinkPHP\Library\Think\Model\RelationModel.class.php 第 187 行.
SQL: SELECT b.id, name FROM apart_user AS a, apartment AS b WHERE a.apart_id = b.id AND a. user_id='30' [ RunTime:0.000234s ]
NOTIC: [8] Undefined index: mapping_order D:\wamp\www\manage\ThinkPHP\Library\Think\Model\RelationModel.class.php 第 186 行.
NOTIC: [8] Undefined index: mapping_limit D:\wamp\www\manage\ThinkPHP\Library\Think\Model\RelationModel.class.php 第 187 行.
SQL: SELECT b.id, name FROM level_user AS a, level AS b WHERE a.level_id = b.id AND a. user_id='30' [ RunTime:0.000187s ]
NOTIC: [8] Undefined index: mapping_order D:\wamp\www\manage\ThinkPHP\Library\Think\Model\RelationModel.class.php 第 186 行.
NOTIC: [8] Undefined index: mapping_limit D:\wamp\www\manage\ThinkPHP\Library\Think\Model\RelationModel.class.php 第 187 行.
SQL: SELECT b.id, title, content, deadline FROM work_user AS a, work AS b WHERE a.work_id = b.id AND a. user_id='30' [ RunTime:0.000188s ]
NOTIC: [8] Undefined index: mapping_order D:\wamp\www\manage\ThinkPHP\Library\Think\Model\RelationModel.class.php 第 186 行.
NOTIC: [8] Undefined index: mapping_limit D:\wamp\www\manage\ThinkPHP\Library\Think\Model\RelationModel.class.php 第 187 行.
SQL: SELECT b.id, name, remark FROM role_user AS a, role AS b WHERE a.role_id = b.id AND a. user_id='31' [ RunTime:0.000526s ]
NOTIC: [8] Undefined index: mapping_order D:\wamp\www\manage\ThinkPHP\Library\Think\Model\RelationModel.class.php 第 186 行.
NOTIC: [8] Undefined index: mapping_limit D:\wamp\www\manage\ThinkPHP\Library\Think\Model\RelationModel.class.php 第 187 行.
SQL: SELECT b.id, name FROM apart_user AS a, apartment AS b WHERE a.apart_id = b.id AND a. user_id='31' [ RunTime:0.000457s ]
NOTIC: [8] Undefined index: mapping_order D:\wamp\www\manage\ThinkPHP\Library\Think\Model\RelationModel.class.php 第 186 行.
NOTIC: [8] Undefined index: mapping_limit D:\wamp\www\manage\ThinkPHP\Library\Think\Model\RelationModel.class.php 第 187 行.
SQL: SELECT b.id, name FROM level_user AS a, level AS b WHERE a.level_id = b.id AND a. user_id='31' [ RunTime:0.000394s ]
NOTIC: [8] Undefined index: mapping_order D:\wamp\www\manage\ThinkPHP\Library\Think\Model\RelationModel.class.php 第 186 行.
NOTIC: [8] Undefined index: mapping_limit D:\wamp\www\manage\ThinkPHP\Library\Think\Model\RelationModel.class.php 第 187 行.
SQL: SELECT b.id, title, content, deadline FROM work_user AS a, work AS b WHERE a.work_id = b.id AND a. user_id='31' [ RunTime:0.001001s ]
NOTIC: [8] Undefined index: mapping_order D:\wamp\www\manage\ThinkPHP\Library\Think\Model\RelationModel.class.php 第 186 行.
NOTIC: [8] Undefined index: mapping_limit D:\wamp\www\manage\ThinkPHP\Library\Think\Model\RelationModel.class.php 第 187 行.
SQL: SELECT b.id, name, remark FROM role_user AS a, role AS b WHERE a.role_id = b.id AND a. user_id='32' [ RunTime:0.001422s ]
NOTIC: [8] Undefined index: mapping_order D:\wamp\www\manage\ThinkPHP\Library\Think\Model\RelationModel.class.php 第 186 行.
NOTIC: [8] Undefined index: mapping_limit D:\wamp\www\manage\ThinkPHP\Library\Think\Model\RelationModel.class.php 第 187 行.
SQL: SELECT b.id, name FROM apart_user AS a, apartment AS b WHERE a.apart_id = b.id AND a. user_id='32' [ RunTime:0.000964s ]
NOTIC: [8] Undefined index: mapping_order D:\wamp\www\manage\ThinkPHP\Library\Think\Model\RelationModel.class.php 第 186 行.
NOTIC: [8] Undefined index: mapping_limit D:\wamp\www\manage\ThinkPHP\Library\Think\Model\RelationModel.class.php 第 187 行.
SQL: SELECT b.id, name FROM level_user AS a, level AS b WHERE a.level_id = b.id AND a. user_id='32' [ RunTime:0.001140s ]
NOTIC: [8] Undefined index: mapping_order D:\wamp\www\manage\ThinkPHP\Library\Think\Model\RelationModel.class.php 第 186 行.
NOTIC: [8] Undefined index: mapping_limit D:\wamp\www\manage\ThinkPHP\Library\Think\Model\RelationModel.class.php 第 187 行.
SQL: SELECT b.id, title, content, deadline FROM work_user AS a, work AS b WHERE a.work_id = b.id AND a. user_id='32' [ RunTime:0.001370s ]
NOTIC: [8] Undefined index: mapping_order D:\wamp\www\manage\ThinkPHP\Library\Think\Model\RelationModel.class.php 第 186 行.
NOTIC: [8] Undefined index: mapping_limit D:\wamp\www\manage\ThinkPHP\Library\Think\Model\RelationModel.class.php 第 187 行.
SQL: SELECT b.id, name, remark FROM role_user AS a, role AS b WHERE a.role_id = b.id AND a. user_id='33' [ RunTime:0.000808s ]
NOTIC: [8] Undefined index: mapping_order D:\wamp\www\manage\ThinkPHP\Library\Think\Model\RelationModel.class.php 第 186 行.
NOTIC: [8] Undefined index: mapping_limit D:\wamp\www\manage\ThinkPHP\Library\Think\Model\RelationModel.class.php 第 187 行.
SQL: SELECT b.id, name FROM apart_user AS a, apartment AS b WHERE a.apart_id = b.id AND a. user_id='33' [ RunTime:0.000700s ]
NOTIC: [8] Undefined index: mapping_order D:\wamp\www\manage\ThinkPHP\Library\Think\Model\RelationModel.class.php 第 186 行.
NOTIC: [8] Undefined index: mapping_limit D:\wamp\www\manage\ThinkPHP\Library\Think\Model\RelationModel.class.php 第 187 行.
SQL: SELECT b.id, name FROM level_user AS a, level AS b WHERE a.level_id = b.id AND a. user_id='33' [ RunTime:0.000715s ]
NOTIC: [8] Undefined index: mapping_order D:\wamp\www\manage\ThinkPHP\Library\Think\Model\RelationModel.class.php 第 186 行.
NOTIC: [8] Undefined index: mapping_limit D:\wamp\www\manage\ThinkPHP\Library\Think\Model\RelationModel.class.php 第 187 行.
SQL: SELECT b.id, title, content, deadline FROM work_user AS a, work AS b WHERE a.work_id = b.id AND a. user_id='33' [ RunTime:0.000546s ]
NOTIC: [8] Undefined index: mapping_order D:\wamp\www\manage\ThinkPHP\Library\Think\Model\RelationModel.class.php 第 186 行.
NOTIC: [8] Undefined index: mapping_limit D:\wamp\www\manage\ThinkPHP\Library\Think\Model\RelationModel.class.php 第 187 行.
SQL: SELECT b.id, name, remark FROM role_user AS a, role AS b WHERE a.role_id = b.id AND a. user_id='34' [ RunTime:0.000435s ]
NOTIC: [8] Undefined index: mapping_order D:\wamp\www\manage\ThinkPHP\Library\Think\Model\RelationModel.class.php 第 186 行.
NOTIC: [8] Undefined index: mapping_limit D:\wamp\www\manage\ThinkPHP\Library\Think\Model\RelationModel.class.php 第 187 行.
SQL: SELECT b.id, name FROM apart_user AS a, apartment AS b WHERE a.apart_id = b.id AND a. user_id='34' [ RunTime:0.000456s ]
NOTIC: [8] Undefined index: mapping_order D:\wamp\www\manage\ThinkPHP\Library\Think\Model\RelationModel.class.php 第 186 行.
NOTIC: [8] Undefined index: mapping_limit D:\wamp\www\manage\ThinkPHP\Library\Think\Model\RelationModel.class.php 第 187 行.
SQL: SELECT b.id, name FROM level_user AS a, level AS b WHERE a.level_id = b.id AND a. user_id='34' [ RunTime:0.000667s ]
NOTIC: [8] Undefined index: mapping_order D:\wamp\www\manage\ThinkPHP\Library\Think\Model\RelationModel.class.php 第 186 行.
NOTIC: [8] Undefined index: mapping_limit D:\wamp\www\manage\ThinkPHP\Library\Think\Model\RelationModel.class.php 第 187 行.
SQL: SELECT b.id, title, content, deadline FROM work_user AS a, work AS b WHERE a.work_id = b.id AND a. user_id='34' [ RunTime:0.000499s ]
SQL: SELECT COUNT(*) AS tp_count FROM `user` LIMIT 1   [ RunTime:0.000299s ]
SQL: SELECT `id`,`username`,`logintime`,`loginip`,`lock` FROM `user` LIMIT 0,7   [ RunTime:0.000585s ]
NOTIC: [8] Undefined index: mapping_order D:\wamp\www\manage\ThinkPHP\Library\Think\Model\RelationModel.class.php 第 186 行.
NOTIC: [8] Undefined index: mapping_limit D:\wamp\www\manage\ThinkPHP\Library\Think\Model\RelationModel.class.php 第 187 行.
SQL: SELECT b.id, name, remark FROM role_user AS a, role AS b WHERE a.role_id = b.id AND a. user_id='1' [ RunTime:0.000148s ]
NOTIC: [8] Undefined index: mapping_order D:\wamp\www\manage\ThinkPHP\Library\Think\Model\RelationModel.class.php 第 186 行.
NOTIC: [8] Undefined index: mapping_limit D:\wamp\www\manage\ThinkPHP\Library\Think\Model\RelationModel.class.php 第 187 行.
SQL: SELECT b.id, name FROM apart_user AS a, apartment AS b WHERE a.apart_id = b.id AND a. user_id='1' [ RunTime:0.000121s ]
NOTIC: [8] Undefined index: mapping_order D:\wamp\www\manage\ThinkPHP\Library\Think\Model\RelationModel.class.php 第 186 行.
NOTIC: [8] Undefined index: mapping_limit D:\wamp\www\manage\ThinkPHP\Library\Think\Model\RelationModel.class.php 第 187 行.
SQL: SELECT b.id, name FROM level_user AS a, level AS b WHERE a.level_id = b.id AND a. user_id='1' [ RunTime:0.000193s ]
NOTIC: [8] Undefined index: mapping_order D:\wamp\www\manage\ThinkPHP\Library\Think\Model\RelationModel.class.php 第 186 行.
NOTIC: [8] Undefined index: mapping_limit D:\wamp\www\manage\ThinkPHP\Library\Think\Model\RelationModel.class.php 第 187 行.
SQL: SELECT b.id, title, content, deadline FROM work_user AS a, work AS b WHERE a.work_id = b.id AND a. user_id='1' [ RunTime:0.000206s ]
NOTIC: [8] Undefined index: mapping_order D:\wamp\www\manage\ThinkPHP\Library\Think\Model\RelationModel.class.php 第 186 行.
NOTIC: [8] Undefined index: mapping_limit D:\wamp\www\manage\ThinkPHP\Library\Think\Model\RelationModel.class.php 第 187 行.
SQL: SELECT b.id, name, remark FROM role_user AS a, role AS b WHERE a.role_id = b.id AND a. user_id='29' [ RunTime:0.000188s ]
NOTIC: [8] Undefined index: mapping_order D:\wamp\www\manage\ThinkPHP\Library\Think\Model\RelationModel.class.php 第 186 行.
NOTIC: [8] Undefined index: mapping_limit D:\wamp\www\manage\ThinkPHP\Library\Think\Model\RelationModel.class.php 第 187 行.
SQL: SELECT b.id, name FROM apart_user AS a, apartment AS b WHERE a.apart_id = b.id AND a. user_id='29' [ RunTime:0.000127s ]
NOTIC: [8] Undefined index: mapping_order D:\wamp\www\manage\ThinkPHP\Library\Think\Model\RelationModel.class.php 第 186 行.
NOTIC: [8] Undefined index: mapping_limit D:\wamp\www\manage\ThinkPHP\Library\Think\Model\RelationModel.class.php 第 187 行.
SQL: SELECT b.id, name FROM level_user AS a, level AS b WHERE a.level_id = b.id AND a. user_id='29' [ RunTime:0.000115s ]
NOTIC: [8] Undefined index: mapping_order D:\wamp\www\manage\ThinkPHP\Library\Think\Model\RelationModel.class.php 第 186 行.
NOTIC: [8] Undefined index: mapping_limit D:\wamp\www\manage\ThinkPHP\Library\Think\Model\RelationModel.class.php 第 187 行.
SQL: SELECT b.id, title, content, deadline FROM work_user AS a, work AS b WHERE a.work_id = b.id AND a. user_id='29' [ RunTime:0.000129s ]
NOTIC: [8] Undefined index: mapping_order D:\wamp\www\manage\ThinkPHP\Library\Think\Model\RelationModel.class.php 第 186 行.
NOTIC: [8] Undefined index: mapping_limit D:\wamp\www\manage\ThinkPHP\Library\Think\Model\RelationModel.class.php 第 187 行.
SQL: SELECT b.id, name, remark FROM role_user AS a, role AS b WHERE a.role_id = b.id AND a. user_id='30' [ RunTime:0.000144s ]
NOTIC: [8] Undefined index: mapping_order D:\wamp\www\manage\ThinkPHP\Library\Think\Model\RelationModel.class.php 第 186 行.
NOTIC: [8] Undefined index: mapping_limit D:\wamp\www\manage\ThinkPHP\Library\Think\Model\RelationModel.class.php 第 187 行.
SQL: SELECT b.id, name FROM apart_user AS a, apartment AS b WHERE a.apart_id = b.id AND a. user_id='30' [ RunTime:0.000202s ]
NOTIC: [8] Undefined index: mapping_order D:\wamp\www\manage\ThinkPHP\Library\Think\Model\RelationModel.class.php 第 186 行.
NOTIC: [8] Undefined index: mapping_limit D:\wamp\www\manage\ThinkPHP\Library\Think\Model\RelationModel.class.php 第 187 行.
SQL: SELECT b.id, name FROM level_user AS a, level AS b WHERE a.level_id = b.id AND a. user_id='30' [ RunTime:0.000161s ]
NOTIC: [8] Undefined index: mapping_order D:\wamp\www\manage\ThinkPHP\Library\Think\Model\RelationModel.class.php 第 186 行.
NOTIC: [8] Undefined index: mapping_limit D:\wamp\www\manage\ThinkPHP\Library\Think\Model\RelationModel.class.php 第 187 行.
SQL: SELECT b.id, title, content, deadline FROM work_user AS a, work AS b WHERE a.work_id = b.id AND a. user_id='30' [ RunTime:0.000163s ]
NOTIC: [8] Undefined index: mapping_order D:\wamp\www\manage\ThinkPHP\Library\Think\Model\RelationModel.class.php 第 186 行.
NOTIC: [8] Undefined index: mapping_limit D:\wamp\www\manage\ThinkPHP\Library\Think\Model\RelationModel.class.php 第 187 行.
SQL: SELECT b.id, name, remark FROM role_user AS a, role AS b WHERE a.role_id = b.id AND a. user_id='31' [ RunTime:0.000111s ]
NOTIC: [8] Undefined index: mapping_order D:\wamp\www\manage\ThinkPHP\Library\Think\Model\RelationModel.class.php 第 186 行.
NOTIC: [8] Undefined index: mapping_limit D:\wamp\www\manage\ThinkPHP\Library\Think\Model\RelationModel.class.php 第 187 行.
SQL: SELECT b.id, name FROM apart_user AS a, apartment AS b WHERE a.apart_id = b.id AND a. user_id='31' [ RunTime:0.000106s ]
NOTIC: [8] Undefined index: mapping_order D:\wamp\www\manage\ThinkPHP\Library\Think\Model\RelationModel.class.php 第 186 行.
NOTIC: [8] Undefined index: mapping_limit D:\wamp\www\manage\ThinkPHP\Library\Think\Model\RelationModel.class.php 第 187 行.
SQL: SELECT b.id, name FROM level_user AS a, level AS b WHERE a.level_id = b.id AND a. user_id='31' [ RunTime:0.000094s ]
NOTIC: [8] Undefined index: mapping_order D:\wamp\www\manage\ThinkPHP\Library\Think\Model\RelationModel.class.php 第 186 行.
NOTIC: [8] Undefined index: mapping_limit D:\wamp\www\manage\ThinkPHP\Library\Think\Model\RelationModel.class.php 第 187 行.
SQL: SELECT b.id, title, content, deadline FROM work_user AS a, work AS b WHERE a.work_id = b.id AND a. user_id='31' [ RunTime:0.000116s ]
NOTIC: [8] Undefined index: mapping_order D:\wamp\www\manage\ThinkPHP\Library\Think\Model\RelationModel.class.php 第 186 行.
NOTIC: [8] Undefined index: mapping_limit D:\wamp\www\manage\ThinkPHP\Library\Think\Model\RelationModel.class.php 第 187 行.
SQL: SELECT b.id, name, remark FROM role_user AS a, role AS b WHERE a.role_id = b.id AND a. user_id='32' [ RunTime:0.000107s ]
NOTIC: [8] Undefined index: mapping_order D:\wamp\www\manage\ThinkPHP\Library\Think\Model\RelationModel.class.php 第 186 行.
NOTIC: [8] Undefined index: mapping_limit D:\wamp\www\manage\ThinkPHP\Library\Think\Model\RelationModel.class.php 第 187 行.
SQL: SELECT b.id, name FROM apart_user AS a, apartment AS b WHERE a.apart_id = b.id AND a. user_id='32' [ RunTime:0.000101s ]
NOTIC: [8] Undefined index: mapping_order D:\wamp\www\manage\ThinkPHP\Library\Think\Model\RelationModel.class.php 第 186 行.
NOTIC: [8] Undefined index: mapping_limit D:\wamp\www\manage\ThinkPHP\Library\Think\Model\RelationModel.class.php 第 187 行.
SQL: SELECT b.id, name FROM level_user AS a, level AS b WHERE a.level_id = b.id AND a. user_id='32' [ RunTime:0.000100s ]
NOTIC: [8] Undefined index: mapping_order D:\wamp\www\manage\ThinkPHP\Library\Think\Model\RelationModel.class.php 第 186 行.
NOTIC: [8] Undefined index: mapping_limit D:\wamp\www\manage\ThinkPHP\Library\Think\Model\RelationModel.class.php 第 187 行.
SQL: SELECT b.id, title, content, deadline FROM work_user AS a, work AS b WHERE a.work_id = b.id AND a. user_id='32' [ RunTime:0.000113s ]
NOTIC: [8] Undefined index: mapping_order D:\wamp\www\manage\ThinkPHP\Library\Think\Model\RelationModel.class.php 第 186 行.
NOTIC: [8] Undefined index: mapping_limit D:\wamp\www\manage\ThinkPHP\Library\Think\Model\RelationModel.class.php 第 187 行.
SQL: SELECT b.id, name, remark FROM role_user AS a, role AS b WHERE a.role_id = b.id AND a. user_id='33' [ RunTime:0.000106s ]
NOTIC: [8] Undefined index: mapping_order D:\wamp\www\manage\ThinkPHP\Library\Think\Model\RelationModel.class.php 第 186 行.
NOTIC: [8] Undefined index: mapping_limit D:\wamp\www\manage\ThinkPHP\Library\Think\Model\RelationModel.class.php 第 187 行.
SQL: SELECT b.id, name FROM apart_user AS a, apartment AS b WHERE a.apart_id = b.id AND a. user_id='33' [ RunTime:0.000102s ]
NOTIC: [8] Undefined index: mapping_order D:\wamp\www\manage\ThinkPHP\Library\Think\Model\RelationModel.class.php 第 186 行.
NOTIC: [8] Undefined index: mapping_limit D:\wamp\www\manage\ThinkPHP\Library\Think\Model\RelationModel.class.php 第 187 行.
SQL: SELECT b.id, name FROM level_user AS a, level AS b WHERE a.level_id = b.id AND a. user_id='33' [ RunTime:0.000093s ]
NOTIC: [8] Undefined index: mapping_order D:\wamp\www\manage\ThinkPHP\Library\Think\Model\RelationModel.class.php 第 186 行.
NOTIC: [8] Undefined index: mapping_limit D:\wamp\www\manage\ThinkPHP\Library\Think\Model\RelationModel.class.php 第 187 行.
SQL: SELECT b.id, title, content, deadline FROM work_user AS a, work AS b WHERE a.work_id = b.id AND a. user_id='33' [ RunTime:0.000103s ]
NOTIC: [8] Undefined index: mapping_order D:\wamp\www\manage\ThinkPHP\Library\Think\Model\RelationModel.class.php 第 186 行.
NOTIC: [8] Undefined index: mapping_limit D:\wamp\www\manage\ThinkPHP\Library\Think\Model\RelationModel.class.php 第 187 行.
SQL: SELECT b.id, name, remark FROM role_user AS a, role AS b WHERE a.role_id = b.id AND a. user_id='34' [ RunTime:0.000097s ]
NOTIC: [8] Undefined index: mapping_order D:\wamp\www\manage\ThinkPHP\Library\Think\Model\RelationModel.class.php 第 186 行.
NOTIC: [8] Undefined index: mapping_limit D:\wamp\www\manage\ThinkPHP\Library\Think\Model\RelationModel.class.php 第 187 行.
SQL: SELECT b.id, name FROM apart_user AS a, apartment AS b WHERE a.apart_id = b.id AND a. user_id='34' [ RunTime:0.000097s ]
NOTIC: [8] Undefined index: mapping_order D:\wamp\www\manage\ThinkPHP\Library\Think\Model\RelationModel.class.php 第 186 行.
NOTIC: [8] Undefined index: mapping_limit D:\wamp\www\manage\ThinkPHP\Library\Think\Model\RelationModel.class.php 第 187 行.
SQL: SELECT b.id, name FROM level_user AS a, level AS b WHERE a.level_id = b.id AND a. user_id='34' [ RunTime:0.000141s ]
NOTIC: [8] Undefined index: mapping_order D:\wamp\www\manage\ThinkPHP\Library\Think\Model\RelationModel.class.php 第 186 行.
NOTIC: [8] Undefined index: mapping_limit D:\wamp\www\manage\ThinkPHP\Library\Think\Model\RelationModel.class.php 第 187 行.
SQL: SELECT b.id, title, content, deadline FROM work_user AS a, work AS b WHERE a.work_id = b.id AND a. user_id='34' [ RunTime:0.000143s ]
SQL: SHOW COLUMNS FROM `apart_user` [ RunTime:0.005384s ]
SQL: SELECT * FROM `apart_user`  [ RunTime:0.000306s ]
SQL: SHOW COLUMNS FROM `level_user` [ RunTime:0.005313s ]
SQL: SELECT * FROM `level_user`  [ RunTime:0.000290s ]
INFO: [ view_parse ] --START--
INFO: [ template_filter ] --START--
INFO: Run Behavior\ContentReplaceBehavior [ RunTime:0.000106s ]
INFO: [ template_filter ] --END-- [ RunTime:0.000248s ]
INFO: Run Behavior\ParseTemplateBehavior [ RunTime:0.071925s ]
INFO: [ view_parse ] --END-- [ RunTime:0.072062s ]
INFO: [ view_filter ] --START--
INFO: Run Behavior\WriteHtmlCacheBehavior [ RunTime:0.009803s ]
INFO: [ view_filter ] --END-- [ RunTime:0.009941s ]
INFO: [ app_end ] --START--
INFO: Run Behavior\ShowPageTraceBehavior [ RunTime:0.009149s ]
INFO: [ app_end ] --END-- [ RunTime:0.009269s ]

[ 2014-09-12T15:24:16+08:00 ] 127.0.0.1 /manage/index.php/Admin/Rbac/role
INFO: [ app_init ] --START--
INFO: Run Behavior\BuildLiteBehavior [ RunTime:0.000025s ]
INFO: [ app_init ] --END-- [ RunTime:0.002667s ]
INFO: [ app_begin ] --START--
INFO: Run Behavior\ReadHtmlCacheBehavior [ RunTime:0.008786s ]
INFO: [ app_begin ] --END-- [ RunTime:0.008914s ]
NOTIC: [8] A session had already been started - ignoring session_start() D:\wamp\www\manage\ThinkPHP\Common\functions.php 第 1191 行.
NOTIC: [8] Undefined index: 308bc99ce28c162758f41831a7af691f D:\wamp\www\manage\ThinkPHP\Library\Org\Util\Rbac.class.php 第 170 行.
SQL: SHOW COLUMNS FROM `role` [ RunTime:0.004881s ]
SQL: SELECT * FROM `role`  [ RunTime:0.000352s ]
INFO: [ view_parse ] --START--
INFO: [ template_filter ] --START--
INFO: Run Behavior\ContentReplaceBehavior [ RunTime:0.000066s ]
INFO: [ template_filter ] --END-- [ RunTime:0.000161s ]
INFO: Run Behavior\ParseTemplateBehavior [ RunTime:0.090774s ]
INFO: [ view_parse ] --END-- [ RunTime:0.090915s ]
INFO: [ view_filter ] --START--
INFO: Run Behavior\WriteHtmlCacheBehavior [ RunTime:0.008715s ]
INFO: [ view_filter ] --END-- [ RunTime:0.008817s ]
INFO: [ app_end ] --START--
INFO: Run Behavior\ShowPageTraceBehavior [ RunTime:0.009436s ]
INFO: [ app_end ] --END-- [ RunTime:0.009538s ]

[ 2014-09-12T15:24:19+08:00 ] 127.0.0.1 /manage/index.php/Admin/Rbac/addRole
INFO: [ app_init ] --START--
INFO: Run Behavior\BuildLiteBehavior [ RunTime:0.000025s ]
INFO: [ app_init ] --END-- [ RunTime:0.002604s ]
INFO: [ app_begin ] --START--
INFO: Run Behavior\ReadHtmlCacheBehavior [ RunTime:0.009921s ]
INFO: [ app_begin ] --END-- [ RunTime:0.010068s ]
NOTIC: [8] A session had already been started - ignoring session_start() D:\wamp\www\manage\ThinkPHP\Common\functions.php 第 1191 行.
NOTIC: [8] Undefined index: abdeaeba9846aed53c7606bb0bec5751 D:\wamp\www\manage\ThinkPHP\Library\Org\Util\Rbac.class.php 第 170 行.
INFO: [ view_parse ] --START--
INFO: [ template_filter ] --START--
INFO: Run Behavior\ContentReplaceBehavior [ RunTime:0.000070s ]
INFO: [ template_filter ] --END-- [ RunTime:0.000208s ]
INFO: Run Behavior\ParseTemplateBehavior [ RunTime:0.065707s ]
INFO: [ view_parse ] --END-- [ RunTime:0.065834s ]
INFO: [ view_filter ] --START--
INFO: Run Behavior\WriteHtmlCacheBehavior [ RunTime:0.009606s ]
INFO: [ view_filter ] --END-- [ RunTime:0.009713s ]
INFO: [ app_end ] --START--
INFO: Run Behavior\ShowPageTraceBehavior [ RunTime:0.009649s ]
INFO: [ app_end ] --END-- [ RunTime:0.009793s ]

[ 2014-09-12T15:24:21+08:00 ] 127.0.0.1 /manage/index.php/Admin/Rbac/addUser
INFO: [ app_init ] --START--
INFO: Run Behavior\BuildLiteBehavior [ RunTime:0.000024s ]
INFO: [ app_init ] --END-- [ RunTime:0.002642s ]
INFO: [ app_begin ] --START--
INFO: Run Behavior\ReadHtmlCacheBehavior [ RunTime:0.009226s ]
INFO: [ app_begin ] --END-- [ RunTime:0.009364s ]
NOTIC: [8] A session had already been started - ignoring session_start() D:\wamp\www\manage\ThinkPHP\Common\functions.php 第 1191 行.
NOTIC: [8] Undefined index: 20318d055f496b5e7683428063beb77c D:\wamp\www\manage\ThinkPHP\Library\Org\Util\Rbac.class.php 第 170 行.
SQL: SHOW COLUMNS FROM `role` [ RunTime:0.005092s ]
SQL: SELECT * FROM `role`  [ RunTime:0.000181s ]
SQL: SHOW COLUMNS FROM `apartment` [ RunTime:0.005036s ]
SQL: SELECT * FROM `apartment`  [ RunTime:0.000421s ]
SQL: SHOW COLUMNS FROM `level` [ RunTime:0.004769s ]
SQL: SELECT * FROM `level`  [ RunTime:0.000168s ]
INFO: [ view_parse ] --START--
INFO: [ template_filter ] --START--
INFO: Run Behavior\ContentReplaceBehavior [ RunTime:0.000101s ]
INFO: [ template_filter ] --END-- [ RunTime:0.000228s ]
INFO: Run Behavior\ParseTemplateBehavior [ RunTime:0.073642s ]
INFO: [ view_parse ] --END-- [ RunTime:0.073793s ]
INFO: [ view_filter ] --START--
INFO: Run Behavior\WriteHtmlCacheBehavior [ RunTime:0.011497s ]
INFO: [ view_filter ] --END-- [ RunTime:0.011623s ]
INFO: [ app_end ] --START--
INFO: Run Behavior\ShowPageTraceBehavior [ RunTime:0.012185s ]
INFO: [ app_end ] --END-- [ RunTime:0.012317s ]

[ 2014-09-12T15:24:22+08:00 ] 127.0.0.1 /manage/index.php/Admin/Rbac/addNode
INFO: [ app_init ] --START--
INFO: Run Behavior\BuildLiteBehavior [ RunTime:0.000025s ]
INFO: [ app_init ] --END-- [ RunTime:0.002602s ]
INFO: [ app_begin ] --START--
INFO: Run Behavior\ReadHtmlCacheBehavior [ RunTime:0.008952s ]
INFO: [ app_begin ] --END-- [ RunTime:0.009087s ]
NOTIC: [8] A session had already been started - ignoring session_start() D:\wamp\www\manage\ThinkPHP\Common\functions.php 第 1191 行.
NOTIC: [8] Undefined index: 9d02632a86ae1e286370aedd727ba18f D:\wamp\www\manage\ThinkPHP\Library\Org\Util\Rbac.class.php 第 170 行.
INFO: [ view_parse ] --START--
INFO: [ template_filter ] --START--
INFO: Run Behavior\ContentReplaceBehavior [ RunTime:0.000069s ]
INFO: [ template_filter ] --END-- [ RunTime:0.000167s ]
INFO: Run Behavior\ParseTemplateBehavior [ RunTime:0.116012s ]
INFO: [ view_parse ] --END-- [ RunTime:0.116142s ]
INFO: [ view_filter ] --START--
INFO: Run Behavior\WriteHtmlCacheBehavior [ RunTime:0.008602s ]
INFO: [ view_filter ] --END-- [ RunTime:0.008699s ]
INFO: [ app_end ] --START--
INFO: Run Behavior\ShowPageTraceBehavior [ RunTime:0.009056s ]
INFO: [ app_end ] --END-- [ RunTime:0.009147s ]

[ 2014-09-12T18:50:32+08:00 ] 127.0.0.1 /manage/index.php/Admin/Index/index
INFO: [ app_init ] --START--
INFO: Run Behavior\BuildLiteBehavior [ RunTime:0.000028s ]
INFO: [ app_init ] --END-- [ RunTime:0.002909s ]
INFO: [ app_begin ] --START--
INFO: Run Behavior\ReadHtmlCacheBehavior [ RunTime:0.017354s ]
INFO: [ app_begin ] --END-- [ RunTime:0.017498s ]
NOTIC: [8] A session had already been started - ignoring session_start() D:\wamp\www\manage\ThinkPHP\Common\functions.php 第 1191 行.
NOTIC: [8] Undefined index: 7195a62edfd11a40a68c77ff40ee98a6 D:\wamp\www\manage\ThinkPHP\Library\Org\Util\Rbac.class.php 第 170 行.
INFO: [ view_parse ] --START--
INFO: [ template_filter ] --START--
INFO: Run Behavior\ContentReplaceBehavior [ RunTime:0.000079s ]
INFO: [ template_filter ] --END-- [ RunTime:0.000184s ]
INFO: Run Behavior\ParseTemplateBehavior [ RunTime:0.089508s ]
INFO: [ view_parse ] --END-- [ RunTime:0.089622s ]
INFO: [ view_filter ] --START--
INFO: Run Behavior\WriteHtmlCacheBehavior [ RunTime:0.010873s ]
INFO: [ view_filter ] --END-- [ RunTime:0.010975s ]
INFO: [ app_end ] --START--
INFO: Run Behavior\ShowPageTraceBehavior [ RunTime:0.010944s ]
INFO: [ app_end ] --END-- [ RunTime:0.011047s ]

[ 2014-09-12T18:50:33+08:00 ] 127.0.0.1 /manage/index.php/Admin/Index/conf
INFO: [ app_init ] --START--
INFO: Run Behavior\BuildLiteBehavior [ RunTime:0.000035s ]
INFO: [ app_init ] --END-- [ RunTime:0.003405s ]
INFO: [ app_begin ] --START--
INFO: Run Behavior\ReadHtmlCacheBehavior [ RunTime:0.011146s ]
INFO: [ app_begin ] --END-- [ RunTime:0.011345s ]
NOTIC: [8] A session had already been started - ignoring session_start() D:\wamp\www\manage\ThinkPHP\Common\functions.php 第 1191 行.
INFO: [ view_parse ] --START--
INFO: [ template_filter ] --START--
INFO: Run Behavior\ContentReplaceBehavior [ RunTime:0.000071s ]
INFO: [ template_filter ] --END-- [ RunTime:0.000176s ]
NOTIC: [8] Undefined variable: time D:\wamp\www\manage\App\Runtime\Cache\Admin\e0852ee07e2cbe427a5bdfe411069bc0.php 第 36 行.
NOTIC: [8] Undefined variable: ip D:\wamp\www\manage\App\Runtime\Cache\Admin\e0852ee07e2cbe427a5bdfe411069bc0.php 第 37 行.
INFO: Run Behavior\ParseTemplateBehavior [ RunTime:0.078790s ]
INFO: [ view_parse ] --END-- [ RunTime:0.078893s ]
INFO: [ view_filter ] --START--
INFO: Run Behavior\WriteHtmlCacheBehavior [ RunTime:0.009249s ]
INFO: [ view_filter ] --END-- [ RunTime:0.009352s ]
INFO: [ app_end ] --START--
INFO: Run Behavior\ShowPageTraceBehavior [ RunTime:0.009484s ]
INFO: [ app_end ] --END-- [ RunTime:0.009581s ]

[ 2014-09-12T18:50:41+08:00 ] 127.0.0.1 /manage/index.php/Admin/Work/index
INFO: [ app_init ] --START--
INFO: Run Behavior\BuildLiteBehavior [ RunTime:0.000024s ]
INFO: [ app_init ] --END-- [ RunTime:0.002718s ]
INFO: [ app_begin ] --START--
INFO: Run Behavior\ReadHtmlCacheBehavior [ RunTime:0.009359s ]
INFO: [ app_begin ] --END-- [ RunTime:0.009476s ]
NOTIC: [8] A session had already been started - ignoring session_start() D:\wamp\www\manage\ThinkPHP\Common\functions.php 第 1191 行.
NOTIC: [8] Undefined index: 5ebdb3a0289a3e611d38ca481a47957b D:\wamp\www\manage\ThinkPHP\Library\Org\Util\Rbac.class.php 第 170 行.
SQL: SHOW COLUMNS FROM `user` [ RunTime:0.006987s ]
SQL: SELECT `id`,`username`,`logintime`,`loginip`,`lock` FROM `user` WHERE `id` = 30  [ RunTime:0.000226s ]
SQL: SHOW COLUMNS FROM `role` [ RunTime:0.005981s ]
NOTIC: [8] Undefined index: mapping_order D:\wamp\www\manage\ThinkPHP\Library\Think\Model\RelationModel.class.php 第 186 行.
NOTIC: [8] Undefined index: mapping_limit D:\wamp\www\manage\ThinkPHP\Library\Think\Model\RelationModel.class.php 第 187 行.
SQL: SELECT b.id, name, remark FROM role_user AS a, role AS b WHERE a.role_id = b.id AND a. user_id='30' [ RunTime:0.000155s ]
SQL: SHOW COLUMNS FROM `apartment` [ RunTime:0.006904s ]
NOTIC: [8] Undefined index: mapping_order D:\wamp\www\manage\ThinkPHP\Library\Think\Model\RelationModel.class.php 第 186 行.
NOTIC: [8] Undefined index: mapping_limit D:\wamp\www\manage\ThinkPHP\Library\Think\Model\RelationModel.class.php 第 187 行.
SQL: SELECT b.id, name FROM apart_user AS a, apartment AS b WHERE a.apart_id = b.id AND a. user_id='30' [ RunTime:0.000274s ]
SQL: SHOW COLUMNS FROM `level` [ RunTime:0.007349s ]
NOTIC: [8] Undefined index: mapping_order D:\wamp\www\manage\ThinkPHP\Library\Think\Model\RelationModel.class.php 第 186 行.
NOTIC: [8] Undefined index: mapping_limit D:\wamp\www\manage\ThinkPHP\Library\Think\Model\RelationModel.class.php 第 187 行.
SQL: SELECT b.id, name FROM level_user AS a, level AS b WHERE a.level_id = b.id AND a. user_id='30' [ RunTime:0.000296s ]
SQL: SHOW COLUMNS FROM `work` [ RunTime:0.008291s ]
NOTIC: [8] Undefined index: mapping_order D:\wamp\www\manage\ThinkPHP\Library\Think\Model\RelationModel.class.php 第 186 行.
NOTIC: [8] Undefined index: mapping_limit D:\wamp\www\manage\ThinkPHP\Library\Think\Model\RelationModel.class.php 第 187 行.
SQL: SELECT b.id, title, content, deadline FROM work_user AS a, work AS b WHERE a.work_id = b.id AND a. user_id='30' [ RunTime:0.000192s ]
SQL: SHOW COLUMNS FROM `apartment` [ RunTime:0.005463s ]
SQL: SELECT `id`,`name`,`status` FROM `apartment` WHERE `id` = 3  [ RunTime:0.000142s ]
NOTIC: [8] Undefined index: mapping_order D:\wamp\www\manage\ThinkPHP\Library\Think\Model\RelationModel.class.php 第 186 行.
NOTIC: [8] Undefined index: mapping_limit D:\wamp\www\manage\ThinkPHP\Library\Think\Model\RelationModel.class.php 第 187 行.
SQL: SELECT b.id, title, content, deadline FROM apart_work AS a, work AS b WHERE a.work_id = b.id AND a. apart_id='3' [ RunTime:0.000134s ]
SQL: SHOW COLUMNS FROM `user` [ RunTime:0.005530s ]
NOTIC: [8] Undefined index: mapping_order D:\wamp\www\manage\ThinkPHP\Library\Think\Model\RelationModel.class.php 第 186 行.
NOTIC: [8] Undefined index: mapping_limit D:\wamp\www\manage\ThinkPHP\Library\Think\Model\RelationModel.class.php 第 187 行.
SQL: SELECT b.id, username FROM apart_user AS a, user AS b WHERE a.user_id = b.id AND a. apart_id='3' [ RunTime:0.130290s ]
SQL: SHOW COLUMNS FROM `notice` [ RunTime:0.005684s ]
NOTIC: [8] Undefined index: mapping_order D:\wamp\www\manage\ThinkPHP\Library\Think\Model\RelationModel.class.php 第 186 行.
NOTIC: [8] Undefined index: mapping_limit D:\wamp\www\manage\ThinkPHP\Library\Think\Model\RelationModel.class.php 第 187 行.
SQL: SELECT b.id, title, content, createtime FROM apart_notice AS a, notice AS b WHERE a.notice_id = b.id AND a. apart_id='3' [ RunTime:0.000407s ]
INFO: [ view_parse ] --START--
INFO: [ template_filter ] --START--
INFO: Run Behavior\ContentReplaceBehavior [ RunTime:0.000070s ]
INFO: [ template_filter ] --END-- [ RunTime:0.000170s ]
INFO: Run Behavior\ParseTemplateBehavior [ RunTime:0.094109s ]
INFO: [ view_parse ] --END-- [ RunTime:0.094243s ]
INFO: [ view_filter ] --START--
INFO: Run Behavior\WriteHtmlCacheBehavior [ RunTime:0.010283s ]
INFO: [ view_filter ] --END-- [ RunTime:0.010380s ]
INFO: [ app_end ] --START--
INFO: Run Behavior\ShowPageTraceBehavior [ RunTime:0.011559s ]
INFO: [ app_end ] --END-- [ RunTime:0.011667s ]

[ 2014-09-12T18:50:43+08:00 ] 127.0.0.1 /manage/index.php/Admin/Work/subedWork/work_id/65
INFO: [ app_init ] --START--
INFO: Run Behavior\BuildLiteBehavior [ RunTime:0.000024s ]
INFO: [ app_init ] --END-- [ RunTime:0.002975s ]
INFO: [ app_begin ] --START--
INFO: Run Behavior\ReadHtmlCacheBehavior [ RunTime:0.010367s ]
INFO: [ app_begin ] --END-- [ RunTime:0.010505s ]
NOTIC: [8] A session had already been started - ignoring session_start() D:\wamp\www\manage\ThinkPHP\Common\functions.php 第 1191 行.
SQL: SHOW COLUMNS FROM `work_up` [ RunTime:0.027705s ]
SQL: SELECT * FROM `work_up` LEFT JOIN user ON work_up.user_id = user.id  WHERE ( work_id = 65 )  [ RunTime:0.049580s ]
INFO: [ view_parse ] --START--
INFO: [ template_filter ] --START--
INFO: Run Behavior\ContentReplaceBehavior [ RunTime:0.000068s ]
INFO: [ template_filter ] --END-- [ RunTime:0.000162s ]
INFO: Run Behavior\ParseTemplateBehavior [ RunTime:0.074848s ]
INFO: [ view_parse ] --END-- [ RunTime:0.075040s ]
INFO: [ view_filter ] --START--
INFO: Run Behavior\WriteHtmlCacheBehavior [ RunTime:0.009845s ]
INFO: [ view_filter ] --END-- [ RunTime:0.009946s ]
INFO: [ app_end ] --START--
INFO: Run Behavior\ShowPageTraceBehavior [ RunTime:0.010626s ]
INFO: [ app_end ] --END-- [ RunTime:0.010767s ]

[ 2014-09-12T18:50:49+08:00 ] 127.0.0.1 /manage/index.php/Admin/Work/subedWork/work_id/64
INFO: [ app_init ] --START--
INFO: Run Behavior\BuildLiteBehavior [ RunTime:0.000022s ]
INFO: [ app_init ] --END-- [ RunTime:0.002791s ]
INFO: [ app_begin ] --START--
INFO: Run Behavior\ReadHtmlCacheBehavior [ RunTime:0.010638s ]
INFO: [ app_begin ] --END-- [ RunTime:0.010777s ]
NOTIC: [8] A session had already been started - ignoring session_start() D:\wamp\www\manage\ThinkPHP\Common\functions.php 第 1191 行.
SQL: SHOW COLUMNS FROM `work_up` [ RunTime:0.005404s ]
SQL: SELECT * FROM `work_up` LEFT JOIN user ON work_up.user_id = user.id  WHERE ( work_id = 64 )  [ RunTime:0.024089s ]
INFO: [ view_parse ] --START--
INFO: [ template_filter ] --START--
INFO: Run Behavior\ContentReplaceBehavior [ RunTime:0.000068s ]
INFO: [ template_filter ] --END-- [ RunTime:0.000161s ]
NOTIC: [8] Undefined variable: savepath D:\wamp\www\manage\App\Runtime\Cache\Admin\e871aa78ffd4c53fd12e33f664a62208.php 第 21 行.
INFO: Run Behavior\ParseTemplateBehavior [ RunTime:0.049468s ]
INFO: [ view_parse ] --END-- [ RunTime:0.049584s ]
INFO: [ view_filter ] --START--
INFO: Run Behavior\WriteHtmlCacheBehavior [ RunTime:0.010246s ]
INFO: [ view_filter ] --END-- [ RunTime:0.010346s ]
INFO: [ app_end ] --START--
INFO: Run Behavior\ShowPageTraceBehavior [ RunTime:0.009802s ]
INFO: [ app_end ] --END-- [ RunTime:0.009892s ]

[ 2014-09-12T18:50:53+08:00 ] 127.0.0.1 /manage/index.php/Admin/Work/downWork/vid/13
INFO: [ app_init ] --START--
INFO: Run Behavior\BuildLiteBehavior [ RunTime:0.000024s ]
INFO: [ app_init ] --END-- [ RunTime:0.002806s ]
INFO: [ app_begin ] --START--
INFO: Run Behavior\ReadHtmlCacheBehavior [ RunTime:0.010410s ]
INFO: [ app_begin ] --END-- [ RunTime:0.010549s ]
NOTIC: [8] A session had already been started - ignoring session_start() D:\wamp\www\manage\ThinkPHP\Common\functions.php 第 1191 行.
SQL: SHOW COLUMNS FROM `work_up` [ RunTime:0.005188s ]
SQL: SELECT `savepath` FROM `work_up` WHERE ( work_up_id = 13 ) LIMIT 1   [ RunTime:0.000327s ]
NOTIC: [2] readfile(): Unable to access 2014-09-09/1410270204.ppt D:\wamp\www\manage\App\Admin\Common\function.php 第 34 行.
NOTIC: [2] readfile(2014-09-09/1410270204.ppt): failed to open stream: No such file or directory D:\wamp\www\manage\App\Admin\Common\function.php 第 34 行.

