[ 2014-09-01T18:24:56+08:00 ] 127.0.0.1 /manage/
INFO: [ app_init ] --START--
INFO: Run Behavior\BuildLiteBehavior [ RunTime:0.000035s ]
INFO: [ app_init ] --END-- [ RunTime:0.002884s ]
INFO: [ app_begin ] --START--
INFO: Run Behavior\ReadHtmlCacheBehavior [ RunTime:0.010393s ]
INFO: [ app_begin ] --END-- [ RunTime:0.010532s ]
NOTIC: [8] A session had already been started - ignoring session_start() D:\wamp\www\manage\ThinkPHP\Common\functions.php 第 1191 行.

[ 2014-09-01T18:24:56+08:00 ] 127.0.0.1 /manage/index.php/Admin/Login/index
INFO: [ app_init ] --START--
INFO: Run Behavior\BuildLiteBehavior [ RunTime:0.000028s ]
INFO: [ app_init ] --END-- [ RunTime:0.002770s ]
INFO: [ app_begin ] --START--
INFO: Run Behavior\ReadHtmlCacheBehavior [ RunTime:0.009415s ]
INFO: [ app_begin ] --END-- [ RunTime:0.009545s ]
NOTIC: [8] A session had already been started - ignoring session_start() D:\wamp\www\manage\ThinkPHP\Common\functions.php 第 1191 行.
INFO: [ view_parse ] --START--
INFO: [ template_filter ] --START--
INFO: Run Behavior\ContentReplaceBehavior [ RunTime:0.000071s ]
INFO: [ template_filter ] --END-- [ RunTime:0.000172s ]
INFO: Run Behavior\ParseTemplateBehavior [ RunTime:0.064125s ]
INFO: [ view_parse ] --END-- [ RunTime:0.064256s ]
INFO: [ view_filter ] --START--
INFO: Run Behavior\WriteHtmlCacheBehavior [ RunTime:0.009247s ]
INFO: [ view_filter ] --END-- [ RunTime:0.009345s ]
INFO: [ app_end ] --START--
INFO: Run Behavior\ShowPageTraceBehavior [ RunTime:0.009397s ]
INFO: [ app_end ] --END-- [ RunTime:0.009499s ]

[ 2014-09-01T18:24:57+08:00 ] 127.0.0.1 /manage/index.php/Admin/Login/verify
INFO: [ app_init ] --START--
INFO: Run Behavior\BuildLiteBehavior [ RunTime:0.000041s ]
INFO: [ app_init ] --END-- [ RunTime:0.004401s ]
INFO: [ app_begin ] --START--
INFO: Run Behavior\ReadHtmlCacheBehavior [ RunTime:0.010042s ]
INFO: [ app_begin ] --END-- [ RunTime:0.010187s ]
NOTIC: [8] A session had already been started - ignoring session_start() D:\wamp\www\manage\ThinkPHP\Common\functions.php 第 1191 行.
INFO: [ app_end ] --START--
INFO: Run Behavior\ShowPageTraceBehavior [ RunTime:0.010661s ]
INFO: [ app_end ] --END-- [ RunTime:0.010830s ]

[ 2014-09-01T18:25:05+08:00 ] 127.0.0.1 /manage/index.php/Admin/Login/verify/0.10095721809193492
INFO: [ app_init ] --START--
INFO: Run Behavior\BuildLiteBehavior [ RunTime:0.000026s ]
INFO: [ app_init ] --END-- [ RunTime:0.003220s ]
INFO: [ app_begin ] --START--
INFO: Run Behavior\ReadHtmlCacheBehavior [ RunTime:0.010159s ]
INFO: [ app_begin ] --END-- [ RunTime:0.010290s ]
NOTIC: [8] A session had already been started - ignoring session_start() D:\wamp\www\manage\ThinkPHP\Common\functions.php 第 1191 行.
INFO: [ app_end ] --START--
INFO: Run Behavior\ShowPageTraceBehavior [ RunTime:0.010103s ]
INFO: [ app_end ] --END-- [ RunTime:0.010244s ]

[ 2014-09-01T18:25:11+08:00 ] 127.0.0.1 /manage/index.php/Admin/Login/login
INFO: [ app_init ] --START--
INFO: Run Behavior\BuildLiteBehavior [ RunTime:0.000023s ]
INFO: [ app_init ] --END-- [ RunTime:0.002701s ]
INFO: [ app_begin ] --START--
INFO: Run Behavior\ReadHtmlCacheBehavior [ RunTime:0.009370s ]
INFO: [ app_begin ] --END-- [ RunTime:0.009492s ]
NOTIC: [8] A session had already been started - ignoring session_start() D:\wamp\www\manage\ThinkPHP\Common\functions.php 第 1191 行.
SQL: SHOW COLUMNS FROM `user` [ RunTime:0.181926s ]
SQL: SELECT * FROM `user` WHERE `username` = 'admin' LIMIT 1   [ RunTime:0.032947s ]
SQL: UPDATE `user` SET `logintime`=1409567111,`loginip`='127.0.0.1' WHERE `id` = 1 [ RunTime:0.023808s ]
INFO: [ view_parse ] --START--
INFO: [ template_filter ] --START--
INFO: Run Behavior\ContentReplaceBehavior [ RunTime:0.000068s ]
INFO: [ template_filter ] --END-- [ RunTime:0.000160s ]
INFO: Run Behavior\ParseTemplateBehavior [ RunTime:0.090658s ]
INFO: [ view_parse ] --END-- [ RunTime:0.090793s ]
INFO: [ view_filter ] --START--
INFO: Run Behavior\WriteHtmlCacheBehavior [ RunTime:0.009008s ]
INFO: [ view_filter ] --END-- [ RunTime:0.009095s ]
INFO: [ app_end ] --START--
INFO: Run Behavior\ShowPageTraceBehavior [ RunTime:0.009416s ]
INFO: [ app_end ] --END-- [ RunTime:0.009500s ]

[ 2014-09-01T18:25:12+08:00 ] 127.0.0.1 /manage/index.php/Admin/Index/index
INFO: [ app_init ] --START--
INFO: Run Behavior\BuildLiteBehavior [ RunTime:0.000040s ]
INFO: [ app_init ] --END-- [ RunTime:0.003352s ]
INFO: [ app_begin ] --START--
INFO: Run Behavior\ReadHtmlCacheBehavior [ RunTime:0.012385s ]
INFO: [ app_begin ] --END-- [ RunTime:0.012543s ]
NOTIC: [8] A session had already been started - ignoring session_start() D:\wamp\www\manage\ThinkPHP\Common\functions.php 第 1191 行.
INFO: [ view_parse ] --START--
INFO: [ template_filter ] --START--
INFO: Run Behavior\ContentReplaceBehavior [ RunTime:0.000121s ]
INFO: [ template_filter ] --END-- [ RunTime:0.000292s ]
INFO: Run Behavior\ParseTemplateBehavior [ RunTime:0.072180s ]
INFO: [ view_parse ] --END-- [ RunTime:0.072328s ]
INFO: [ view_filter ] --START--
INFO: Run Behavior\WriteHtmlCacheBehavior [ RunTime:0.012060s ]
INFO: [ view_filter ] --END-- [ RunTime:0.012210s ]
INFO: [ app_end ] --START--
INFO: Run Behavior\ShowPageTraceBehavior [ RunTime:0.013492s ]
INFO: [ app_end ] --END-- [ RunTime:0.013635s ]

[ 2014-09-01T18:25:13+08:00 ] 127.0.0.1 /manage/index.php/Admin/Index/index
INFO: [ app_init ] --START--
INFO: Run Behavior\BuildLiteBehavior [ RunTime:0.000046s ]
INFO: [ app_init ] --END-- [ RunTime:0.004058s ]
INFO: [ app_begin ] --START--
INFO: Run Behavior\ReadHtmlCacheBehavior [ RunTime:0.022478s ]
INFO: [ app_begin ] --END-- [ RunTime:0.022630s ]
NOTIC: [8] A session had already been started - ignoring session_start() D:\wamp\www\manage\ThinkPHP\Common\functions.php 第 1191 行.
INFO: [ view_parse ] --START--
INFO: [ template_filter ] --START--
INFO: Run Behavior\ContentReplaceBehavior [ RunTime:0.000075s ]
INFO: [ template_filter ] --END-- [ RunTime:0.000179s ]
INFO: Run Behavior\ParseTemplateBehavior [ RunTime:0.052280s ]
INFO: [ view_parse ] --END-- [ RunTime:0.052535s ]
INFO: [ view_filter ] --START--
INFO: Run Behavior\WriteHtmlCacheBehavior [ RunTime:0.009400s ]
INFO: [ view_filter ] --END-- [ RunTime:0.009481s ]
INFO: [ app_end ] --START--
INFO: Run Behavior\ShowPageTraceBehavior [ RunTime:0.009442s ]
INFO: [ app_end ] --END-- [ RunTime:0.009539s ]

[ 2014-09-01T18:25:18+08:00 ] 127.0.0.1 /manage/index.php/Admin/Rbac/index
INFO: [ app_init ] --START--
INFO: Run Behavior\BuildLiteBehavior [ RunTime:0.000024s ]
INFO: [ app_init ] --END-- [ RunTime:0.002813s ]
INFO: [ app_begin ] --START--
INFO: Run Behavior\ReadHtmlCacheBehavior [ RunTime:0.009567s ]
INFO: [ app_begin ] --END-- [ RunTime:0.009713s ]
NOTIC: [8] A session had already been started - ignoring session_start() D:\wamp\www\manage\ThinkPHP\Common\functions.php 第 1191 行.
SQL: SHOW COLUMNS FROM `user` [ RunTime:0.006701s ]
SQL: SELECT `id`,`username`,`logintime`,`loginip`,`lock`,`apartment`,`level` FROM `user`  [ RunTime:0.000552s ]
SQL: SHOW COLUMNS FROM `role` [ RunTime:0.052611s ]
NOTIC: [8] Undefined index: mapping_order D:\wamp\www\manage\ThinkPHP\Library\Think\Model\RelationModel.class.php 第 186 行.
NOTIC: [8] Undefined index: mapping_limit D:\wamp\www\manage\ThinkPHP\Library\Think\Model\RelationModel.class.php 第 187 行.
SQL: SELECT b.id, name, remark FROM role_user AS a, role AS b WHERE a.role_id = b.id AND a. user_id='1' [ RunTime:0.046492s ]
NOTIC: [8] Undefined index: mapping_order D:\wamp\www\manage\ThinkPHP\Library\Think\Model\RelationModel.class.php 第 186 行.
NOTIC: [8] Undefined index: mapping_limit D:\wamp\www\manage\ThinkPHP\Library\Think\Model\RelationModel.class.php 第 187 行.
SQL: SELECT b.id, name, remark FROM role_user AS a, role AS b WHERE a.role_id = b.id AND a. user_id='12' [ RunTime:0.000685s ]
NOTIC: [8] Undefined index: mapping_order D:\wamp\www\manage\ThinkPHP\Library\Think\Model\RelationModel.class.php 第 186 行.
NOTIC: [8] Undefined index: mapping_limit D:\wamp\www\manage\ThinkPHP\Library\Think\Model\RelationModel.class.php 第 187 行.
SQL: SELECT b.id, name, remark FROM role_user AS a, role AS b WHERE a.role_id = b.id AND a. user_id='13' [ RunTime:0.000460s ]
NOTIC: [8] Undefined index: mapping_order D:\wamp\www\manage\ThinkPHP\Library\Think\Model\RelationModel.class.php 第 186 行.
NOTIC: [8] Undefined index: mapping_limit D:\wamp\www\manage\ThinkPHP\Library\Think\Model\RelationModel.class.php 第 187 行.
SQL: SELECT b.id, name, remark FROM role_user AS a, role AS b WHERE a.role_id = b.id AND a. user_id='16' [ RunTime:0.000474s ]
NOTIC: [8] Undefined index: mapping_order D:\wamp\www\manage\ThinkPHP\Library\Think\Model\RelationModel.class.php 第 186 行.
NOTIC: [8] Undefined index: mapping_limit D:\wamp\www\manage\ThinkPHP\Library\Think\Model\RelationModel.class.php 第 187 行.
SQL: SELECT b.id, name, remark FROM role_user AS a, role AS b WHERE a.role_id = b.id AND a. user_id='17' [ RunTime:0.000517s ]
NOTIC: [8] Undefined index: mapping_order D:\wamp\www\manage\ThinkPHP\Library\Think\Model\RelationModel.class.php 第 186 行.
NOTIC: [8] Undefined index: mapping_limit D:\wamp\www\manage\ThinkPHP\Library\Think\Model\RelationModel.class.php 第 187 行.
SQL: SELECT b.id, name, remark FROM role_user AS a, role AS b WHERE a.role_id = b.id AND a. user_id='18' [ RunTime:0.000492s ]
INFO: [ view_parse ] --START--
INFO: [ template_filter ] --START--
INFO: Run Behavior\ContentReplaceBehavior [ RunTime:0.000073s ]
INFO: [ template_filter ] --END-- [ RunTime:0.000176s ]
INFO: Run Behavior\ParseTemplateBehavior [ RunTime:0.086885s ]
INFO: [ view_parse ] --END-- [ RunTime:0.087092s ]
INFO: [ view_filter ] --START--
INFO: Run Behavior\WriteHtmlCacheBehavior [ RunTime:0.010916s ]
INFO: [ view_filter ] --END-- [ RunTime:0.011019s ]
INFO: [ app_end ] --START--
INFO: Run Behavior\ShowPageTraceBehavior [ RunTime:0.009990s ]
INFO: [ app_end ] --END-- [ RunTime:0.010075s ]

