[ 2014-09-29T18:02:06+08:00 ] 127.0.0.1 /manage/index.php/Admin/Index/index
INFO: [ app_init ] --START--
INFO: Run Behavior\BuildLiteBehavior [ RunTime:0.000024s ]
INFO: [ app_init ] --END-- [ RunTime:0.002771s ]
INFO: [ app_begin ] --START--
INFO: Run Behavior\ReadHtmlCacheBehavior [ RunTime:0.009301s ]
INFO: [ app_begin ] --END-- [ RunTime:0.009421s ]
NOTIC: [8] A session had already been started - ignoring session_start() D:\wamp\www\manage\ThinkPHP\Common\functions.php 第 1191 行.
INFO: [ view_parse ] --START--
INFO: [ template_filter ] --START--
INFO: Run Behavior\ContentReplaceBehavior [ RunTime:0.000075s ]
INFO: [ template_filter ] --END-- [ RunTime:0.000177s ]
INFO: Run Behavior\ParseTemplateBehavior [ RunTime:0.082873s ]
INFO: [ view_parse ] --END-- [ RunTime:0.083003s ]
INFO: [ view_filter ] --START--
INFO: Run Behavior\WriteHtmlCacheBehavior [ RunTime:0.011928s ]
INFO: [ view_filter ] --END-- [ RunTime:0.012032s ]
INFO: [ app_end ] --START--
INFO: Run Behavior\ShowPageTraceBehavior [ RunTime:0.010490s ]
INFO: [ app_end ] --END-- [ RunTime:0.010593s ]

[ 2014-09-29T18:02:07+08:00 ] 127.0.0.1 /manage/index.php/Admin/Index/conf
INFO: [ app_init ] --START--
INFO: Run Behavior\BuildLiteBehavior [ RunTime:0.000029s ]
INFO: [ app_init ] --END-- [ RunTime:0.002809s ]
INFO: [ app_begin ] --START--
INFO: Run Behavior\ReadHtmlCacheBehavior [ RunTime:0.010725s ]
INFO: [ app_begin ] --END-- [ RunTime:0.010869s ]
NOTIC: [8] A session had already been started - ignoring session_start() D:\wamp\www\manage\ThinkPHP\Common\functions.php 第 1191 行.
INFO: [ view_parse ] --START--
INFO: [ template_filter ] --START--
INFO: Run Behavior\ContentReplaceBehavior [ RunTime:0.000066s ]
INFO: [ template_filter ] --END-- [ RunTime:0.000170s ]
NOTIC: [8] Undefined variable: time D:\wamp\www\manage\App\Runtime\Cache\Admin\e0852ee07e2cbe427a5bdfe411069bc0.php 第 36 行.
NOTIC: [8] Undefined variable: ip D:\wamp\www\manage\App\Runtime\Cache\Admin\e0852ee07e2cbe427a5bdfe411069bc0.php 第 37 行.
INFO: Run Behavior\ParseTemplateBehavior [ RunTime:0.073739s ]
INFO: [ view_parse ] --END-- [ RunTime:0.073849s ]
INFO: [ view_filter ] --START--
INFO: Run Behavior\WriteHtmlCacheBehavior [ RunTime:0.008959s ]
INFO: [ view_filter ] --END-- [ RunTime:0.009039s ]
INFO: [ app_end ] --START--
INFO: Run Behavior\ShowPageTraceBehavior [ RunTime:0.009410s ]
INFO: [ app_end ] --END-- [ RunTime:0.009526s ]

[ 2014-09-29T18:02:10+08:00 ] 127.0.0.1 /manage/index.php/Admin/Other/resource
INFO: [ app_init ] --START--
INFO: Run Behavior\BuildLiteBehavior [ RunTime:0.000029s ]
INFO: [ app_init ] --END-- [ RunTime:0.002863s ]
INFO: [ app_begin ] --START--
INFO: Run Behavior\ReadHtmlCacheBehavior [ RunTime:0.010839s ]
INFO: [ app_begin ] --END-- [ RunTime:0.010972s ]
NOTIC: [8] A session had already been started - ignoring session_start() D:\wamp\www\manage\ThinkPHP\Common\functions.php 第 1191 行.
SQL: SHOW COLUMNS FROM `resource` [ RunTime:0.045903s ]
SQL: SELECT COUNT(*) AS tp_count FROM `resource` LIMIT 1   [ RunTime:0.000622s ]
SQL: SELECT * FROM `resource` ORDER BY id desc LIMIT 0,13   [ RunTime:0.000681s ]
INFO: [ view_parse ] --START--
INFO: [ template_filter ] --START--
INFO: Run Behavior\ContentReplaceBehavior [ RunTime:0.000070s ]
INFO: [ template_filter ] --END-- [ RunTime:0.000162s ]
NOTIC: [8] Use of undefined constant id - assumed 'id' D:\wamp\www\manage\App\Runtime\Cache\Admin\b1bbbe289c34b74a3eec5517c6ba5034.php 第 22 行.
NOTIC: [8] Use of undefined constant id - assumed 'id' D:\wamp\www\manage\App\Runtime\Cache\Admin\b1bbbe289c34b74a3eec5517c6ba5034.php 第 22 行.
INFO: Run Behavior\ParseTemplateBehavior [ RunTime:0.084246s ]
INFO: [ view_parse ] --END-- [ RunTime:0.084362s ]
INFO: [ view_filter ] --START--
INFO: Run Behavior\WriteHtmlCacheBehavior [ RunTime:0.009275s ]
INFO: [ view_filter ] --END-- [ RunTime:0.009365s ]
INFO: [ app_end ] --START--
INFO: Run Behavior\ShowPageTraceBehavior [ RunTime:0.012938s ]
INFO: [ app_end ] --END-- [ RunTime:0.013042s ]

[ 2014-09-29T18:02:11+08:00 ] 127.0.0.1 /manage/index.php/Admin/Other/question
INFO: [ app_init ] --START--
INFO: Run Behavior\BuildLiteBehavior [ RunTime:0.000026s ]
INFO: [ app_init ] --END-- [ RunTime:0.003381s ]
INFO: [ app_begin ] --START--
INFO: Run Behavior\ReadHtmlCacheBehavior [ RunTime:0.011387s ]
INFO: [ app_begin ] --END-- [ RunTime:0.011516s ]
NOTIC: [8] A session had already been started - ignoring session_start() D:\wamp\www\manage\ThinkPHP\Common\functions.php 第 1191 行.
SQL: SHOW COLUMNS FROM `question` [ RunTime:0.045717s ]
SQL: SELECT COUNT(*) AS tp_count FROM `question` LIMIT 1   [ RunTime:0.000347s ]
SQL: SELECT * FROM `question` LEFT JOIN user ON uid = user.id  ORDER BY question_id desc LIMIT 0,13   [ RunTime:0.000771s ]
INFO: [ view_parse ] --START--
INFO: [ template_filter ] --START--
INFO: Run Behavior\ContentReplaceBehavior [ RunTime:0.000070s ]
INFO: [ template_filter ] --END-- [ RunTime:0.000160s ]
NOTIC: [8] Use of undefined constant question_id - assumed 'question_id' D:\wamp\www\manage\App\Runtime\Cache\Admin\db534fc7731a7934dcebfb2d0e90cd4d.php 第 22 行.
INFO: Run Behavior\ParseTemplateBehavior [ RunTime:0.067380s ]
INFO: [ view_parse ] --END-- [ RunTime:0.067501s ]
INFO: [ view_filter ] --START--
INFO: Run Behavior\WriteHtmlCacheBehavior [ RunTime:0.009081s ]
INFO: [ view_filter ] --END-- [ RunTime:0.009172s ]
INFO: [ app_end ] --START--
INFO: Run Behavior\ShowPageTraceBehavior [ RunTime:0.009368s ]
INFO: [ app_end ] --END-- [ RunTime:0.009460s ]

[ 2014-09-29T18:02:15+08:00 ] 127.0.0.1 /manage/index.php/Admin/Other/question
INFO: [ app_init ] --START--
INFO: Run Behavior\BuildLiteBehavior [ RunTime:0.000023s ]
INFO: [ app_init ] --END-- [ RunTime:0.002821s ]
INFO: [ app_begin ] --START--
INFO: Run Behavior\ReadHtmlCacheBehavior [ RunTime:0.011025s ]
INFO: [ app_begin ] --END-- [ RunTime:0.011168s ]
NOTIC: [8] A session had already been started - ignoring session_start() D:\wamp\www\manage\ThinkPHP\Common\functions.php 第 1191 行.
SQL: SHOW COLUMNS FROM `question` [ RunTime:0.005450s ]
SQL: SELECT COUNT(*) AS tp_count FROM `question` LIMIT 1   [ RunTime:0.000236s ]
SQL: SELECT * FROM `question` LEFT JOIN user ON uid = user.id  ORDER BY question_id desc LIMIT 0,13   [ RunTime:0.000317s ]
INFO: [ view_parse ] --START--
INFO: [ template_filter ] --START--
INFO: Run Behavior\ContentReplaceBehavior [ RunTime:0.000073s ]
INFO: [ template_filter ] --END-- [ RunTime:0.000164s ]
NOTIC: [8] Use of undefined constant question_id - assumed 'question_id' D:\wamp\www\manage\App\Runtime\Cache\Admin\db534fc7731a7934dcebfb2d0e90cd4d.php 第 22 行.
INFO: Run Behavior\ParseTemplateBehavior [ RunTime:0.053876s ]
INFO: [ view_parse ] --END-- [ RunTime:0.053987s ]
INFO: [ view_filter ] --START--
INFO: Run Behavior\WriteHtmlCacheBehavior [ RunTime:0.010519s ]
INFO: [ view_filter ] --END-- [ RunTime:0.010614s ]
INFO: [ app_end ] --START--
INFO: Run Behavior\ShowPageTraceBehavior [ RunTime:0.011399s ]
INFO: [ app_end ] --END-- [ RunTime:0.011504s ]

[ 2014-09-29T18:02:19+08:00 ] 127.0.0.1 /manage/index.php/Admin/Work/addWork
INFO: [ app_init ] --START--
INFO: Run Behavior\BuildLiteBehavior [ RunTime:0.000029s ]
INFO: [ app_init ] --END-- [ RunTime:0.002822s ]
INFO: [ app_begin ] --START--
INFO: Run Behavior\ReadHtmlCacheBehavior [ RunTime:0.009938s ]
INFO: [ app_begin ] --END-- [ RunTime:0.010066s ]
NOTIC: [8] A session had already been started - ignoring session_start() D:\wamp\www\manage\ThinkPHP\Common\functions.php 第 1191 行.
SQL: SHOW COLUMNS FROM `apartment` [ RunTime:0.005610s ]
SQL: SELECT `id`,`name`,`status` FROM `apartment` WHERE `id` = 2  [ RunTime:0.000444s ]
SQL: SHOW COLUMNS FROM `work` [ RunTime:0.006446s ]
NOTIC: [8] Undefined index: mapping_order D:\wamp\www\manage\ThinkPHP\Library\Think\Model\RelationModel.class.php 第 186 行.
NOTIC: [8] Undefined index: mapping_limit D:\wamp\www\manage\ThinkPHP\Library\Think\Model\RelationModel.class.php 第 187 行.
SQL: SELECT b.id, title, content, deadline FROM apart_work AS a, work AS b WHERE a.work_id = b.id AND a. apart_id='2' [ RunTime:0.007266s ]
SQL: SHOW COLUMNS FROM `user` [ RunTime:0.005213s ]
NOTIC: [8] Undefined index: mapping_order D:\wamp\www\manage\ThinkPHP\Library\Think\Model\RelationModel.class.php 第 186 行.
NOTIC: [8] Undefined index: mapping_limit D:\wamp\www\manage\ThinkPHP\Library\Think\Model\RelationModel.class.php 第 187 行.
SQL: SELECT b.id, username FROM apart_user AS a, user AS b WHERE a.user_id = b.id AND a. apart_id='2' [ RunTime:0.000495s ]
SQL: SHOW COLUMNS FROM `notice` [ RunTime:0.005587s ]
NOTIC: [8] Undefined index: mapping_order D:\wamp\www\manage\ThinkPHP\Library\Think\Model\RelationModel.class.php 第 186 行.
NOTIC: [8] Undefined index: mapping_limit D:\wamp\www\manage\ThinkPHP\Library\Think\Model\RelationModel.class.php 第 187 行.
SQL: SELECT b.id, title, content, createtime FROM apart_notice AS a, notice AS b WHERE a.notice_id = b.id AND a. apart_id='2' [ RunTime:0.048535s ]
SQL: SHOW COLUMNS FROM `level` [ RunTime:0.005235s ]
SQL: SELECT * FROM `level`  [ RunTime:0.000412s ]
INFO: [ view_parse ] --START--
INFO: [ template_filter ] --START--
INFO: Run Behavior\ContentReplaceBehavior [ RunTime:0.000087s ]
INFO: [ template_filter ] --END-- [ RunTime:0.000199s ]
INFO: Run Behavior\ParseTemplateBehavior [ RunTime:0.085947s ]
INFO: [ view_parse ] --END-- [ RunTime:0.086097s ]
INFO: [ view_filter ] --START--
INFO: Run Behavior\WriteHtmlCacheBehavior [ RunTime:0.009181s ]
INFO: [ view_filter ] --END-- [ RunTime:0.009284s ]
INFO: [ app_end ] --START--
INFO: Run Behavior\ShowPageTraceBehavior [ RunTime:0.009320s ]
INFO: [ app_end ] --END-- [ RunTime:0.009421s ]

[ 2014-09-29T18:02:26+08:00 ] 127.0.0.1 /manage/index.php/Admin/Work/addWork
INFO: [ app_init ] --START--
INFO: Run Behavior\BuildLiteBehavior [ RunTime:0.000027s ]
INFO: [ app_init ] --END-- [ RunTime:0.002841s ]
INFO: [ app_begin ] --START--
INFO: Run Behavior\ReadHtmlCacheBehavior [ RunTime:0.010395s ]
INFO: [ app_begin ] --END-- [ RunTime:0.010538s ]
NOTIC: [8] A session had already been started - ignoring session_start() D:\wamp\www\manage\ThinkPHP\Common\functions.php 第 1191 行.
SQL: SHOW COLUMNS FROM `apartment` [ RunTime:0.024428s ]
SQL: SELECT `id`,`name`,`status` FROM `apartment` WHERE `id` = 2  [ RunTime:0.000229s ]
SQL: SHOW COLUMNS FROM `work` [ RunTime:0.005388s ]
NOTIC: [8] Undefined index: mapping_order D:\wamp\www\manage\ThinkPHP\Library\Think\Model\RelationModel.class.php 第 186 行.
NOTIC: [8] Undefined index: mapping_limit D:\wamp\www\manage\ThinkPHP\Library\Think\Model\RelationModel.class.php 第 187 行.
SQL: SELECT b.id, title, content, deadline FROM apart_work AS a, work AS b WHERE a.work_id = b.id AND a. apart_id='2' [ RunTime:0.000226s ]
SQL: SHOW COLUMNS FROM `user` [ RunTime:0.006884s ]
NOTIC: [8] Undefined index: mapping_order D:\wamp\www\manage\ThinkPHP\Library\Think\Model\RelationModel.class.php 第 186 行.
NOTIC: [8] Undefined index: mapping_limit D:\wamp\www\manage\ThinkPHP\Library\Think\Model\RelationModel.class.php 第 187 行.
SQL: SELECT b.id, username FROM apart_user AS a, user AS b WHERE a.user_id = b.id AND a. apart_id='2' [ RunTime:0.000398s ]
SQL: SHOW COLUMNS FROM `notice` [ RunTime:0.006759s ]
NOTIC: [8] Undefined index: mapping_order D:\wamp\www\manage\ThinkPHP\Library\Think\Model\RelationModel.class.php 第 186 行.
NOTIC: [8] Undefined index: mapping_limit D:\wamp\www\manage\ThinkPHP\Library\Think\Model\RelationModel.class.php 第 187 行.
SQL: SELECT b.id, title, content, createtime FROM apart_notice AS a, notice AS b WHERE a.notice_id = b.id AND a. apart_id='2' [ RunTime:0.000362s ]
SQL: SHOW COLUMNS FROM `level` [ RunTime:0.005777s ]
SQL: SELECT * FROM `level`  [ RunTime:0.000313s ]
INFO: [ view_parse ] --START--
INFO: [ template_filter ] --START--
INFO: Run Behavior\ContentReplaceBehavior [ RunTime:0.000087s ]
INFO: [ template_filter ] --END-- [ RunTime:0.000198s ]
INFO: Run Behavior\ParseTemplateBehavior [ RunTime:0.050927s ]
INFO: [ view_parse ] --END-- [ RunTime:0.051098s ]
INFO: [ view_filter ] --START--
INFO: Run Behavior\WriteHtmlCacheBehavior [ RunTime:0.010965s ]
INFO: [ view_filter ] --END-- [ RunTime:0.011074s ]
INFO: [ app_end ] --START--
INFO: Run Behavior\ShowPageTraceBehavior [ RunTime:0.010169s ]
INFO: [ app_end ] --END-- [ RunTime:0.010268s ]

[ 2014-09-29T18:02:27+08:00 ] 127.0.0.1 /manage/index.php/Admin/Work/addNotice
INFO: [ app_init ] --START--
INFO: Run Behavior\BuildLiteBehavior [ RunTime:0.000023s ]
INFO: [ app_init ] --END-- [ RunTime:0.002738s ]
INFO: [ app_begin ] --START--
INFO: Run Behavior\ReadHtmlCacheBehavior [ RunTime:0.011592s ]
INFO: [ app_begin ] --END-- [ RunTime:0.011797s ]
NOTIC: [8] A session had already been started - ignoring session_start() D:\wamp\www\manage\ThinkPHP\Common\functions.php 第 1191 行.
SQL: SHOW COLUMNS FROM `notice` [ RunTime:0.005574s ]
SQL: SELECT * FROM `notice` LEFT JOIN apart_notice ON apart_notice.notice_id = notice.id  WHERE `apart_id` = '2' ORDER BY id desc LIMIT 1   [ RunTime:0.000479s ]
INFO: [ view_parse ] --START--
INFO: [ template_filter ] --START--
INFO: Run Behavior\ContentReplaceBehavior [ RunTime:0.000076s ]
INFO: [ template_filter ] --END-- [ RunTime:0.000178s ]
INFO: Run Behavior\ParseTemplateBehavior [ RunTime:0.085324s ]
INFO: [ view_parse ] --END-- [ RunTime:0.085508s ]
INFO: [ view_filter ] --START--
INFO: Run Behavior\WriteHtmlCacheBehavior [ RunTime:0.010772s ]
INFO: [ view_filter ] --END-- [ RunTime:0.010871s ]
INFO: [ app_end ] --START--
INFO: Run Behavior\ShowPageTraceBehavior [ RunTime:0.009356s ]
INFO: [ app_end ] --END-- [ RunTime:0.009457s ]

[ 2014-09-29T18:02:34+08:00 ] 127.0.0.1 /manage/index.php/Admin/Work/index
INFO: [ app_init ] --START--
INFO: Run Behavior\BuildLiteBehavior [ RunTime:0.000024s ]
INFO: [ app_init ] --END-- [ RunTime:0.002887s ]
INFO: [ app_begin ] --START--
INFO: Run Behavior\ReadHtmlCacheBehavior [ RunTime:0.009267s ]
INFO: [ app_begin ] --END-- [ RunTime:0.009389s ]
NOTIC: [8] A session had already been started - ignoring session_start() D:\wamp\www\manage\ThinkPHP\Common\functions.php 第 1191 行.
SQL: SHOW COLUMNS FROM `user` [ RunTime:0.005911s ]
SQL: SELECT `id`,`username`,`logintime`,`loginip`,`lock` FROM `user` WHERE `id` = 1  [ RunTime:0.000194s ]
SQL: SHOW COLUMNS FROM `role` [ RunTime:0.007342s ]
NOTIC: [8] Undefined index: mapping_order D:\wamp\www\manage\ThinkPHP\Library\Think\Model\RelationModel.class.php 第 186 行.
NOTIC: [8] Undefined index: mapping_limit D:\wamp\www\manage\ThinkPHP\Library\Think\Model\RelationModel.class.php 第 187 行.
SQL: SELECT b.id, name, remark FROM role_user AS a, role AS b WHERE a.role_id = b.id AND a. user_id='1' [ RunTime:0.000869s ]
SQL: SHOW COLUMNS FROM `apartment` [ RunTime:0.006022s ]
NOTIC: [8] Undefined index: mapping_order D:\wamp\www\manage\ThinkPHP\Library\Think\Model\RelationModel.class.php 第 186 行.
NOTIC: [8] Undefined index: mapping_limit D:\wamp\www\manage\ThinkPHP\Library\Think\Model\RelationModel.class.php 第 187 行.
SQL: SELECT b.id, name FROM apart_user AS a, apartment AS b WHERE a.apart_id = b.id AND a. user_id='1' [ RunTime:0.000156s ]
SQL: SHOW COLUMNS FROM `level` [ RunTime:0.005482s ]
NOTIC: [8] Undefined index: mapping_order D:\wamp\www\manage\ThinkPHP\Library\Think\Model\RelationModel.class.php 第 186 行.
NOTIC: [8] Undefined index: mapping_limit D:\wamp\www\manage\ThinkPHP\Library\Think\Model\RelationModel.class.php 第 187 行.
SQL: SELECT b.id, name FROM level_user AS a, level AS b WHERE a.level_id = b.id AND a. user_id='1' [ RunTime:0.000291s ]
SQL: SHOW COLUMNS FROM `work` [ RunTime:0.005380s ]
NOTIC: [8] Undefined index: mapping_order D:\wamp\www\manage\ThinkPHP\Library\Think\Model\RelationModel.class.php 第 186 行.
NOTIC: [8] Undefined index: mapping_limit D:\wamp\www\manage\ThinkPHP\Library\Think\Model\RelationModel.class.php 第 187 行.
SQL: SELECT b.id, title, content, deadline FROM work_user AS a, work AS b WHERE a.work_id = b.id AND a. user_id='1' [ RunTime:0.000222s ]
SQL: SHOW COLUMNS FROM `apartment` [ RunTime:0.008090s ]
SQL: SELECT `id`,`name`,`status` FROM `apartment` WHERE `id` = 2  [ RunTime:0.000159s ]
NOTIC: [8] Undefined index: mapping_order D:\wamp\www\manage\ThinkPHP\Library\Think\Model\RelationModel.class.php 第 186 行.
NOTIC: [8] Undefined index: mapping_limit D:\wamp\www\manage\ThinkPHP\Library\Think\Model\RelationModel.class.php 第 187 行.
SQL: SELECT b.id, title, content, deadline FROM apart_work AS a, work AS b WHERE a.work_id = b.id AND a. apart_id='2' [ RunTime:0.000148s ]
SQL: SHOW COLUMNS FROM `user` [ RunTime:0.006242s ]
NOTIC: [8] Undefined index: mapping_order D:\wamp\www\manage\ThinkPHP\Library\Think\Model\RelationModel.class.php 第 186 行.
NOTIC: [8] Undefined index: mapping_limit D:\wamp\www\manage\ThinkPHP\Library\Think\Model\RelationModel.class.php 第 187 行.
SQL: SELECT b.id, username FROM apart_user AS a, user AS b WHERE a.user_id = b.id AND a. apart_id='2' [ RunTime:0.000126s ]
SQL: SHOW COLUMNS FROM `notice` [ RunTime:0.005685s ]
NOTIC: [8] Undefined index: mapping_order D:\wamp\www\manage\ThinkPHP\Library\Think\Model\RelationModel.class.php 第 186 行.
NOTIC: [8] Undefined index: mapping_limit D:\wamp\www\manage\ThinkPHP\Library\Think\Model\RelationModel.class.php 第 187 行.
SQL: SELECT b.id, title, content, createtime FROM apart_notice AS a, notice AS b WHERE a.notice_id = b.id AND a. apart_id='2' [ RunTime:0.000160s ]
INFO: [ view_parse ] --START--
INFO: [ template_filter ] --START--
INFO: Run Behavior\ContentReplaceBehavior [ RunTime:0.000068s ]
INFO: [ template_filter ] --END-- [ RunTime:0.000166s ]
INFO: Run Behavior\ParseTemplateBehavior [ RunTime:0.056905s ]
INFO: [ view_parse ] --END-- [ RunTime:0.057045s ]
INFO: [ view_filter ] --START--
INFO: Run Behavior\WriteHtmlCacheBehavior [ RunTime:0.010168s ]
INFO: [ view_filter ] --END-- [ RunTime:0.010270s ]
INFO: [ app_end ] --START--
INFO: Run Behavior\ShowPageTraceBehavior [ RunTime:0.010219s ]
INFO: [ app_end ] --END-- [ RunTime:0.010327s ]

[ 2014-09-29T18:02:35+08:00 ] 127.0.0.1 /manage/index.php/Admin/Other/resource
INFO: [ app_init ] --START--
INFO: Run Behavior\BuildLiteBehavior [ RunTime:0.000023s ]
INFO: [ app_init ] --END-- [ RunTime:0.002685s ]
INFO: [ app_begin ] --START--
INFO: Run Behavior\ReadHtmlCacheBehavior [ RunTime:0.010758s ]
INFO: [ app_begin ] --END-- [ RunTime:0.010894s ]
NOTIC: [8] A session had already been started - ignoring session_start() D:\wamp\www\manage\ThinkPHP\Common\functions.php 第 1191 行.
SQL: SHOW COLUMNS FROM `resource` [ RunTime:0.005610s ]
SQL: SELECT COUNT(*) AS tp_count FROM `resource` LIMIT 1   [ RunTime:0.000197s ]
SQL: SELECT * FROM `resource` ORDER BY id desc LIMIT 0,13   [ RunTime:0.001035s ]
INFO: [ view_parse ] --START--
INFO: [ template_filter ] --START--
INFO: Run Behavior\ContentReplaceBehavior [ RunTime:0.000071s ]
INFO: [ template_filter ] --END-- [ RunTime:0.000167s ]
NOTIC: [8] Use of undefined constant id - assumed 'id' D:\wamp\www\manage\App\Runtime\Cache\Admin\b1bbbe289c34b74a3eec5517c6ba5034.php 第 22 行.
NOTIC: [8] Use of undefined constant id - assumed 'id' D:\wamp\www\manage\App\Runtime\Cache\Admin\b1bbbe289c34b74a3eec5517c6ba5034.php 第 22 行.
INFO: Run Behavior\ParseTemplateBehavior [ RunTime:0.045979s ]
INFO: [ view_parse ] --END-- [ RunTime:0.046088s ]
INFO: [ view_filter ] --START--
INFO: Run Behavior\WriteHtmlCacheBehavior [ RunTime:0.009372s ]
INFO: [ view_filter ] --END-- [ RunTime:0.009474s ]
INFO: [ app_end ] --START--
INFO: Run Behavior\ShowPageTraceBehavior [ RunTime:0.009784s ]
INFO: [ app_end ] --END-- [ RunTime:0.009888s ]

[ 2014-09-29T18:02:37+08:00 ] 127.0.0.1 /manage/index.php/Admin/Work/addWork
INFO: [ app_init ] --START--
INFO: Run Behavior\BuildLiteBehavior [ RunTime:0.000024s ]
INFO: [ app_init ] --END-- [ RunTime:0.003569s ]
INFO: [ app_begin ] --START--
INFO: Run Behavior\ReadHtmlCacheBehavior [ RunTime:0.010254s ]
INFO: [ app_begin ] --END-- [ RunTime:0.010378s ]
NOTIC: [8] A session had already been started - ignoring session_start() D:\wamp\www\manage\ThinkPHP\Common\functions.php 第 1191 行.
SQL: SHOW COLUMNS FROM `apartment` [ RunTime:0.005768s ]
SQL: SELECT `id`,`name`,`status` FROM `apartment` WHERE `id` = 2  [ RunTime:0.000201s ]
SQL: SHOW COLUMNS FROM `work` [ RunTime:0.007527s ]
NOTIC: [8] Undefined index: mapping_order D:\wamp\www\manage\ThinkPHP\Library\Think\Model\RelationModel.class.php 第 186 行.
NOTIC: [8] Undefined index: mapping_limit D:\wamp\www\manage\ThinkPHP\Library\Think\Model\RelationModel.class.php 第 187 行.
SQL: SELECT b.id, title, content, deadline FROM apart_work AS a, work AS b WHERE a.work_id = b.id AND a. apart_id='2' [ RunTime:0.000224s ]
SQL: SHOW COLUMNS FROM `user` [ RunTime:0.006957s ]
NOTIC: [8] Undefined index: mapping_order D:\wamp\www\manage\ThinkPHP\Library\Think\Model\RelationModel.class.php 第 186 行.
NOTIC: [8] Undefined index: mapping_limit D:\wamp\www\manage\ThinkPHP\Library\Think\Model\RelationModel.class.php 第 187 行.
SQL: SELECT b.id, username FROM apart_user AS a, user AS b WHERE a.user_id = b.id AND a. apart_id='2' [ RunTime:0.000183s ]
SQL: SHOW COLUMNS FROM `notice` [ RunTime:0.005566s ]
NOTIC: [8] Undefined index: mapping_order D:\wamp\www\manage\ThinkPHP\Library\Think\Model\RelationModel.class.php 第 186 行.
NOTIC: [8] Undefined index: mapping_limit D:\wamp\www\manage\ThinkPHP\Library\Think\Model\RelationModel.class.php 第 187 行.
SQL: SELECT b.id, title, content, createtime FROM apart_notice AS a, notice AS b WHERE a.notice_id = b.id AND a. apart_id='2' [ RunTime:0.001791s ]
SQL: SHOW COLUMNS FROM `level` [ RunTime:0.007015s ]
SQL: SELECT * FROM `level`  [ RunTime:0.000144s ]
INFO: [ view_parse ] --START--
INFO: [ template_filter ] --START--
INFO: Run Behavior\ContentReplaceBehavior [ RunTime:0.000088s ]
INFO: [ template_filter ] --END-- [ RunTime:0.000205s ]
INFO: Run Behavior\ParseTemplateBehavior [ RunTime:0.046971s ]
INFO: [ view_parse ] --END-- [ RunTime:0.047133s ]
INFO: [ view_filter ] --START--
INFO: Run Behavior\WriteHtmlCacheBehavior [ RunTime:0.009394s ]
INFO: [ view_filter ] --END-- [ RunTime:0.009508s ]
INFO: [ app_end ] --START--
INFO: Run Behavior\ShowPageTraceBehavior [ RunTime:0.009991s ]
INFO: [ app_end ] --END-- [ RunTime:0.010097s ]

[ 2014-09-29T18:02:38+08:00 ] 127.0.0.1 /manage/index.php/Admin/Work/index
INFO: [ app_init ] --START--
INFO: Run Behavior\BuildLiteBehavior [ RunTime:0.000024s ]
INFO: [ app_init ] --END-- [ RunTime:0.002774s ]
INFO: [ app_begin ] --START--
INFO: Run Behavior\ReadHtmlCacheBehavior [ RunTime:0.010089s ]
INFO: [ app_begin ] --END-- [ RunTime:0.010231s ]
NOTIC: [8] A session had already been started - ignoring session_start() D:\wamp\www\manage\ThinkPHP\Common\functions.php 第 1191 行.
SQL: SHOW COLUMNS FROM `user` [ RunTime:0.005557s ]
SQL: SELECT `id`,`username`,`logintime`,`loginip`,`lock` FROM `user` WHERE `id` = 1  [ RunTime:0.000289s ]
SQL: SHOW COLUMNS FROM `role` [ RunTime:0.025352s ]
NOTIC: [8] Undefined index: mapping_order D:\wamp\www\manage\ThinkPHP\Library\Think\Model\RelationModel.class.php 第 186 行.
NOTIC: [8] Undefined index: mapping_limit D:\wamp\www\manage\ThinkPHP\Library\Think\Model\RelationModel.class.php 第 187 行.
SQL: SELECT b.id, name, remark FROM role_user AS a, role AS b WHERE a.role_id = b.id AND a. user_id='1' [ RunTime:0.000146s ]
SQL: SHOW COLUMNS FROM `apartment` [ RunTime:0.005778s ]
NOTIC: [8] Undefined index: mapping_order D:\wamp\www\manage\ThinkPHP\Library\Think\Model\RelationModel.class.php 第 186 行.
NOTIC: [8] Undefined index: mapping_limit D:\wamp\www\manage\ThinkPHP\Library\Think\Model\RelationModel.class.php 第 187 行.
SQL: SELECT b.id, name FROM apart_user AS a, apartment AS b WHERE a.apart_id = b.id AND a. user_id='1' [ RunTime:0.000139s ]
SQL: SHOW COLUMNS FROM `level` [ RunTime:0.010182s ]
NOTIC: [8] Undefined index: mapping_order D:\wamp\www\manage\ThinkPHP\Library\Think\Model\RelationModel.class.php 第 186 行.
NOTIC: [8] Undefined index: mapping_limit D:\wamp\www\manage\ThinkPHP\Library\Think\Model\RelationModel.class.php 第 187 行.
SQL: SELECT b.id, name FROM level_user AS a, level AS b WHERE a.level_id = b.id AND a. user_id='1' [ RunTime:0.000132s ]
SQL: SHOW COLUMNS FROM `work` [ RunTime:0.005371s ]
NOTIC: [8] Undefined index: mapping_order D:\wamp\www\manage\ThinkPHP\Library\Think\Model\RelationModel.class.php 第 186 行.
NOTIC: [8] Undefined index: mapping_limit D:\wamp\www\manage\ThinkPHP\Library\Think\Model\RelationModel.class.php 第 187 行.
SQL: SELECT b.id, title, content, deadline FROM work_user AS a, work AS b WHERE a.work_id = b.id AND a. user_id='1' [ RunTime:0.000148s ]
SQL: SHOW COLUMNS FROM `apartment` [ RunTime:0.005268s ]
SQL: SELECT `id`,`name`,`status` FROM `apartment` WHERE `id` = 2  [ RunTime:0.000135s ]
NOTIC: [8] Undefined index: mapping_order D:\wamp\www\manage\ThinkPHP\Library\Think\Model\RelationModel.class.php 第 186 行.
NOTIC: [8] Undefined index: mapping_limit D:\wamp\www\manage\ThinkPHP\Library\Think\Model\RelationModel.class.php 第 187 行.
SQL: SELECT b.id, title, content, deadline FROM apart_work AS a, work AS b WHERE a.work_id = b.id AND a. apart_id='2' [ RunTime:0.000125s ]
SQL: SHOW COLUMNS FROM `user` [ RunTime:0.005813s ]
NOTIC: [8] Undefined index: mapping_order D:\wamp\www\manage\ThinkPHP\Library\Think\Model\RelationModel.class.php 第 186 行.
NOTIC: [8] Undefined index: mapping_limit D:\wamp\www\manage\ThinkPHP\Library\Think\Model\RelationModel.class.php 第 187 行.
SQL: SELECT b.id, username FROM apart_user AS a, user AS b WHERE a.user_id = b.id AND a. apart_id='2' [ RunTime:0.000135s ]
SQL: SHOW COLUMNS FROM `notice` [ RunTime:0.005328s ]
NOTIC: [8] Undefined index: mapping_order D:\wamp\www\manage\ThinkPHP\Library\Think\Model\RelationModel.class.php 第 186 行.
NOTIC: [8] Undefined index: mapping_limit D:\wamp\www\manage\ThinkPHP\Library\Think\Model\RelationModel.class.php 第 187 行.
SQL: SELECT b.id, title, content, createtime FROM apart_notice AS a, notice AS b WHERE a.notice_id = b.id AND a. apart_id='2' [ RunTime:0.000139s ]
INFO: [ view_parse ] --START--
INFO: [ template_filter ] --START--
INFO: Run Behavior\ContentReplaceBehavior [ RunTime:0.000139s ]
INFO: [ template_filter ] --END-- [ RunTime:0.000271s ]
INFO: Run Behavior\ParseTemplateBehavior [ RunTime:0.138250s ]
INFO: [ view_parse ] --END-- [ RunTime:0.138419s ]
INFO: [ view_filter ] --START--
INFO: Run Behavior\WriteHtmlCacheBehavior [ RunTime:0.009548s ]
INFO: [ view_filter ] --END-- [ RunTime:0.009645s ]
INFO: [ app_end ] --START--
INFO: Run Behavior\ShowPageTraceBehavior [ RunTime:0.011376s ]
INFO: [ app_end ] --END-- [ RunTime:0.011482s ]

[ 2014-09-29T18:15:47+08:00 ] 127.0.0.1 /manage/index.php/Admin/Work/subedWork/work_id/70
INFO: [ app_init ] --START--
INFO: Run Behavior\BuildLiteBehavior [ RunTime:0.000023s ]
INFO: [ app_init ] --END-- [ RunTime:0.002701s ]
INFO: [ app_begin ] --START--
INFO: Run Behavior\ReadHtmlCacheBehavior [ RunTime:0.009509s ]
INFO: [ app_begin ] --END-- [ RunTime:0.009648s ]
NOTIC: [8] A session had already been started - ignoring session_start() D:\wamp\www\manage\ThinkPHP\Common\functions.php 第 1191 行.
SQL: SHOW COLUMNS FROM `work_up` [ RunTime:0.019741s ]
SQL: SELECT * FROM `work_up` LEFT JOIN user ON work_up.user_id = user.id  WHERE ( work_id = 70 )  [ RunTime:0.000671s ]
INFO: [ view_parse ] --START--
INFO: [ template_filter ] --START--
INFO: Run Behavior\ContentReplaceBehavior [ RunTime:0.000070s ]
INFO: [ template_filter ] --END-- [ RunTime:0.000179s ]
INFO: Run Behavior\ParseTemplateBehavior [ RunTime:0.091516s ]
INFO: [ view_parse ] --END-- [ RunTime:0.091700s ]
INFO: [ view_filter ] --START--
INFO: Run Behavior\WriteHtmlCacheBehavior [ RunTime:0.012150s ]
INFO: [ view_filter ] --END-- [ RunTime:0.012255s ]
INFO: [ app_end ] --START--
INFO: Run Behavior\ShowPageTraceBehavior [ RunTime:0.010513s ]
INFO: [ app_end ] --END-- [ RunTime:0.010615s ]

[ 2014-09-29T18:20:37+08:00 ] 127.0.0.1 /manage/index.php/Admin/Work/subedWork/work_id/70
INFO: [ app_init ] --START--
INFO: Run Behavior\BuildLiteBehavior [ RunTime:0.000023s ]
INFO: [ app_init ] --END-- [ RunTime:0.002764s ]
INFO: [ app_begin ] --START--
INFO: Run Behavior\ReadHtmlCacheBehavior [ RunTime:0.009378s ]
INFO: [ app_begin ] --END-- [ RunTime:0.009489s ]
NOTIC: [8] A session had already been started - ignoring session_start() D:\wamp\www\manage\ThinkPHP\Common\functions.php 第 1191 行.
SQL: SHOW COLUMNS FROM `work_up` [ RunTime:0.006114s ]
SQL: SELECT * FROM `work_up` LEFT JOIN user ON work_up.user_id = user.id  WHERE ( work_id = 70 )  [ RunTime:0.000237s ]
INFO: [ view_parse ] --START--
INFO: [ template_filter ] --START--
INFO: Run Behavior\ContentReplaceBehavior [ RunTime:0.000065s ]
INFO: [ template_filter ] --END-- [ RunTime:0.000157s ]
INFO: Run Behavior\ParseTemplateBehavior [ RunTime:0.046896s ]
INFO: [ view_parse ] --END-- [ RunTime:0.047120s ]
INFO: [ view_filter ] --START--
INFO: Run Behavior\WriteHtmlCacheBehavior [ RunTime:0.009609s ]
INFO: [ view_filter ] --END-- [ RunTime:0.009710s ]
INFO: [ app_end ] --START--
INFO: Run Behavior\ShowPageTraceBehavior [ RunTime:0.009651s ]
INFO: [ app_end ] --END-- [ RunTime:0.009759s ]

[ 2014-09-29T18:34:39+08:00 ] 127.0.0.1 /manage/index.php/Admin/Work/subedWork/work_id/70
INFO: [ app_init ] --START--
INFO: Run Behavior\BuildLiteBehavior [ RunTime:0.000027s ]
INFO: [ app_init ] --END-- [ RunTime:0.002932s ]
INFO: [ app_begin ] --START--
INFO: Run Behavior\ReadHtmlCacheBehavior [ RunTime:0.009406s ]
INFO: [ app_begin ] --END-- [ RunTime:0.009526s ]
NOTIC: [8] A session had already been started - ignoring session_start() D:\wamp\www\manage\ThinkPHP\Common\functions.php 第 1191 行.
SQL: SHOW COLUMNS FROM `work_up` [ RunTime:0.006860s ]
SQL: SELECT * FROM `work_up` LEFT JOIN user ON work_up.user_id = user.id  WHERE ( work_id = 70 )  [ RunTime:0.000311s ]
INFO: [ view_parse ] --START--
INFO: [ template_filter ] --START--
INFO: Run Behavior\ContentReplaceBehavior [ RunTime:0.000111s ]
INFO: [ template_filter ] --END-- [ RunTime:0.000267s ]
INFO: Run Behavior\ParseTemplateBehavior [ RunTime:0.059561s ]
INFO: [ view_parse ] --END-- [ RunTime:0.059759s ]
INFO: [ view_filter ] --START--
INFO: Run Behavior\WriteHtmlCacheBehavior [ RunTime:0.011642s ]
INFO: [ view_filter ] --END-- [ RunTime:0.011745s ]
INFO: [ app_end ] --START--
INFO: Run Behavior\ShowPageTraceBehavior [ RunTime:0.012597s ]
INFO: [ app_end ] --END-- [ RunTime:0.012700s ]

[ 2014-09-29T20:14:20+08:00 ] 202.202.43.201 /manage/index.php/Admin/Index/infHandle.html
INFO: [ app_init ] --START--
INFO: Run Behavior\BuildLiteBehavior [ RunTime:0.000022s ]
INFO: [ app_init ] --END-- [ RunTime:0.002852s ]
INFO: [ app_begin ] --START--
INFO: Run Behavior\ReadHtmlCacheBehavior [ RunTime:0.009177s ]
INFO: [ app_begin ] --END-- [ RunTime:0.009305s ]
NOTIC: [8] A session had already been started - ignoring session_start() D:\wamp\www\manage\ThinkPHP\Common\functions.php 第 1191 行.
SQL: SHOW COLUMNS FROM `information` [ RunTime:0.005544s ]
SQL: SELECT * FROM `information` WHERE `uid` = 29 LIMIT 1   [ RunTime:0.000412s ]
SQL: UPDATE `information` SET `phone`='阿萨德了那是大理石的加拉塞克来得及' WHERE `uid` = 29 [ RunTime:0.019526s ]
SQL: UPDATE `information` SET `phone`='阿萨德了那是大理石的加拉塞克来得及',`email`='龙宽九段离开家阿斯顿 ' WHERE `uid` = 29 [ RunTime:0.001733s ]
SQL: UPDATE `information` SET `phone`='阿萨德了那是大理石的加拉塞克来得及',`email`='龙宽九段离开家阿斯顿 ',`txqq`='立刻就爱上了当开讲啦可接受的' WHERE `uid` = 29 [ RunTime:0.001955s ]
INFO: [ view_parse ] --START--
INFO: [ template_filter ] --START--
INFO: Run Behavior\ContentReplaceBehavior [ RunTime:0.000072s ]
INFO: [ template_filter ] --END-- [ RunTime:0.000164s ]
INFO: Run Behavior\ParseTemplateBehavior [ RunTime:0.058747s ]
INFO: [ view_parse ] --END-- [ RunTime:0.058877s ]
INFO: [ view_filter ] --START--
INFO: Run Behavior\WriteHtmlCacheBehavior [ RunTime:0.009405s ]
INFO: [ view_filter ] --END-- [ RunTime:0.009480s ]
INFO: [ app_end ] --START--
INFO: Run Behavior\ShowPageTraceBehavior [ RunTime:0.010551s ]
INFO: [ app_end ] --END-- [ RunTime:0.010646s ]

