[ 2014-09-20T14:21:16+08:00 ] 127.0.0.1 /manage/index.php/Admin/Index/index
INFO: [ app_init ] --START--
INFO: Run Behavior\BuildLiteBehavior [ RunTime:0.000030s ]
INFO: [ app_init ] --END-- [ RunTime:0.003056s ]
INFO: [ app_begin ] --START--
INFO: Run Behavior\ReadHtmlCacheBehavior [ RunTime:0.010305s ]
INFO: [ app_begin ] --END-- [ RunTime:0.010438s ]
NOTIC: [8] A session had already been started - ignoring session_start() D:\wamp\www\manage\ThinkPHP\Common\functions.php 第 1191 行.
INFO: [ view_parse ] --START--
INFO: [ template_filter ] --START--
INFO: Run Behavior\ContentReplaceBehavior [ RunTime:0.000117s ]
INFO: [ template_filter ] --END-- [ RunTime:0.000273s ]
INFO: Run Behavior\ParseTemplateBehavior [ RunTime:0.106722s ]
INFO: [ view_parse ] --END-- [ RunTime:0.106845s ]
INFO: [ view_filter ] --START--
INFO: Run Behavior\WriteHtmlCacheBehavior [ RunTime:0.010276s ]
INFO: [ view_filter ] --END-- [ RunTime:0.010363s ]
INFO: [ app_end ] --START--
INFO: Run Behavior\ShowPageTraceBehavior [ RunTime:0.010142s ]
INFO: [ app_end ] --END-- [ RunTime:0.010236s ]

[ 2014-09-20T14:21:17+08:00 ] 127.0.0.1 /manage/index.php/Admin/Index/conf
INFO: [ app_init ] --START--
INFO: Run Behavior\BuildLiteBehavior [ RunTime:0.000038s ]
INFO: [ app_init ] --END-- [ RunTime:0.003280s ]
INFO: [ app_begin ] --START--
INFO: Run Behavior\ReadHtmlCacheBehavior [ RunTime:0.009927s ]
INFO: [ app_begin ] --END-- [ RunTime:0.010080s ]
NOTIC: [8] A session had already been started - ignoring session_start() D:\wamp\www\manage\ThinkPHP\Common\functions.php 第 1191 行.
INFO: [ view_parse ] --START--
INFO: [ template_filter ] --START--
INFO: Run Behavior\ContentReplaceBehavior [ RunTime:0.000067s ]
INFO: [ template_filter ] --END-- [ RunTime:0.000186s ]
NOTIC: [8] Undefined variable: time D:\wamp\www\manage\App\Runtime\Cache\Admin\e0852ee07e2cbe427a5bdfe411069bc0.php 第 36 行.
NOTIC: [8] Undefined variable: ip D:\wamp\www\manage\App\Runtime\Cache\Admin\e0852ee07e2cbe427a5bdfe411069bc0.php 第 37 行.
INFO: Run Behavior\ParseTemplateBehavior [ RunTime:0.101054s ]
INFO: [ view_parse ] --END-- [ RunTime:0.101227s ]
INFO: [ view_filter ] --START--
INFO: Run Behavior\WriteHtmlCacheBehavior [ RunTime:0.011250s ]
INFO: [ view_filter ] --END-- [ RunTime:0.011364s ]
INFO: [ app_end ] --START--
INFO: Run Behavior\ShowPageTraceBehavior [ RunTime:0.010317s ]
INFO: [ app_end ] --END-- [ RunTime:0.010424s ]

[ 2014-09-20T14:21:21+08:00 ] 127.0.0.1 /manage/index.php/Admin/Work/addWork
INFO: [ app_init ] --START--
INFO: Run Behavior\BuildLiteBehavior [ RunTime:0.000027s ]
INFO: [ app_init ] --END-- [ RunTime:0.003348s ]
INFO: [ app_begin ] --START--
INFO: Run Behavior\ReadHtmlCacheBehavior [ RunTime:0.014072s ]
INFO: [ app_begin ] --END-- [ RunTime:0.014285s ]
NOTIC: [8] A session had already been started - ignoring session_start() D:\wamp\www\manage\ThinkPHP\Common\functions.php 第 1191 行.
SQL: SHOW COLUMNS FROM `apartment` [ RunTime:0.005720s ]
SQL: SELECT `id`,`name`,`status` FROM `apartment` WHERE `id` = 2  [ RunTime:0.000444s ]
SQL: SHOW COLUMNS FROM `work` [ RunTime:0.004993s ]
NOTIC: [8] Undefined index: mapping_order D:\wamp\www\manage\ThinkPHP\Library\Think\Model\RelationModel.class.php 第 186 行.
NOTIC: [8] Undefined index: mapping_limit D:\wamp\www\manage\ThinkPHP\Library\Think\Model\RelationModel.class.php 第 187 行.
SQL: SELECT b.id, title, content, deadline FROM apart_work AS a, work AS b WHERE a.work_id = b.id AND a. apart_id='2' [ RunTime:0.001055s ]
SQL: SHOW COLUMNS FROM `user` [ RunTime:0.050557s ]
NOTIC: [8] Undefined index: mapping_order D:\wamp\www\manage\ThinkPHP\Library\Think\Model\RelationModel.class.php 第 186 行.
NOTIC: [8] Undefined index: mapping_limit D:\wamp\www\manage\ThinkPHP\Library\Think\Model\RelationModel.class.php 第 187 行.
SQL: SELECT b.id, username FROM apart_user AS a, user AS b WHERE a.user_id = b.id AND a. apart_id='2' [ RunTime:0.000501s ]
SQL: SHOW COLUMNS FROM `notice` [ RunTime:0.075482s ]
NOTIC: [8] Undefined index: mapping_order D:\wamp\www\manage\ThinkPHP\Library\Think\Model\RelationModel.class.php 第 186 行.
NOTIC: [8] Undefined index: mapping_limit D:\wamp\www\manage\ThinkPHP\Library\Think\Model\RelationModel.class.php 第 187 行.
SQL: SELECT b.id, title, content, createtime FROM apart_notice AS a, notice AS b WHERE a.notice_id = b.id AND a. apart_id='2' [ RunTime:0.077450s ]
SQL: SHOW COLUMNS FROM `level` [ RunTime:0.005441s ]
SQL: SELECT * FROM `level`  [ RunTime:0.000644s ]
INFO: [ view_parse ] --START--
INFO: [ template_filter ] --START--
INFO: Run Behavior\ContentReplaceBehavior [ RunTime:0.000090s ]
INFO: [ template_filter ] --END-- [ RunTime:0.000209s ]
INFO: Run Behavior\ParseTemplateBehavior [ RunTime:0.085222s ]
INFO: [ view_parse ] --END-- [ RunTime:0.085391s ]
INFO: [ view_filter ] --START--
INFO: Run Behavior\WriteHtmlCacheBehavior [ RunTime:0.010135s ]
INFO: [ view_filter ] --END-- [ RunTime:0.010213s ]
INFO: [ app_end ] --START--
INFO: Run Behavior\ShowPageTraceBehavior [ RunTime:0.012212s ]
INFO: [ app_end ] --END-- [ RunTime:0.012396s ]

[ 2014-09-20T14:21:23+08:00 ] 127.0.0.1 /manage/index.php/Admin/Work/index
INFO: [ app_init ] --START--
INFO: Run Behavior\BuildLiteBehavior [ RunTime:0.000036s ]
INFO: [ app_init ] --END-- [ RunTime:0.004808s ]
INFO: [ app_begin ] --START--
INFO: Run Behavior\ReadHtmlCacheBehavior [ RunTime:0.012232s ]
INFO: [ app_begin ] --END-- [ RunTime:0.012374s ]
NOTIC: [8] A session had already been started - ignoring session_start() D:\wamp\www\manage\ThinkPHP\Common\functions.php 第 1191 行.
SQL: SHOW COLUMNS FROM `user` [ RunTime:0.027607s ]
SQL: SELECT `id`,`username`,`logintime`,`loginip`,`lock` FROM `user` WHERE `id` = 1  [ RunTime:0.000187s ]
SQL: SHOW COLUMNS FROM `role` [ RunTime:0.004881s ]
NOTIC: [8] Undefined index: mapping_order D:\wamp\www\manage\ThinkPHP\Library\Think\Model\RelationModel.class.php 第 186 行.
NOTIC: [8] Undefined index: mapping_limit D:\wamp\www\manage\ThinkPHP\Library\Think\Model\RelationModel.class.php 第 187 行.
SQL: SELECT b.id, name, remark FROM role_user AS a, role AS b WHERE a.role_id = b.id AND a. user_id='1' [ RunTime:0.000166s ]
SQL: SHOW COLUMNS FROM `apartment` [ RunTime:0.004758s ]
NOTIC: [8] Undefined index: mapping_order D:\wamp\www\manage\ThinkPHP\Library\Think\Model\RelationModel.class.php 第 186 行.
NOTIC: [8] Undefined index: mapping_limit D:\wamp\www\manage\ThinkPHP\Library\Think\Model\RelationModel.class.php 第 187 行.
SQL: SELECT b.id, name FROM apart_user AS a, apartment AS b WHERE a.apart_id = b.id AND a. user_id='1' [ RunTime:0.000448s ]
SQL: SHOW COLUMNS FROM `level` [ RunTime:0.004944s ]
NOTIC: [8] Undefined index: mapping_order D:\wamp\www\manage\ThinkPHP\Library\Think\Model\RelationModel.class.php 第 186 行.
NOTIC: [8] Undefined index: mapping_limit D:\wamp\www\manage\ThinkPHP\Library\Think\Model\RelationModel.class.php 第 187 行.
SQL: SELECT b.id, name FROM level_user AS a, level AS b WHERE a.level_id = b.id AND a. user_id='1' [ RunTime:0.000144s ]
SQL: SHOW COLUMNS FROM `work` [ RunTime:0.005747s ]
NOTIC: [8] Undefined index: mapping_order D:\wamp\www\manage\ThinkPHP\Library\Think\Model\RelationModel.class.php 第 186 行.
NOTIC: [8] Undefined index: mapping_limit D:\wamp\www\manage\ThinkPHP\Library\Think\Model\RelationModel.class.php 第 187 行.
SQL: SELECT b.id, title, content, deadline FROM work_user AS a, work AS b WHERE a.work_id = b.id AND a. user_id='1' [ RunTime:0.000272s ]
SQL: SHOW COLUMNS FROM `apartment` [ RunTime:0.005290s ]
SQL: SELECT `id`,`name`,`status` FROM `apartment` WHERE `id` = 2  [ RunTime:0.000296s ]
NOTIC: [8] Undefined index: mapping_order D:\wamp\www\manage\ThinkPHP\Library\Think\Model\RelationModel.class.php 第 186 行.
NOTIC: [8] Undefined index: mapping_limit D:\wamp\www\manage\ThinkPHP\Library\Think\Model\RelationModel.class.php 第 187 行.
SQL: SELECT b.id, title, content, deadline FROM apart_work AS a, work AS b WHERE a.work_id = b.id AND a. apart_id='2' [ RunTime:0.000664s ]
SQL: SHOW COLUMNS FROM `user` [ RunTime:0.006650s ]
NOTIC: [8] Undefined index: mapping_order D:\wamp\www\manage\ThinkPHP\Library\Think\Model\RelationModel.class.php 第 186 行.
NOTIC: [8] Undefined index: mapping_limit D:\wamp\www\manage\ThinkPHP\Library\Think\Model\RelationModel.class.php 第 187 行.
SQL: SELECT b.id, username FROM apart_user AS a, user AS b WHERE a.user_id = b.id AND a. apart_id='2' [ RunTime:0.000435s ]
SQL: SHOW COLUMNS FROM `notice` [ RunTime:0.005565s ]
NOTIC: [8] Undefined index: mapping_order D:\wamp\www\manage\ThinkPHP\Library\Think\Model\RelationModel.class.php 第 186 行.
NOTIC: [8] Undefined index: mapping_limit D:\wamp\www\manage\ThinkPHP\Library\Think\Model\RelationModel.class.php 第 187 行.
SQL: SELECT b.id, title, content, createtime FROM apart_notice AS a, notice AS b WHERE a.notice_id = b.id AND a. apart_id='2' [ RunTime:0.000158s ]
INFO: [ view_parse ] --START--
INFO: [ template_filter ] --START--
INFO: Run Behavior\ContentReplaceBehavior [ RunTime:0.000069s ]
INFO: [ template_filter ] --END-- [ RunTime:0.000181s ]
INFO: Run Behavior\ParseTemplateBehavior [ RunTime:0.113086s ]
INFO: [ view_parse ] --END-- [ RunTime:0.113221s ]
INFO: [ view_filter ] --START--
INFO: Run Behavior\WriteHtmlCacheBehavior [ RunTime:0.009334s ]
INFO: [ view_filter ] --END-- [ RunTime:0.009426s ]
INFO: [ app_end ] --START--
INFO: Run Behavior\ShowPageTraceBehavior [ RunTime:0.010046s ]
INFO: [ app_end ] --END-- [ RunTime:0.010150s ]

[ 2014-09-20T14:21:25+08:00 ] 127.0.0.1 /manage/index.php/Admin/Work/addWork
INFO: [ app_init ] --START--
INFO: Run Behavior\BuildLiteBehavior [ RunTime:0.000028s ]
INFO: [ app_init ] --END-- [ RunTime:0.003222s ]
INFO: [ app_begin ] --START--
INFO: Run Behavior\ReadHtmlCacheBehavior [ RunTime:0.014621s ]
INFO: [ app_begin ] --END-- [ RunTime:0.014815s ]
NOTIC: [8] A session had already been started - ignoring session_start() D:\wamp\www\manage\ThinkPHP\Common\functions.php 第 1191 行.
SQL: SHOW COLUMNS FROM `apartment` [ RunTime:0.005825s ]
SQL: SELECT `id`,`name`,`status` FROM `apartment` WHERE `id` = 2  [ RunTime:0.000164s ]
SQL: SHOW COLUMNS FROM `work` [ RunTime:0.006402s ]
NOTIC: [8] Undefined index: mapping_order D:\wamp\www\manage\ThinkPHP\Library\Think\Model\RelationModel.class.php 第 186 行.
NOTIC: [8] Undefined index: mapping_limit D:\wamp\www\manage\ThinkPHP\Library\Think\Model\RelationModel.class.php 第 187 行.
SQL: SELECT b.id, title, content, deadline FROM apart_work AS a, work AS b WHERE a.work_id = b.id AND a. apart_id='2' [ RunTime:0.000286s ]
SQL: SHOW COLUMNS FROM `user` [ RunTime:0.006325s ]
NOTIC: [8] Undefined index: mapping_order D:\wamp\www\manage\ThinkPHP\Library\Think\Model\RelationModel.class.php 第 186 行.
NOTIC: [8] Undefined index: mapping_limit D:\wamp\www\manage\ThinkPHP\Library\Think\Model\RelationModel.class.php 第 187 行.
SQL: SELECT b.id, username FROM apart_user AS a, user AS b WHERE a.user_id = b.id AND a. apart_id='2' [ RunTime:0.000156s ]
SQL: SHOW COLUMNS FROM `notice` [ RunTime:0.006821s ]
NOTIC: [8] Undefined index: mapping_order D:\wamp\www\manage\ThinkPHP\Library\Think\Model\RelationModel.class.php 第 186 行.
NOTIC: [8] Undefined index: mapping_limit D:\wamp\www\manage\ThinkPHP\Library\Think\Model\RelationModel.class.php 第 187 行.
SQL: SELECT b.id, title, content, createtime FROM apart_notice AS a, notice AS b WHERE a.notice_id = b.id AND a. apart_id='2' [ RunTime:0.000248s ]
SQL: SHOW COLUMNS FROM `level` [ RunTime:0.048657s ]
SQL: SELECT * FROM `level`  [ RunTime:0.000287s ]
INFO: [ view_parse ] --START--
INFO: [ template_filter ] --START--
INFO: Run Behavior\ContentReplaceBehavior [ RunTime:0.000086s ]
INFO: [ template_filter ] --END-- [ RunTime:0.000198s ]
INFO: Run Behavior\ParseTemplateBehavior [ RunTime:0.062652s ]
INFO: [ view_parse ] --END-- [ RunTime:0.062836s ]
INFO: [ view_filter ] --START--
INFO: Run Behavior\WriteHtmlCacheBehavior [ RunTime:0.009374s ]
INFO: [ view_filter ] --END-- [ RunTime:0.009451s ]
INFO: [ app_end ] --START--
INFO: Run Behavior\ShowPageTraceBehavior [ RunTime:0.010031s ]
INFO: [ app_end ] --END-- [ RunTime:0.010136s ]

[ 2014-09-20T14:21:41+08:00 ] 127.0.0.1 /manage/index.php/Admin/Work/addWorkHandle
INFO: [ app_init ] --START--
INFO: Run Behavior\BuildLiteBehavior [ RunTime:0.000027s ]
INFO: [ app_init ] --END-- [ RunTime:0.003197s ]
INFO: [ app_begin ] --START--
INFO: Run Behavior\ReadHtmlCacheBehavior [ RunTime:0.012781s ]
INFO: [ app_begin ] --END-- [ RunTime:0.012928s ]
NOTIC: [8] A session had already been started - ignoring session_start() D:\wamp\www\manage\ThinkPHP\Common\functions.php 第 1191 行.
INFO: [ view_parse ] --START--
INFO: [ template_filter ] --START--
INFO: Run Behavior\ContentReplaceBehavior [ RunTime:0.000204s ]
INFO: [ template_filter ] --END-- [ RunTime:0.000308s ]
INFO: Run Behavior\ParseTemplateBehavior [ RunTime:0.206292s ]
INFO: [ view_parse ] --END-- [ RunTime:0.206492s ]
INFO: [ view_filter ] --START--
INFO: Run Behavior\WriteHtmlCacheBehavior [ RunTime:0.012209s ]
INFO: [ view_filter ] --END-- [ RunTime:0.012322s ]

[ 2014-09-20T14:22:10+08:00 ] 127.0.0.1 /manage/index.php/Admin/Work/addWorkHandle
INFO: [ app_init ] --START--
INFO: Run Behavior\BuildLiteBehavior [ RunTime:0.000029s ]
INFO: [ app_init ] --END-- [ RunTime:0.003373s ]
INFO: [ app_begin ] --START--
INFO: Run Behavior\ReadHtmlCacheBehavior [ RunTime:0.010001s ]
INFO: [ app_begin ] --END-- [ RunTime:0.010147s ]
NOTIC: [8] A session had already been started - ignoring session_start() D:\wamp\www\manage\ThinkPHP\Common\functions.php 第 1191 行.
SQL: SHOW COLUMNS FROM `work` [ RunTime:0.006225s ]
SQL: INSERT INTO `work` (`title`,`deadline`,`content`,`createtime`) VALUES ('21号 web,移动,笔试','2014-09-21 00:00:00','21号 web,移动,笔试',1411194130) [ RunTime:0.080741s ]
SQL: SHOW COLUMNS FROM `work_user` [ RunTime:0.006301s ]
SQL: INSERT INTO `work_user` (`user_id`,`work_id`) VALUES ('1',72) [ RunTime:0.001443s ]
SQL: SHOW COLUMNS FROM `apart_work` [ RunTime:0.005179s ]
SQL: INSERT INTO `apart_work` (`apart_id`,`work_id`) VALUES (2,72) [ RunTime:0.000439s ]
INFO: [ view_parse ] --START--
INFO: [ template_filter ] --START--
INFO: Run Behavior\ContentReplaceBehavior [ RunTime:0.000068s ]
INFO: [ template_filter ] --END-- [ RunTime:0.000162s ]
INFO: Run Behavior\ParseTemplateBehavior [ RunTime:0.063242s ]
INFO: [ view_parse ] --END-- [ RunTime:0.063406s ]
INFO: [ view_filter ] --START--
INFO: Run Behavior\WriteHtmlCacheBehavior [ RunTime:0.012494s ]
INFO: [ view_filter ] --END-- [ RunTime:0.012593s ]
INFO: [ app_end ] --START--
INFO: Run Behavior\ShowPageTraceBehavior [ RunTime:0.011205s ]
INFO: [ app_end ] --END-- [ RunTime:0.011300s ]

[ 2014-09-20T14:22:12+08:00 ] 127.0.0.1 /manage/index.php/Admin/Work/index
INFO: [ app_init ] --START--
INFO: Run Behavior\BuildLiteBehavior [ RunTime:0.000038s ]
INFO: [ app_init ] --END-- [ RunTime:0.003879s ]
INFO: [ app_begin ] --START--
INFO: Run Behavior\ReadHtmlCacheBehavior [ RunTime:0.014915s ]
INFO: [ app_begin ] --END-- [ RunTime:0.015113s ]
NOTIC: [8] A session had already been started - ignoring session_start() D:\wamp\www\manage\ThinkPHP\Common\functions.php 第 1191 行.
SQL: SHOW COLUMNS FROM `user` [ RunTime:0.007698s ]
SQL: SELECT `id`,`username`,`logintime`,`loginip`,`lock` FROM `user` WHERE `id` = 1  [ RunTime:0.000224s ]
SQL: SHOW COLUMNS FROM `role` [ RunTime:0.007008s ]
NOTIC: [8] Undefined index: mapping_order D:\wamp\www\manage\ThinkPHP\Library\Think\Model\RelationModel.class.php 第 186 行.
NOTIC: [8] Undefined index: mapping_limit D:\wamp\www\manage\ThinkPHP\Library\Think\Model\RelationModel.class.php 第 187 行.
SQL: SELECT b.id, name, remark FROM role_user AS a, role AS b WHERE a.role_id = b.id AND a. user_id='1' [ RunTime:0.000169s ]
SQL: SHOW COLUMNS FROM `apartment` [ RunTime:0.006608s ]
NOTIC: [8] Undefined index: mapping_order D:\wamp\www\manage\ThinkPHP\Library\Think\Model\RelationModel.class.php 第 186 行.
NOTIC: [8] Undefined index: mapping_limit D:\wamp\www\manage\ThinkPHP\Library\Think\Model\RelationModel.class.php 第 187 行.
SQL: SELECT b.id, name FROM apart_user AS a, apartment AS b WHERE a.apart_id = b.id AND a. user_id='1' [ RunTime:0.000162s ]
SQL: SHOW COLUMNS FROM `level` [ RunTime:0.006876s ]
NOTIC: [8] Undefined index: mapping_order D:\wamp\www\manage\ThinkPHP\Library\Think\Model\RelationModel.class.php 第 186 行.
NOTIC: [8] Undefined index: mapping_limit D:\wamp\www\manage\ThinkPHP\Library\Think\Model\RelationModel.class.php 第 187 行.
SQL: SELECT b.id, name FROM level_user AS a, level AS b WHERE a.level_id = b.id AND a. user_id='1' [ RunTime:0.000275s ]
SQL: SHOW COLUMNS FROM `work` [ RunTime:0.006733s ]
NOTIC: [8] Undefined index: mapping_order D:\wamp\www\manage\ThinkPHP\Library\Think\Model\RelationModel.class.php 第 186 行.
NOTIC: [8] Undefined index: mapping_limit D:\wamp\www\manage\ThinkPHP\Library\Think\Model\RelationModel.class.php 第 187 行.
SQL: SELECT b.id, title, content, deadline FROM work_user AS a, work AS b WHERE a.work_id = b.id AND a. user_id='1' [ RunTime:0.000805s ]
SQL: SHOW COLUMNS FROM `apartment` [ RunTime:0.008082s ]
SQL: SELECT `id`,`name`,`status` FROM `apartment` WHERE `id` = 2  [ RunTime:0.000168s ]
NOTIC: [8] Undefined index: mapping_order D:\wamp\www\manage\ThinkPHP\Library\Think\Model\RelationModel.class.php 第 186 行.
NOTIC: [8] Undefined index: mapping_limit D:\wamp\www\manage\ThinkPHP\Library\Think\Model\RelationModel.class.php 第 187 行.
SQL: SELECT b.id, title, content, deadline FROM apart_work AS a, work AS b WHERE a.work_id = b.id AND a. apart_id='2' [ RunTime:0.000827s ]
SQL: SHOW COLUMNS FROM `user` [ RunTime:0.007215s ]
NOTIC: [8] Undefined index: mapping_order D:\wamp\www\manage\ThinkPHP\Library\Think\Model\RelationModel.class.php 第 186 行.
NOTIC: [8] Undefined index: mapping_limit D:\wamp\www\manage\ThinkPHP\Library\Think\Model\RelationModel.class.php 第 187 行.
SQL: SELECT b.id, username FROM apart_user AS a, user AS b WHERE a.user_id = b.id AND a. apart_id='2' [ RunTime:0.000175s ]
SQL: SHOW COLUMNS FROM `notice` [ RunTime:0.006531s ]
NOTIC: [8] Undefined index: mapping_order D:\wamp\www\manage\ThinkPHP\Library\Think\Model\RelationModel.class.php 第 186 行.
NOTIC: [8] Undefined index: mapping_limit D:\wamp\www\manage\ThinkPHP\Library\Think\Model\RelationModel.class.php 第 187 行.
SQL: SELECT b.id, title, content, createtime FROM apart_notice AS a, notice AS b WHERE a.notice_id = b.id AND a. apart_id='2' [ RunTime:0.000193s ]
INFO: [ view_parse ] --START--
INFO: [ template_filter ] --START--
INFO: Run Behavior\ContentReplaceBehavior [ RunTime:0.000068s ]
INFO: [ template_filter ] --END-- [ RunTime:0.000165s ]
INFO: Run Behavior\ParseTemplateBehavior [ RunTime:0.050388s ]
INFO: [ view_parse ] --END-- [ RunTime:0.050510s ]
INFO: [ view_filter ] --START--
INFO: Run Behavior\WriteHtmlCacheBehavior [ RunTime:0.009539s ]
INFO: [ view_filter ] --END-- [ RunTime:0.009640s ]
INFO: [ app_end ] --START--
INFO: Run Behavior\ShowPageTraceBehavior [ RunTime:0.010282s ]
INFO: [ app_end ] --END-- [ RunTime:0.010462s ]

[ 2014-09-20T14:24:12+08:00 ] 127.0.0.1 /manage/index.php/Admin/Index/logout
INFO: [ app_init ] --START--
INFO: Run Behavior\BuildLiteBehavior [ RunTime:0.000025s ]
INFO: [ app_init ] --END-- [ RunTime:0.003038s ]
INFO: [ app_begin ] --START--
INFO: Run Behavior\ReadHtmlCacheBehavior [ RunTime:0.009768s ]
INFO: [ app_begin ] --END-- [ RunTime:0.009902s ]
NOTIC: [8] A session had already been started - ignoring session_start() D:\wamp\www\manage\ThinkPHP\Common\functions.php 第 1191 行.

[ 2014-09-20T14:24:51+08:00 ] 127.0.0.1 /manage/index.php/Admin/Index/logout.html
INFO: [ app_init ] --START--
INFO: Run Behavior\BuildLiteBehavior [ RunTime:0.000027s ]
INFO: [ app_init ] --END-- [ RunTime:0.003227s ]
INFO: [ app_begin ] --START--
INFO: Run Behavior\ReadHtmlCacheBehavior [ RunTime:0.012147s ]
INFO: [ app_begin ] --END-- [ RunTime:0.012316s ]
NOTIC: [8] A session had already been started - ignoring session_start() D:\wamp\www\manage\ThinkPHP\Common\functions.php 第 1191 行.

[ 2014-09-20T14:25:32+08:00 ] 127.0.0.1 /manage/index.php/Admin/Index/logout.html
INFO: [ app_init ] --START--
INFO: Run Behavior\BuildLiteBehavior [ RunTime:0.000028s ]
INFO: [ app_init ] --END-- [ RunTime:0.003164s ]
INFO: [ app_begin ] --START--
INFO: Run Behavior\ReadHtmlCacheBehavior [ RunTime:0.011920s ]
INFO: [ app_begin ] --END-- [ RunTime:0.012066s ]
NOTIC: [8] A session had already been started - ignoring session_start() D:\wamp\www\manage\ThinkPHP\Common\functions.php 第 1191 行.

[ 2014-09-20T14:31:01+08:00 ] 127.0.0.1 /manage/index.php/Admin/Index/index.html
INFO: [ app_init ] --START--
INFO: Run Behavior\BuildLiteBehavior [ RunTime:0.000024s ]
INFO: [ app_init ] --END-- [ RunTime:0.002728s ]
INFO: [ app_begin ] --START--
INFO: Run Behavior\ReadHtmlCacheBehavior [ RunTime:0.009900s ]
INFO: [ app_begin ] --END-- [ RunTime:0.010028s ]
NOTIC: [8] A session had already been started - ignoring session_start() D:\wamp\www\manage\ThinkPHP\Common\functions.php 第 1191 行.
NOTIC: [8] Undefined index: 7195a62edfd11a40a68c77ff40ee98a6 D:\wamp\www\manage\ThinkPHP\Library\Org\Util\Rbac.class.php 第 170 行.
INFO: [ view_parse ] --START--
INFO: [ template_filter ] --START--
INFO: Run Behavior\ContentReplaceBehavior [ RunTime:0.000069s ]
INFO: [ template_filter ] --END-- [ RunTime:0.000166s ]
INFO: Run Behavior\ParseTemplateBehavior [ RunTime:0.045489s ]
INFO: [ view_parse ] --END-- [ RunTime:0.045626s ]
INFO: [ view_filter ] --START--
INFO: Run Behavior\WriteHtmlCacheBehavior [ RunTime:0.009155s ]
INFO: [ view_filter ] --END-- [ RunTime:0.009249s ]

[ 2014-09-20T14:32:15+08:00 ] 127.0.0.1 /manage/index.php/Admin/Index/index
INFO: [ app_init ] --START--
INFO: Run Behavior\BuildLiteBehavior [ RunTime:0.000027s ]
INFO: [ app_init ] --END-- [ RunTime:0.002847s ]
INFO: [ app_begin ] --START--
INFO: Run Behavior\ReadHtmlCacheBehavior [ RunTime:0.010289s ]
INFO: [ app_begin ] --END-- [ RunTime:0.010420s ]
NOTIC: [8] A session had already been started - ignoring session_start() D:\wamp\www\manage\ThinkPHP\Common\functions.php 第 1191 行.
INFO: [ view_parse ] --START--
INFO: [ template_filter ] --START--
INFO: Run Behavior\ContentReplaceBehavior [ RunTime:0.000067s ]
INFO: [ template_filter ] --END-- [ RunTime:0.000170s ]
INFO: Run Behavior\ParseTemplateBehavior [ RunTime:0.045059s ]
INFO: [ view_parse ] --END-- [ RunTime:0.045184s ]
INFO: [ view_filter ] --START--
INFO: Run Behavior\WriteHtmlCacheBehavior [ RunTime:0.010245s ]
INFO: [ view_filter ] --END-- [ RunTime:0.010339s ]

[ 2014-09-20T14:32:21+08:00 ] 127.0.0.1 /manage/index.php/Admin/Index/logout.html
INFO: [ app_init ] --START--
INFO: Run Behavior\BuildLiteBehavior [ RunTime:0.000024s ]
INFO: [ app_init ] --END-- [ RunTime:0.002952s ]
INFO: [ app_begin ] --START--
INFO: Run Behavior\ReadHtmlCacheBehavior [ RunTime:0.010105s ]
INFO: [ app_begin ] --END-- [ RunTime:0.010260s ]
NOTIC: [8] A session had already been started - ignoring session_start() D:\wamp\www\manage\ThinkPHP\Common\functions.php 第 1191 行.

[ 2014-09-20T14:32:33+08:00 ] 127.0.0.1 /manage/index.php/Admin/Index/index
INFO: [ app_init ] --START--
INFO: Run Behavior\BuildLiteBehavior [ RunTime:0.000023s ]
INFO: [ app_init ] --END-- [ RunTime:0.002710s ]
INFO: [ app_begin ] --START--
INFO: Run Behavior\ReadHtmlCacheBehavior [ RunTime:0.009966s ]
INFO: [ app_begin ] --END-- [ RunTime:0.010101s ]
NOTIC: [8] A session had already been started - ignoring session_start() D:\wamp\www\manage\ThinkPHP\Common\functions.php 第 1191 行.
NOTIC: [8] Undefined index: 7195a62edfd11a40a68c77ff40ee98a6 D:\wamp\www\manage\ThinkPHP\Library\Org\Util\Rbac.class.php 第 170 行.
INFO: [ view_parse ] --START--
INFO: [ template_filter ] --START--
INFO: Run Behavior\ContentReplaceBehavior [ RunTime:0.000101s ]
INFO: [ template_filter ] --END-- [ RunTime:0.000204s ]
INFO: Run Behavior\ParseTemplateBehavior [ RunTime:0.062164s ]
INFO: [ view_parse ] --END-- [ RunTime:0.062294s ]
INFO: [ view_filter ] --START--
INFO: Run Behavior\WriteHtmlCacheBehavior [ RunTime:0.010771s ]
INFO: [ view_filter ] --END-- [ RunTime:0.010876s ]
INFO: [ app_end ] --START--
INFO: Run Behavior\ShowPageTraceBehavior [ RunTime:0.010395s ]
INFO: [ app_end ] --END-- [ RunTime:0.010500s ]

[ 2014-09-20T14:32:34+08:00 ] 127.0.0.1 /manage/index.php/Admin/Index/conf
INFO: [ app_init ] --START--
INFO: Run Behavior\BuildLiteBehavior [ RunTime:0.000025s ]
INFO: [ app_init ] --END-- [ RunTime:0.002830s ]
INFO: [ app_begin ] --START--
INFO: Run Behavior\ReadHtmlCacheBehavior [ RunTime:0.011153s ]
INFO: [ app_begin ] --END-- [ RunTime:0.011369s ]
NOTIC: [8] A session had already been started - ignoring session_start() D:\wamp\www\manage\ThinkPHP\Common\functions.php 第 1191 行.
INFO: [ view_parse ] --START--
INFO: [ template_filter ] --START--
INFO: Run Behavior\ContentReplaceBehavior [ RunTime:0.000109s ]
INFO: [ template_filter ] --END-- [ RunTime:0.000266s ]
NOTIC: [8] Undefined variable: time D:\wamp\www\manage\App\Runtime\Cache\Admin\e0852ee07e2cbe427a5bdfe411069bc0.php 第 36 行.
NOTIC: [8] Undefined variable: ip D:\wamp\www\manage\App\Runtime\Cache\Admin\e0852ee07e2cbe427a5bdfe411069bc0.php 第 37 行.
INFO: Run Behavior\ParseTemplateBehavior [ RunTime:0.072573s ]
INFO: [ view_parse ] --END-- [ RunTime:0.072748s ]
INFO: [ view_filter ] --START--
INFO: Run Behavior\WriteHtmlCacheBehavior [ RunTime:0.010537s ]
INFO: [ view_filter ] --END-- [ RunTime:0.010641s ]
INFO: [ app_end ] --START--
INFO: Run Behavior\ShowPageTraceBehavior [ RunTime:0.011099s ]
INFO: [ app_end ] --END-- [ RunTime:0.011203s ]

[ 2014-09-20T14:32:35+08:00 ] 127.0.0.1 /manage/index.php/Admin/Rbac/index
INFO: [ app_init ] --START--
INFO: Run Behavior\BuildLiteBehavior [ RunTime:0.000025s ]
INFO: [ app_init ] --END-- [ RunTime:0.003486s ]
INFO: [ app_begin ] --START--
INFO: Run Behavior\ReadHtmlCacheBehavior [ RunTime:0.009638s ]
INFO: [ app_begin ] --END-- [ RunTime:0.009776s ]
NOTIC: [8] A session had already been started - ignoring session_start() D:\wamp\www\manage\ThinkPHP\Common\functions.php 第 1191 行.
NOTIC: [8] Undefined index: 72936d70a0c84145425611570d406b3f D:\wamp\www\manage\ThinkPHP\Library\Org\Util\Rbac.class.php 第 170 行.
INFO: [ view_parse ] --START--
INFO: [ template_filter ] --START--
INFO: Run Behavior\ContentReplaceBehavior [ RunTime:0.000067s ]
INFO: [ template_filter ] --END-- [ RunTime:0.000166s ]
INFO: Run Behavior\ParseTemplateBehavior [ RunTime:0.085059s ]
INFO: [ view_parse ] --END-- [ RunTime:0.085275s ]
INFO: [ view_filter ] --START--
INFO: Run Behavior\WriteHtmlCacheBehavior [ RunTime:0.010314s ]
INFO: [ view_filter ] --END-- [ RunTime:0.010430s ]

[ 2014-09-20T14:32:41+08:00 ] 127.0.0.1 /manage/index.php/Admin/Rbac/role
INFO: [ app_init ] --START--
INFO: Run Behavior\BuildLiteBehavior [ RunTime:0.000030s ]
INFO: [ app_init ] --END-- [ RunTime:0.004150s ]
INFO: [ app_begin ] --START--
INFO: Run Behavior\ReadHtmlCacheBehavior [ RunTime:0.013688s ]
INFO: [ app_begin ] --END-- [ RunTime:0.013905s ]
NOTIC: [8] A session had already been started - ignoring session_start() D:\wamp\www\manage\ThinkPHP\Common\functions.php 第 1191 行.
NOTIC: [8] Undefined index: 308bc99ce28c162758f41831a7af691f D:\wamp\www\manage\ThinkPHP\Library\Org\Util\Rbac.class.php 第 170 行.
INFO: [ view_parse ] --START--
INFO: [ template_filter ] --START--
INFO: Run Behavior\ContentReplaceBehavior [ RunTime:0.000065s ]
INFO: [ template_filter ] --END-- [ RunTime:0.000160s ]
INFO: Run Behavior\ParseTemplateBehavior [ RunTime:0.051025s ]
INFO: [ view_parse ] --END-- [ RunTime:0.051181s ]
INFO: [ view_filter ] --START--
INFO: Run Behavior\WriteHtmlCacheBehavior [ RunTime:0.010059s ]
INFO: [ view_filter ] --END-- [ RunTime:0.010156s ]

[ 2014-09-20T14:32:49+08:00 ] 127.0.0.1 /manage/index.php/Admin/Work/index
INFO: [ app_init ] --START--
INFO: Run Behavior\BuildLiteBehavior [ RunTime:0.000027s ]
INFO: [ app_init ] --END-- [ RunTime:0.003230s ]
INFO: [ app_begin ] --START--
INFO: Run Behavior\ReadHtmlCacheBehavior [ RunTime:0.010182s ]
INFO: [ app_begin ] --END-- [ RunTime:0.010427s ]
NOTIC: [8] A session had already been started - ignoring session_start() D:\wamp\www\manage\ThinkPHP\Common\functions.php 第 1191 行.
NOTIC: [8] Undefined index: 5ebdb3a0289a3e611d38ca481a47957b D:\wamp\www\manage\ThinkPHP\Library\Org\Util\Rbac.class.php 第 170 行.
SQL: SHOW COLUMNS FROM `user` [ RunTime:0.005772s ]
SQL: SELECT `id`,`username`,`logintime`,`loginip`,`lock` FROM `user` WHERE `id` = 38  [ RunTime:0.000207s ]
SQL: SHOW COLUMNS FROM `role` [ RunTime:0.005576s ]
NOTIC: [8] Undefined index: mapping_order D:\wamp\www\manage\ThinkPHP\Library\Think\Model\RelationModel.class.php 第 186 行.
NOTIC: [8] Undefined index: mapping_limit D:\wamp\www\manage\ThinkPHP\Library\Think\Model\RelationModel.class.php 第 187 行.
SQL: SELECT b.id, name, remark FROM role_user AS a, role AS b WHERE a.role_id = b.id AND a. user_id='38' [ RunTime:0.000178s ]
SQL: SHOW COLUMNS FROM `apartment` [ RunTime:0.006941s ]
NOTIC: [8] Undefined index: mapping_order D:\wamp\www\manage\ThinkPHP\Library\Think\Model\RelationModel.class.php 第 186 行.
NOTIC: [8] Undefined index: mapping_limit D:\wamp\www\manage\ThinkPHP\Library\Think\Model\RelationModel.class.php 第 187 行.
SQL: SELECT b.id, name FROM apart_user AS a, apartment AS b WHERE a.apart_id = b.id AND a. user_id='38' [ RunTime:0.000189s ]
SQL: SHOW COLUMNS FROM `level` [ RunTime:0.007263s ]
NOTIC: [8] Undefined index: mapping_order D:\wamp\www\manage\ThinkPHP\Library\Think\Model\RelationModel.class.php 第 186 行.
NOTIC: [8] Undefined index: mapping_limit D:\wamp\www\manage\ThinkPHP\Library\Think\Model\RelationModel.class.php 第 187 行.
SQL: SELECT b.id, name FROM level_user AS a, level AS b WHERE a.level_id = b.id AND a. user_id='38' [ RunTime:0.000304s ]
SQL: SHOW COLUMNS FROM `work` [ RunTime:0.005799s ]
NOTIC: [8] Undefined index: mapping_order D:\wamp\www\manage\ThinkPHP\Library\Think\Model\RelationModel.class.php 第 186 行.
NOTIC: [8] Undefined index: mapping_limit D:\wamp\www\manage\ThinkPHP\Library\Think\Model\RelationModel.class.php 第 187 行.
SQL: SELECT b.id, title, content, deadline FROM work_user AS a, work AS b WHERE a.work_id = b.id AND a. user_id='38' [ RunTime:0.000176s ]
SQL: SHOW COLUMNS FROM `apartment` [ RunTime:0.006072s ]
SQL: SELECT `id`,`name`,`status` FROM `apartment` WHERE `id` = 3  [ RunTime:0.008691s ]
NOTIC: [8] Undefined index: mapping_order D:\wamp\www\manage\ThinkPHP\Library\Think\Model\RelationModel.class.php 第 186 行.
NOTIC: [8] Undefined index: mapping_limit D:\wamp\www\manage\ThinkPHP\Library\Think\Model\RelationModel.class.php 第 187 行.
SQL: SELECT b.id, title, content, deadline FROM apart_work AS a, work AS b WHERE a.work_id = b.id AND a. apart_id='3' [ RunTime:0.000702s ]
SQL: SHOW COLUMNS FROM `user` [ RunTime:0.006900s ]
NOTIC: [8] Undefined index: mapping_order D:\wamp\www\manage\ThinkPHP\Library\Think\Model\RelationModel.class.php 第 186 行.
NOTIC: [8] Undefined index: mapping_limit D:\wamp\www\manage\ThinkPHP\Library\Think\Model\RelationModel.class.php 第 187 行.
SQL: SELECT b.id, username FROM apart_user AS a, user AS b WHERE a.user_id = b.id AND a. apart_id='3' [ RunTime:0.000567s ]
SQL: SHOW COLUMNS FROM `notice` [ RunTime:0.006581s ]
NOTIC: [8] Undefined index: mapping_order D:\wamp\www\manage\ThinkPHP\Library\Think\Model\RelationModel.class.php 第 186 行.
NOTIC: [8] Undefined index: mapping_limit D:\wamp\www\manage\ThinkPHP\Library\Think\Model\RelationModel.class.php 第 187 行.
SQL: SELECT b.id, title, content, createtime FROM apart_notice AS a, notice AS b WHERE a.notice_id = b.id AND a. apart_id='3' [ RunTime:0.000486s ]
INFO: [ view_parse ] --START--
INFO: [ template_filter ] --START--
INFO: Run Behavior\ContentReplaceBehavior [ RunTime:0.000068s ]
INFO: [ template_filter ] --END-- [ RunTime:0.000165s ]
INFO: Run Behavior\ParseTemplateBehavior [ RunTime:0.074777s ]
INFO: [ view_parse ] --END-- [ RunTime:0.074944s ]
INFO: [ view_filter ] --START--
INFO: Run Behavior\WriteHtmlCacheBehavior [ RunTime:0.010375s ]
INFO: [ view_filter ] --END-- [ RunTime:0.010472s ]
INFO: [ app_end ] --START--
INFO: Run Behavior\ShowPageTraceBehavior [ RunTime:0.009618s ]
INFO: [ app_end ] --END-- [ RunTime:0.009708s ]

[ 2014-09-20T14:32:53+08:00 ] 127.0.0.1 /manage/index.php/Admin/Work/addNotice
INFO: [ app_init ] --START--
INFO: Run Behavior\BuildLiteBehavior [ RunTime:0.000027s ]
INFO: [ app_init ] --END-- [ RunTime:0.002828s ]
INFO: [ app_begin ] --START--
INFO: Run Behavior\ReadHtmlCacheBehavior [ RunTime:0.009906s ]
INFO: [ app_begin ] --END-- [ RunTime:0.010042s ]
NOTIC: [8] A session had already been started - ignoring session_start() D:\wamp\www\manage\ThinkPHP\Common\functions.php 第 1191 行.
NOTIC: [8] Undefined index: b5783510ea690d96a17ab9aa82a8aa50 D:\wamp\www\manage\ThinkPHP\Library\Org\Util\Rbac.class.php 第 170 行.
SQL: SHOW COLUMNS FROM `notice` [ RunTime:0.005830s ]
SQL: SELECT * FROM `notice` LEFT JOIN apart_notice ON apart_notice.notice_id = notice.id  WHERE `apart_id` = '3' ORDER BY id desc LIMIT 1   [ RunTime:0.000496s ]
INFO: [ view_parse ] --START--
INFO: [ template_filter ] --START--
INFO: Run Behavior\ContentReplaceBehavior [ RunTime:0.000073s ]
INFO: [ template_filter ] --END-- [ RunTime:0.000179s ]
INFO: Run Behavior\ParseTemplateBehavior [ RunTime:0.120962s ]
INFO: [ view_parse ] --END-- [ RunTime:0.121095s ]
INFO: [ view_filter ] --START--
INFO: Run Behavior\WriteHtmlCacheBehavior [ RunTime:0.011760s ]
INFO: [ view_filter ] --END-- [ RunTime:0.011854s ]
INFO: [ app_end ] --START--
INFO: Run Behavior\ShowPageTraceBehavior [ RunTime:0.014570s ]
INFO: [ app_end ] --END-- [ RunTime:0.014675s ]

[ 2014-09-20T14:32:56+08:00 ] 127.0.0.1 /manage/index.php/Admin/Work/addNoticeHandle
INFO: [ app_init ] --START--
INFO: Run Behavior\BuildLiteBehavior [ RunTime:0.000028s ]
INFO: [ app_init ] --END-- [ RunTime:0.003174s ]
INFO: [ app_begin ] --START--
INFO: Run Behavior\ReadHtmlCacheBehavior [ RunTime:0.015370s ]
INFO: [ app_begin ] --END-- [ RunTime:0.015600s ]
NOTIC: [8] A session had already been started - ignoring session_start() D:\wamp\www\manage\ThinkPHP\Common\functions.php 第 1191 行.
INFO: [ view_parse ] --START--
INFO: [ template_filter ] --START--
INFO: Run Behavior\ContentReplaceBehavior [ RunTime:0.000083s ]
INFO: [ template_filter ] --END-- [ RunTime:0.000185s ]
INFO: Run Behavior\ParseTemplateBehavior [ RunTime:0.048082s ]
INFO: [ view_parse ] --END-- [ RunTime:0.048211s ]
INFO: [ view_filter ] --START--
INFO: Run Behavior\WriteHtmlCacheBehavior [ RunTime:0.009404s ]
INFO: [ view_filter ] --END-- [ RunTime:0.009493s ]

[ 2014-09-20T14:33:01+08:00 ] 127.0.0.1 /manage/index.php/Admin/Work/addWork
INFO: [ app_init ] --START--
INFO: Run Behavior\BuildLiteBehavior [ RunTime:0.000027s ]
INFO: [ app_init ] --END-- [ RunTime:0.002994s ]
INFO: [ app_begin ] --START--
INFO: Run Behavior\ReadHtmlCacheBehavior [ RunTime:0.009901s ]
INFO: [ app_begin ] --END-- [ RunTime:0.010033s ]
NOTIC: [8] A session had already been started - ignoring session_start() D:\wamp\www\manage\ThinkPHP\Common\functions.php 第 1191 行.
NOTIC: [8] Undefined index: 20e7ca4a1ca0268a6f7cb222f01fbc02 D:\wamp\www\manage\ThinkPHP\Library\Org\Util\Rbac.class.php 第 170 行.
SQL: SHOW COLUMNS FROM `apartment` [ RunTime:0.005641s ]
SQL: SELECT `id`,`name`,`status` FROM `apartment` WHERE `id` = 3  [ RunTime:0.000285s ]
SQL: SHOW COLUMNS FROM `work` [ RunTime:0.005741s ]
NOTIC: [8] Undefined index: mapping_order D:\wamp\www\manage\ThinkPHP\Library\Think\Model\RelationModel.class.php 第 186 行.
NOTIC: [8] Undefined index: mapping_limit D:\wamp\www\manage\ThinkPHP\Library\Think\Model\RelationModel.class.php 第 187 行.
SQL: SELECT b.id, title, content, deadline FROM apart_work AS a, work AS b WHERE a.work_id = b.id AND a. apart_id='3' [ RunTime:0.000237s ]
SQL: SHOW COLUMNS FROM `user` [ RunTime:0.005628s ]
NOTIC: [8] Undefined index: mapping_order D:\wamp\www\manage\ThinkPHP\Library\Think\Model\RelationModel.class.php 第 186 行.
NOTIC: [8] Undefined index: mapping_limit D:\wamp\www\manage\ThinkPHP\Library\Think\Model\RelationModel.class.php 第 187 行.
SQL: SELECT b.id, username FROM apart_user AS a, user AS b WHERE a.user_id = b.id AND a. apart_id='3' [ RunTime:0.000249s ]
SQL: SHOW COLUMNS FROM `notice` [ RunTime:0.005389s ]
NOTIC: [8] Undefined index: mapping_order D:\wamp\www\manage\ThinkPHP\Library\Think\Model\RelationModel.class.php 第 186 行.
NOTIC: [8] Undefined index: mapping_limit D:\wamp\www\manage\ThinkPHP\Library\Think\Model\RelationModel.class.php 第 187 行.
SQL: SELECT b.id, title, content, createtime FROM apart_notice AS a, notice AS b WHERE a.notice_id = b.id AND a. apart_id='3' [ RunTime:0.000210s ]
SQL: SHOW COLUMNS FROM `level` [ RunTime:0.005403s ]
SQL: SELECT * FROM `level`  [ RunTime:0.000192s ]
INFO: [ view_parse ] --START--
INFO: [ template_filter ] --START--
INFO: Run Behavior\ContentReplaceBehavior [ RunTime:0.000091s ]
INFO: [ template_filter ] --END-- [ RunTime:0.000213s ]
INFO: Run Behavior\ParseTemplateBehavior [ RunTime:0.062854s ]
INFO: [ view_parse ] --END-- [ RunTime:0.062966s ]
INFO: [ view_filter ] --START--
INFO: Run Behavior\WriteHtmlCacheBehavior [ RunTime:0.009800s ]
INFO: [ view_filter ] --END-- [ RunTime:0.009898s ]
INFO: [ app_end ] --START--
INFO: Run Behavior\ShowPageTraceBehavior [ RunTime:0.009925s ]
INFO: [ app_end ] --END-- [ RunTime:0.010024s ]

[ 2014-09-20T14:35:54+08:00 ] 127.0.0.1 /manage/index.php/Admin/Work/addWork
INFO: [ app_init ] --START--
INFO: Run Behavior\BuildLiteBehavior [ RunTime:0.000024s ]
INFO: [ app_init ] --END-- [ RunTime:0.002930s ]
INFO: [ app_begin ] --START--
INFO: Run Behavior\ReadHtmlCacheBehavior [ RunTime:0.010721s ]
INFO: [ app_begin ] --END-- [ RunTime:0.010860s ]
NOTIC: [8] A session had already been started - ignoring session_start() D:\wamp\www\manage\ThinkPHP\Common\functions.php 第 1191 行.
SQL: SHOW COLUMNS FROM `apartment` [ RunTime:0.005944s ]
SQL: SELECT `id`,`name`,`status` FROM `apartment` WHERE `id` = 3  [ RunTime:0.000192s ]
SQL: SHOW COLUMNS FROM `work` [ RunTime:0.005683s ]
NOTIC: [8] Undefined index: mapping_order D:\wamp\www\manage\ThinkPHP\Library\Think\Model\RelationModel.class.php 第 186 行.
NOTIC: [8] Undefined index: mapping_limit D:\wamp\www\manage\ThinkPHP\Library\Think\Model\RelationModel.class.php 第 187 行.
SQL: SELECT b.id, title, content, deadline FROM apart_work AS a, work AS b WHERE a.work_id = b.id AND a. apart_id='3' [ RunTime:0.000142s ]
SQL: SHOW COLUMNS FROM `user` [ RunTime:0.006024s ]
NOTIC: [8] Undefined index: mapping_order D:\wamp\www\manage\ThinkPHP\Library\Think\Model\RelationModel.class.php 第 186 行.
NOTIC: [8] Undefined index: mapping_limit D:\wamp\www\manage\ThinkPHP\Library\Think\Model\RelationModel.class.php 第 187 行.
SQL: SELECT b.id, username FROM apart_user AS a, user AS b WHERE a.user_id = b.id AND a. apart_id='3' [ RunTime:0.000136s ]
SQL: SHOW COLUMNS FROM `notice` [ RunTime:0.005206s ]
NOTIC: [8] Undefined index: mapping_order D:\wamp\www\manage\ThinkPHP\Library\Think\Model\RelationModel.class.php 第 186 行.
NOTIC: [8] Undefined index: mapping_limit D:\wamp\www\manage\ThinkPHP\Library\Think\Model\RelationModel.class.php 第 187 行.
SQL: SELECT b.id, title, content, createtime FROM apart_notice AS a, notice AS b WHERE a.notice_id = b.id AND a. apart_id='3' [ RunTime:0.000135s ]
SQL: SHOW COLUMNS FROM `level` [ RunTime:0.004768s ]
SQL: SELECT * FROM `level`  [ RunTime:0.000201s ]
INFO: [ view_parse ] --START--
INFO: [ template_filter ] --START--
INFO: Run Behavior\ContentReplaceBehavior [ RunTime:0.000086s ]
INFO: [ template_filter ] --END-- [ RunTime:0.000198s ]
INFO: Run Behavior\ParseTemplateBehavior [ RunTime:0.046417s ]
INFO: [ view_parse ] --END-- [ RunTime:0.046551s ]
INFO: [ view_filter ] --START--
INFO: Run Behavior\WriteHtmlCacheBehavior [ RunTime:0.009085s ]
INFO: [ view_filter ] --END-- [ RunTime:0.009159s ]
INFO: [ app_end ] --START--
INFO: Run Behavior\ShowPageTraceBehavior [ RunTime:0.009686s ]
INFO: [ app_end ] --END-- [ RunTime:0.009792s ]

[ 2014-09-20T14:36:39+08:00 ] 127.0.0.1 /manage/index.php/Admin/Index/index
INFO: [ app_init ] --START--
INFO: Run Behavior\BuildLiteBehavior [ RunTime:0.000024s ]
INFO: [ app_init ] --END-- [ RunTime:0.002868s ]
INFO: [ app_begin ] --START--
INFO: Run Behavior\ReadHtmlCacheBehavior [ RunTime:0.009418s ]
INFO: [ app_begin ] --END-- [ RunTime:0.009543s ]
NOTIC: [8] A session had already been started - ignoring session_start() D:\wamp\www\manage\ThinkPHP\Common\functions.php 第 1191 行.
INFO: [ view_parse ] --START--
INFO: [ template_filter ] --START--
INFO: Run Behavior\ContentReplaceBehavior [ RunTime:0.000078s ]
INFO: [ template_filter ] --END-- [ RunTime:0.000179s ]
INFO: Run Behavior\ParseTemplateBehavior [ RunTime:0.046650s ]
INFO: [ view_parse ] --END-- [ RunTime:0.046771s ]
INFO: [ view_filter ] --START--
INFO: Run Behavior\WriteHtmlCacheBehavior [ RunTime:0.009131s ]
INFO: [ view_filter ] --END-- [ RunTime:0.009219s ]
INFO: [ app_end ] --START--
INFO: Run Behavior\ShowPageTraceBehavior [ RunTime:0.009226s ]
INFO: [ app_end ] --END-- [ RunTime:0.009315s ]

[ 2014-09-20T14:36:40+08:00 ] 127.0.0.1 /manage/index.php/Admin/Index/conf
INFO: [ app_init ] --START--
INFO: Run Behavior\BuildLiteBehavior [ RunTime:0.000036s ]
INFO: [ app_init ] --END-- [ RunTime:0.003219s ]
INFO: [ app_begin ] --START--
INFO: Run Behavior\ReadHtmlCacheBehavior [ RunTime:0.012021s ]
INFO: [ app_begin ] --END-- [ RunTime:0.012162s ]
NOTIC: [8] A session had already been started - ignoring session_start() D:\wamp\www\manage\ThinkPHP\Common\functions.php 第 1191 行.
INFO: [ view_parse ] --START--
INFO: [ template_filter ] --START--
INFO: Run Behavior\ContentReplaceBehavior [ RunTime:0.000070s ]
INFO: [ template_filter ] --END-- [ RunTime:0.000168s ]
NOTIC: [8] Undefined variable: time D:\wamp\www\manage\App\Runtime\Cache\Admin\e0852ee07e2cbe427a5bdfe411069bc0.php 第 36 行.
NOTIC: [8] Undefined variable: ip D:\wamp\www\manage\App\Runtime\Cache\Admin\e0852ee07e2cbe427a5bdfe411069bc0.php 第 37 行.
INFO: Run Behavior\ParseTemplateBehavior [ RunTime:0.043471s ]
INFO: [ view_parse ] --END-- [ RunTime:0.043573s ]
INFO: [ view_filter ] --START--
INFO: Run Behavior\WriteHtmlCacheBehavior [ RunTime:0.009033s ]
INFO: [ view_filter ] --END-- [ RunTime:0.009128s ]
INFO: [ app_end ] --START--
INFO: Run Behavior\ShowPageTraceBehavior [ RunTime:0.009439s ]
INFO: [ app_end ] --END-- [ RunTime:0.009536s ]

[ 2014-09-20T14:36:41+08:00 ] 127.0.0.1 /manage/index.php/Admin/Work/addWork
INFO: [ app_init ] --START--
INFO: Run Behavior\BuildLiteBehavior [ RunTime:0.000039s ]
INFO: [ app_init ] --END-- [ RunTime:0.003522s ]
INFO: [ app_begin ] --START--
INFO: Run Behavior\ReadHtmlCacheBehavior [ RunTime:0.010398s ]
INFO: [ app_begin ] --END-- [ RunTime:0.010534s ]
NOTIC: [8] A session had already been started - ignoring session_start() D:\wamp\www\manage\ThinkPHP\Common\functions.php 第 1191 行.
SQL: SHOW COLUMNS FROM `apartment` [ RunTime:0.006649s ]
SQL: SELECT `id`,`name`,`status` FROM `apartment` WHERE `id` = 3  [ RunTime:0.000215s ]
SQL: SHOW COLUMNS FROM `work` [ RunTime:0.005179s ]
NOTIC: [8] Undefined index: mapping_order D:\wamp\www\manage\ThinkPHP\Library\Think\Model\RelationModel.class.php 第 186 行.
NOTIC: [8] Undefined index: mapping_limit D:\wamp\www\manage\ThinkPHP\Library\Think\Model\RelationModel.class.php 第 187 行.
SQL: SELECT b.id, title, content, deadline FROM apart_work AS a, work AS b WHERE a.work_id = b.id AND a. apart_id='3' [ RunTime:0.000141s ]
SQL: SHOW COLUMNS FROM `user` [ RunTime:0.005714s ]
NOTIC: [8] Undefined index: mapping_order D:\wamp\www\manage\ThinkPHP\Library\Think\Model\RelationModel.class.php 第 186 行.
NOTIC: [8] Undefined index: mapping_limit D:\wamp\www\manage\ThinkPHP\Library\Think\Model\RelationModel.class.php 第 187 行.
SQL: SELECT b.id, username FROM apart_user AS a, user AS b WHERE a.user_id = b.id AND a. apart_id='3' [ RunTime:0.000140s ]
SQL: SHOW COLUMNS FROM `notice` [ RunTime:0.004928s ]
NOTIC: [8] Undefined index: mapping_order D:\wamp\www\manage\ThinkPHP\Library\Think\Model\RelationModel.class.php 第 186 行.
NOTIC: [8] Undefined index: mapping_limit D:\wamp\www\manage\ThinkPHP\Library\Think\Model\RelationModel.class.php 第 187 行.
SQL: SELECT b.id, title, content, createtime FROM apart_notice AS a, notice AS b WHERE a.notice_id = b.id AND a. apart_id='3' [ RunTime:0.000137s ]
SQL: SHOW COLUMNS FROM `level` [ RunTime:0.004888s ]
SQL: SELECT * FROM `level`  [ RunTime:0.000242s ]
INFO: [ view_parse ] --START--
INFO: [ template_filter ] --START--
INFO: Run Behavior\ContentReplaceBehavior [ RunTime:0.000090s ]
INFO: [ template_filter ] --END-- [ RunTime:0.000210s ]
INFO: Run Behavior\ParseTemplateBehavior [ RunTime:0.079304s ]
INFO: [ view_parse ] --END-- [ RunTime:0.079438s ]
INFO: [ view_filter ] --START--
INFO: Run Behavior\WriteHtmlCacheBehavior [ RunTime:0.009311s ]
INFO: [ view_filter ] --END-- [ RunTime:0.009413s ]
INFO: [ app_end ] --START--
INFO: Run Behavior\ShowPageTraceBehavior [ RunTime:0.010089s ]
INFO: [ app_end ] --END-- [ RunTime:0.010201s ]

[ 2014-09-20T14:36:47+08:00 ] 127.0.0.1 /manage/index.php/Admin/Index/index
INFO: [ app_init ] --START--
INFO: Run Behavior\BuildLiteBehavior [ RunTime:0.000024s ]
INFO: [ app_init ] --END-- [ RunTime:0.002822s ]
INFO: [ app_begin ] --START--
INFO: Run Behavior\ReadHtmlCacheBehavior [ RunTime:0.010645s ]
INFO: [ app_begin ] --END-- [ RunTime:0.010768s ]
NOTIC: [8] A session had already been started - ignoring session_start() D:\wamp\www\manage\ThinkPHP\Common\functions.php 第 1191 行.
INFO: [ view_parse ] --START--
INFO: [ template_filter ] --START--
INFO: Run Behavior\ContentReplaceBehavior [ RunTime:0.000081s ]
INFO: [ template_filter ] --END-- [ RunTime:0.000191s ]
INFO: Run Behavior\ParseTemplateBehavior [ RunTime:0.045964s ]
INFO: [ view_parse ] --END-- [ RunTime:0.046088s ]
INFO: [ view_filter ] --START--
INFO: Run Behavior\WriteHtmlCacheBehavior [ RunTime:0.009053s ]
INFO: [ view_filter ] --END-- [ RunTime:0.009152s ]
INFO: [ app_end ] --START--
INFO: Run Behavior\ShowPageTraceBehavior [ RunTime:0.009685s ]
INFO: [ app_end ] --END-- [ RunTime:0.009794s ]

[ 2014-09-20T14:36:47+08:00 ] 127.0.0.1 /manage/index.php/Admin/Index/conf
INFO: [ app_init ] --START--
INFO: Run Behavior\BuildLiteBehavior [ RunTime:0.000039s ]
INFO: [ app_init ] --END-- [ RunTime:0.003620s ]
INFO: [ app_begin ] --START--
INFO: Run Behavior\ReadHtmlCacheBehavior [ RunTime:0.009541s ]
INFO: [ app_begin ] --END-- [ RunTime:0.009672s ]
NOTIC: [8] A session had already been started - ignoring session_start() D:\wamp\www\manage\ThinkPHP\Common\functions.php 第 1191 行.
INFO: [ view_parse ] --START--
INFO: [ template_filter ] --START--
INFO: Run Behavior\ContentReplaceBehavior [ RunTime:0.000069s ]
INFO: [ template_filter ] --END-- [ RunTime:0.000167s ]
NOTIC: [8] Undefined variable: time D:\wamp\www\manage\App\Runtime\Cache\Admin\e0852ee07e2cbe427a5bdfe411069bc0.php 第 36 行.
NOTIC: [8] Undefined variable: ip D:\wamp\www\manage\App\Runtime\Cache\Admin\e0852ee07e2cbe427a5bdfe411069bc0.php 第 37 行.
INFO: Run Behavior\ParseTemplateBehavior [ RunTime:0.064959s ]
INFO: [ view_parse ] --END-- [ RunTime:0.065075s ]
INFO: [ view_filter ] --START--
INFO: Run Behavior\WriteHtmlCacheBehavior [ RunTime:0.009582s ]
INFO: [ view_filter ] --END-- [ RunTime:0.009662s ]
INFO: [ app_end ] --START--
INFO: Run Behavior\ShowPageTraceBehavior [ RunTime:0.009666s ]
INFO: [ app_end ] --END-- [ RunTime:0.009769s ]

[ 2014-09-20T16:05:53+08:00 ] 127.0.0.1 /manage/index.php/Admin/Index/logout.html
INFO: [ app_init ] --START--
INFO: Run Behavior\BuildLiteBehavior [ RunTime:0.000030s ]
INFO: [ app_init ] --END-- [ RunTime:0.035496s ]
INFO: [ app_begin ] --START--
INFO: Run Behavior\ReadHtmlCacheBehavior [ RunTime:0.023190s ]
INFO: [ app_begin ] --END-- [ RunTime:0.023351s ]
NOTIC: [8] A session had already been started - ignoring session_start() D:\wamp\www\manage\ThinkPHP\Common\functions.php 第 1191 行.

[ 2014-09-20T16:38:31+08:00 ] 127.0.0.1 /manage/index.php/Admin/Index/index
INFO: [ app_init ] --START--
INFO: Run Behavior\BuildLiteBehavior [ RunTime:0.000028s ]
INFO: [ app_init ] --END-- [ RunTime:0.002853s ]
INFO: [ app_begin ] --START--
INFO: Run Behavior\ReadHtmlCacheBehavior [ RunTime:0.011864s ]
INFO: [ app_begin ] --END-- [ RunTime:0.012038s ]
NOTIC: [8] A session had already been started - ignoring session_start() D:\wamp\www\manage\ThinkPHP\Common\functions.php 第 1191 行.

[ 2014-09-20T16:38:35+08:00 ] 127.0.0.1 /manage/index.php/Admin/Index/index
INFO: [ app_init ] --START--
INFO: Run Behavior\BuildLiteBehavior [ RunTime:0.000023s ]
INFO: [ app_init ] --END-- [ RunTime:0.002990s ]
INFO: [ app_begin ] --START--
INFO: Run Behavior\ReadHtmlCacheBehavior [ RunTime:0.011344s ]
INFO: [ app_begin ] --END-- [ RunTime:0.011492s ]
NOTIC: [8] A session had already been started - ignoring session_start() D:\wamp\www\manage\ThinkPHP\Common\functions.php 第 1191 行.

[ 2014-09-20T16:38:38+08:00 ] 127.0.0.1 /manage/index.php/Admin/Index/index
INFO: [ app_init ] --START--
INFO: Run Behavior\BuildLiteBehavior [ RunTime:0.000024s ]
INFO: [ app_init ] --END-- [ RunTime:0.002736s ]
INFO: [ app_begin ] --START--
INFO: Run Behavior\ReadHtmlCacheBehavior [ RunTime:0.010687s ]
INFO: [ app_begin ] --END-- [ RunTime:0.010819s ]
NOTIC: [8] A session had already been started - ignoring session_start() D:\wamp\www\manage\ThinkPHP\Common\functions.php 第 1191 行.

[ 2014-09-20T16:39:09+08:00 ] 127.0.0.1 /manage/index.php/Admin/Index/index
INFO: [ app_init ] --START--
INFO: Run Behavior\BuildLiteBehavior [ RunTime:0.000023s ]
INFO: [ app_init ] --END-- [ RunTime:0.002692s ]
INFO: [ app_begin ] --START--
INFO: Run Behavior\ReadHtmlCacheBehavior [ RunTime:0.009309s ]
INFO: [ app_begin ] --END-- [ RunTime:0.009434s ]
NOTIC: [8] A session had already been started - ignoring session_start() D:\wamp\www\manage\ThinkPHP\Common\functions.php 第 1191 行.
NOTIC: [8] Undefined index: 7195a62edfd11a40a68c77ff40ee98a6 D:\wamp\www\manage\ThinkPHP\Library\Org\Util\Rbac.class.php 第 170 行.
INFO: [ view_parse ] --START--
INFO: [ template_filter ] --START--
INFO: Run Behavior\ContentReplaceBehavior [ RunTime:0.000077s ]
INFO: [ template_filter ] --END-- [ RunTime:0.000178s ]
INFO: Run Behavior\ParseTemplateBehavior [ RunTime:0.069700s ]
INFO: [ view_parse ] --END-- [ RunTime:0.069827s ]
INFO: [ view_filter ] --START--
INFO: Run Behavior\WriteHtmlCacheBehavior [ RunTime:0.008974s ]
INFO: [ view_filter ] --END-- [ RunTime:0.009047s ]
INFO: [ app_end ] --START--
INFO: Run Behavior\ShowPageTraceBehavior [ RunTime:0.009674s ]
INFO: [ app_end ] --END-- [ RunTime:0.009774s ]

[ 2014-09-20T16:39:09+08:00 ] 127.0.0.1 /manage/index.php/Admin/Index/conf
INFO: [ app_init ] --START--
INFO: Run Behavior\BuildLiteBehavior [ RunTime:0.000024s ]
INFO: [ app_init ] --END-- [ RunTime:0.002929s ]
INFO: [ app_begin ] --START--
INFO: Run Behavior\ReadHtmlCacheBehavior [ RunTime:0.011127s ]
INFO: [ app_begin ] --END-- [ RunTime:0.011255s ]
NOTIC: [8] A session had already been started - ignoring session_start() D:\wamp\www\manage\ThinkPHP\Common\functions.php 第 1191 行.
INFO: [ view_parse ] --START--
INFO: [ template_filter ] --START--
INFO: Run Behavior\ContentReplaceBehavior [ RunTime:0.000069s ]
INFO: [ template_filter ] --END-- [ RunTime:0.000168s ]
NOTIC: [8] Undefined variable: time D:\wamp\www\manage\App\Runtime\Cache\Admin\e0852ee07e2cbe427a5bdfe411069bc0.php 第 36 行.
NOTIC: [8] Undefined variable: ip D:\wamp\www\manage\App\Runtime\Cache\Admin\e0852ee07e2cbe427a5bdfe411069bc0.php 第 37 行.
INFO: Run Behavior\ParseTemplateBehavior [ RunTime:0.087202s ]
INFO: [ view_parse ] --END-- [ RunTime:0.087338s ]
INFO: [ view_filter ] --START--
INFO: Run Behavior\WriteHtmlCacheBehavior [ RunTime:0.009141s ]
INFO: [ view_filter ] --END-- [ RunTime:0.009238s ]
INFO: [ app_end ] --START--
INFO: Run Behavior\ShowPageTraceBehavior [ RunTime:0.009580s ]
INFO: [ app_end ] --END-- [ RunTime:0.009686s ]

