[ 2014-10-16T09:02:20+08:00 ] 127.0.0.1 /manage/index.php/Admin/Index/index
INFO: [ app_init ] --START--
INFO: Run Behavior\BuildLiteBehavior [ RunTime:0.000024s ]
INFO: [ app_init ] --END-- [ RunTime:0.002567s ]
INFO: [ app_begin ] --START--
INFO: Run Behavior\ReadHtmlCacheBehavior [ RunTime:0.008330s ]
INFO: [ app_begin ] --END-- [ RunTime:0.008451s ]
NOTIC: [8] A session had already been started - ignoring session_start() D:\wamp\www\manage\ThinkPHP\Common\functions.php 第 1191 行.
NOTIC: [8] Undefined index: 7195a62edfd11a40a68c77ff40ee98a6 D:\wamp\www\manage\ThinkPHP\Library\Org\Util\Rbac.class.php 第 170 行.
NOTIC: [8] Undefined index: _ACCESS_LIST D:\wamp\www\manage\ThinkPHP\Library\Org\Util\Rbac.class.php 第 174 行.
INFO: [ view_parse ] --START--
INFO: [ template_filter ] --START--
INFO: Run Behavior\ContentReplaceBehavior [ RunTime:0.000066s ]
INFO: [ template_filter ] --END-- [ RunTime:0.000209s ]
INFO: Run Behavior\ParseTemplateBehavior [ RunTime:0.141544s ]
INFO: [ view_parse ] --END-- [ RunTime:0.141661s ]
INFO: [ view_filter ] --START--
INFO: Run Behavior\WriteHtmlCacheBehavior [ RunTime:0.008089s ]
INFO: [ view_filter ] --END-- [ RunTime:0.008160s ]

[ 2014-10-16T12:40:24+08:00 ] 222.222.44.201 /oldmanage/index.php/Admin/Index/index
INFO: [ app_init ] --START--
INFO: Run Behavior\BuildLiteBehavior [ RunTime:0.000026s ]
INFO: [ app_init ] --END-- [ RunTime:0.002533s ]
INFO: [ app_begin ] --START--
INFO: Run Behavior\ReadHtmlCacheBehavior [ RunTime:0.007943s ]
INFO: [ app_begin ] --END-- [ RunTime:0.008062s ]
NOTIC: [8] A session had already been started - ignoring session_start() D:\wamp\www\oldmanage\ThinkPHP\Common\functions.php 第 1191 行.
NOTIC: [8] Undefined index: 7195a62edfd11a40a68c77ff40ee98a6 D:\wamp\www\oldmanage\ThinkPHP\Library\Org\Util\Rbac.class.php 第 170 行.
INFO: [ view_parse ] --START--
INFO: [ template_filter ] --START--
INFO: Run Behavior\ContentReplaceBehavior [ RunTime:0.000080s ]
INFO: [ template_filter ] --END-- [ RunTime:0.000184s ]
INFO: Run Behavior\ParseTemplateBehavior [ RunTime:0.077895s ]
INFO: [ view_parse ] --END-- [ RunTime:0.078032s ]
INFO: [ view_filter ] --START--
INFO: Run Behavior\WriteHtmlCacheBehavior [ RunTime:0.007860s ]
INFO: [ view_filter ] --END-- [ RunTime:0.007947s ]
INFO: [ app_end ] --START--
INFO: Run Behavior\ShowPageTraceBehavior [ RunTime:0.008512s ]
INFO: [ app_end ] --END-- [ RunTime:0.008597s ]

[ 2014-10-16T12:40:25+08:00 ] 222.222.44.201 /oldmanage/index.php/Admin/Index/conf
INFO: [ app_init ] --START--
INFO: Run Behavior\BuildLiteBehavior [ RunTime:0.000023s ]
INFO: [ app_init ] --END-- [ RunTime:0.002317s ]
INFO: [ app_begin ] --START--
INFO: Run Behavior\ReadHtmlCacheBehavior [ RunTime:0.007816s ]
INFO: [ app_begin ] --END-- [ RunTime:0.007930s ]
NOTIC: [8] A session had already been started - ignoring session_start() D:\wamp\www\oldmanage\ThinkPHP\Common\functions.php 第 1191 行.
INFO: [ view_parse ] --START--
INFO: [ template_filter ] --START--
INFO: Run Behavior\ContentReplaceBehavior [ RunTime:0.000067s ]
INFO: [ template_filter ] --END-- [ RunTime:0.000170s ]
NOTIC: [8] Undefined variable: time D:\wamp\www\oldmanage\App\Runtime\Cache\Admin\e0852ee07e2cbe427a5bdfe411069bc0.php 第 36 行.
NOTIC: [8] Undefined variable: ip D:\wamp\www\oldmanage\App\Runtime\Cache\Admin\e0852ee07e2cbe427a5bdfe411069bc0.php 第 37 行.
INFO: Run Behavior\ParseTemplateBehavior [ RunTime:0.073261s ]
INFO: [ view_parse ] --END-- [ RunTime:0.073374s ]
INFO: [ view_filter ] --START--
INFO: Run Behavior\WriteHtmlCacheBehavior [ RunTime:0.007976s ]
INFO: [ view_filter ] --END-- [ RunTime:0.008052s ]
INFO: [ app_end ] --START--
INFO: Run Behavior\ShowPageTraceBehavior [ RunTime:0.008048s ]
INFO: [ app_end ] --END-- [ RunTime:0.008146s ]

[ 2014-10-16T12:40:39+08:00 ] 222.222.44.201 /oldmanage/index.php/Admin/Rbac/role
INFO: [ app_init ] --START--
INFO: Run Behavior\BuildLiteBehavior [ RunTime:0.000025s ]
INFO: [ app_init ] --END-- [ RunTime:0.002345s ]
INFO: [ app_begin ] --START--
INFO: Run Behavior\ReadHtmlCacheBehavior [ RunTime:0.007814s ]
INFO: [ app_begin ] --END-- [ RunTime:0.007927s ]
NOTIC: [8] A session had already been started - ignoring session_start() D:\wamp\www\oldmanage\ThinkPHP\Common\functions.php 第 1191 行.
NOTIC: [8] Undefined index: 308bc99ce28c162758f41831a7af691f D:\wamp\www\oldmanage\ThinkPHP\Library\Org\Util\Rbac.class.php 第 170 行.
SQL: SHOW COLUMNS FROM `role` [ RunTime:0.004310s ]
SQL: SELECT * FROM `role`  [ RunTime:0.000412s ]
INFO: [ view_parse ] --START--
INFO: [ template_filter ] --START--
INFO: Run Behavior\ContentReplaceBehavior [ RunTime:0.000069s ]
INFO: [ template_filter ] --END-- [ RunTime:0.000166s ]
INFO: Run Behavior\ParseTemplateBehavior [ RunTime:0.080559s ]
INFO: [ view_parse ] --END-- [ RunTime:0.080696s ]
INFO: [ view_filter ] --START--
INFO: Run Behavior\WriteHtmlCacheBehavior [ RunTime:0.007985s ]
INFO: [ view_filter ] --END-- [ RunTime:0.008069s ]
INFO: [ app_end ] --START--
INFO: Run Behavior\ShowPageTraceBehavior [ RunTime:0.007685s ]
INFO: [ app_end ] --END-- [ RunTime:0.007773s ]

[ 2014-10-16T12:40:44+08:00 ] 222.222.44.201 /oldmanage/index.php/Admin/Rbac/dept
INFO: [ app_init ] --START--
INFO: Run Behavior\BuildLiteBehavior [ RunTime:0.000024s ]
INFO: [ app_init ] --END-- [ RunTime:0.002594s ]
INFO: [ app_begin ] --START--
INFO: Run Behavior\ReadHtmlCacheBehavior [ RunTime:0.007784s ]
INFO: [ app_begin ] --END-- [ RunTime:0.007902s ]
NOTIC: [8] A session had already been started - ignoring session_start() D:\wamp\www\oldmanage\ThinkPHP\Common\functions.php 第 1191 行.
NOTIC: [8] Undefined index: a8ffbed1bda198cd8c5ab7b27b0e4aaf D:\wamp\www\oldmanage\ThinkPHP\Library\Org\Util\Rbac.class.php 第 170 行.
INFO: [ view_parse ] --START--
INFO: [ template_filter ] --START--
INFO: Run Behavior\ContentReplaceBehavior [ RunTime:0.000068s ]
INFO: [ template_filter ] --END-- [ RunTime:0.000184s ]
INFO: Run Behavior\ParseTemplateBehavior [ RunTime:0.076414s ]
INFO: [ view_parse ] --END-- [ RunTime:0.076692s ]
INFO: [ view_filter ] --START--
INFO: Run Behavior\WriteHtmlCacheBehavior [ RunTime:0.007677s ]
INFO: [ view_filter ] --END-- [ RunTime:0.007799s ]

[ 2014-10-16T12:40:46+08:00 ] 222.222.44.201 /oldmanage/index.php/Admin/Rbac/node
INFO: [ app_init ] --START--
INFO: Run Behavior\BuildLiteBehavior [ RunTime:0.000024s ]
INFO: [ app_init ] --END-- [ RunTime:0.002346s ]
INFO: [ app_begin ] --START--
INFO: Run Behavior\ReadHtmlCacheBehavior [ RunTime:0.008322s ]
INFO: [ app_begin ] --END-- [ RunTime:0.008440s ]
NOTIC: [8] A session had already been started - ignoring session_start() D:\wamp\www\oldmanage\ThinkPHP\Common\functions.php 第 1191 行.
NOTIC: [8] Undefined index: 694af5b5b0db2d390c585ba19238512d D:\wamp\www\oldmanage\ThinkPHP\Library\Org\Util\Rbac.class.php 第 170 行.
SQL: SHOW COLUMNS FROM `node` [ RunTime:0.035318s ]
SQL: SELECT `id`,`name`,`title`,`pid` FROM `node` ORDER BY sort  [ RunTime:0.004390s ]
INFO: [ view_parse ] --START--
INFO: [ template_filter ] --START--
INFO: Run Behavior\ContentReplaceBehavior [ RunTime:0.000073s ]
INFO: [ template_filter ] --END-- [ RunTime:0.000170s ]
INFO: Run Behavior\ParseTemplateBehavior [ RunTime:0.083947s ]
INFO: [ view_parse ] --END-- [ RunTime:0.084065s ]
INFO: [ view_filter ] --START--
INFO: Run Behavior\WriteHtmlCacheBehavior [ RunTime:0.008226s ]
INFO: [ view_filter ] --END-- [ RunTime:0.008323s ]
INFO: [ app_end ] --START--
INFO: Run Behavior\ShowPageTraceBehavior [ RunTime:0.008246s ]
INFO: [ app_end ] --END-- [ RunTime:0.008359s ]

[ 2014-10-16T12:40:47+08:00 ] 222.222.44.201 /oldmanage/index.php/Admin/Rbac/addUser
INFO: [ app_init ] --START--
INFO: Run Behavior\BuildLiteBehavior [ RunTime:0.000024s ]
INFO: [ app_init ] --END-- [ RunTime:0.002316s ]
INFO: [ app_begin ] --START--
INFO: Run Behavior\ReadHtmlCacheBehavior [ RunTime:0.007762s ]
INFO: [ app_begin ] --END-- [ RunTime:0.007884s ]
NOTIC: [8] A session had already been started - ignoring session_start() D:\wamp\www\oldmanage\ThinkPHP\Common\functions.php 第 1191 行.
NOTIC: [8] Undefined index: 20318d055f496b5e7683428063beb77c D:\wamp\www\oldmanage\ThinkPHP\Library\Org\Util\Rbac.class.php 第 170 行.
SQL: SHOW COLUMNS FROM `role` [ RunTime:0.004583s ]
SQL: SELECT * FROM `role`  [ RunTime:0.000216s ]
SQL: SHOW COLUMNS FROM `department` [ RunTime:0.004926s ]
ERR: 1146:Table 'manage.department' doesn't exist
 [ SQL语句 ] : SHOW COLUMNS FROM `department`
SQL: SELECT * FROM `department`  [ RunTime:0.000875s ]
ERR: 1146:Table 'manage.department' doesn't exist
 [ SQL语句 ] : SELECT * FROM `department` 
INFO: [ view_parse ] --START--
INFO: [ template_filter ] --START--
INFO: Run Behavior\ContentReplaceBehavior [ RunTime:0.000088s ]
INFO: [ template_filter ] --END-- [ RunTime:0.000185s ]
INFO: Run Behavior\ParseTemplateBehavior [ RunTime:0.056969s ]
INFO: [ view_parse ] --END-- [ RunTime:0.057083s ]
INFO: [ view_filter ] --START--
INFO: Run Behavior\WriteHtmlCacheBehavior [ RunTime:0.007550s ]
INFO: [ view_filter ] --END-- [ RunTime:0.007620s ]
INFO: [ app_end ] --START--
INFO: Run Behavior\ShowPageTraceBehavior [ RunTime:0.007969s ]
INFO: [ app_end ] --END-- [ RunTime:0.008047s ]

[ 2014-10-16T12:40:47+08:00 ] 222.222.44.201 /oldmanage/index.php/Admin/Rbac/jquery.js
INFO: [ app_init ] --START--
INFO: Run Behavior\BuildLiteBehavior [ RunTime:0.000024s ]
INFO: [ app_init ] --END-- [ RunTime:0.002563s ]
INFO: [ app_begin ] --START--
INFO: Run Behavior\ReadHtmlCacheBehavior [ RunTime:0.008451s ]
INFO: [ app_begin ] --END-- [ RunTime:0.008577s ]
NOTIC: [8] A session had already been started - ignoring session_start() D:\wamp\www\oldmanage\ThinkPHP\Common\functions.php 第 1191 行.
NOTIC: [8] Undefined index: 22fbde8e6c2d30e9aa66c69bec60a7b0 D:\wamp\www\oldmanage\ThinkPHP\Library\Org\Util\Rbac.class.php 第 170 行.
INFO: [ view_parse ] --START--
INFO: [ template_filter ] --START--
INFO: Run Behavior\ContentReplaceBehavior [ RunTime:0.000071s ]
INFO: [ template_filter ] --END-- [ RunTime:0.000190s ]
INFO: Run Behavior\ParseTemplateBehavior [ RunTime:0.038185s ]
INFO: [ view_parse ] --END-- [ RunTime:0.038309s ]
INFO: [ view_filter ] --START--
INFO: Run Behavior\WriteHtmlCacheBehavior [ RunTime:0.007587s ]
INFO: [ view_filter ] --END-- [ RunTime:0.007670s ]

[ 2014-10-16T12:40:49+08:00 ] 222.222.44.201 /oldmanage/index.php/Admin/Rbac/addRole
INFO: [ app_init ] --START--
INFO: Run Behavior\BuildLiteBehavior [ RunTime:0.000023s ]
INFO: [ app_init ] --END-- [ RunTime:0.002357s ]
INFO: [ app_begin ] --START--
INFO: Run Behavior\ReadHtmlCacheBehavior [ RunTime:0.007632s ]
INFO: [ app_begin ] --END-- [ RunTime:0.007737s ]
NOTIC: [8] A session had already been started - ignoring session_start() D:\wamp\www\oldmanage\ThinkPHP\Common\functions.php 第 1191 行.
NOTIC: [8] Undefined index: abdeaeba9846aed53c7606bb0bec5751 D:\wamp\www\oldmanage\ThinkPHP\Library\Org\Util\Rbac.class.php 第 170 行.
INFO: [ view_parse ] --START--
INFO: [ template_filter ] --START--
INFO: Run Behavior\ContentReplaceBehavior [ RunTime:0.000068s ]
INFO: [ template_filter ] --END-- [ RunTime:0.000193s ]
INFO: Run Behavior\ParseTemplateBehavior [ RunTime:0.069312s ]
INFO: [ view_parse ] --END-- [ RunTime:0.069420s ]
INFO: [ view_filter ] --START--
INFO: Run Behavior\WriteHtmlCacheBehavior [ RunTime:0.007443s ]
INFO: [ view_filter ] --END-- [ RunTime:0.007528s ]
INFO: [ app_end ] --START--
INFO: Run Behavior\ShowPageTraceBehavior [ RunTime:0.008459s ]
INFO: [ app_end ] --END-- [ RunTime:0.008544s ]

[ 2014-10-16T12:40:51+08:00 ] 222.222.44.201 /oldmanage/index.php/Admin/Rbac/addDept
INFO: [ app_init ] --START--
INFO: Run Behavior\BuildLiteBehavior [ RunTime:0.000023s ]
INFO: [ app_init ] --END-- [ RunTime:0.002325s ]
INFO: [ app_begin ] --START--
INFO: Run Behavior\ReadHtmlCacheBehavior [ RunTime:0.007836s ]
INFO: [ app_begin ] --END-- [ RunTime:0.007945s ]
NOTIC: [8] A session had already been started - ignoring session_start() D:\wamp\www\oldmanage\ThinkPHP\Common\functions.php 第 1191 行.
NOTIC: [8] Undefined index: 68806312f387bba55c48dc7abf524107 D:\wamp\www\oldmanage\ThinkPHP\Library\Org\Util\Rbac.class.php 第 170 行.
INFO: [ view_parse ] --START--
INFO: [ template_filter ] --START--
INFO: Run Behavior\ContentReplaceBehavior [ RunTime:0.000072s ]
INFO: [ template_filter ] --END-- [ RunTime:0.000185s ]
INFO: Run Behavior\ParseTemplateBehavior [ RunTime:0.038254s ]
INFO: [ view_parse ] --END-- [ RunTime:0.038368s ]
INFO: [ view_filter ] --START--
INFO: Run Behavior\WriteHtmlCacheBehavior [ RunTime:0.008401s ]
INFO: [ view_filter ] --END-- [ RunTime:0.008498s ]

[ 2014-10-16T12:40:52+08:00 ] 222.222.44.201 /oldmanage/index.php/Admin/Rbac/addNode
INFO: [ app_init ] --START--
INFO: Run Behavior\BuildLiteBehavior [ RunTime:0.000023s ]
INFO: [ app_init ] --END-- [ RunTime:0.002491s ]
INFO: [ app_begin ] --START--
INFO: Run Behavior\ReadHtmlCacheBehavior [ RunTime:0.007771s ]
INFO: [ app_begin ] --END-- [ RunTime:0.007886s ]
NOTIC: [8] A session had already been started - ignoring session_start() D:\wamp\www\oldmanage\ThinkPHP\Common\functions.php 第 1191 行.
NOTIC: [8] Undefined index: 9d02632a86ae1e286370aedd727ba18f D:\wamp\www\oldmanage\ThinkPHP\Library\Org\Util\Rbac.class.php 第 170 行.
INFO: [ view_parse ] --START--
INFO: [ template_filter ] --START--
INFO: Run Behavior\ContentReplaceBehavior [ RunTime:0.000068s ]
INFO: [ template_filter ] --END-- [ RunTime:0.000180s ]
INFO: Run Behavior\ParseTemplateBehavior [ RunTime:0.038548s ]
INFO: [ view_parse ] --END-- [ RunTime:0.038647s ]
INFO: [ view_filter ] --START--
INFO: Run Behavior\WriteHtmlCacheBehavior [ RunTime:0.007400s ]
INFO: [ view_filter ] --END-- [ RunTime:0.007474s ]
INFO: [ app_end ] --START--
INFO: Run Behavior\ShowPageTraceBehavior [ RunTime:0.008003s ]
INFO: [ app_end ] --END-- [ RunTime:0.008086s ]

[ 2014-10-16T12:46:21+08:00 ] 222.222.44.201 /oldmanage/index.php/Admin/
INFO: [ app_init ] --START--
INFO: Run Behavior\BuildLiteBehavior [ RunTime:0.000024s ]
INFO: [ app_init ] --END-- [ RunTime:0.002723s ]
INFO: [ app_begin ] --START--
INFO: Run Behavior\ReadHtmlCacheBehavior [ RunTime:0.008257s ]
INFO: [ app_begin ] --END-- [ RunTime:0.008386s ]
NOTIC: [8] A session had already been started - ignoring session_start() D:\wamp\www\oldmanage\ThinkPHP\Common\functions.php 第 1191 行.

[ 2014-10-16T12:46:28+08:00 ] 222.222.44.201 /oldmanage/index.php/Admin/Index/index
INFO: [ app_init ] --START--
INFO: Run Behavior\BuildLiteBehavior [ RunTime:0.000025s ]
INFO: [ app_init ] --END-- [ RunTime:0.002343s ]
INFO: [ app_begin ] --START--
INFO: Run Behavior\ReadHtmlCacheBehavior [ RunTime:0.008285s ]
INFO: [ app_begin ] --END-- [ RunTime:0.008430s ]
NOTIC: [8] A session had already been started - ignoring session_start() D:\wamp\www\oldmanage\ThinkPHP\Common\functions.php 第 1191 行.

[ 2014-10-16T12:46:31+08:00 ] 222.222.44.201 /oldmanage/index.php/Admin/Index/index
INFO: [ app_init ] --START--
INFO: Run Behavior\BuildLiteBehavior [ RunTime:0.000025s ]
INFO: [ app_init ] --END-- [ RunTime:0.002609s ]
INFO: [ app_begin ] --START--
INFO: Run Behavior\ReadHtmlCacheBehavior [ RunTime:0.008117s ]
INFO: [ app_begin ] --END-- [ RunTime:0.008254s ]
NOTIC: [8] A session had already been started - ignoring session_start() D:\wamp\www\oldmanage\ThinkPHP\Common\functions.php 第 1191 行.

[ 2014-10-16T12:46:35+08:00 ] 222.222.44.201 /oldmanage/index.php/Admin/Index/index
INFO: [ app_init ] --START--
INFO: Run Behavior\BuildLiteBehavior [ RunTime:0.000030s ]
INFO: [ app_init ] --END-- [ RunTime:0.003237s ]
INFO: [ app_begin ] --START--
INFO: Run Behavior\ReadHtmlCacheBehavior [ RunTime:0.008148s ]
INFO: [ app_begin ] --END-- [ RunTime:0.008268s ]
NOTIC: [8] A session had already been started - ignoring session_start() D:\wamp\www\oldmanage\ThinkPHP\Common\functions.php 第 1191 行.

[ 2014-10-16T12:46:58+08:00 ] 222.222.44.201 /oldmanage/index.php/Admin/Index/index
INFO: [ app_init ] --START--
INFO: Run Behavior\BuildLiteBehavior [ RunTime:0.000029s ]
INFO: [ app_init ] --END-- [ RunTime:0.002528s ]
INFO: [ app_begin ] --START--
INFO: Run Behavior\ReadHtmlCacheBehavior [ RunTime:0.008381s ]
INFO: [ app_begin ] --END-- [ RunTime:0.008537s ]
NOTIC: [8] A session had already been started - ignoring session_start() D:\wamp\www\oldmanage\ThinkPHP\Common\functions.php 第 1191 行.

