[ 2014-10-25T17:01:13+08:00 ] 127.0.0.1 /oldmanage/index.php/Admin/Index/index.html
INFO: [ app_init ] --START--
INFO: Run Behavior\BuildLiteBehavior [ RunTime:0.000024s ]
INFO: [ app_init ] --END-- [ RunTime:0.002955s ]
INFO: [ app_begin ] --START--
INFO: Run Behavior\ReadHtmlCacheBehavior [ RunTime:0.008149s ]
INFO: [ app_begin ] --END-- [ RunTime:0.008270s ]
NOTIC: [8] A session had already been started - ignoring session_start() D:\wamp\www\oldmanage\ThinkPHP\Common\functions.php 第 1191 行.
NOTIC: [8] Undefined index: 7195a62edfd11a40a68c77ff40ee98a6 D:\wamp\www\oldmanage\ThinkPHP\Library\Org\Util\Rbac.class.php 第 170 行.
INFO: [ view_parse ] --START--
INFO: [ template_filter ] --START--
INFO: Run Behavior\ContentReplaceBehavior [ RunTime:0.000077s ]
INFO: [ template_filter ] --END-- [ RunTime:0.000180s ]
INFO: Run Behavior\ParseTemplateBehavior [ RunTime:0.090003s ]
INFO: [ view_parse ] --END-- [ RunTime:0.090159s ]
INFO: [ view_filter ] --START--
INFO: Run Behavior\WriteHtmlCacheBehavior [ RunTime:0.007907s ]
INFO: [ view_filter ] --END-- [ RunTime:0.008177s ]
INFO: [ app_end ] --START--
INFO: Run Behavior\ShowPageTraceBehavior [ RunTime:0.009739s ]
INFO: [ app_end ] --END-- [ RunTime:0.011113s ]

[ 2014-10-25T17:01:14+08:00 ] 127.0.0.1 /oldmanage/index.php/Admin/Index/conf
INFO: [ app_init ] --START--
INFO: Run Behavior\BuildLiteBehavior [ RunTime:0.000046s ]
INFO: [ app_init ] --END-- [ RunTime:0.003912s ]
INFO: [ app_begin ] --START--
INFO: Run Behavior\ReadHtmlCacheBehavior [ RunTime:0.008586s ]
INFO: [ app_begin ] --END-- [ RunTime:0.008708s ]
NOTIC: [8] A session had already been started - ignoring session_start() D:\wamp\www\oldmanage\ThinkPHP\Common\functions.php 第 1191 行.
INFO: [ view_parse ] --START--
INFO: [ template_filter ] --START--
INFO: Run Behavior\ContentReplaceBehavior [ RunTime:0.000074s ]
INFO: [ template_filter ] --END-- [ RunTime:0.000204s ]
NOTIC: [8] Undefined variable: time D:\wamp\www\oldmanage\App\Runtime\Cache\Admin\e0852ee07e2cbe427a5bdfe411069bc0.php 第 36 行.
NOTIC: [8] Undefined variable: ip D:\wamp\www\oldmanage\App\Runtime\Cache\Admin\e0852ee07e2cbe427a5bdfe411069bc0.php 第 37 行.
INFO: Run Behavior\ParseTemplateBehavior [ RunTime:0.083485s ]
INFO: [ view_parse ] --END-- [ RunTime:0.083603s ]
INFO: [ view_filter ] --START--
INFO: Run Behavior\WriteHtmlCacheBehavior [ RunTime:0.008872s ]
INFO: [ view_filter ] --END-- [ RunTime:0.008966s ]
INFO: [ app_end ] --START--
INFO: Run Behavior\ShowPageTraceBehavior [ RunTime:0.009306s ]
INFO: [ app_end ] --END-- [ RunTime:0.009396s ]

[ 2014-10-25T17:01:16+08:00 ] 127.0.0.1 /oldmanage/index.php/Admin/Other/resource
INFO: [ app_init ] --START--
INFO: Run Behavior\BuildLiteBehavior [ RunTime:0.000041s ]
INFO: [ app_init ] --END-- [ RunTime:0.002901s ]
INFO: [ app_begin ] --START--
INFO: Run Behavior\ReadHtmlCacheBehavior [ RunTime:0.008613s ]
INFO: [ app_begin ] --END-- [ RunTime:0.008775s ]
NOTIC: [8] A session had already been started - ignoring session_start() D:\wamp\www\oldmanage\ThinkPHP\Common\functions.php 第 1191 行.
NOTIC: [8] Undefined index: bfb7aad3955aa076e7027a523ffd56f2 D:\wamp\www\oldmanage\ThinkPHP\Library\Org\Util\Rbac.class.php 第 170 行.
INFO: [ view_parse ] --START--
INFO: [ template_filter ] --START--
INFO: Run Behavior\ContentReplaceBehavior [ RunTime:0.000069s ]
INFO: [ template_filter ] --END-- [ RunTime:0.000171s ]
INFO: Run Behavior\ParseTemplateBehavior [ RunTime:0.056436s ]
INFO: [ view_parse ] --END-- [ RunTime:0.056567s ]
INFO: [ view_filter ] --START--
INFO: Run Behavior\WriteHtmlCacheBehavior [ RunTime:0.011464s ]
INFO: [ view_filter ] --END-- [ RunTime:0.011564s ]

[ 2014-10-25T17:01:18+08:00 ] 127.0.0.1 /oldmanage/index.php/Admin/Other/question
INFO: [ app_init ] --START--
INFO: Run Behavior\BuildLiteBehavior [ RunTime:0.000024s ]
INFO: [ app_init ] --END-- [ RunTime:0.002317s ]
INFO: [ app_begin ] --START--
INFO: Run Behavior\ReadHtmlCacheBehavior [ RunTime:0.009894s ]
INFO: [ app_begin ] --END-- [ RunTime:0.010029s ]
NOTIC: [8] A session had already been started - ignoring session_start() D:\wamp\www\oldmanage\ThinkPHP\Common\functions.php 第 1191 行.
NOTIC: [8] Undefined index: b08effe7a776cea693fa5ba73aa17a68 D:\wamp\www\oldmanage\ThinkPHP\Library\Org\Util\Rbac.class.php 第 170 行.
INFO: [ view_parse ] --START--
INFO: [ template_filter ] --START--
INFO: Run Behavior\ContentReplaceBehavior [ RunTime:0.000077s ]
INFO: [ template_filter ] --END-- [ RunTime:0.000200s ]
INFO: Run Behavior\ParseTemplateBehavior [ RunTime:0.036782s ]
INFO: [ view_parse ] --END-- [ RunTime:0.036900s ]
INFO: [ view_filter ] --START--
INFO: Run Behavior\WriteHtmlCacheBehavior [ RunTime:0.007673s ]
INFO: [ view_filter ] --END-- [ RunTime:0.007767s ]

[ 2014-10-25T17:01:23+08:00 ] 127.0.0.1 /oldmanage/index.php/Admin/Work/index
INFO: [ app_init ] --START--
INFO: Run Behavior\BuildLiteBehavior [ RunTime:0.000024s ]
INFO: [ app_init ] --END-- [ RunTime:0.002402s ]
INFO: [ app_begin ] --START--
INFO: Run Behavior\ReadHtmlCacheBehavior [ RunTime:0.007766s ]
INFO: [ app_begin ] --END-- [ RunTime:0.007879s ]
NOTIC: [8] A session had already been started - ignoring session_start() D:\wamp\www\oldmanage\ThinkPHP\Common\functions.php 第 1191 行.
NOTIC: [8] Undefined index: 5ebdb3a0289a3e611d38ca481a47957b D:\wamp\www\oldmanage\ThinkPHP\Library\Org\Util\Rbac.class.php 第 170 行.
SQL: SHOW COLUMNS FROM `user` [ RunTime:0.020232s ]
SQL: SELECT `id`,`username`,`logintime`,`loginip`,`lock` FROM `user` WHERE `id` = 29  [ RunTime:0.000268s ]
SQL: SHOW COLUMNS FROM `role` [ RunTime:0.004725s ]
NOTIC: [8] Undefined index: mapping_order D:\wamp\www\oldmanage\ThinkPHP\Library\Think\Model\RelationModel.class.php 第 186 行.
NOTIC: [8] Undefined index: mapping_limit D:\wamp\www\oldmanage\ThinkPHP\Library\Think\Model\RelationModel.class.php 第 187 行.
SQL: SELECT b.id, name, remark FROM role_user AS a, role AS b WHERE a.role_id = b.id AND a. user_id='29' [ RunTime:0.000195s ]
SQL: SHOW COLUMNS FROM `apartment` [ RunTime:0.004258s ]
NOTIC: [8] Undefined index: mapping_order D:\wamp\www\oldmanage\ThinkPHP\Library\Think\Model\RelationModel.class.php 第 186 行.
NOTIC: [8] Undefined index: mapping_limit D:\wamp\www\oldmanage\ThinkPHP\Library\Think\Model\RelationModel.class.php 第 187 行.
SQL: SELECT b.id, name FROM apart_user AS a, apartment AS b WHERE a.apart_id = b.id AND a. user_id='29' [ RunTime:0.000132s ]
SQL: SHOW COLUMNS FROM `level` [ RunTime:0.004543s ]
NOTIC: [8] Undefined index: mapping_order D:\wamp\www\oldmanage\ThinkPHP\Library\Think\Model\RelationModel.class.php 第 186 行.
NOTIC: [8] Undefined index: mapping_limit D:\wamp\www\oldmanage\ThinkPHP\Library\Think\Model\RelationModel.class.php 第 187 行.
SQL: SELECT b.id, name FROM level_user AS a, level AS b WHERE a.level_id = b.id AND a. user_id='29' [ RunTime:0.000208s ]
SQL: SHOW COLUMNS FROM `work` [ RunTime:0.004352s ]
NOTIC: [8] Undefined index: mapping_order D:\wamp\www\oldmanage\ThinkPHP\Library\Think\Model\RelationModel.class.php 第 186 行.
NOTIC: [8] Undefined index: mapping_limit D:\wamp\www\oldmanage\ThinkPHP\Library\Think\Model\RelationModel.class.php 第 187 行.
SQL: SELECT b.id, title, content, deadline FROM work_user AS a, work AS b WHERE a.work_id = b.id AND a. user_id='29' [ RunTime:0.000251s ]
SQL: SHOW COLUMNS FROM `apartment` [ RunTime:0.004984s ]
SQL: SELECT `id`,`name`,`status` FROM `apartment` WHERE `id` = 3  [ RunTime:0.000538s ]
NOTIC: [8] Undefined index: mapping_order D:\wamp\www\oldmanage\ThinkPHP\Library\Think\Model\RelationModel.class.php 第 186 行.
NOTIC: [8] Undefined index: mapping_limit D:\wamp\www\oldmanage\ThinkPHP\Library\Think\Model\RelationModel.class.php 第 187 行.
SQL: SELECT b.id, title, content, deadline FROM apart_work AS a, work AS b WHERE a.work_id = b.id AND a. apart_id='3' [ RunTime:0.000670s ]
SQL: SHOW COLUMNS FROM `user` [ RunTime:0.005802s ]
NOTIC: [8] Undefined index: mapping_order D:\wamp\www\oldmanage\ThinkPHP\Library\Think\Model\RelationModel.class.php 第 186 行.
NOTIC: [8] Undefined index: mapping_limit D:\wamp\www\oldmanage\ThinkPHP\Library\Think\Model\RelationModel.class.php 第 187 行.
SQL: SELECT b.id, username FROM apart_user AS a, user AS b WHERE a.user_id = b.id AND a. apart_id='3' [ RunTime:0.000650s ]
SQL: SHOW COLUMNS FROM `notice` [ RunTime:0.004335s ]
NOTIC: [8] Undefined index: mapping_order D:\wamp\www\oldmanage\ThinkPHP\Library\Think\Model\RelationModel.class.php 第 186 行.
NOTIC: [8] Undefined index: mapping_limit D:\wamp\www\oldmanage\ThinkPHP\Library\Think\Model\RelationModel.class.php 第 187 行.
SQL: SELECT b.id, title, content, createtime FROM apart_notice AS a, notice AS b WHERE a.notice_id = b.id AND a. apart_id='3' [ RunTime:0.000754s ]
INFO: [ view_parse ] --START--
INFO: [ template_filter ] --START--
INFO: Run Behavior\ContentReplaceBehavior [ RunTime:0.000067s ]
INFO: [ template_filter ] --END-- [ RunTime:0.000160s ]
INFO: Run Behavior\ParseTemplateBehavior [ RunTime:0.056960s ]
INFO: [ view_parse ] --END-- [ RunTime:0.057093s ]
INFO: [ view_filter ] --START--
INFO: Run Behavior\WriteHtmlCacheBehavior [ RunTime:0.007472s ]
INFO: [ view_filter ] --END-- [ RunTime:0.007557s ]
INFO: [ app_end ] --START--
INFO: Run Behavior\ShowPageTraceBehavior [ RunTime:0.008095s ]
INFO: [ app_end ] --END-- [ RunTime:0.008195s ]

[ 2014-10-25T17:01:26+08:00 ] 127.0.0.1 /oldmanage/index.php/Admin/Work/subedWork/work_id/67
INFO: [ app_init ] --START--
INFO: Run Behavior\BuildLiteBehavior [ RunTime:0.000023s ]
INFO: [ app_init ] --END-- [ RunTime:0.002394s ]
INFO: [ app_begin ] --START--
INFO: Run Behavior\ReadHtmlCacheBehavior [ RunTime:0.007962s ]
INFO: [ app_begin ] --END-- [ RunTime:0.008088s ]
NOTIC: [8] A session had already been started - ignoring session_start() D:\wamp\www\oldmanage\ThinkPHP\Common\functions.php 第 1191 行.
SQL: SHOW COLUMNS FROM `work_up` [ RunTime:0.004852s ]
SQL: SELECT * FROM `work_up` LEFT JOIN user ON work_up.user_id = user.id  WHERE ( work_id = 67 )  [ RunTime:0.000525s ]
INFO: [ view_parse ] --START--
INFO: [ template_filter ] --START--
INFO: Run Behavior\ContentReplaceBehavior [ RunTime:0.000067s ]
INFO: [ template_filter ] --END-- [ RunTime:0.000158s ]
NOTIC: [8] Undefined variable: savepath D:\wamp\www\oldmanage\App\Runtime\Cache\Admin\e871aa78ffd4c53fd12e33f664a62208.php 第 21 行.
INFO: Run Behavior\ParseTemplateBehavior [ RunTime:0.071988s ]
INFO: [ view_parse ] --END-- [ RunTime:0.072084s ]
INFO: [ view_filter ] --START--
INFO: Run Behavior\WriteHtmlCacheBehavior [ RunTime:0.007797s ]
INFO: [ view_filter ] --END-- [ RunTime:0.007892s ]
INFO: [ app_end ] --START--
INFO: Run Behavior\ShowPageTraceBehavior [ RunTime:0.007693s ]
INFO: [ app_end ] --END-- [ RunTime:0.007775s ]

[ 2014-10-25T17:01:32+08:00 ] 127.0.0.1 /oldmanage/index.php/Admin/Work/downWork/vid/14
INFO: [ app_init ] --START--
INFO: Run Behavior\BuildLiteBehavior [ RunTime:0.000024s ]
INFO: [ app_init ] --END-- [ RunTime:0.002467s ]
INFO: [ app_begin ] --START--
INFO: Run Behavior\ReadHtmlCacheBehavior [ RunTime:0.008918s ]
INFO: [ app_begin ] --END-- [ RunTime:0.009044s ]
NOTIC: [8] A session had already been started - ignoring session_start() D:\wamp\www\oldmanage\ThinkPHP\Common\functions.php 第 1191 行.
SQL: SHOW COLUMNS FROM `work_up` [ RunTime:0.004388s ]
SQL: SELECT `savepath` FROM `work_up` WHERE ( work_up_id = 14 ) LIMIT 1   [ RunTime:0.000440s ]
NOTIC: [2] readfile(): Unable to access 2014-09-13/1410589181.zip D:\wamp\www\oldmanage\App\Admin\Common\function.php 第 34 行.
NOTIC: [2] readfile(2014-09-13/1410589181.zip): failed to open stream: No such file or directory D:\wamp\www\oldmanage\App\Admin\Common\function.php 第 34 行.

[ 2014-10-25T17:01:46+08:00 ] 127.0.0.1 /oldmanage/index.php/Admin/Work/index
INFO: [ app_init ] --START--
INFO: Run Behavior\BuildLiteBehavior [ RunTime:0.000023s ]
INFO: [ app_init ] --END-- [ RunTime:0.002357s ]
INFO: [ app_begin ] --START--
INFO: Run Behavior\ReadHtmlCacheBehavior [ RunTime:0.007867s ]
INFO: [ app_begin ] --END-- [ RunTime:0.008003s ]
NOTIC: [8] A session had already been started - ignoring session_start() D:\wamp\www\oldmanage\ThinkPHP\Common\functions.php 第 1191 行.
SQL: SHOW COLUMNS FROM `user` [ RunTime:0.004548s ]
SQL: SELECT `id`,`username`,`logintime`,`loginip`,`lock` FROM `user` WHERE `id` = 29  [ RunTime:0.000246s ]
SQL: SHOW COLUMNS FROM `role` [ RunTime:0.004701s ]
NOTIC: [8] Undefined index: mapping_order D:\wamp\www\oldmanage\ThinkPHP\Library\Think\Model\RelationModel.class.php 第 186 行.
NOTIC: [8] Undefined index: mapping_limit D:\wamp\www\oldmanage\ThinkPHP\Library\Think\Model\RelationModel.class.php 第 187 行.
SQL: SELECT b.id, name, remark FROM role_user AS a, role AS b WHERE a.role_id = b.id AND a. user_id='29' [ RunTime:0.000199s ]
SQL: SHOW COLUMNS FROM `apartment` [ RunTime:0.004434s ]
NOTIC: [8] Undefined index: mapping_order D:\wamp\www\oldmanage\ThinkPHP\Library\Think\Model\RelationModel.class.php 第 186 行.
NOTIC: [8] Undefined index: mapping_limit D:\wamp\www\oldmanage\ThinkPHP\Library\Think\Model\RelationModel.class.php 第 187 行.
SQL: SELECT b.id, name FROM apart_user AS a, apartment AS b WHERE a.apart_id = b.id AND a. user_id='29' [ RunTime:0.000187s ]
SQL: SHOW COLUMNS FROM `level` [ RunTime:0.004501s ]
NOTIC: [8] Undefined index: mapping_order D:\wamp\www\oldmanage\ThinkPHP\Library\Think\Model\RelationModel.class.php 第 186 行.
NOTIC: [8] Undefined index: mapping_limit D:\wamp\www\oldmanage\ThinkPHP\Library\Think\Model\RelationModel.class.php 第 187 行.
SQL: SELECT b.id, name FROM level_user AS a, level AS b WHERE a.level_id = b.id AND a. user_id='29' [ RunTime:0.000163s ]
SQL: SHOW COLUMNS FROM `work` [ RunTime:0.006608s ]
NOTIC: [8] Undefined index: mapping_order D:\wamp\www\oldmanage\ThinkPHP\Library\Think\Model\RelationModel.class.php 第 186 行.
NOTIC: [8] Undefined index: mapping_limit D:\wamp\www\oldmanage\ThinkPHP\Library\Think\Model\RelationModel.class.php 第 187 行.
SQL: SELECT b.id, title, content, deadline FROM work_user AS a, work AS b WHERE a.work_id = b.id AND a. user_id='29' [ RunTime:0.000255s ]
SQL: SHOW COLUMNS FROM `apartment` [ RunTime:0.004508s ]
SQL: SELECT `id`,`name`,`status` FROM `apartment` WHERE `id` = 3  [ RunTime:0.000207s ]
NOTIC: [8] Undefined index: mapping_order D:\wamp\www\oldmanage\ThinkPHP\Library\Think\Model\RelationModel.class.php 第 186 行.
NOTIC: [8] Undefined index: mapping_limit D:\wamp\www\oldmanage\ThinkPHP\Library\Think\Model\RelationModel.class.php 第 187 行.
SQL: SELECT b.id, title, content, deadline FROM apart_work AS a, work AS b WHERE a.work_id = b.id AND a. apart_id='3' [ RunTime:0.000211s ]
SQL: SHOW COLUMNS FROM `user` [ RunTime:0.004694s ]
NOTIC: [8] Undefined index: mapping_order D:\wamp\www\oldmanage\ThinkPHP\Library\Think\Model\RelationModel.class.php 第 186 行.
NOTIC: [8] Undefined index: mapping_limit D:\wamp\www\oldmanage\ThinkPHP\Library\Think\Model\RelationModel.class.php 第 187 行.
SQL: SELECT b.id, username FROM apart_user AS a, user AS b WHERE a.user_id = b.id AND a. apart_id='3' [ RunTime:0.000197s ]
SQL: SHOW COLUMNS FROM `notice` [ RunTime:0.004576s ]
NOTIC: [8] Undefined index: mapping_order D:\wamp\www\oldmanage\ThinkPHP\Library\Think\Model\RelationModel.class.php 第 186 行.
NOTIC: [8] Undefined index: mapping_limit D:\wamp\www\oldmanage\ThinkPHP\Library\Think\Model\RelationModel.class.php 第 187 行.
SQL: SELECT b.id, title, content, createtime FROM apart_notice AS a, notice AS b WHERE a.notice_id = b.id AND a. apart_id='3' [ RunTime:0.000261s ]
INFO: [ view_parse ] --START--
INFO: [ template_filter ] --START--
INFO: Run Behavior\ContentReplaceBehavior [ RunTime:0.000066s ]
INFO: [ template_filter ] --END-- [ RunTime:0.000158s ]
INFO: Run Behavior\ParseTemplateBehavior [ RunTime:0.039455s ]
INFO: [ view_parse ] --END-- [ RunTime:0.039562s ]
INFO: [ view_filter ] --START--
INFO: Run Behavior\WriteHtmlCacheBehavior [ RunTime:0.007422s ]
INFO: [ view_filter ] --END-- [ RunTime:0.007504s ]
INFO: [ app_end ] --START--
INFO: Run Behavior\ShowPageTraceBehavior [ RunTime:0.007825s ]
INFO: [ app_end ] --END-- [ RunTime:0.007906s ]

[ 2014-10-25T17:01:50+08:00 ] 127.0.0.1 /oldmanage/index.php/Admin/Work/addWork
INFO: [ app_init ] --START--
INFO: Run Behavior\BuildLiteBehavior [ RunTime:0.000022s ]
INFO: [ app_init ] --END-- [ RunTime:0.002302s ]
INFO: [ app_begin ] --START--
INFO: Run Behavior\ReadHtmlCacheBehavior [ RunTime:0.007746s ]
INFO: [ app_begin ] --END-- [ RunTime:0.007867s ]
NOTIC: [8] A session had already been started - ignoring session_start() D:\wamp\www\oldmanage\ThinkPHP\Common\functions.php 第 1191 行.
NOTIC: [8] Undefined index: 20e7ca4a1ca0268a6f7cb222f01fbc02 D:\wamp\www\oldmanage\ThinkPHP\Library\Org\Util\Rbac.class.php 第 170 行.
SQL: SHOW COLUMNS FROM `apartment` [ RunTime:0.004464s ]
SQL: SELECT `id`,`name`,`status` FROM `apartment` WHERE `id` = 3  [ RunTime:0.000241s ]
SQL: SHOW COLUMNS FROM `work` [ RunTime:0.004715s ]
NOTIC: [8] Undefined index: mapping_order D:\wamp\www\oldmanage\ThinkPHP\Library\Think\Model\RelationModel.class.php 第 186 行.
NOTIC: [8] Undefined index: mapping_limit D:\wamp\www\oldmanage\ThinkPHP\Library\Think\Model\RelationModel.class.php 第 187 行.
SQL: SELECT b.id, title, content, deadline FROM apart_work AS a, work AS b WHERE a.work_id = b.id AND a. apart_id='3' [ RunTime:0.000287s ]
SQL: SHOW COLUMNS FROM `user` [ RunTime:0.004600s ]
NOTIC: [8] Undefined index: mapping_order D:\wamp\www\oldmanage\ThinkPHP\Library\Think\Model\RelationModel.class.php 第 186 行.
NOTIC: [8] Undefined index: mapping_limit D:\wamp\www\oldmanage\ThinkPHP\Library\Think\Model\RelationModel.class.php 第 187 行.
SQL: SELECT b.id, username FROM apart_user AS a, user AS b WHERE a.user_id = b.id AND a. apart_id='3' [ RunTime:0.000199s ]
SQL: SHOW COLUMNS FROM `notice` [ RunTime:0.004538s ]
NOTIC: [8] Undefined index: mapping_order D:\wamp\www\oldmanage\ThinkPHP\Library\Think\Model\RelationModel.class.php 第 186 行.
NOTIC: [8] Undefined index: mapping_limit D:\wamp\www\oldmanage\ThinkPHP\Library\Think\Model\RelationModel.class.php 第 187 行.
SQL: SELECT b.id, title, content, createtime FROM apart_notice AS a, notice AS b WHERE a.notice_id = b.id AND a. apart_id='3' [ RunTime:0.000237s ]
SQL: SHOW COLUMNS FROM `level` [ RunTime:0.004276s ]
SQL: SELECT * FROM `level`  [ RunTime:0.000365s ]
INFO: [ view_parse ] --START--
INFO: [ template_filter ] --START--
INFO: Run Behavior\ContentReplaceBehavior [ RunTime:0.000088s ]
INFO: [ template_filter ] --END-- [ RunTime:0.000247s ]
INFO: Run Behavior\ParseTemplateBehavior [ RunTime:0.122212s ]
INFO: [ view_parse ] --END-- [ RunTime:0.122348s ]
INFO: [ view_filter ] --START--
INFO: Run Behavior\WriteHtmlCacheBehavior [ RunTime:0.007900s ]
INFO: [ view_filter ] --END-- [ RunTime:0.007978s ]
INFO: [ app_end ] --START--
INFO: Run Behavior\ShowPageTraceBehavior [ RunTime:0.008571s ]
INFO: [ app_end ] --END-- [ RunTime:0.008704s ]

[ 2014-10-25T17:02:01+08:00 ] 127.0.0.1 /oldmanage/index.php/Admin/Work/addNotice
INFO: [ app_init ] --START--
INFO: Run Behavior\BuildLiteBehavior [ RunTime:0.000024s ]
INFO: [ app_init ] --END-- [ RunTime:0.002351s ]
INFO: [ app_begin ] --START--
INFO: Run Behavior\ReadHtmlCacheBehavior [ RunTime:0.007813s ]
INFO: [ app_begin ] --END-- [ RunTime:0.007940s ]
NOTIC: [8] A session had already been started - ignoring session_start() D:\wamp\www\oldmanage\ThinkPHP\Common\functions.php 第 1191 行.
NOTIC: [8] Undefined index: b5783510ea690d96a17ab9aa82a8aa50 D:\wamp\www\oldmanage\ThinkPHP\Library\Org\Util\Rbac.class.php 第 170 行.
SQL: SHOW COLUMNS FROM `notice` [ RunTime:0.004443s ]
SQL: SELECT * FROM `notice` LEFT JOIN apart_notice ON apart_notice.notice_id = notice.id  WHERE `apart_id` = '3' ORDER BY id desc LIMIT 1   [ RunTime:0.000850s ]
INFO: [ view_parse ] --START--
INFO: [ template_filter ] --START--
INFO: Run Behavior\ContentReplaceBehavior [ RunTime:0.000071s ]
INFO: [ template_filter ] --END-- [ RunTime:0.000164s ]
INFO: Run Behavior\ParseTemplateBehavior [ RunTime:0.077442s ]
INFO: [ view_parse ] --END-- [ RunTime:0.077590s ]
INFO: [ view_filter ] --START--
INFO: Run Behavior\WriteHtmlCacheBehavior [ RunTime:0.008162s ]
INFO: [ view_filter ] --END-- [ RunTime:0.008261s ]
INFO: [ app_end ] --START--
INFO: Run Behavior\ShowPageTraceBehavior [ RunTime:0.008404s ]
INFO: [ app_end ] --END-- [ RunTime:0.008492s ]

[ 2014-10-25T17:02:04+08:00 ] 127.0.0.1 /oldmanage/index.php/Admin/Other/resource
INFO: [ app_init ] --START--
INFO: Run Behavior\BuildLiteBehavior [ RunTime:0.000023s ]
INFO: [ app_init ] --END-- [ RunTime:0.002518s ]
INFO: [ app_begin ] --START--
INFO: Run Behavior\ReadHtmlCacheBehavior [ RunTime:0.009585s ]
INFO: [ app_begin ] --END-- [ RunTime:0.009730s ]
NOTIC: [8] A session had already been started - ignoring session_start() D:\wamp\www\oldmanage\ThinkPHP\Common\functions.php 第 1191 行.
INFO: [ view_parse ] --START--
INFO: [ template_filter ] --START--
INFO: Run Behavior\ContentReplaceBehavior [ RunTime:0.000072s ]
INFO: [ template_filter ] --END-- [ RunTime:0.000179s ]
INFO: Run Behavior\ParseTemplateBehavior [ RunTime:0.048699s ]
INFO: [ view_parse ] --END-- [ RunTime:0.048832s ]
INFO: [ view_filter ] --START--
INFO: Run Behavior\WriteHtmlCacheBehavior [ RunTime:0.007697s ]
INFO: [ view_filter ] --END-- [ RunTime:0.007790s ]

[ 2014-10-25T17:02:06+08:00 ] 127.0.0.1 /oldmanage/index.php/Admin/Other/question
INFO: [ app_init ] --START--
INFO: Run Behavior\BuildLiteBehavior [ RunTime:0.000023s ]
INFO: [ app_init ] --END-- [ RunTime:0.002306s ]
INFO: [ app_begin ] --START--
INFO: Run Behavior\ReadHtmlCacheBehavior [ RunTime:0.007976s ]
INFO: [ app_begin ] --END-- [ RunTime:0.008109s ]
NOTIC: [8] A session had already been started - ignoring session_start() D:\wamp\www\oldmanage\ThinkPHP\Common\functions.php 第 1191 行.
INFO: [ view_parse ] --START--
INFO: [ template_filter ] --START--
INFO: Run Behavior\ContentReplaceBehavior [ RunTime:0.000070s ]
INFO: [ template_filter ] --END-- [ RunTime:0.000166s ]
INFO: Run Behavior\ParseTemplateBehavior [ RunTime:0.039535s ]
INFO: [ view_parse ] --END-- [ RunTime:0.039700s ]
INFO: [ view_filter ] --START--
INFO: Run Behavior\WriteHtmlCacheBehavior [ RunTime:0.009183s ]
INFO: [ view_filter ] --END-- [ RunTime:0.009282s ]

[ 2014-10-25T17:02:07+08:00 ] 127.0.0.1 /oldmanage/index.php/Admin/Rbac/index
INFO: [ app_init ] --START--
INFO: Run Behavior\BuildLiteBehavior [ RunTime:0.000023s ]
INFO: [ app_init ] --END-- [ RunTime:0.002434s ]
INFO: [ app_begin ] --START--
INFO: Run Behavior\ReadHtmlCacheBehavior [ RunTime:0.008404s ]
INFO: [ app_begin ] --END-- [ RunTime:0.008530s ]
NOTIC: [8] A session had already been started - ignoring session_start() D:\wamp\www\oldmanage\ThinkPHP\Common\functions.php 第 1191 行.
NOTIC: [8] Undefined index: 72936d70a0c84145425611570d406b3f D:\wamp\www\oldmanage\ThinkPHP\Library\Org\Util\Rbac.class.php 第 170 行.
SQL: SHOW COLUMNS FROM `user` [ RunTime:0.004456s ]
SQL: SELECT COUNT(*) AS tp_count FROM `user` LEFT JOIN user_dept_role ON user.user_id = user_dept_role.user_id LEFT JOIN role ON user_dept_role.role_id = role.id LEFT JOIN department ON user_dept_role.dept_id = department.dept_id  LIMIT 1   [ RunTime:0.001191s ]
ERR: 1146:Table 'manage.user_dept_role' doesn't exist
 [ SQL语句 ] : SELECT COUNT(*) AS tp_count FROM `user` LEFT JOIN user_dept_role ON user.user_id = user_dept_role.user_id LEFT JOIN role ON user_dept_role.role_id = role.id LEFT JOIN department ON user_dept_role.dept_id = department.dept_id  LIMIT 1  
SQL: SELECT * FROM `user` LEFT JOIN user_dept_role ON user.user_id = user_dept_role.user_id LEFT JOIN role ON user_dept_role.role_id = role.id LEFT JOIN department ON user_dept_role.dept_id = department.dept_id  LIMIT 0,7   [ RunTime:0.000998s ]
ERR: 1146:Table 'manage.user_dept_role' doesn't exist
 [ SQL语句 ] : SELECT * FROM `user` LEFT JOIN user_dept_role ON user.user_id = user_dept_role.user_id LEFT JOIN role ON user_dept_role.role_id = role.id LEFT JOIN department ON user_dept_role.dept_id = department.dept_id  LIMIT 0,7  

[ 2014-10-25T17:02:09+08:00 ] 127.0.0.1 /oldmanage/index.php/Admin/Rbac/role
INFO: [ app_init ] --START--
INFO: Run Behavior\BuildLiteBehavior [ RunTime:0.000023s ]
INFO: [ app_init ] --END-- [ RunTime:0.002355s ]
INFO: [ app_begin ] --START--
INFO: Run Behavior\ReadHtmlCacheBehavior [ RunTime:0.007764s ]
INFO: [ app_begin ] --END-- [ RunTime:0.007886s ]
NOTIC: [8] A session had already been started - ignoring session_start() D:\wamp\www\oldmanage\ThinkPHP\Common\functions.php 第 1191 行.
NOTIC: [8] Undefined index: 308bc99ce28c162758f41831a7af691f D:\wamp\www\oldmanage\ThinkPHP\Library\Org\Util\Rbac.class.php 第 170 行.
SQL: SHOW COLUMNS FROM `role` [ RunTime:0.004390s ]
SQL: SELECT * FROM `role`  [ RunTime:0.000348s ]
INFO: [ view_parse ] --START--
INFO: [ template_filter ] --START--
INFO: Run Behavior\ContentReplaceBehavior [ RunTime:0.000066s ]
INFO: [ template_filter ] --END-- [ RunTime:0.000156s ]
INFO: Run Behavior\ParseTemplateBehavior [ RunTime:0.047741s ]
INFO: [ view_parse ] --END-- [ RunTime:0.047873s ]
INFO: [ view_filter ] --START--
INFO: Run Behavior\WriteHtmlCacheBehavior [ RunTime:0.007589s ]
INFO: [ view_filter ] --END-- [ RunTime:0.007686s ]
INFO: [ app_end ] --START--
INFO: Run Behavior\ShowPageTraceBehavior [ RunTime:0.009663s ]
INFO: [ app_end ] --END-- [ RunTime:0.009770s ]

[ 2014-10-25T17:02:10+08:00 ] 127.0.0.1 /oldmanage/index.php/Admin/Rbac/index
INFO: [ app_init ] --START--
INFO: Run Behavior\BuildLiteBehavior [ RunTime:0.000023s ]
INFO: [ app_init ] --END-- [ RunTime:0.002353s ]
INFO: [ app_begin ] --START--
INFO: Run Behavior\ReadHtmlCacheBehavior [ RunTime:0.007840s ]
INFO: [ app_begin ] --END-- [ RunTime:0.007968s ]
NOTIC: [8] A session had already been started - ignoring session_start() D:\wamp\www\oldmanage\ThinkPHP\Common\functions.php 第 1191 行.
SQL: SHOW COLUMNS FROM `user` [ RunTime:0.004567s ]
SQL: SELECT COUNT(*) AS tp_count FROM `user` LEFT JOIN user_dept_role ON user.user_id = user_dept_role.user_id LEFT JOIN role ON user_dept_role.role_id = role.id LEFT JOIN department ON user_dept_role.dept_id = department.dept_id  LIMIT 1   [ RunTime:0.001444s ]
ERR: 1146:Table 'manage.user_dept_role' doesn't exist
 [ SQL语句 ] : SELECT COUNT(*) AS tp_count FROM `user` LEFT JOIN user_dept_role ON user.user_id = user_dept_role.user_id LEFT JOIN role ON user_dept_role.role_id = role.id LEFT JOIN department ON user_dept_role.dept_id = department.dept_id  LIMIT 1  
SQL: SELECT * FROM `user` LEFT JOIN user_dept_role ON user.user_id = user_dept_role.user_id LEFT JOIN role ON user_dept_role.role_id = role.id LEFT JOIN department ON user_dept_role.dept_id = department.dept_id  LIMIT 0,7   [ RunTime:0.000953s ]
ERR: 1146:Table 'manage.user_dept_role' doesn't exist
 [ SQL语句 ] : SELECT * FROM `user` LEFT JOIN user_dept_role ON user.user_id = user_dept_role.user_id LEFT JOIN role ON user_dept_role.role_id = role.id LEFT JOIN department ON user_dept_role.dept_id = department.dept_id  LIMIT 0,7  

[ 2014-10-25T17:02:11+08:00 ] 127.0.0.1 /oldmanage/index.php/Admin/Rbac/role
INFO: [ app_init ] --START--
INFO: Run Behavior\BuildLiteBehavior [ RunTime:0.000029s ]
INFO: [ app_init ] --END-- [ RunTime:0.005133s ]
INFO: [ app_begin ] --START--
INFO: Run Behavior\ReadHtmlCacheBehavior [ RunTime:0.008201s ]
INFO: [ app_begin ] --END-- [ RunTime:0.008330s ]
NOTIC: [8] A session had already been started - ignoring session_start() D:\wamp\www\oldmanage\ThinkPHP\Common\functions.php 第 1191 行.
SQL: SHOW COLUMNS FROM `role` [ RunTime:0.004481s ]
SQL: SELECT * FROM `role`  [ RunTime:0.000220s ]
INFO: [ view_parse ] --START--
INFO: [ template_filter ] --START--
INFO: Run Behavior\ContentReplaceBehavior [ RunTime:0.000069s ]
INFO: [ template_filter ] --END-- [ RunTime:0.000166s ]
INFO: Run Behavior\ParseTemplateBehavior [ RunTime:0.038761s ]
INFO: [ view_parse ] --END-- [ RunTime:0.038885s ]
INFO: [ view_filter ] --START--
INFO: Run Behavior\WriteHtmlCacheBehavior [ RunTime:0.007390s ]
INFO: [ view_filter ] --END-- [ RunTime:0.007458s ]
INFO: [ app_end ] --START--
INFO: Run Behavior\ShowPageTraceBehavior [ RunTime:0.007917s ]
INFO: [ app_end ] --END-- [ RunTime:0.008015s ]

[ 2014-10-25T17:04:50+08:00 ] 127.0.0.1 /oldmanage/index.php/Admin/Index/logout.html
INFO: [ app_init ] --START--
INFO: Run Behavior\BuildLiteBehavior [ RunTime:0.000023s ]
INFO: [ app_init ] --END-- [ RunTime:0.002397s ]
INFO: [ app_begin ] --START--
INFO: Run Behavior\ReadHtmlCacheBehavior [ RunTime:0.008670s ]
INFO: [ app_begin ] --END-- [ RunTime:0.008822s ]
NOTIC: [8] A session had already been started - ignoring session_start() D:\wamp\www\oldmanage\ThinkPHP\Common\functions.php 第 1191 行.

[ 2014-10-25T17:34:37+08:00 ] 127.0.0.1 /oldmanage/index.php/Admin/Index/index.html
INFO: [ app_init ] --START--
INFO: Run Behavior\BuildLiteBehavior [ RunTime:0.000022s ]
INFO: [ app_init ] --END-- [ RunTime:0.002364s ]
INFO: [ app_begin ] --START--
INFO: Run Behavior\ReadHtmlCacheBehavior [ RunTime:0.008166s ]
INFO: [ app_begin ] --END-- [ RunTime:0.008275s ]
NOTIC: [8] A session had already been started - ignoring session_start() D:\wamp\www\oldmanage\ThinkPHP\Common\functions.php 第 1191 行.
NOTIC: [8] Undefined index: 7195a62edfd11a40a68c77ff40ee98a6 D:\wamp\www\oldmanage\ThinkPHP\Library\Org\Util\Rbac.class.php 第 170 行.
INFO: [ view_parse ] --START--
INFO: [ template_filter ] --START--
INFO: Run Behavior\ContentReplaceBehavior [ RunTime:0.000077s ]
INFO: [ template_filter ] --END-- [ RunTime:0.000179s ]
INFO: Run Behavior\ParseTemplateBehavior [ RunTime:0.043648s ]
INFO: [ view_parse ] --END-- [ RunTime:0.043771s ]
INFO: [ view_filter ] --START--
INFO: Run Behavior\WriteHtmlCacheBehavior [ RunTime:0.007835s ]
INFO: [ view_filter ] --END-- [ RunTime:0.007903s ]
INFO: [ app_end ] --START--
INFO: Run Behavior\ShowPageTraceBehavior [ RunTime:0.008812s ]
INFO: [ app_end ] --END-- [ RunTime:0.008893s ]

[ 2014-10-25T17:34:37+08:00 ] 127.0.0.1 /oldmanage/index.php/Admin/Index/conf
INFO: [ app_init ] --START--
INFO: Run Behavior\BuildLiteBehavior [ RunTime:0.000055s ]
INFO: [ app_init ] --END-- [ RunTime:0.002862s ]
INFO: [ app_begin ] --START--
INFO: Run Behavior\ReadHtmlCacheBehavior [ RunTime:0.008309s ]
INFO: [ app_begin ] --END-- [ RunTime:0.008432s ]
NOTIC: [8] A session had already been started - ignoring session_start() D:\wamp\www\oldmanage\ThinkPHP\Common\functions.php 第 1191 行.
INFO: [ view_parse ] --START--
INFO: [ template_filter ] --START--
INFO: Run Behavior\ContentReplaceBehavior [ RunTime:0.000070s ]
INFO: [ template_filter ] --END-- [ RunTime:0.000173s ]
NOTIC: [8] Undefined variable: time D:\wamp\www\oldmanage\App\Runtime\Cache\Admin\e0852ee07e2cbe427a5bdfe411069bc0.php 第 36 行.
NOTIC: [8] Undefined variable: ip D:\wamp\www\oldmanage\App\Runtime\Cache\Admin\e0852ee07e2cbe427a5bdfe411069bc0.php 第 37 行.
INFO: Run Behavior\ParseTemplateBehavior [ RunTime:0.041898s ]
INFO: [ view_parse ] --END-- [ RunTime:0.041996s ]
INFO: [ view_filter ] --START--
INFO: Run Behavior\WriteHtmlCacheBehavior [ RunTime:0.008438s ]
INFO: [ view_filter ] --END-- [ RunTime:0.008520s ]
INFO: [ app_end ] --START--
INFO: Run Behavior\ShowPageTraceBehavior [ RunTime:0.010656s ]
INFO: [ app_end ] --END-- [ RunTime:0.010757s ]

[ 2014-10-25T17:34:41+08:00 ] 127.0.0.1 /oldmanage/index.php/Admin/Work/index
INFO: [ app_init ] --START--
INFO: Run Behavior\BuildLiteBehavior [ RunTime:0.000025s ]
INFO: [ app_init ] --END-- [ RunTime:0.003259s ]
INFO: [ app_begin ] --START--
INFO: Run Behavior\ReadHtmlCacheBehavior [ RunTime:0.008736s ]
INFO: [ app_begin ] --END-- [ RunTime:0.008978s ]
NOTIC: [8] A session had already been started - ignoring session_start() D:\wamp\www\oldmanage\ThinkPHP\Common\functions.php 第 1191 行.
NOTIC: [8] Undefined index: 5ebdb3a0289a3e611d38ca481a47957b D:\wamp\www\oldmanage\ThinkPHP\Library\Org\Util\Rbac.class.php 第 170 行.
SQL: SHOW COLUMNS FROM `user` [ RunTime:0.006602s ]
SQL: SELECT `id`,`username`,`logintime`,`loginip`,`lock` FROM `user` WHERE `id` = 29  [ RunTime:0.000240s ]
SQL: SHOW COLUMNS FROM `role` [ RunTime:0.004797s ]
NOTIC: [8] Undefined index: mapping_order D:\wamp\www\oldmanage\ThinkPHP\Library\Think\Model\RelationModel.class.php 第 186 行.
NOTIC: [8] Undefined index: mapping_limit D:\wamp\www\oldmanage\ThinkPHP\Library\Think\Model\RelationModel.class.php 第 187 行.
SQL: SELECT b.id, name, remark FROM role_user AS a, role AS b WHERE a.role_id = b.id AND a. user_id='29' [ RunTime:0.000191s ]
SQL: SHOW COLUMNS FROM `apartment` [ RunTime:0.005241s ]
NOTIC: [8] Undefined index: mapping_order D:\wamp\www\oldmanage\ThinkPHP\Library\Think\Model\RelationModel.class.php 第 186 行.
NOTIC: [8] Undefined index: mapping_limit D:\wamp\www\oldmanage\ThinkPHP\Library\Think\Model\RelationModel.class.php 第 187 行.
SQL: SELECT b.id, name FROM apart_user AS a, apartment AS b WHERE a.apart_id = b.id AND a. user_id='29' [ RunTime:0.000195s ]
SQL: SHOW COLUMNS FROM `level` [ RunTime:0.004810s ]
NOTIC: [8] Undefined index: mapping_order D:\wamp\www\oldmanage\ThinkPHP\Library\Think\Model\RelationModel.class.php 第 186 行.
NOTIC: [8] Undefined index: mapping_limit D:\wamp\www\oldmanage\ThinkPHP\Library\Think\Model\RelationModel.class.php 第 187 行.
SQL: SELECT b.id, name FROM level_user AS a, level AS b WHERE a.level_id = b.id AND a. user_id='29' [ RunTime:0.000198s ]
SQL: SHOW COLUMNS FROM `work` [ RunTime:0.004130s ]
NOTIC: [8] Undefined index: mapping_order D:\wamp\www\oldmanage\ThinkPHP\Library\Think\Model\RelationModel.class.php 第 186 行.
NOTIC: [8] Undefined index: mapping_limit D:\wamp\www\oldmanage\ThinkPHP\Library\Think\Model\RelationModel.class.php 第 187 行.
SQL: SELECT b.id, title, content, deadline FROM work_user AS a, work AS b WHERE a.work_id = b.id AND a. user_id='29' [ RunTime:0.000162s ]
SQL: SHOW COLUMNS FROM `apartment` [ RunTime:0.004298s ]
SQL: SELECT `id`,`name`,`status` FROM `apartment` WHERE `id` = 3  [ RunTime:0.000156s ]
NOTIC: [8] Undefined index: mapping_order D:\wamp\www\oldmanage\ThinkPHP\Library\Think\Model\RelationModel.class.php 第 186 行.
NOTIC: [8] Undefined index: mapping_limit D:\wamp\www\oldmanage\ThinkPHP\Library\Think\Model\RelationModel.class.php 第 187 行.
SQL: SELECT b.id, title, content, deadline FROM apart_work AS a, work AS b WHERE a.work_id = b.id AND a. apart_id='3' [ RunTime:0.000154s ]
SQL: SHOW COLUMNS FROM `user` [ RunTime:0.004448s ]
NOTIC: [8] Undefined index: mapping_order D:\wamp\www\oldmanage\ThinkPHP\Library\Think\Model\RelationModel.class.php 第 186 行.
NOTIC: [8] Undefined index: mapping_limit D:\wamp\www\oldmanage\ThinkPHP\Library\Think\Model\RelationModel.class.php 第 187 行.
SQL: SELECT b.id, username FROM apart_user AS a, user AS b WHERE a.user_id = b.id AND a. apart_id='3' [ RunTime:0.000568s ]
SQL: SHOW COLUMNS FROM `notice` [ RunTime:0.004527s ]
NOTIC: [8] Undefined index: mapping_order D:\wamp\www\oldmanage\ThinkPHP\Library\Think\Model\RelationModel.class.php 第 186 行.
NOTIC: [8] Undefined index: mapping_limit D:\wamp\www\oldmanage\ThinkPHP\Library\Think\Model\RelationModel.class.php 第 187 行.
SQL: SELECT b.id, title, content, createtime FROM apart_notice AS a, notice AS b WHERE a.notice_id = b.id AND a. apart_id='3' [ RunTime:0.000220s ]
INFO: [ view_parse ] --START--
INFO: [ template_filter ] --START--
INFO: Run Behavior\ContentReplaceBehavior [ RunTime:0.000066s ]
INFO: [ template_filter ] --END-- [ RunTime:0.000203s ]
INFO: Run Behavior\ParseTemplateBehavior [ RunTime:0.039820s ]
INFO: [ view_parse ] --END-- [ RunTime:0.039920s ]
INFO: [ view_filter ] --START--
INFO: Run Behavior\WriteHtmlCacheBehavior [ RunTime:0.007755s ]
INFO: [ view_filter ] --END-- [ RunTime:0.007825s ]
INFO: [ app_end ] --START--
INFO: Run Behavior\ShowPageTraceBehavior [ RunTime:0.008097s ]
INFO: [ app_end ] --END-- [ RunTime:0.008233s ]

[ 2014-10-25T17:34:52+08:00 ] 127.0.0.1 /oldmanage/index.php/Admin/Work/subedWork/work_id/73
INFO: [ app_init ] --START--
INFO: Run Behavior\BuildLiteBehavior [ RunTime:0.000023s ]
INFO: [ app_init ] --END-- [ RunTime:0.002977s ]
INFO: [ app_begin ] --START--
INFO: Run Behavior\ReadHtmlCacheBehavior [ RunTime:0.009102s ]
INFO: [ app_begin ] --END-- [ RunTime:0.009214s ]
NOTIC: [8] A session had already been started - ignoring session_start() D:\wamp\www\oldmanage\ThinkPHP\Common\functions.php 第 1191 行.
SQL: SHOW COLUMNS FROM `work_up` [ RunTime:0.005409s ]
SQL: SELECT * FROM `work_up` LEFT JOIN user ON work_up.user_id = user.id  WHERE ( work_id = 73 )  [ RunTime:0.000485s ]
INFO: [ view_parse ] --START--
INFO: [ template_filter ] --START--
INFO: Run Behavior\ContentReplaceBehavior [ RunTime:0.000067s ]
INFO: [ template_filter ] --END-- [ RunTime:0.000159s ]
INFO: Run Behavior\ParseTemplateBehavior [ RunTime:0.042550s ]
INFO: [ view_parse ] --END-- [ RunTime:0.042740s ]
INFO: [ view_filter ] --START--
INFO: Run Behavior\WriteHtmlCacheBehavior [ RunTime:0.008256s ]
INFO: [ view_filter ] --END-- [ RunTime:0.008330s ]
INFO: [ app_end ] --START--
INFO: Run Behavior\ShowPageTraceBehavior [ RunTime:0.008993s ]
INFO: [ app_end ] --END-- [ RunTime:0.009077s ]

[ 2014-10-25T17:34:56+08:00 ] 127.0.0.1 /oldmanage/index.php/Admin/Work/index
INFO: [ app_init ] --START--
INFO: Run Behavior\BuildLiteBehavior [ RunTime:0.000085s ]
INFO: [ app_init ] --END-- [ RunTime:0.002473s ]
INFO: [ app_begin ] --START--
INFO: Run Behavior\ReadHtmlCacheBehavior [ RunTime:0.008869s ]
INFO: [ app_begin ] --END-- [ RunTime:0.008986s ]
NOTIC: [8] A session had already been started - ignoring session_start() D:\wamp\www\oldmanage\ThinkPHP\Common\functions.php 第 1191 行.
SQL: SHOW COLUMNS FROM `user` [ RunTime:0.004330s ]
SQL: SELECT `id`,`username`,`logintime`,`loginip`,`lock` FROM `user` WHERE `id` = 29  [ RunTime:0.000218s ]
SQL: SHOW COLUMNS FROM `role` [ RunTime:0.005079s ]
NOTIC: [8] Undefined index: mapping_order D:\wamp\www\oldmanage\ThinkPHP\Library\Think\Model\RelationModel.class.php 第 186 行.
NOTIC: [8] Undefined index: mapping_limit D:\wamp\www\oldmanage\ThinkPHP\Library\Think\Model\RelationModel.class.php 第 187 行.
SQL: SELECT b.id, name, remark FROM role_user AS a, role AS b WHERE a.role_id = b.id AND a. user_id='29' [ RunTime:0.000198s ]
SQL: SHOW COLUMNS FROM `apartment` [ RunTime:0.004374s ]
NOTIC: [8] Undefined index: mapping_order D:\wamp\www\oldmanage\ThinkPHP\Library\Think\Model\RelationModel.class.php 第 186 行.
NOTIC: [8] Undefined index: mapping_limit D:\wamp\www\oldmanage\ThinkPHP\Library\Think\Model\RelationModel.class.php 第 187 行.
SQL: SELECT b.id, name FROM apart_user AS a, apartment AS b WHERE a.apart_id = b.id AND a. user_id='29' [ RunTime:0.000185s ]
SQL: SHOW COLUMNS FROM `level` [ RunTime:0.004370s ]
NOTIC: [8] Undefined index: mapping_order D:\wamp\www\oldmanage\ThinkPHP\Library\Think\Model\RelationModel.class.php 第 186 行.
NOTIC: [8] Undefined index: mapping_limit D:\wamp\www\oldmanage\ThinkPHP\Library\Think\Model\RelationModel.class.php 第 187 行.
SQL: SELECT b.id, name FROM level_user AS a, level AS b WHERE a.level_id = b.id AND a. user_id='29' [ RunTime:0.000186s ]
SQL: SHOW COLUMNS FROM `work` [ RunTime:0.004350s ]
NOTIC: [8] Undefined index: mapping_order D:\wamp\www\oldmanage\ThinkPHP\Library\Think\Model\RelationModel.class.php 第 186 行.
NOTIC: [8] Undefined index: mapping_limit D:\wamp\www\oldmanage\ThinkPHP\Library\Think\Model\RelationModel.class.php 第 187 行.
SQL: SELECT b.id, title, content, deadline FROM work_user AS a, work AS b WHERE a.work_id = b.id AND a. user_id='29' [ RunTime:0.000181s ]
SQL: SHOW COLUMNS FROM `apartment` [ RunTime:0.004428s ]
SQL: SELECT `id`,`name`,`status` FROM `apartment` WHERE `id` = 3  [ RunTime:0.000211s ]
NOTIC: [8] Undefined index: mapping_order D:\wamp\www\oldmanage\ThinkPHP\Library\Think\Model\RelationModel.class.php 第 186 行.
NOTIC: [8] Undefined index: mapping_limit D:\wamp\www\oldmanage\ThinkPHP\Library\Think\Model\RelationModel.class.php 第 187 行.
SQL: SELECT b.id, title, content, deadline FROM apart_work AS a, work AS b WHERE a.work_id = b.id AND a. apart_id='3' [ RunTime:0.000184s ]
SQL: SHOW COLUMNS FROM `user` [ RunTime:0.004576s ]
NOTIC: [8] Undefined index: mapping_order D:\wamp\www\oldmanage\ThinkPHP\Library\Think\Model\RelationModel.class.php 第 186 行.
NOTIC: [8] Undefined index: mapping_limit D:\wamp\www\oldmanage\ThinkPHP\Library\Think\Model\RelationModel.class.php 第 187 行.
SQL: SELECT b.id, username FROM apart_user AS a, user AS b WHERE a.user_id = b.id AND a. apart_id='3' [ RunTime:0.000209s ]
SQL: SHOW COLUMNS FROM `notice` [ RunTime:0.004402s ]
NOTIC: [8] Undefined index: mapping_order D:\wamp\www\oldmanage\ThinkPHP\Library\Think\Model\RelationModel.class.php 第 186 行.
NOTIC: [8] Undefined index: mapping_limit D:\wamp\www\oldmanage\ThinkPHP\Library\Think\Model\RelationModel.class.php 第 187 行.
SQL: SELECT b.id, title, content, createtime FROM apart_notice AS a, notice AS b WHERE a.notice_id = b.id AND a. apart_id='3' [ RunTime:0.000240s ]
INFO: [ view_parse ] --START--
INFO: [ template_filter ] --START--
INFO: Run Behavior\ContentReplaceBehavior [ RunTime:0.000067s ]
INFO: [ template_filter ] --END-- [ RunTime:0.000158s ]
INFO: Run Behavior\ParseTemplateBehavior [ RunTime:0.037763s ]
INFO: [ view_parse ] --END-- [ RunTime:0.037866s ]
INFO: [ view_filter ] --START--
INFO: Run Behavior\WriteHtmlCacheBehavior [ RunTime:0.007665s ]
INFO: [ view_filter ] --END-- [ RunTime:0.007758s ]
INFO: [ app_end ] --START--
INFO: Run Behavior\ShowPageTraceBehavior [ RunTime:0.007691s ]
INFO: [ app_end ] --END-- [ RunTime:0.007765s ]

[ 2014-10-25T17:34:58+08:00 ] 127.0.0.1 /oldmanage/index.php/Admin/Work/subedWork/work_id/67
INFO: [ app_init ] --START--
INFO: Run Behavior\BuildLiteBehavior [ RunTime:0.000021s ]
INFO: [ app_init ] --END-- [ RunTime:0.002270s ]
INFO: [ app_begin ] --START--
INFO: Run Behavior\ReadHtmlCacheBehavior [ RunTime:0.007841s ]
INFO: [ app_begin ] --END-- [ RunTime:0.007977s ]
NOTIC: [8] A session had already been started - ignoring session_start() D:\wamp\www\oldmanage\ThinkPHP\Common\functions.php 第 1191 行.
SQL: SHOW COLUMNS FROM `work_up` [ RunTime:0.004919s ]
SQL: SELECT * FROM `work_up` LEFT JOIN user ON work_up.user_id = user.id  WHERE ( work_id = 67 )  [ RunTime:0.000510s ]
INFO: [ view_parse ] --START--
INFO: [ template_filter ] --START--
INFO: Run Behavior\ContentReplaceBehavior [ RunTime:0.000067s ]
INFO: [ template_filter ] --END-- [ RunTime:0.000159s ]
NOTIC: [8] Undefined variable: savepath D:\wamp\www\oldmanage\App\Runtime\Cache\Admin\e871aa78ffd4c53fd12e33f664a62208.php 第 21 行.
INFO: Run Behavior\ParseTemplateBehavior [ RunTime:0.038050s ]
INFO: [ view_parse ] --END-- [ RunTime:0.038139s ]
INFO: [ view_filter ] --START--
INFO: Run Behavior\WriteHtmlCacheBehavior [ RunTime:0.007352s ]
INFO: [ view_filter ] --END-- [ RunTime:0.007423s ]
INFO: [ app_end ] --START--
INFO: Run Behavior\ShowPageTraceBehavior [ RunTime:0.007704s ]
INFO: [ app_end ] --END-- [ RunTime:0.007789s ]

[ 2014-10-25T17:35:03+08:00 ] 127.0.0.1 /oldmanage/index.php/Admin/Work/downWork/vid/14
INFO: [ app_init ] --START--
INFO: Run Behavior\BuildLiteBehavior [ RunTime:0.000021s ]
INFO: [ app_init ] --END-- [ RunTime:0.002363s ]
INFO: [ app_begin ] --START--
INFO: Run Behavior\ReadHtmlCacheBehavior [ RunTime:0.007983s ]
INFO: [ app_begin ] --END-- [ RunTime:0.008082s ]
NOTIC: [8] A session had already been started - ignoring session_start() D:\wamp\www\oldmanage\ThinkPHP\Common\functions.php 第 1191 行.
SQL: SHOW COLUMNS FROM `work_up` [ RunTime:0.005122s ]
SQL: SELECT `savepath` FROM `work_up` WHERE ( work_up_id = 14 ) LIMIT 1   [ RunTime:0.000202s ]
NOTIC: [2] readfile(): Unable to access 2014-09-13/1410589181.zip D:\wamp\www\oldmanage\App\Admin\Common\function.php 第 34 行.
NOTIC: [2] readfile(2014-09-13/1410589181.zip): failed to open stream: No such file or directory D:\wamp\www\oldmanage\App\Admin\Common\function.php 第 34 行.

[ 2014-10-25T18:01:39+08:00 ] 127.0.0.1 /manage/index.php/Admin/Index/index.html
INFO: [ app_init ] --START--
INFO: Run Behavior\BuildLiteBehavior [ RunTime:0.000028s ]
INFO: [ app_init ] --END-- [ RunTime:0.010141s ]
INFO: [ app_begin ] --START--
INFO: Run Behavior\ReadHtmlCacheBehavior [ RunTime:0.026095s ]
INFO: [ app_begin ] --END-- [ RunTime:0.026231s ]
NOTIC: [8] A session had already been started - ignoring session_start() D:\wamp\www\manage\ThinkPHP\Common\functions.php 第 1191 行.
INFO: [ view_parse ] --START--
INFO: [ template_filter ] --START--
INFO: Run Behavior\ContentReplaceBehavior [ RunTime:0.000079s ]
INFO: [ template_filter ] --END-- [ RunTime:0.000182s ]
INFO: Run Behavior\ParseTemplateBehavior [ RunTime:0.173910s ]
INFO: [ view_parse ] --END-- [ RunTime:0.174050s ]
INFO: [ view_filter ] --START--
INFO: Run Behavior\WriteHtmlCacheBehavior [ RunTime:0.009572s ]
INFO: [ view_filter ] --END-- [ RunTime:0.009670s ]
INFO: [ app_end ] --START--
INFO: Run Behavior\ShowPageTraceBehavior [ RunTime:0.017030s ]
INFO: [ app_end ] --END-- [ RunTime:0.017134s ]

[ 2014-10-25T18:01:40+08:00 ] 127.0.0.1 /manage/index.php/Admin/Index/conf
INFO: [ app_init ] --START--
INFO: Run Behavior\BuildLiteBehavior [ RunTime:0.000027s ]
INFO: [ app_init ] --END-- [ RunTime:0.002846s ]
INFO: [ app_begin ] --START--
INFO: Run Behavior\ReadHtmlCacheBehavior [ RunTime:0.009934s ]
INFO: [ app_begin ] --END-- [ RunTime:0.010093s ]
NOTIC: [8] A session had already been started - ignoring session_start() D:\wamp\www\manage\ThinkPHP\Common\functions.php 第 1191 行.
INFO: [ view_parse ] --START--
INFO: [ template_filter ] --START--
INFO: Run Behavior\ContentReplaceBehavior [ RunTime:0.000070s ]
INFO: [ template_filter ] --END-- [ RunTime:0.000170s ]
NOTIC: [8] Undefined variable: time D:\wamp\www\manage\App\Runtime\Cache\Admin\e0852ee07e2cbe427a5bdfe411069bc0.php 第 36 行.
NOTIC: [8] Undefined variable: ip D:\wamp\www\manage\App\Runtime\Cache\Admin\e0852ee07e2cbe427a5bdfe411069bc0.php 第 37 行.
INFO: Run Behavior\ParseTemplateBehavior [ RunTime:0.097157s ]
INFO: [ view_parse ] --END-- [ RunTime:0.097318s ]
INFO: [ view_filter ] --START--
INFO: Run Behavior\WriteHtmlCacheBehavior [ RunTime:0.010833s ]
INFO: [ view_filter ] --END-- [ RunTime:0.010954s ]
INFO: [ app_end ] --START--
INFO: Run Behavior\ShowPageTraceBehavior [ RunTime:0.008696s ]
INFO: [ app_end ] --END-- [ RunTime:0.008826s ]

[ 2014-10-25T18:01:48+08:00 ] 127.0.0.1 /manage/index.php/Admin/Index/index.html
INFO: [ app_init ] --START--
INFO: Run Behavior\BuildLiteBehavior [ RunTime:0.000025s ]
INFO: [ app_init ] --END-- [ RunTime:0.002376s ]
INFO: [ app_begin ] --START--
INFO: Run Behavior\ReadHtmlCacheBehavior [ RunTime:0.007707s ]
INFO: [ app_begin ] --END-- [ RunTime:0.007820s ]
NOTIC: [8] A session had already been started - ignoring session_start() D:\wamp\www\manage\ThinkPHP\Common\functions.php 第 1191 行.
INFO: [ view_parse ] --START--
INFO: [ template_filter ] --START--
INFO: Run Behavior\ContentReplaceBehavior [ RunTime:0.000082s ]
INFO: [ template_filter ] --END-- [ RunTime:0.000190s ]
INFO: Run Behavior\ParseTemplateBehavior [ RunTime:0.039498s ]
INFO: [ view_parse ] --END-- [ RunTime:0.039631s ]
INFO: [ view_filter ] --START--
INFO: Run Behavior\WriteHtmlCacheBehavior [ RunTime:0.007713s ]
INFO: [ view_filter ] --END-- [ RunTime:0.007794s ]
INFO: [ app_end ] --START--
INFO: Run Behavior\ShowPageTraceBehavior [ RunTime:0.008220s ]
INFO: [ app_end ] --END-- [ RunTime:0.008296s ]

[ 2014-10-25T18:01:48+08:00 ] 127.0.0.1 /manage/index.php/Admin/Index/conf
INFO: [ app_init ] --START--
INFO: Run Behavior\BuildLiteBehavior [ RunTime:0.000024s ]
INFO: [ app_init ] --END-- [ RunTime:0.002412s ]
INFO: [ app_begin ] --START--
INFO: Run Behavior\ReadHtmlCacheBehavior [ RunTime:0.008271s ]
INFO: [ app_begin ] --END-- [ RunTime:0.008421s ]
NOTIC: [8] A session had already been started - ignoring session_start() D:\wamp\www\manage\ThinkPHP\Common\functions.php 第 1191 行.
INFO: [ view_parse ] --START--
INFO: [ template_filter ] --START--
INFO: Run Behavior\ContentReplaceBehavior [ RunTime:0.000068s ]
INFO: [ template_filter ] --END-- [ RunTime:0.000170s ]
NOTIC: [8] Undefined variable: time D:\wamp\www\manage\App\Runtime\Cache\Admin\e0852ee07e2cbe427a5bdfe411069bc0.php 第 36 行.
NOTIC: [8] Undefined variable: ip D:\wamp\www\manage\App\Runtime\Cache\Admin\e0852ee07e2cbe427a5bdfe411069bc0.php 第 37 行.
INFO: Run Behavior\ParseTemplateBehavior [ RunTime:0.040227s ]
INFO: [ view_parse ] --END-- [ RunTime:0.040339s ]
INFO: [ view_filter ] --START--
INFO: Run Behavior\WriteHtmlCacheBehavior [ RunTime:0.009873s ]
INFO: [ view_filter ] --END-- [ RunTime:0.009978s ]
INFO: [ app_end ] --START--
INFO: Run Behavior\ShowPageTraceBehavior [ RunTime:0.009075s ]
INFO: [ app_end ] --END-- [ RunTime:0.009178s ]

[ 2014-10-25T18:01:50+08:00 ] 127.0.0.1 /manage/index.php/Admin/Work/index
INFO: [ app_init ] --START--
INFO: Run Behavior\BuildLiteBehavior [ RunTime:0.000024s ]
INFO: [ app_init ] --END-- [ RunTime:0.002420s ]
INFO: [ app_begin ] --START--
INFO: Run Behavior\ReadHtmlCacheBehavior [ RunTime:0.008025s ]
INFO: [ app_begin ] --END-- [ RunTime:0.008153s ]
NOTIC: [8] A session had already been started - ignoring session_start() D:\wamp\www\manage\ThinkPHP\Common\functions.php 第 1191 行.
SQL: SHOW COLUMNS FROM `user` [ RunTime:0.043364s ]
SQL: SELECT `id`,`username`,`logintime`,`loginip`,`lock` FROM `user` WHERE `id` = 29  [ RunTime:0.000171s ]
SQL: SHOW COLUMNS FROM `role` [ RunTime:0.041958s ]
NOTIC: [8] Undefined index: mapping_order D:\wamp\www\manage\ThinkPHP\Library\Think\Model\RelationModel.class.php 第 186 行.
NOTIC: [8] Undefined index: mapping_limit D:\wamp\www\manage\ThinkPHP\Library\Think\Model\RelationModel.class.php 第 187 行.
SQL: SELECT b.id, name, remark FROM role_user AS a, role AS b WHERE a.role_id = b.id AND a. user_id='29' [ RunTime:0.000264s ]
SQL: SHOW COLUMNS FROM `apartment` [ RunTime:0.005163s ]
NOTIC: [8] Undefined index: mapping_order D:\wamp\www\manage\ThinkPHP\Library\Think\Model\RelationModel.class.php 第 186 行.
NOTIC: [8] Undefined index: mapping_limit D:\wamp\www\manage\ThinkPHP\Library\Think\Model\RelationModel.class.php 第 187 行.
SQL: SELECT b.id, name FROM apart_user AS a, apartment AS b WHERE a.apart_id = b.id AND a. user_id='29' [ RunTime:0.000330s ]
SQL: SHOW COLUMNS FROM `level` [ RunTime:0.005211s ]
NOTIC: [8] Undefined index: mapping_order D:\wamp\www\manage\ThinkPHP\Library\Think\Model\RelationModel.class.php 第 186 行.
NOTIC: [8] Undefined index: mapping_limit D:\wamp\www\manage\ThinkPHP\Library\Think\Model\RelationModel.class.php 第 187 行.
SQL: SELECT b.id, name FROM level_user AS a, level AS b WHERE a.level_id = b.id AND a. user_id='29' [ RunTime:0.000400s ]
SQL: SHOW COLUMNS FROM `work` [ RunTime:0.004932s ]
NOTIC: [8] Undefined index: mapping_order D:\wamp\www\manage\ThinkPHP\Library\Think\Model\RelationModel.class.php 第 186 行.
NOTIC: [8] Undefined index: mapping_limit D:\wamp\www\manage\ThinkPHP\Library\Think\Model\RelationModel.class.php 第 187 行.
SQL: SELECT b.id, title, content, deadline FROM work_user AS a, work AS b WHERE a.work_id = b.id AND a. user_id='29' [ RunTime:0.000196s ]
SQL: SHOW COLUMNS FROM `apartment` [ RunTime:0.004883s ]
SQL: SELECT `id`,`name`,`status` FROM `apartment` WHERE `id` = 3  [ RunTime:0.000172s ]
NOTIC: [8] Undefined index: mapping_order D:\wamp\www\manage\ThinkPHP\Library\Think\Model\RelationModel.class.php 第 186 行.
NOTIC: [8] Undefined index: mapping_limit D:\wamp\www\manage\ThinkPHP\Library\Think\Model\RelationModel.class.php 第 187 行.
SQL: SELECT b.id, title, content, deadline FROM apart_work AS a, work AS b WHERE a.work_id = b.id AND a. apart_id='3' [ RunTime:0.000246s ]
SQL: SHOW COLUMNS FROM `user` [ RunTime:0.004651s ]
NOTIC: [8] Undefined index: mapping_order D:\wamp\www\manage\ThinkPHP\Library\Think\Model\RelationModel.class.php 第 186 行.
NOTIC: [8] Undefined index: mapping_limit D:\wamp\www\manage\ThinkPHP\Library\Think\Model\RelationModel.class.php 第 187 行.
SQL: SELECT b.id, username FROM apart_user AS a, user AS b WHERE a.user_id = b.id AND a. apart_id='3' [ RunTime:0.000201s ]
SQL: SHOW COLUMNS FROM `notice` [ RunTime:0.005025s ]
NOTIC: [8] Undefined index: mapping_order D:\wamp\www\manage\ThinkPHP\Library\Think\Model\RelationModel.class.php 第 186 行.
NOTIC: [8] Undefined index: mapping_limit D:\wamp\www\manage\ThinkPHP\Library\Think\Model\RelationModel.class.php 第 187 行.
SQL: SELECT b.id, title, content, createtime FROM apart_notice AS a, notice AS b WHERE a.notice_id = b.id AND a. apart_id='3' [ RunTime:0.000365s ]
INFO: [ view_parse ] --START--
INFO: [ template_filter ] --START--
INFO: Run Behavior\ContentReplaceBehavior [ RunTime:0.000066s ]
INFO: [ template_filter ] --END-- [ RunTime:0.000161s ]
INFO: Run Behavior\ParseTemplateBehavior [ RunTime:0.043136s ]
INFO: [ view_parse ] --END-- [ RunTime:0.043243s ]
INFO: [ view_filter ] --START--
INFO: Run Behavior\WriteHtmlCacheBehavior [ RunTime:0.007933s ]
INFO: [ view_filter ] --END-- [ RunTime:0.008005s ]
INFO: [ app_end ] --START--
INFO: Run Behavior\ShowPageTraceBehavior [ RunTime:0.009282s ]
INFO: [ app_end ] --END-- [ RunTime:0.009403s ]

[ 2014-10-25T18:01:52+08:00 ] 127.0.0.1 /manage/index.php/Admin/Work/index
INFO: [ app_init ] --START--
INFO: Run Behavior\BuildLiteBehavior [ RunTime:0.000021s ]
INFO: [ app_init ] --END-- [ RunTime:0.002282s ]
INFO: [ app_begin ] --START--
INFO: Run Behavior\ReadHtmlCacheBehavior [ RunTime:0.007855s ]
INFO: [ app_begin ] --END-- [ RunTime:0.007953s ]
NOTIC: [8] A session had already been started - ignoring session_start() D:\wamp\www\manage\ThinkPHP\Common\functions.php 第 1191 行.
SQL: SHOW COLUMNS FROM `user` [ RunTime:0.004726s ]
SQL: SELECT `id`,`username`,`logintime`,`loginip`,`lock` FROM `user` WHERE `id` = 29  [ RunTime:0.000185s ]
SQL: SHOW COLUMNS FROM `role` [ RunTime:0.005129s ]
NOTIC: [8] Undefined index: mapping_order D:\wamp\www\manage\ThinkPHP\Library\Think\Model\RelationModel.class.php 第 186 行.
NOTIC: [8] Undefined index: mapping_limit D:\wamp\www\manage\ThinkPHP\Library\Think\Model\RelationModel.class.php 第 187 行.
SQL: SELECT b.id, name, remark FROM role_user AS a, role AS b WHERE a.role_id = b.id AND a. user_id='29' [ RunTime:0.000191s ]
SQL: SHOW COLUMNS FROM `apartment` [ RunTime:0.004595s ]
NOTIC: [8] Undefined index: mapping_order D:\wamp\www\manage\ThinkPHP\Library\Think\Model\RelationModel.class.php 第 186 行.
NOTIC: [8] Undefined index: mapping_limit D:\wamp\www\manage\ThinkPHP\Library\Think\Model\RelationModel.class.php 第 187 行.
SQL: SELECT b.id, name FROM apart_user AS a, apartment AS b WHERE a.apart_id = b.id AND a. user_id='29' [ RunTime:0.000197s ]
SQL: SHOW COLUMNS FROM `level` [ RunTime:0.004516s ]
NOTIC: [8] Undefined index: mapping_order D:\wamp\www\manage\ThinkPHP\Library\Think\Model\RelationModel.class.php 第 186 行.
NOTIC: [8] Undefined index: mapping_limit D:\wamp\www\manage\ThinkPHP\Library\Think\Model\RelationModel.class.php 第 187 行.
SQL: SELECT b.id, name FROM level_user AS a, level AS b WHERE a.level_id = b.id AND a. user_id='29' [ RunTime:0.000187s ]
SQL: SHOW COLUMNS FROM `work` [ RunTime:0.005969s ]
NOTIC: [8] Undefined index: mapping_order D:\wamp\www\manage\ThinkPHP\Library\Think\Model\RelationModel.class.php 第 186 行.
NOTIC: [8] Undefined index: mapping_limit D:\wamp\www\manage\ThinkPHP\Library\Think\Model\RelationModel.class.php 第 187 行.
SQL: SELECT b.id, title, content, deadline FROM work_user AS a, work AS b WHERE a.work_id = b.id AND a. user_id='29' [ RunTime:0.000198s ]
SQL: SHOW COLUMNS FROM `apartment` [ RunTime:0.004944s ]
SQL: SELECT `id`,`name`,`status` FROM `apartment` WHERE `id` = 3  [ RunTime:0.000193s ]
NOTIC: [8] Undefined index: mapping_order D:\wamp\www\manage\ThinkPHP\Library\Think\Model\RelationModel.class.php 第 186 行.
NOTIC: [8] Undefined index: mapping_limit D:\wamp\www\manage\ThinkPHP\Library\Think\Model\RelationModel.class.php 第 187 行.
SQL: SELECT b.id, title, content, deadline FROM apart_work AS a, work AS b WHERE a.work_id = b.id AND a. apart_id='3' [ RunTime:0.000193s ]
SQL: SHOW COLUMNS FROM `user` [ RunTime:0.005237s ]
NOTIC: [8] Undefined index: mapping_order D:\wamp\www\manage\ThinkPHP\Library\Think\Model\RelationModel.class.php 第 186 行.
NOTIC: [8] Undefined index: mapping_limit D:\wamp\www\manage\ThinkPHP\Library\Think\Model\RelationModel.class.php 第 187 行.
SQL: SELECT b.id, username FROM apart_user AS a, user AS b WHERE a.user_id = b.id AND a. apart_id='3' [ RunTime:0.000204s ]
SQL: SHOW COLUMNS FROM `notice` [ RunTime:0.004670s ]
NOTIC: [8] Undefined index: mapping_order D:\wamp\www\manage\ThinkPHP\Library\Think\Model\RelationModel.class.php 第 186 行.
NOTIC: [8] Undefined index: mapping_limit D:\wamp\www\manage\ThinkPHP\Library\Think\Model\RelationModel.class.php 第 187 行.
SQL: SELECT b.id, title, content, createtime FROM apart_notice AS a, notice AS b WHERE a.notice_id = b.id AND a. apart_id='3' [ RunTime:0.000263s ]
INFO: [ view_parse ] --START--
INFO: [ template_filter ] --START--
INFO: Run Behavior\ContentReplaceBehavior [ RunTime:0.000066s ]
INFO: [ template_filter ] --END-- [ RunTime:0.000161s ]
INFO: Run Behavior\ParseTemplateBehavior [ RunTime:0.038887s ]
INFO: [ view_parse ] --END-- [ RunTime:0.038990s ]
INFO: [ view_filter ] --START--
INFO: Run Behavior\WriteHtmlCacheBehavior [ RunTime:0.007509s ]
INFO: [ view_filter ] --END-- [ RunTime:0.007591s ]
INFO: [ app_end ] --START--
INFO: Run Behavior\ShowPageTraceBehavior [ RunTime:0.008250s ]
INFO: [ app_end ] --END-- [ RunTime:0.008339s ]

[ 2014-10-25T18:01:55+08:00 ] 127.0.0.1 /manage/index.php/Admin/Work/addNotice
INFO: [ app_init ] --START--
INFO: Run Behavior\BuildLiteBehavior [ RunTime:0.000025s ]
INFO: [ app_init ] --END-- [ RunTime:0.002965s ]
INFO: [ app_begin ] --START--
INFO: Run Behavior\ReadHtmlCacheBehavior [ RunTime:0.008920s ]
INFO: [ app_begin ] --END-- [ RunTime:0.009020s ]
NOTIC: [8] A session had already been started - ignoring session_start() D:\wamp\www\manage\ThinkPHP\Common\functions.php 第 1191 行.
NOTIC: [8] Undefined index: b5783510ea690d96a17ab9aa82a8aa50 D:\wamp\www\manage\ThinkPHP\Library\Org\Util\Rbac.class.php 第 170 行.
SQL: SHOW COLUMNS FROM `notice` [ RunTime:0.004775s ]
SQL: SELECT * FROM `notice` LEFT JOIN apart_notice ON apart_notice.notice_id = notice.id  WHERE `apart_id` = '3' ORDER BY id desc LIMIT 1   [ RunTime:0.000219s ]
INFO: [ view_parse ] --START--
INFO: [ template_filter ] --START--
INFO: Run Behavior\ContentReplaceBehavior [ RunTime:0.000071s ]
INFO: [ template_filter ] --END-- [ RunTime:0.000163s ]
INFO: Run Behavior\ParseTemplateBehavior [ RunTime:0.080845s ]
INFO: [ view_parse ] --END-- [ RunTime:0.080949s ]
INFO: [ view_filter ] --START--
INFO: Run Behavior\WriteHtmlCacheBehavior [ RunTime:0.008473s ]
INFO: [ view_filter ] --END-- [ RunTime:0.008551s ]
INFO: [ app_end ] --START--
INFO: Run Behavior\ShowPageTraceBehavior [ RunTime:0.008054s ]
INFO: [ app_end ] --END-- [ RunTime:0.008126s ]

[ 2014-10-25T18:01:57+08:00 ] 127.0.0.1 /manage/index.php/Admin/Work/addWork
INFO: [ app_init ] --START--
INFO: Run Behavior\BuildLiteBehavior [ RunTime:0.000021s ]
INFO: [ app_init ] --END-- [ RunTime:0.002433s ]
INFO: [ app_begin ] --START--
INFO: Run Behavior\ReadHtmlCacheBehavior [ RunTime:0.008616s ]
INFO: [ app_begin ] --END-- [ RunTime:0.008725s ]
NOTIC: [8] A session had already been started - ignoring session_start() D:\wamp\www\manage\ThinkPHP\Common\functions.php 第 1191 行.
NOTIC: [8] Undefined index: 20e7ca4a1ca0268a6f7cb222f01fbc02 D:\wamp\www\manage\ThinkPHP\Library\Org\Util\Rbac.class.php 第 170 行.
SQL: SHOW COLUMNS FROM `apartment` [ RunTime:0.004546s ]
SQL: SELECT `id`,`name`,`status` FROM `apartment` WHERE `id` = 3  [ RunTime:0.000246s ]
SQL: SHOW COLUMNS FROM `work` [ RunTime:0.004571s ]
NOTIC: [8] Undefined index: mapping_order D:\wamp\www\manage\ThinkPHP\Library\Think\Model\RelationModel.class.php 第 186 行.
NOTIC: [8] Undefined index: mapping_limit D:\wamp\www\manage\ThinkPHP\Library\Think\Model\RelationModel.class.php 第 187 行.
SQL: SELECT b.id, title, content, deadline FROM apart_work AS a, work AS b WHERE a.work_id = b.id AND a. apart_id='3' [ RunTime:0.000233s ]
SQL: SHOW COLUMNS FROM `user` [ RunTime:0.004377s ]
NOTIC: [8] Undefined index: mapping_order D:\wamp\www\manage\ThinkPHP\Library\Think\Model\RelationModel.class.php 第 186 行.
NOTIC: [8] Undefined index: mapping_limit D:\wamp\www\manage\ThinkPHP\Library\Think\Model\RelationModel.class.php 第 187 行.
SQL: SELECT b.id, username FROM apart_user AS a, user AS b WHERE a.user_id = b.id AND a. apart_id='3' [ RunTime:0.000181s ]
SQL: SHOW COLUMNS FROM `notice` [ RunTime:0.004651s ]
NOTIC: [8] Undefined index: mapping_order D:\wamp\www\manage\ThinkPHP\Library\Think\Model\RelationModel.class.php 第 186 行.
NOTIC: [8] Undefined index: mapping_limit D:\wamp\www\manage\ThinkPHP\Library\Think\Model\RelationModel.class.php 第 187 行.
SQL: SELECT b.id, title, content, createtime FROM apart_notice AS a, notice AS b WHERE a.notice_id = b.id AND a. apart_id='3' [ RunTime:0.002511s ]
SQL: SHOW COLUMNS FROM `level` [ RunTime:0.004766s ]
SQL: SELECT * FROM `level`  [ RunTime:0.000290s ]
INFO: [ view_parse ] --START--
INFO: [ template_filter ] --START--
INFO: Run Behavior\ContentReplaceBehavior [ RunTime:0.000088s ]
INFO: [ template_filter ] --END-- [ RunTime:0.000198s ]
INFO: Run Behavior\ParseTemplateBehavior [ RunTime:0.060529s ]
INFO: [ view_parse ] --END-- [ RunTime:0.060645s ]
INFO: [ view_filter ] --START--
INFO: Run Behavior\WriteHtmlCacheBehavior [ RunTime:0.008965s ]
INFO: [ view_filter ] --END-- [ RunTime:0.009050s ]
INFO: [ app_end ] --START--
INFO: Run Behavior\ShowPageTraceBehavior [ RunTime:0.008982s ]
INFO: [ app_end ] --END-- [ RunTime:0.009219s ]

[ 2014-10-25T18:01:57+08:00 ] 127.0.0.1 /manage/index.php/Admin/Other/resource
INFO: [ app_init ] --START--
INFO: Run Behavior\BuildLiteBehavior [ RunTime:0.000021s ]
INFO: [ app_init ] --END-- [ RunTime:0.002316s ]
INFO: [ app_begin ] --START--
INFO: Run Behavior\ReadHtmlCacheBehavior [ RunTime:0.007905s ]
INFO: [ app_begin ] --END-- [ RunTime:0.008010s ]
NOTIC: [8] A session had already been started - ignoring session_start() D:\wamp\www\manage\ThinkPHP\Common\functions.php 第 1191 行.
NOTIC: [8] Undefined index: bfb7aad3955aa076e7027a523ffd56f2 D:\wamp\www\manage\ThinkPHP\Library\Org\Util\Rbac.class.php 第 170 行.
INFO: [ view_parse ] --START--
INFO: [ template_filter ] --START--
INFO: Run Behavior\ContentReplaceBehavior [ RunTime:0.000069s ]
INFO: [ template_filter ] --END-- [ RunTime:0.000163s ]
INFO: Run Behavior\ParseTemplateBehavior [ RunTime:0.044956s ]
INFO: [ view_parse ] --END-- [ RunTime:0.045058s ]
INFO: [ view_filter ] --START--
INFO: Run Behavior\WriteHtmlCacheBehavior [ RunTime:0.007887s ]
INFO: [ view_filter ] --END-- [ RunTime:0.007958s ]

[ 2014-10-25T18:02:00+08:00 ] 127.0.0.1 /manage/index.php/Admin/Index/logout
INFO: [ app_init ] --START--
INFO: Run Behavior\BuildLiteBehavior [ RunTime:0.000023s ]
INFO: [ app_init ] --END-- [ RunTime:0.002403s ]
INFO: [ app_begin ] --START--
INFO: Run Behavior\ReadHtmlCacheBehavior [ RunTime:0.008009s ]
INFO: [ app_begin ] --END-- [ RunTime:0.008109s ]
NOTIC: [8] A session had already been started - ignoring session_start() D:\wamp\www\manage\ThinkPHP\Common\functions.php 第 1191 行.

[ 2014-10-25T18:02:24+08:00 ] 127.0.0.1 /manage/index.php/Admin/Index/index
INFO: [ app_init ] --START--
INFO: Run Behavior\BuildLiteBehavior [ RunTime:0.000023s ]
INFO: [ app_init ] --END-- [ RunTime:0.002651s ]
INFO: [ app_begin ] --START--
INFO: Run Behavior\ReadHtmlCacheBehavior [ RunTime:0.008073s ]
INFO: [ app_begin ] --END-- [ RunTime:0.008248s ]
NOTIC: [8] A session had already been started - ignoring session_start() D:\wamp\www\manage\ThinkPHP\Common\functions.php 第 1191 行.
INFO: [ view_parse ] --START--
INFO: [ template_filter ] --START--
INFO: Run Behavior\ContentReplaceBehavior [ RunTime:0.000081s ]
INFO: [ template_filter ] --END-- [ RunTime:0.000188s ]
INFO: Run Behavior\ParseTemplateBehavior [ RunTime:0.040992s ]
INFO: [ view_parse ] --END-- [ RunTime:0.041106s ]
INFO: [ view_filter ] --START--
INFO: Run Behavior\WriteHtmlCacheBehavior [ RunTime:0.007817s ]
INFO: [ view_filter ] --END-- [ RunTime:0.007928s ]
INFO: [ app_end ] --START--
INFO: Run Behavior\ShowPageTraceBehavior [ RunTime:0.008144s ]
INFO: [ app_end ] --END-- [ RunTime:0.008282s ]

[ 2014-10-25T18:02:24+08:00 ] 127.0.0.1 /manage/index.php/Admin/Index/conf
INFO: [ app_init ] --START--
INFO: Run Behavior\BuildLiteBehavior [ RunTime:0.000036s ]
INFO: [ app_init ] --END-- [ RunTime:0.002928s ]
INFO: [ app_begin ] --START--
INFO: Run Behavior\ReadHtmlCacheBehavior [ RunTime:0.008488s ]
INFO: [ app_begin ] --END-- [ RunTime:0.008626s ]
NOTIC: [8] A session had already been started - ignoring session_start() D:\wamp\www\manage\ThinkPHP\Common\functions.php 第 1191 行.
INFO: [ view_parse ] --START--
INFO: [ template_filter ] --START--
INFO: Run Behavior\ContentReplaceBehavior [ RunTime:0.000097s ]
INFO: [ template_filter ] --END-- [ RunTime:0.000246s ]
NOTIC: [8] Undefined variable: time D:\wamp\www\manage\App\Runtime\Cache\Admin\e0852ee07e2cbe427a5bdfe411069bc0.php 第 36 行.
NOTIC: [8] Undefined variable: ip D:\wamp\www\manage\App\Runtime\Cache\Admin\e0852ee07e2cbe427a5bdfe411069bc0.php 第 37 行.
INFO: Run Behavior\ParseTemplateBehavior [ RunTime:0.046909s ]
INFO: [ view_parse ] --END-- [ RunTime:0.047057s ]
INFO: [ view_filter ] --START--
INFO: Run Behavior\WriteHtmlCacheBehavior [ RunTime:0.008007s ]
INFO: [ view_filter ] --END-- [ RunTime:0.008096s ]
INFO: [ app_end ] --START--
INFO: Run Behavior\ShowPageTraceBehavior [ RunTime:0.008076s ]
INFO: [ app_end ] --END-- [ RunTime:0.008171s ]

[ 2014-10-25T18:02:25+08:00 ] 127.0.0.1 /manage/index.php/Admin/Work/index
INFO: [ app_init ] --START--
INFO: Run Behavior\BuildLiteBehavior [ RunTime:0.000024s ]
INFO: [ app_init ] --END-- [ RunTime:0.002356s ]
INFO: [ app_begin ] --START--
INFO: Run Behavior\ReadHtmlCacheBehavior [ RunTime:0.008047s ]
INFO: [ app_begin ] --END-- [ RunTime:0.008176s ]
NOTIC: [8] A session had already been started - ignoring session_start() D:\wamp\www\manage\ThinkPHP\Common\functions.php 第 1191 行.
SQL: SHOW COLUMNS FROM `user` [ RunTime:0.004666s ]
SQL: SELECT `id`,`username`,`logintime`,`loginip`,`lock` FROM `user` WHERE `id` = 1  [ RunTime:0.000214s ]
SQL: SHOW COLUMNS FROM `role` [ RunTime:0.004740s ]
NOTIC: [8] Undefined index: mapping_order D:\wamp\www\manage\ThinkPHP\Library\Think\Model\RelationModel.class.php 第 186 行.
NOTIC: [8] Undefined index: mapping_limit D:\wamp\www\manage\ThinkPHP\Library\Think\Model\RelationModel.class.php 第 187 行.
SQL: SELECT b.id, name, remark FROM role_user AS a, role AS b WHERE a.role_id = b.id AND a. user_id='1' [ RunTime:0.000148s ]
SQL: SHOW COLUMNS FROM `apartment` [ RunTime:0.004416s ]
NOTIC: [8] Undefined index: mapping_order D:\wamp\www\manage\ThinkPHP\Library\Think\Model\RelationModel.class.php 第 186 行.
NOTIC: [8] Undefined index: mapping_limit D:\wamp\www\manage\ThinkPHP\Library\Think\Model\RelationModel.class.php 第 187 行.
SQL: SELECT b.id, name FROM apart_user AS a, apartment AS b WHERE a.apart_id = b.id AND a. user_id='1' [ RunTime:0.000136s ]
SQL: SHOW COLUMNS FROM `level` [ RunTime:0.004625s ]
NOTIC: [8] Undefined index: mapping_order D:\wamp\www\manage\ThinkPHP\Library\Think\Model\RelationModel.class.php 第 186 行.
NOTIC: [8] Undefined index: mapping_limit D:\wamp\www\manage\ThinkPHP\Library\Think\Model\RelationModel.class.php 第 187 行.
SQL: SELECT b.id, name FROM level_user AS a, level AS b WHERE a.level_id = b.id AND a. user_id='1' [ RunTime:0.000180s ]
SQL: SHOW COLUMNS FROM `work` [ RunTime:0.004985s ]
NOTIC: [8] Undefined index: mapping_order D:\wamp\www\manage\ThinkPHP\Library\Think\Model\RelationModel.class.php 第 186 行.
NOTIC: [8] Undefined index: mapping_limit D:\wamp\www\manage\ThinkPHP\Library\Think\Model\RelationModel.class.php 第 187 行.
SQL: SELECT b.id, title, content, deadline FROM work_user AS a, work AS b WHERE a.work_id = b.id AND a. user_id='1' [ RunTime:0.000237s ]
SQL: SHOW COLUMNS FROM `apartment` [ RunTime:0.004704s ]
SQL: SELECT `id`,`name`,`status` FROM `apartment` WHERE `id` = 2  [ RunTime:0.000401s ]
NOTIC: [8] Undefined index: mapping_order D:\wamp\www\manage\ThinkPHP\Library\Think\Model\RelationModel.class.php 第 186 行.
NOTIC: [8] Undefined index: mapping_limit D:\wamp\www\manage\ThinkPHP\Library\Think\Model\RelationModel.class.php 第 187 行.
SQL: SELECT b.id, title, content, deadline FROM apart_work AS a, work AS b WHERE a.work_id = b.id AND a. apart_id='2' [ RunTime:0.018348s ]
SQL: SHOW COLUMNS FROM `user` [ RunTime:0.005467s ]
NOTIC: [8] Undefined index: mapping_order D:\wamp\www\manage\ThinkPHP\Library\Think\Model\RelationModel.class.php 第 186 行.
NOTIC: [8] Undefined index: mapping_limit D:\wamp\www\manage\ThinkPHP\Library\Think\Model\RelationModel.class.php 第 187 行.
SQL: SELECT b.id, username FROM apart_user AS a, user AS b WHERE a.user_id = b.id AND a. apart_id='2' [ RunTime:0.000597s ]
SQL: SHOW COLUMNS FROM `notice` [ RunTime:0.004694s ]
NOTIC: [8] Undefined index: mapping_order D:\wamp\www\manage\ThinkPHP\Library\Think\Model\RelationModel.class.php 第 186 行.
NOTIC: [8] Undefined index: mapping_limit D:\wamp\www\manage\ThinkPHP\Library\Think\Model\RelationModel.class.php 第 187 行.
SQL: SELECT b.id, title, content, createtime FROM apart_notice AS a, notice AS b WHERE a.notice_id = b.id AND a. apart_id='2' [ RunTime:0.011056s ]
INFO: [ view_parse ] --START--
INFO: [ template_filter ] --START--
INFO: Run Behavior\ContentReplaceBehavior [ RunTime:0.000069s ]
INFO: [ template_filter ] --END-- [ RunTime:0.000175s ]
INFO: Run Behavior\ParseTemplateBehavior [ RunTime:0.042437s ]
INFO: [ view_parse ] --END-- [ RunTime:0.042552s ]
INFO: [ view_filter ] --START--
INFO: Run Behavior\WriteHtmlCacheBehavior [ RunTime:0.007749s ]
INFO: [ view_filter ] --END-- [ RunTime:0.007821s ]
INFO: [ app_end ] --START--
INFO: Run Behavior\ShowPageTraceBehavior [ RunTime:0.008716s ]
INFO: [ app_end ] --END-- [ RunTime:0.008836s ]

[ 2014-10-25T18:02:26+08:00 ] 127.0.0.1 /manage/index.php/Admin/Other/resource
INFO: [ app_init ] --START--
INFO: Run Behavior\BuildLiteBehavior [ RunTime:0.000023s ]
INFO: [ app_init ] --END-- [ RunTime:0.002393s ]
INFO: [ app_begin ] --START--
INFO: Run Behavior\ReadHtmlCacheBehavior [ RunTime:0.009049s ]
INFO: [ app_begin ] --END-- [ RunTime:0.009182s ]
NOTIC: [8] A session had already been started - ignoring session_start() D:\wamp\www\manage\ThinkPHP\Common\functions.php 第 1191 行.
SQL: SHOW COLUMNS FROM `resource` [ RunTime:0.005204s ]
SQL: SELECT COUNT(*) AS tp_count FROM `resource` LIMIT 1   [ RunTime:0.000386s ]
SQL: SELECT * FROM `resource` ORDER BY id desc LIMIT 0,13   [ RunTime:0.000387s ]
INFO: [ view_parse ] --START--
INFO: [ template_filter ] --START--
INFO: Run Behavior\ContentReplaceBehavior [ RunTime:0.000070s ]
INFO: [ template_filter ] --END-- [ RunTime:0.000158s ]
NOTIC: [8] Use of undefined constant id - assumed 'id' D:\wamp\www\manage\App\Runtime\Cache\Admin\b1bbbe289c34b74a3eec5517c6ba5034.php 第 22 行.
NOTIC: [8] Use of undefined constant id - assumed 'id' D:\wamp\www\manage\App\Runtime\Cache\Admin\b1bbbe289c34b74a3eec5517c6ba5034.php 第 22 行.
INFO: Run Behavior\ParseTemplateBehavior [ RunTime:0.071690s ]
INFO: [ view_parse ] --END-- [ RunTime:0.071805s ]
INFO: [ view_filter ] --START--
INFO: Run Behavior\WriteHtmlCacheBehavior [ RunTime:0.008263s ]
INFO: [ view_filter ] --END-- [ RunTime:0.008353s ]
INFO: [ app_end ] --START--
INFO: Run Behavior\ShowPageTraceBehavior [ RunTime:0.008669s ]
INFO: [ app_end ] --END-- [ RunTime:0.008757s ]

[ 2014-10-25T18:02:28+08:00 ] 127.0.0.1 /manage/index.php/Admin/Other/question
INFO: [ app_init ] --START--
INFO: Run Behavior\BuildLiteBehavior [ RunTime:0.000024s ]
INFO: [ app_init ] --END-- [ RunTime:0.002347s ]
INFO: [ app_begin ] --START--
INFO: Run Behavior\ReadHtmlCacheBehavior [ RunTime:0.007923s ]
INFO: [ app_begin ] --END-- [ RunTime:0.008053s ]
NOTIC: [8] A session had already been started - ignoring session_start() D:\wamp\www\manage\ThinkPHP\Common\functions.php 第 1191 行.
SQL: SHOW COLUMNS FROM `question` [ RunTime:0.029046s ]
SQL: SELECT COUNT(*) AS tp_count FROM `question` LIMIT 1   [ RunTime:0.000363s ]
SQL: SELECT * FROM `question` LEFT JOIN user ON uid = user.id  ORDER BY question_id desc LIMIT 0,13   [ RunTime:0.000550s ]
INFO: [ view_parse ] --START--
INFO: [ template_filter ] --START--
INFO: Run Behavior\ContentReplaceBehavior [ RunTime:0.000072s ]
INFO: [ template_filter ] --END-- [ RunTime:0.000162s ]
NOTIC: [8] Use of undefined constant question_id - assumed 'question_id' D:\wamp\www\manage\App\Runtime\Cache\Admin\db534fc7731a7934dcebfb2d0e90cd4d.php 第 22 行.
NOTIC: [8] Use of undefined constant question_id - assumed 'question_id' D:\wamp\www\manage\App\Runtime\Cache\Admin\db534fc7731a7934dcebfb2d0e90cd4d.php 第 22 行.
INFO: Run Behavior\ParseTemplateBehavior [ RunTime:0.064007s ]
INFO: [ view_parse ] --END-- [ RunTime:0.064116s ]
INFO: [ view_filter ] --START--
INFO: Run Behavior\WriteHtmlCacheBehavior [ RunTime:0.007907s ]
INFO: [ view_filter ] --END-- [ RunTime:0.007983s ]
INFO: [ app_end ] --START--
INFO: Run Behavior\ShowPageTraceBehavior [ RunTime:0.008507s ]
INFO: [ app_end ] --END-- [ RunTime:0.008612s ]

[ 2014-10-25T18:02:30+08:00 ] 127.0.0.1 /manage/index.php/Admin/Other/resource
INFO: [ app_init ] --START--
INFO: Run Behavior\BuildLiteBehavior [ RunTime:0.000024s ]
INFO: [ app_init ] --END-- [ RunTime:0.002492s ]
INFO: [ app_begin ] --START--
INFO: Run Behavior\ReadHtmlCacheBehavior [ RunTime:0.008374s ]
INFO: [ app_begin ] --END-- [ RunTime:0.008490s ]
NOTIC: [8] A session had already been started - ignoring session_start() D:\wamp\www\manage\ThinkPHP\Common\functions.php 第 1191 行.
SQL: SHOW COLUMNS FROM `resource` [ RunTime:0.004433s ]
SQL: SELECT COUNT(*) AS tp_count FROM `resource` LIMIT 1   [ RunTime:0.000199s ]
SQL: SELECT * FROM `resource` ORDER BY id desc LIMIT 0,13   [ RunTime:0.000307s ]
INFO: [ view_parse ] --START--
INFO: [ template_filter ] --START--
INFO: Run Behavior\ContentReplaceBehavior [ RunTime:0.000071s ]
INFO: [ template_filter ] --END-- [ RunTime:0.000164s ]
NOTIC: [8] Use of undefined constant id - assumed 'id' D:\wamp\www\manage\App\Runtime\Cache\Admin\b1bbbe289c34b74a3eec5517c6ba5034.php 第 22 行.
NOTIC: [8] Use of undefined constant id - assumed 'id' D:\wamp\www\manage\App\Runtime\Cache\Admin\b1bbbe289c34b74a3eec5517c6ba5034.php 第 22 行.
INFO: Run Behavior\ParseTemplateBehavior [ RunTime:0.040466s ]
INFO: [ view_parse ] --END-- [ RunTime:0.040554s ]
INFO: [ view_filter ] --START--
INFO: Run Behavior\WriteHtmlCacheBehavior [ RunTime:0.008109s ]
INFO: [ view_filter ] --END-- [ RunTime:0.008202s ]
INFO: [ app_end ] --START--
INFO: Run Behavior\ShowPageTraceBehavior [ RunTime:0.007809s ]
INFO: [ app_end ] --END-- [ RunTime:0.007882s ]

[ 2014-10-25T18:02:31+08:00 ] 127.0.0.1 /manage/index.php/Admin/Other/question
INFO: [ app_init ] --START--
INFO: Run Behavior\BuildLiteBehavior [ RunTime:0.000026s ]
INFO: [ app_init ] --END-- [ RunTime:0.002436s ]
INFO: [ app_begin ] --START--
INFO: Run Behavior\ReadHtmlCacheBehavior [ RunTime:0.007959s ]
INFO: [ app_begin ] --END-- [ RunTime:0.008099s ]
NOTIC: [8] A session had already been started - ignoring session_start() D:\wamp\www\manage\ThinkPHP\Common\functions.php 第 1191 行.
SQL: SHOW COLUMNS FROM `question` [ RunTime:0.004869s ]
SQL: SELECT COUNT(*) AS tp_count FROM `question` LIMIT 1   [ RunTime:0.000135s ]
SQL: SELECT * FROM `question` LEFT JOIN user ON uid = user.id  ORDER BY question_id desc LIMIT 0,13   [ RunTime:0.000385s ]
INFO: [ view_parse ] --START--
INFO: [ template_filter ] --START--
INFO: Run Behavior\ContentReplaceBehavior [ RunTime:0.000072s ]
INFO: [ template_filter ] --END-- [ RunTime:0.000165s ]
NOTIC: [8] Use of undefined constant question_id - assumed 'question_id' D:\wamp\www\manage\App\Runtime\Cache\Admin\db534fc7731a7934dcebfb2d0e90cd4d.php 第 22 行.
NOTIC: [8] Use of undefined constant question_id - assumed 'question_id' D:\wamp\www\manage\App\Runtime\Cache\Admin\db534fc7731a7934dcebfb2d0e90cd4d.php 第 22 行.
INFO: Run Behavior\ParseTemplateBehavior [ RunTime:0.044850s ]
INFO: [ view_parse ] --END-- [ RunTime:0.044968s ]
INFO: [ view_filter ] --START--
INFO: Run Behavior\WriteHtmlCacheBehavior [ RunTime:0.009624s ]
INFO: [ view_filter ] --END-- [ RunTime:0.009725s ]
INFO: [ app_end ] --START--
INFO: Run Behavior\ShowPageTraceBehavior [ RunTime:0.008073s ]
INFO: [ app_end ] --END-- [ RunTime:0.008154s ]

