[ 2014-10-01T20:15:37+08:00 ] 127.0.0.1 /oldmanage/index.php/Admin/Index/index
INFO: [ app_init ] --START--
INFO: Run Behavior\BuildLiteBehavior [ RunTime:0.000024s ]
INFO: [ app_init ] --END-- [ RunTime:0.002692s ]
INFO: [ app_begin ] --START--
INFO: Run Behavior\ReadHtmlCacheBehavior [ RunTime:0.009508s ]
INFO: [ app_begin ] --END-- [ RunTime:0.009645s ]
NOTIC: [8] A session had already been started - ignoring session_start() D:\wamp\www\oldmanage\ThinkPHP\Common\functions.php 第 1191 行.
INFO: [ view_parse ] --START--
INFO: [ template_filter ] --START--
INFO: Run Behavior\ContentReplaceBehavior [ RunTime:0.000077s ]
INFO: [ template_filter ] --END-- [ RunTime:0.000180s ]
INFO: Run Behavior\ParseTemplateBehavior [ RunTime:0.069711s ]
INFO: [ view_parse ] --END-- [ RunTime:0.069837s ]
INFO: [ view_filter ] --START--
INFO: Run Behavior\WriteHtmlCacheBehavior [ RunTime:0.014074s ]
INFO: [ view_filter ] --END-- [ RunTime:0.014200s ]
INFO: [ app_end ] --START--
INFO: Run Behavior\ShowPageTraceBehavior [ RunTime:0.011690s ]
INFO: [ app_end ] --END-- [ RunTime:0.011798s ]

[ 2014-10-01T20:15:38+08:00 ] 127.0.0.1 /oldmanage/index.php/Admin/Index/conf
INFO: [ app_init ] --START--
INFO: Run Behavior\BuildLiteBehavior [ RunTime:0.000036s ]
INFO: [ app_init ] --END-- [ RunTime:0.003178s ]
INFO: [ app_begin ] --START--
INFO: Run Behavior\ReadHtmlCacheBehavior [ RunTime:0.010111s ]
INFO: [ app_begin ] --END-- [ RunTime:0.010274s ]
NOTIC: [8] A session had already been started - ignoring session_start() D:\wamp\www\oldmanage\ThinkPHP\Common\functions.php 第 1191 行.
INFO: [ view_parse ] --START--
INFO: [ template_filter ] --START--
INFO: Run Behavior\ContentReplaceBehavior [ RunTime:0.000067s ]
INFO: [ template_filter ] --END-- [ RunTime:0.000175s ]
NOTIC: [8] Undefined variable: time D:\wamp\www\oldmanage\App\Runtime\Cache\Admin\e0852ee07e2cbe427a5bdfe411069bc0.php 第 36 行.
NOTIC: [8] Undefined variable: ip D:\wamp\www\oldmanage\App\Runtime\Cache\Admin\e0852ee07e2cbe427a5bdfe411069bc0.php 第 37 行.
INFO: Run Behavior\ParseTemplateBehavior [ RunTime:0.050644s ]
INFO: [ view_parse ] --END-- [ RunTime:0.050749s ]
INFO: [ view_filter ] --START--
INFO: Run Behavior\WriteHtmlCacheBehavior [ RunTime:0.009468s ]
INFO: [ view_filter ] --END-- [ RunTime:0.009564s ]
INFO: [ app_end ] --START--
INFO: Run Behavior\ShowPageTraceBehavior [ RunTime:0.009430s ]
INFO: [ app_end ] --END-- [ RunTime:0.009667s ]

[ 2014-10-01T20:15:46+08:00 ] 127.0.0.1 /oldmanage/index.php/Admin/Work/index
INFO: [ app_init ] --START--
INFO: Run Behavior\BuildLiteBehavior [ RunTime:0.000024s ]
INFO: [ app_init ] --END-- [ RunTime:0.002882s ]
INFO: [ app_begin ] --START--
INFO: Run Behavior\ReadHtmlCacheBehavior [ RunTime:0.010521s ]
INFO: [ app_begin ] --END-- [ RunTime:0.010659s ]
NOTIC: [8] A session had already been started - ignoring session_start() D:\wamp\www\oldmanage\ThinkPHP\Common\functions.php 第 1191 行.
SQL: SHOW COLUMNS FROM `user` [ RunTime:0.068916s ]
SQL: SELECT `id`,`username`,`logintime`,`loginip`,`lock` FROM `user` WHERE `id` = 1  [ RunTime:0.000566s ]
SQL: SHOW COLUMNS FROM `role` [ RunTime:0.061782s ]
NOTIC: [8] Undefined index: mapping_order D:\wamp\www\oldmanage\ThinkPHP\Library\Think\Model\RelationModel.class.php 第 186 行.
NOTIC: [8] Undefined index: mapping_limit D:\wamp\www\oldmanage\ThinkPHP\Library\Think\Model\RelationModel.class.php 第 187 行.
SQL: SELECT b.id, name, remark FROM role_user AS a, role AS b WHERE a.role_id = b.id AND a. user_id='1' [ RunTime:0.017989s ]
SQL: SHOW COLUMNS FROM `apartment` [ RunTime:0.005557s ]
NOTIC: [8] Undefined index: mapping_order D:\wamp\www\oldmanage\ThinkPHP\Library\Think\Model\RelationModel.class.php 第 186 行.
NOTIC: [8] Undefined index: mapping_limit D:\wamp\www\oldmanage\ThinkPHP\Library\Think\Model\RelationModel.class.php 第 187 行.
SQL: SELECT b.id, name FROM apart_user AS a, apartment AS b WHERE a.apart_id = b.id AND a. user_id='1' [ RunTime:0.096686s ]
SQL: SHOW COLUMNS FROM `level` [ RunTime:0.048315s ]
NOTIC: [8] Undefined index: mapping_order D:\wamp\www\oldmanage\ThinkPHP\Library\Think\Model\RelationModel.class.php 第 186 行.
NOTIC: [8] Undefined index: mapping_limit D:\wamp\www\oldmanage\ThinkPHP\Library\Think\Model\RelationModel.class.php 第 187 行.
SQL: SELECT b.id, name FROM level_user AS a, level AS b WHERE a.level_id = b.id AND a. user_id='1' [ RunTime:0.035173s ]
SQL: SHOW COLUMNS FROM `work` [ RunTime:0.005470s ]
NOTIC: [8] Undefined index: mapping_order D:\wamp\www\oldmanage\ThinkPHP\Library\Think\Model\RelationModel.class.php 第 186 行.
NOTIC: [8] Undefined index: mapping_limit D:\wamp\www\oldmanage\ThinkPHP\Library\Think\Model\RelationModel.class.php 第 187 行.
SQL: SELECT b.id, title, content, deadline FROM work_user AS a, work AS b WHERE a.work_id = b.id AND a. user_id='1' [ RunTime:0.056803s ]
SQL: SHOW COLUMNS FROM `apartment` [ RunTime:0.005835s ]
SQL: SELECT `id`,`name`,`status` FROM `apartment` WHERE `id` = 2  [ RunTime:0.000412s ]
NOTIC: [8] Undefined index: mapping_order D:\wamp\www\oldmanage\ThinkPHP\Library\Think\Model\RelationModel.class.php 第 186 行.
NOTIC: [8] Undefined index: mapping_limit D:\wamp\www\oldmanage\ThinkPHP\Library\Think\Model\RelationModel.class.php 第 187 行.
SQL: SELECT b.id, title, content, deadline FROM apart_work AS a, work AS b WHERE a.work_id = b.id AND a. apart_id='2' [ RunTime:0.000506s ]
SQL: SHOW COLUMNS FROM `user` [ RunTime:0.006156s ]
NOTIC: [8] Undefined index: mapping_order D:\wamp\www\oldmanage\ThinkPHP\Library\Think\Model\RelationModel.class.php 第 186 行.
NOTIC: [8] Undefined index: mapping_limit D:\wamp\www\oldmanage\ThinkPHP\Library\Think\Model\RelationModel.class.php 第 187 行.
SQL: SELECT b.id, username FROM apart_user AS a, user AS b WHERE a.user_id = b.id AND a. apart_id='2' [ RunTime:0.013563s ]
SQL: SHOW COLUMNS FROM `notice` [ RunTime:0.054182s ]
NOTIC: [8] Undefined index: mapping_order D:\wamp\www\oldmanage\ThinkPHP\Library\Think\Model\RelationModel.class.php 第 186 行.
NOTIC: [8] Undefined index: mapping_limit D:\wamp\www\oldmanage\ThinkPHP\Library\Think\Model\RelationModel.class.php 第 187 行.
SQL: SELECT b.id, title, content, createtime FROM apart_notice AS a, notice AS b WHERE a.notice_id = b.id AND a. apart_id='2' [ RunTime:0.014616s ]
INFO: [ view_parse ] --START--
INFO: [ template_filter ] --START--
INFO: Run Behavior\ContentReplaceBehavior [ RunTime:0.000069s ]
INFO: [ template_filter ] --END-- [ RunTime:0.000167s ]
INFO: Run Behavior\ParseTemplateBehavior [ RunTime:0.053928s ]
INFO: [ view_parse ] --END-- [ RunTime:0.054062s ]
INFO: [ view_filter ] --START--
INFO: Run Behavior\WriteHtmlCacheBehavior [ RunTime:0.009193s ]
INFO: [ view_filter ] --END-- [ RunTime:0.009286s ]
INFO: [ app_end ] --START--
INFO: Run Behavior\ShowPageTraceBehavior [ RunTime:0.009379s ]
INFO: [ app_end ] --END-- [ RunTime:0.009474s ]

[ 2014-10-01T20:15:48+08:00 ] 127.0.0.1 /oldmanage/index.php/Admin/Work/addNotice
INFO: [ app_init ] --START--
INFO: Run Behavior\BuildLiteBehavior [ RunTime:0.000024s ]
INFO: [ app_init ] --END-- [ RunTime:0.002813s ]
INFO: [ app_begin ] --START--
INFO: Run Behavior\ReadHtmlCacheBehavior [ RunTime:0.009690s ]
INFO: [ app_begin ] --END-- [ RunTime:0.009832s ]
NOTIC: [8] A session had already been started - ignoring session_start() D:\wamp\www\oldmanage\ThinkPHP\Common\functions.php 第 1191 行.
SQL: SHOW COLUMNS FROM `notice` [ RunTime:0.024661s ]
NOTIC: [8] Undefined index: apart_id D:\wamp\www\oldmanage\App\Admin\Controller\WorkController.class.php 第 220 行.
SQL: SELECT * FROM `notice` LEFT JOIN apart_notice ON apart_notice.notice_id = notice.id  WHERE `apart_id` = null ORDER BY id desc LIMIT 1   [ RunTime:0.000442s ]
INFO: [ view_parse ] --START--
INFO: [ template_filter ] --START--
INFO: Run Behavior\ContentReplaceBehavior [ RunTime:0.000136s ]
INFO: [ template_filter ] --END-- [ RunTime:0.000238s ]
INFO: Run Behavior\ParseTemplateBehavior [ RunTime:0.086266s ]
INFO: [ view_parse ] --END-- [ RunTime:0.086422s ]
INFO: [ view_filter ] --START--
INFO: Run Behavior\WriteHtmlCacheBehavior [ RunTime:0.010989s ]
INFO: [ view_filter ] --END-- [ RunTime:0.011109s ]
INFO: [ app_end ] --START--
INFO: Run Behavior\ShowPageTraceBehavior [ RunTime:0.010823s ]
INFO: [ app_end ] --END-- [ RunTime:0.010930s ]

[ 2014-10-01T20:15:50+08:00 ] 127.0.0.1 /oldmanage/index.php/Admin/Work/addWork
INFO: [ app_init ] --START--
INFO: Run Behavior\BuildLiteBehavior [ RunTime:0.000028s ]
INFO: [ app_init ] --END-- [ RunTime:0.003832s ]
INFO: [ app_begin ] --START--
INFO: Run Behavior\ReadHtmlCacheBehavior [ RunTime:0.010164s ]
INFO: [ app_begin ] --END-- [ RunTime:0.010297s ]
NOTIC: [8] A session had already been started - ignoring session_start() D:\wamp\www\oldmanage\ThinkPHP\Common\functions.php 第 1191 行.
SQL: SHOW COLUMNS FROM `apartment` [ RunTime:0.026461s ]
NOTIC: [8] Undefined index: apart_id D:\wamp\www\oldmanage\App\Admin\Controller\WorkController.class.php 第 32 行.
SQL: SELECT `id`,`name`,`status` FROM `apartment` WHERE `id` = null  [ RunTime:0.000375s ]
SQL: SHOW COLUMNS FROM `level` [ RunTime:0.005972s ]
SQL: SELECT * FROM `level`  [ RunTime:0.000392s ]
INFO: [ view_parse ] --START--
INFO: [ template_filter ] --START--
INFO: Run Behavior\ContentReplaceBehavior [ RunTime:0.000086s ]
INFO: [ template_filter ] --END-- [ RunTime:0.000203s ]
INFO: Run Behavior\ParseTemplateBehavior [ RunTime:0.074666s ]
INFO: [ view_parse ] --END-- [ RunTime:0.074825s ]
INFO: [ view_filter ] --START--
INFO: Run Behavior\WriteHtmlCacheBehavior [ RunTime:0.009094s ]
INFO: [ view_filter ] --END-- [ RunTime:0.009198s ]
INFO: [ app_end ] --START--
INFO: Run Behavior\ShowPageTraceBehavior [ RunTime:0.009646s ]
INFO: [ app_end ] --END-- [ RunTime:0.009736s ]

[ 2014-10-01T20:15:52+08:00 ] 127.0.0.1 /oldmanage/index.php/Admin/Other/resource
INFO: [ app_init ] --START--
INFO: Run Behavior\BuildLiteBehavior [ RunTime:0.000025s ]
INFO: [ app_init ] --END-- [ RunTime:0.002947s ]
INFO: [ app_begin ] --START--
INFO: Run Behavior\ReadHtmlCacheBehavior [ RunTime:0.009471s ]
INFO: [ app_begin ] --END-- [ RunTime:0.009604s ]
NOTIC: [8] A session had already been started - ignoring session_start() D:\wamp\www\oldmanage\ThinkPHP\Common\functions.php 第 1191 行.
SQL: SHOW COLUMNS FROM `resource` [ RunTime:0.060545s ]
SQL: SELECT COUNT(*) AS tp_count FROM `resource` LIMIT 1   [ RunTime:0.000387s ]
SQL: SELECT * FROM `resource` ORDER BY id desc LIMIT 0,13   [ RunTime:0.000546s ]
INFO: [ view_parse ] --START--
INFO: [ template_filter ] --START--
INFO: Run Behavior\ContentReplaceBehavior [ RunTime:0.000070s ]
INFO: [ template_filter ] --END-- [ RunTime:0.000166s ]
NOTIC: [8] Use of undefined constant id - assumed 'id' D:\wamp\www\oldmanage\App\Runtime\Cache\Admin\b1bbbe289c34b74a3eec5517c6ba5034.php 第 22 行.
NOTIC: [8] Use of undefined constant id - assumed 'id' D:\wamp\www\oldmanage\App\Runtime\Cache\Admin\b1bbbe289c34b74a3eec5517c6ba5034.php 第 22 行.
INFO: Run Behavior\ParseTemplateBehavior [ RunTime:0.053644s ]
INFO: [ view_parse ] --END-- [ RunTime:0.053764s ]
INFO: [ view_filter ] --START--
INFO: Run Behavior\WriteHtmlCacheBehavior [ RunTime:0.009475s ]
INFO: [ view_filter ] --END-- [ RunTime:0.009578s ]
INFO: [ app_end ] --START--
INFO: Run Behavior\ShowPageTraceBehavior [ RunTime:0.009441s ]
INFO: [ app_end ] --END-- [ RunTime:0.009544s ]

[ 2014-10-01T20:15:53+08:00 ] 127.0.0.1 /oldmanage/index.php/Admin/Other/question
INFO: [ app_init ] --START--
INFO: Run Behavior\BuildLiteBehavior [ RunTime:0.000027s ]
INFO: [ app_init ] --END-- [ RunTime:0.002948s ]
INFO: [ app_begin ] --START--
INFO: Run Behavior\ReadHtmlCacheBehavior [ RunTime:0.010566s ]
INFO: [ app_begin ] --END-- [ RunTime:0.010695s ]
NOTIC: [8] A session had already been started - ignoring session_start() D:\wamp\www\oldmanage\ThinkPHP\Common\functions.php 第 1191 行.
SQL: SHOW COLUMNS FROM `question` [ RunTime:0.039255s ]
SQL: SELECT COUNT(*) AS tp_count FROM `question` LIMIT 1   [ RunTime:0.000339s ]
SQL: SELECT * FROM `question` LEFT JOIN user ON uid = user.id  ORDER BY question_id desc LIMIT 0,13   [ RunTime:0.000780s ]
INFO: [ view_parse ] --START--
INFO: [ template_filter ] --START--
INFO: Run Behavior\ContentReplaceBehavior [ RunTime:0.000072s ]
INFO: [ template_filter ] --END-- [ RunTime:0.000184s ]
NOTIC: [8] Use of undefined constant question_id - assumed 'question_id' D:\wamp\www\oldmanage\App\Runtime\Cache\Admin\db534fc7731a7934dcebfb2d0e90cd4d.php 第 22 行.
INFO: Run Behavior\ParseTemplateBehavior [ RunTime:0.058592s ]
INFO: [ view_parse ] --END-- [ RunTime:0.058712s ]
INFO: [ view_filter ] --START--
INFO: Run Behavior\WriteHtmlCacheBehavior [ RunTime:0.009306s ]
INFO: [ view_filter ] --END-- [ RunTime:0.009397s ]
INFO: [ app_end ] --START--
INFO: Run Behavior\ShowPageTraceBehavior [ RunTime:0.009482s ]
INFO: [ app_end ] --END-- [ RunTime:0.009592s ]

[ 2014-10-01T20:15:54+08:00 ] 127.0.0.1 /oldmanage/index.php/Admin/Rbac/index
INFO: [ app_init ] --START--
INFO: Run Behavior\BuildLiteBehavior [ RunTime:0.000035s ]
INFO: [ app_init ] --END-- [ RunTime:0.003135s ]
INFO: [ app_begin ] --START--
INFO: Run Behavior\ReadHtmlCacheBehavior [ RunTime:0.010107s ]
INFO: [ app_begin ] --END-- [ RunTime:0.010273s ]
NOTIC: [8] A session had already been started - ignoring session_start() D:\wamp\www\oldmanage\ThinkPHP\Common\functions.php 第 1191 行.
SQL: SHOW COLUMNS FROM `user` [ RunTime:0.005875s ]
SQL: SELECT COUNT(*) AS tp_count FROM `user` LEFT JOIN user_dept_role ON user.user_id = user_dept_role.user_id LEFT JOIN role ON user_dept_role.role_id = role.id LEFT JOIN department ON user_dept_role.dept_id = department.dept_id  LIMIT 1   [ RunTime:0.000953s ]
ERR: 1146:Table 'manage.user_dept_role' doesn't exist
 [ SQL语句 ] : SELECT COUNT(*) AS tp_count FROM `user` LEFT JOIN user_dept_role ON user.user_id = user_dept_role.user_id LEFT JOIN role ON user_dept_role.role_id = role.id LEFT JOIN department ON user_dept_role.dept_id = department.dept_id  LIMIT 1  
SQL: SELECT * FROM `user` LEFT JOIN user_dept_role ON user.user_id = user_dept_role.user_id LEFT JOIN role ON user_dept_role.role_id = role.id LEFT JOIN department ON user_dept_role.dept_id = department.dept_id  LIMIT 0,7   [ RunTime:0.001073s ]
ERR: 1146:Table 'manage.user_dept_role' doesn't exist
 [ SQL语句 ] : SELECT * FROM `user` LEFT JOIN user_dept_role ON user.user_id = user_dept_role.user_id LEFT JOIN role ON user_dept_role.role_id = role.id LEFT JOIN department ON user_dept_role.dept_id = department.dept_id  LIMIT 0,7  

[ 2014-10-01T20:15:56+08:00 ] 127.0.0.1 /oldmanage/index.php/Admin/Rbac/role
INFO: [ app_init ] --START--
INFO: Run Behavior\BuildLiteBehavior [ RunTime:0.000028s ]
INFO: [ app_init ] --END-- [ RunTime:0.005792s ]
INFO: [ app_begin ] --START--
INFO: Run Behavior\ReadHtmlCacheBehavior [ RunTime:0.012839s ]
INFO: [ app_begin ] --END-- [ RunTime:0.012970s ]
NOTIC: [8] A session had already been started - ignoring session_start() D:\wamp\www\oldmanage\ThinkPHP\Common\functions.php 第 1191 行.
SQL: SHOW COLUMNS FROM `role` [ RunTime:0.005059s ]
SQL: SELECT * FROM `role`  [ RunTime:0.000382s ]
INFO: [ view_parse ] --START--
INFO: [ template_filter ] --START--
INFO: Run Behavior\ContentReplaceBehavior [ RunTime:0.000079s ]
INFO: [ template_filter ] --END-- [ RunTime:0.000174s ]
INFO: Run Behavior\ParseTemplateBehavior [ RunTime:0.046488s ]
INFO: [ view_parse ] --END-- [ RunTime:0.046614s ]
INFO: [ view_filter ] --START--
INFO: Run Behavior\WriteHtmlCacheBehavior [ RunTime:0.008956s ]
INFO: [ view_filter ] --END-- [ RunTime:0.009033s ]
INFO: [ app_end ] --START--
INFO: Run Behavior\ShowPageTraceBehavior [ RunTime:0.009459s ]
INFO: [ app_end ] --END-- [ RunTime:0.009557s ]

[ 2014-10-01T20:15:58+08:00 ] 127.0.0.1 /oldmanage/index.php/Admin/Rbac/dept
INFO: [ app_init ] --START--
INFO: Run Behavior\BuildLiteBehavior [ RunTime:0.000030s ]
INFO: [ app_init ] --END-- [ RunTime:0.002823s ]
INFO: [ app_begin ] --START--
INFO: Run Behavior\ReadHtmlCacheBehavior [ RunTime:0.010582s ]
INFO: [ app_begin ] --END-- [ RunTime:0.010736s ]
NOTIC: [8] A session had already been started - ignoring session_start() D:\wamp\www\oldmanage\ThinkPHP\Common\functions.php 第 1191 行.
SQL: SHOW COLUMNS FROM `department` [ RunTime:0.005050s ]
ERR: 1146:Table 'manage.department' doesn't exist
 [ SQL语句 ] : SHOW COLUMNS FROM `department`
SQL: SELECT * FROM `department`  [ RunTime:0.000764s ]
ERR: 1146:Table 'manage.department' doesn't exist
 [ SQL语句 ] : SELECT * FROM `department` 
INFO: [ view_parse ] --START--
INFO: [ template_filter ] --START--
INFO: Run Behavior\ContentReplaceBehavior [ RunTime:0.000067s ]
INFO: [ template_filter ] --END-- [ RunTime:0.000163s ]
INFO: Run Behavior\ParseTemplateBehavior [ RunTime:0.048516s ]
INFO: [ view_parse ] --END-- [ RunTime:0.048663s ]
INFO: [ view_filter ] --START--
INFO: Run Behavior\WriteHtmlCacheBehavior [ RunTime:0.009986s ]
INFO: [ view_filter ] --END-- [ RunTime:0.010084s ]
INFO: [ app_end ] --START--
INFO: Run Behavior\ShowPageTraceBehavior [ RunTime:0.009797s ]
INFO: [ app_end ] --END-- [ RunTime:0.009889s ]

[ 2014-10-01T20:16:00+08:00 ] 127.0.0.1 /oldmanage/index.php/Admin/Rbac/node
INFO: [ app_init ] --START--
INFO: Run Behavior\BuildLiteBehavior [ RunTime:0.000026s ]
INFO: [ app_init ] --END-- [ RunTime:0.002837s ]
INFO: [ app_begin ] --START--
INFO: Run Behavior\ReadHtmlCacheBehavior [ RunTime:0.010167s ]
INFO: [ app_begin ] --END-- [ RunTime:0.010306s ]
NOTIC: [8] A session had already been started - ignoring session_start() D:\wamp\www\oldmanage\ThinkPHP\Common\functions.php 第 1191 行.
SQL: SHOW COLUMNS FROM `node` [ RunTime:0.029753s ]
SQL: SELECT `id`,`name`,`title`,`pid` FROM `node` ORDER BY sort  [ RunTime:0.004819s ]
INFO: [ view_parse ] --START--
INFO: [ template_filter ] --START--
INFO: Run Behavior\ContentReplaceBehavior [ RunTime:0.000070s ]
INFO: [ template_filter ] --END-- [ RunTime:0.000168s ]
INFO: Run Behavior\ParseTemplateBehavior [ RunTime:0.083940s ]
INFO: [ view_parse ] --END-- [ RunTime:0.084055s ]
INFO: [ view_filter ] --START--
INFO: Run Behavior\WriteHtmlCacheBehavior [ RunTime:0.009108s ]
INFO: [ view_filter ] --END-- [ RunTime:0.009209s ]
INFO: [ app_end ] --START--
INFO: Run Behavior\ShowPageTraceBehavior [ RunTime:0.009502s ]
INFO: [ app_end ] --END-- [ RunTime:0.009608s ]

[ 2014-10-01T20:16:02+08:00 ] 127.0.0.1 /oldmanage/index.php/Admin/Rbac/addUser
INFO: [ app_init ] --START--
INFO: Run Behavior\BuildLiteBehavior [ RunTime:0.000032s ]
INFO: [ app_init ] --END-- [ RunTime:0.003820s ]
INFO: [ app_begin ] --START--
INFO: Run Behavior\ReadHtmlCacheBehavior [ RunTime:0.009788s ]
INFO: [ app_begin ] --END-- [ RunTime:0.009948s ]
NOTIC: [8] A session had already been started - ignoring session_start() D:\wamp\www\oldmanage\ThinkPHP\Common\functions.php 第 1191 行.
SQL: SHOW COLUMNS FROM `role` [ RunTime:0.004843s ]
SQL: SELECT * FROM `role`  [ RunTime:0.000156s ]
SQL: SHOW COLUMNS FROM `department` [ RunTime:0.004851s ]
ERR: 1146:Table 'manage.department' doesn't exist
 [ SQL语句 ] : SHOW COLUMNS FROM `department`
SQL: SELECT * FROM `department`  [ RunTime:0.000959s ]
ERR: 1146:Table 'manage.department' doesn't exist
 [ SQL语句 ] : SELECT * FROM `department` 
INFO: [ view_parse ] --START--
INFO: [ template_filter ] --START--
INFO: Run Behavior\ContentReplaceBehavior [ RunTime:0.000087s ]
INFO: [ template_filter ] --END-- [ RunTime:0.000186s ]
INFO: Run Behavior\ParseTemplateBehavior [ RunTime:0.049610s ]
INFO: [ view_parse ] --END-- [ RunTime:0.049741s ]
INFO: [ view_filter ] --START--
INFO: Run Behavior\WriteHtmlCacheBehavior [ RunTime:0.009432s ]
INFO: [ view_filter ] --END-- [ RunTime:0.009538s ]
INFO: [ app_end ] --START--
INFO: Run Behavior\ShowPageTraceBehavior [ RunTime:0.009354s ]
INFO: [ app_end ] --END-- [ RunTime:0.009446s ]

[ 2014-10-01T20:16:02+08:00 ] 127.0.0.1 /oldmanage/index.php/Admin/Rbac/jquery.js
INFO: [ app_init ] --START--
INFO: Run Behavior\BuildLiteBehavior [ RunTime:0.000032s ]
INFO: [ app_init ] --END-- [ RunTime:0.002976s ]
INFO: [ app_begin ] --START--
INFO: Run Behavior\ReadHtmlCacheBehavior [ RunTime:0.012626s ]
INFO: [ app_begin ] --END-- [ RunTime:0.012771s ]
NOTIC: [8] A session had already been started - ignoring session_start() D:\wamp\www\oldmanage\ThinkPHP\Common\functions.php 第 1191 行.
ERR: 非法操作:jquery

[ 2014-10-01T20:16:03+08:00 ] 127.0.0.1 /oldmanage/index.php/Admin/Rbac/addRole
INFO: [ app_init ] --START--
INFO: Run Behavior\BuildLiteBehavior [ RunTime:0.000038s ]
INFO: [ app_init ] --END-- [ RunTime:0.011292s ]
INFO: [ app_begin ] --START--
INFO: Run Behavior\ReadHtmlCacheBehavior [ RunTime:0.009482s ]
INFO: [ app_begin ] --END-- [ RunTime:0.009611s ]
NOTIC: [8] A session had already been started - ignoring session_start() D:\wamp\www\oldmanage\ThinkPHP\Common\functions.php 第 1191 行.
INFO: [ view_parse ] --START--
INFO: [ template_filter ] --START--
INFO: Run Behavior\ContentReplaceBehavior [ RunTime:0.000068s ]
INFO: [ template_filter ] --END-- [ RunTime:0.000174s ]
INFO: Run Behavior\ParseTemplateBehavior [ RunTime:0.044090s ]
INFO: [ view_parse ] --END-- [ RunTime:0.044207s ]
INFO: [ view_filter ] --START--
INFO: Run Behavior\WriteHtmlCacheBehavior [ RunTime:0.009030s ]
INFO: [ view_filter ] --END-- [ RunTime:0.009121s ]
INFO: [ app_end ] --START--
INFO: Run Behavior\ShowPageTraceBehavior [ RunTime:0.009319s ]
INFO: [ app_end ] --END-- [ RunTime:0.009412s ]

[ 2014-10-01T20:16:04+08:00 ] 127.0.0.1 /oldmanage/index.php/Admin/Rbac/addDept
INFO: [ app_init ] --START--
INFO: Run Behavior\BuildLiteBehavior [ RunTime:0.000030s ]
INFO: [ app_init ] --END-- [ RunTime:0.003766s ]
INFO: [ app_begin ] --START--
INFO: Run Behavior\ReadHtmlCacheBehavior [ RunTime:0.012101s ]
INFO: [ app_begin ] --END-- [ RunTime:0.012243s ]
NOTIC: [8] A session had already been started - ignoring session_start() D:\wamp\www\oldmanage\ThinkPHP\Common\functions.php 第 1191 行.
INFO: [ view_parse ] --START--
INFO: [ template_filter ] --START--
INFO: Run Behavior\ContentReplaceBehavior [ RunTime:0.000066s ]
INFO: [ template_filter ] --END-- [ RunTime:0.000166s ]
INFO: Run Behavior\ParseTemplateBehavior [ RunTime:0.056423s ]
INFO: [ view_parse ] --END-- [ RunTime:0.056577s ]
INFO: [ view_filter ] --START--
INFO: Run Behavior\WriteHtmlCacheBehavior [ RunTime:0.010455s ]
INFO: [ view_filter ] --END-- [ RunTime:0.010582s ]
INFO: [ app_end ] --START--
INFO: Run Behavior\ShowPageTraceBehavior [ RunTime:0.015937s ]
INFO: [ app_end ] --END-- [ RunTime:0.016069s ]

[ 2014-10-01T20:16:05+08:00 ] 127.0.0.1 /oldmanage/index.php/Admin/Rbac/addNode
INFO: [ app_init ] --START--
INFO: Run Behavior\BuildLiteBehavior [ RunTime:0.000023s ]
INFO: [ app_init ] --END-- [ RunTime:0.002726s ]
INFO: [ app_begin ] --START--
INFO: Run Behavior\ReadHtmlCacheBehavior [ RunTime:0.009668s ]
INFO: [ app_begin ] --END-- [ RunTime:0.009810s ]
NOTIC: [8] A session had already been started - ignoring session_start() D:\wamp\www\oldmanage\ThinkPHP\Common\functions.php 第 1191 行.
INFO: [ view_parse ] --START--
INFO: [ template_filter ] --START--
INFO: Run Behavior\ContentReplaceBehavior [ RunTime:0.000069s ]
INFO: [ template_filter ] --END-- [ RunTime:0.000166s ]
INFO: Run Behavior\ParseTemplateBehavior [ RunTime:0.048039s ]
INFO: [ view_parse ] --END-- [ RunTime:0.048204s ]
INFO: [ view_filter ] --START--
INFO: Run Behavior\WriteHtmlCacheBehavior [ RunTime:0.011724s ]
INFO: [ view_filter ] --END-- [ RunTime:0.011863s ]
INFO: [ app_end ] --START--
INFO: Run Behavior\ShowPageTraceBehavior [ RunTime:0.012592s ]
INFO: [ app_end ] --END-- [ RunTime:0.012742s ]

[ 2014-10-01T20:17:12+08:00 ] 127.0.0.1 /oldmanage/index.php/Admin/Index/index
INFO: [ app_init ] --START--
INFO: Run Behavior\BuildLiteBehavior [ RunTime:0.000023s ]
INFO: [ app_init ] --END-- [ RunTime:0.002755s ]
INFO: [ app_begin ] --START--
INFO: Run Behavior\ReadHtmlCacheBehavior [ RunTime:0.009404s ]
INFO: [ app_begin ] --END-- [ RunTime:0.009533s ]
NOTIC: [8] A session had already been started - ignoring session_start() D:\wamp\www\oldmanage\ThinkPHP\Common\functions.php 第 1191 行.

[ 2014-10-01T20:17:40+08:00 ] 127.0.0.1 /oldmanage/index.php/Admin/Index/logout.html
INFO: [ app_init ] --START--
INFO: Run Behavior\BuildLiteBehavior [ RunTime:0.000022s ]
INFO: [ app_init ] --END-- [ RunTime:0.002789s ]
INFO: [ app_begin ] --START--
INFO: Run Behavior\ReadHtmlCacheBehavior [ RunTime:0.009750s ]
INFO: [ app_begin ] --END-- [ RunTime:0.009887s ]
NOTIC: [8] A session had already been started - ignoring session_start() D:\wamp\www\oldmanage\ThinkPHP\Common\functions.php 第 1191 行.

[ 2014-10-01T21:34:49+08:00 ] 127.0.0.1 /oldmanage/index.php/Admin/Index/index
INFO: [ app_init ] --START--
INFO: Run Behavior\BuildLiteBehavior [ RunTime:0.000025s ]
INFO: [ app_init ] --END-- [ RunTime:0.002798s ]
INFO: [ app_begin ] --START--
INFO: Run Behavior\ReadHtmlCacheBehavior [ RunTime:0.009463s ]
INFO: [ app_begin ] --END-- [ RunTime:0.009600s ]
NOTIC: [8] A session had already been started - ignoring session_start() D:\wamp\www\oldmanage\ThinkPHP\Common\functions.php 第 1191 行.
INFO: [ view_parse ] --START--
INFO: [ template_filter ] --START--
INFO: Run Behavior\ContentReplaceBehavior [ RunTime:0.000077s ]
INFO: [ template_filter ] --END-- [ RunTime:0.000226s ]
INFO: Run Behavior\ParseTemplateBehavior [ RunTime:0.094981s ]
INFO: [ view_parse ] --END-- [ RunTime:0.095171s ]
INFO: [ view_filter ] --START--
INFO: Run Behavior\WriteHtmlCacheBehavior [ RunTime:0.011754s ]
INFO: [ view_filter ] --END-- [ RunTime:0.011882s ]
INFO: [ app_end ] --START--
INFO: Run Behavior\ShowPageTraceBehavior [ RunTime:0.009675s ]
INFO: [ app_end ] --END-- [ RunTime:0.009780s ]

[ 2014-10-01T21:34:50+08:00 ] 127.0.0.1 /oldmanage/index.php/Admin/Index/conf
INFO: [ app_init ] --START--
INFO: Run Behavior\BuildLiteBehavior [ RunTime:0.000024s ]
INFO: [ app_init ] --END-- [ RunTime:0.002943s ]
INFO: [ app_begin ] --START--
INFO: Run Behavior\ReadHtmlCacheBehavior [ RunTime:0.010593s ]
INFO: [ app_begin ] --END-- [ RunTime:0.010735s ]
NOTIC: [8] A session had already been started - ignoring session_start() D:\wamp\www\oldmanage\ThinkPHP\Common\functions.php 第 1191 行.
INFO: [ view_parse ] --START--
INFO: [ template_filter ] --START--
INFO: Run Behavior\ContentReplaceBehavior [ RunTime:0.000069s ]
INFO: [ template_filter ] --END-- [ RunTime:0.000168s ]
NOTIC: [8] Undefined variable: time D:\wamp\www\oldmanage\App\Runtime\Cache\Admin\e0852ee07e2cbe427a5bdfe411069bc0.php 第 36 行.
NOTIC: [8] Undefined variable: ip D:\wamp\www\oldmanage\App\Runtime\Cache\Admin\e0852ee07e2cbe427a5bdfe411069bc0.php 第 37 行.
INFO: Run Behavior\ParseTemplateBehavior [ RunTime:0.083530s ]
INFO: [ view_parse ] --END-- [ RunTime:0.083641s ]
INFO: [ view_filter ] --START--
INFO: Run Behavior\WriteHtmlCacheBehavior [ RunTime:0.009459s ]
INFO: [ view_filter ] --END-- [ RunTime:0.009552s ]
INFO: [ app_end ] --START--
INFO: Run Behavior\ShowPageTraceBehavior [ RunTime:0.009366s ]
INFO: [ app_end ] --END-- [ RunTime:0.009468s ]

[ 2014-10-01T21:34:55+08:00 ] 127.0.0.1 /oldmanage/index.php/Admin/Rbac/addUser
INFO: [ app_init ] --START--
INFO: Run Behavior\BuildLiteBehavior [ RunTime:0.000024s ]
INFO: [ app_init ] --END-- [ RunTime:0.002874s ]
INFO: [ app_begin ] --START--
INFO: Run Behavior\ReadHtmlCacheBehavior [ RunTime:0.009688s ]
INFO: [ app_begin ] --END-- [ RunTime:0.009938s ]
NOTIC: [8] A session had already been started - ignoring session_start() D:\wamp\www\oldmanage\ThinkPHP\Common\functions.php 第 1191 行.
SQL: SHOW COLUMNS FROM `role` [ RunTime:0.056197s ]
SQL: SELECT * FROM `role`  [ RunTime:0.000513s ]
SQL: SHOW COLUMNS FROM `department` [ RunTime:0.005593s ]
ERR: 1146:Table 'manage.department' doesn't exist
 [ SQL语句 ] : SHOW COLUMNS FROM `department`
SQL: SELECT * FROM `department`  [ RunTime:0.000980s ]
ERR: 1146:Table 'manage.department' doesn't exist
 [ SQL语句 ] : SELECT * FROM `department` 
INFO: [ view_parse ] --START--
INFO: [ template_filter ] --START--
INFO: Run Behavior\ContentReplaceBehavior [ RunTime:0.000087s ]
INFO: [ template_filter ] --END-- [ RunTime:0.000182s ]
INFO: Run Behavior\ParseTemplateBehavior [ RunTime:0.091512s ]
INFO: [ view_parse ] --END-- [ RunTime:0.091678s ]
INFO: [ view_filter ] --START--
INFO: Run Behavior\WriteHtmlCacheBehavior [ RunTime:0.009979s ]
INFO: [ view_filter ] --END-- [ RunTime:0.010076s ]
INFO: [ app_end ] --START--
INFO: Run Behavior\ShowPageTraceBehavior [ RunTime:0.010044s ]
INFO: [ app_end ] --END-- [ RunTime:0.010150s ]

[ 2014-10-01T21:34:56+08:00 ] 127.0.0.1 /oldmanage/index.php/Admin/Rbac/jquery.js
INFO: [ app_init ] --START--
INFO: Run Behavior\BuildLiteBehavior [ RunTime:0.000026s ]
INFO: [ app_init ] --END-- [ RunTime:0.002984s ]
INFO: [ app_begin ] --START--
INFO: Run Behavior\ReadHtmlCacheBehavior [ RunTime:0.011102s ]
INFO: [ app_begin ] --END-- [ RunTime:0.011239s ]
NOTIC: [8] A session had already been started - ignoring session_start() D:\wamp\www\oldmanage\ThinkPHP\Common\functions.php 第 1191 行.
ERR: 非法操作:jquery

[ 2014-10-01T21:34:56+08:00 ] 127.0.0.1 /oldmanage/index.php/Admin/Rbac/node
INFO: [ app_init ] --START--
INFO: Run Behavior\BuildLiteBehavior [ RunTime:0.000027s ]
INFO: [ app_init ] --END-- [ RunTime:0.002844s ]
INFO: [ app_begin ] --START--
INFO: Run Behavior\ReadHtmlCacheBehavior [ RunTime:0.009409s ]
INFO: [ app_begin ] --END-- [ RunTime:0.009549s ]
NOTIC: [8] A session had already been started - ignoring session_start() D:\wamp\www\oldmanage\ThinkPHP\Common\functions.php 第 1191 行.
SQL: SHOW COLUMNS FROM `node` [ RunTime:0.051260s ]
SQL: SELECT `id`,`name`,`title`,`pid` FROM `node` ORDER BY sort  [ RunTime:0.037898s ]
INFO: [ view_parse ] --START--
INFO: [ template_filter ] --START--
INFO: Run Behavior\ContentReplaceBehavior [ RunTime:0.000070s ]
INFO: [ template_filter ] --END-- [ RunTime:0.000165s ]
INFO: Run Behavior\ParseTemplateBehavior [ RunTime:0.098194s ]
INFO: [ view_parse ] --END-- [ RunTime:0.098310s ]
INFO: [ view_filter ] --START--
INFO: Run Behavior\WriteHtmlCacheBehavior [ RunTime:0.010475s ]
INFO: [ view_filter ] --END-- [ RunTime:0.010573s ]
INFO: [ app_end ] --START--
INFO: Run Behavior\ShowPageTraceBehavior [ RunTime:0.011334s ]
INFO: [ app_end ] --END-- [ RunTime:0.011440s ]

