[ 2014-09-27T00:32:45+08:00 ] 113.251.218.31 /manage/
INFO: [ app_init ] --START--
INFO: Run Behavior\BuildLiteBehavior [ RunTime:0.000029s ]
INFO: [ app_init ] --END-- [ RunTime:0.043878s ]
INFO: [ app_begin ] --START--
INFO: Run Behavior\ReadHtmlCacheBehavior [ RunTime:0.033740s ]
INFO: [ app_begin ] --END-- [ RunTime:0.033888s ]
NOTIC: [8] A session had already been started - ignoring session_start() D:\wamp\www\manage\ThinkPHP\Common\functions.php 第 1191 行.
SQL: SHOW COLUMNS FROM `apart_work` [ RunTime:0.309074s ]
SQL: SELECT COUNT(*) AS tp_count FROM `apart_work` WHERE ( apart_id = 2 ) LIMIT 1   [ RunTime:0.107543s ]
NOTIC: [2] Division by zero D:\wamp\www\manage\ThinkPHP\Library\Think\Page.class.php 第 84 行.
SQL: SELECT * FROM `apart_work` LEFT JOIN work ON apart_work.work_id = work.id  WHERE ( apart_id = 2 )  [ RunTime:0.264319s ]
INFO: [ view_parse ] --START--
INFO: [ template_filter ] --START--
INFO: Run Behavior\ContentReplaceBehavior [ RunTime:0.000104s ]
INFO: [ template_filter ] --END-- [ RunTime:0.000258s ]
INFO: Run Behavior\ParseTemplateBehavior [ RunTime:0.412900s ]
INFO: [ view_parse ] --END-- [ RunTime:0.413039s ]
INFO: [ view_filter ] --START--
INFO: Run Behavior\WriteHtmlCacheBehavior [ RunTime:0.017548s ]
INFO: [ view_filter ] --END-- [ RunTime:0.017735s ]
INFO: [ app_end ] --START--
INFO: Run Behavior\ShowPageTraceBehavior [ RunTime:0.036638s ]
INFO: [ app_end ] --END-- [ RunTime:0.036763s ]

[ 2014-09-27T00:33:00+08:00 ] 113.251.217.205 /manage/
INFO: [ app_init ] --START--
INFO: Run Behavior\BuildLiteBehavior [ RunTime:0.000023s ]
INFO: [ app_init ] --END-- [ RunTime:0.002719s ]
INFO: [ app_begin ] --START--
INFO: Run Behavior\ReadHtmlCacheBehavior [ RunTime:0.009739s ]
INFO: [ app_begin ] --END-- [ RunTime:0.009869s ]
NOTIC: [8] A session had already been started - ignoring session_start() D:\wamp\www\manage\ThinkPHP\Common\functions.php 第 1191 行.
SQL: SHOW COLUMNS FROM `apart_work` [ RunTime:0.011389s ]
SQL: SELECT COUNT(*) AS tp_count FROM `apart_work` WHERE ( apart_id = 2 ) LIMIT 1   [ RunTime:0.000437s ]
NOTIC: [2] Division by zero D:\wamp\www\manage\ThinkPHP\Library\Think\Page.class.php 第 84 行.
SQL: SELECT * FROM `apart_work` LEFT JOIN work ON apart_work.work_id = work.id  WHERE ( apart_id = 2 )  [ RunTime:0.000498s ]
INFO: [ view_parse ] --START--
INFO: [ template_filter ] --START--
INFO: Run Behavior\ContentReplaceBehavior [ RunTime:0.000102s ]
INFO: [ template_filter ] --END-- [ RunTime:0.000196s ]
INFO: Run Behavior\ParseTemplateBehavior [ RunTime:0.051183s ]
INFO: [ view_parse ] --END-- [ RunTime:0.051308s ]
INFO: [ view_filter ] --START--
INFO: Run Behavior\WriteHtmlCacheBehavior [ RunTime:0.009051s ]
INFO: [ view_filter ] --END-- [ RunTime:0.009129s ]
INFO: [ app_end ] --START--
INFO: Run Behavior\ShowPageTraceBehavior [ RunTime:0.020176s ]
INFO: [ app_end ] --END-- [ RunTime:0.020284s ]

[ 2014-09-27T00:33:24+08:00 ] 113.251.217.205 /manage/index.php/Home/Login/login.html
INFO: [ app_init ] --START--
INFO: Run Behavior\BuildLiteBehavior [ RunTime:0.000024s ]
INFO: [ app_init ] --END-- [ RunTime:0.002922s ]
INFO: [ app_begin ] --START--
INFO: Run Behavior\ReadHtmlCacheBehavior [ RunTime:0.010031s ]
INFO: [ app_begin ] --END-- [ RunTime:0.010151s ]
NOTIC: [8] A session had already been started - ignoring session_start() D:\wamp\www\manage\ThinkPHP\Common\functions.php 第 1191 行.
SQL: SHOW COLUMNS FROM `user` [ RunTime:0.126683s ]
SQL: SELECT * FROM `user` WHERE `username` = '樊珊珊' LIMIT 1   [ RunTime:0.000578s ]
SQL: UPDATE `user` SET `logintime`=1411749202,`loginip`='113.251.217.205' WHERE `id` = 44 [ RunTime:0.090312s ]
SQL: SHOW COLUMNS FROM `user` [ RunTime:0.005284s ]
SQL: SELECT `id`,`username`,`logintime`,`loginip`,`lock` FROM `user` WHERE `id` = 44  [ RunTime:0.000357s ]
SQL: SHOW COLUMNS FROM `role` [ RunTime:0.074097s ]
NOTIC: [8] Undefined index: mapping_order D:\wamp\www\manage\ThinkPHP\Library\Think\Model\RelationModel.class.php 第 186 行.
NOTIC: [8] Undefined index: mapping_limit D:\wamp\www\manage\ThinkPHP\Library\Think\Model\RelationModel.class.php 第 187 行.
SQL: SELECT b.id, name, remark FROM role_user AS a, role AS b WHERE a.role_id = b.id AND a. user_id='44' [ RunTime:0.062241s ]
SQL: SHOW COLUMNS FROM `apartment` [ RunTime:0.134344s ]
NOTIC: [8] Undefined index: mapping_order D:\wamp\www\manage\ThinkPHP\Library\Think\Model\RelationModel.class.php 第 186 行.
NOTIC: [8] Undefined index: mapping_limit D:\wamp\www\manage\ThinkPHP\Library\Think\Model\RelationModel.class.php 第 187 行.
SQL: SELECT b.id, name FROM apart_user AS a, apartment AS b WHERE a.apart_id = b.id AND a. user_id='44' [ RunTime:0.082832s ]
SQL: SHOW COLUMNS FROM `level` [ RunTime:0.065481s ]
NOTIC: [8] Undefined index: mapping_order D:\wamp\www\manage\ThinkPHP\Library\Think\Model\RelationModel.class.php 第 186 行.
NOTIC: [8] Undefined index: mapping_limit D:\wamp\www\manage\ThinkPHP\Library\Think\Model\RelationModel.class.php 第 187 行.
SQL: SELECT b.id, name FROM level_user AS a, level AS b WHERE a.level_id = b.id AND a. user_id='44' [ RunTime:0.048419s ]
SQL: SHOW COLUMNS FROM `work` [ RunTime:0.005541s ]
NOTIC: [8] Undefined index: mapping_order D:\wamp\www\manage\ThinkPHP\Library\Think\Model\RelationModel.class.php 第 186 行.
NOTIC: [8] Undefined index: mapping_limit D:\wamp\www\manage\ThinkPHP\Library\Think\Model\RelationModel.class.php 第 187 行.
SQL: SELECT b.id, title, content, deadline FROM work_user AS a, work AS b WHERE a.work_id = b.id AND a. user_id='44' [ RunTime:0.137343s ]
SQL: SELECT `id`,`username`,`logintime`,`loginip`,`lock` FROM `user` WHERE `id` = 44  [ RunTime:0.000377s ]
NOTIC: [8] Undefined index: mapping_order D:\wamp\www\manage\ThinkPHP\Library\Think\Model\RelationModel.class.php 第 186 行.
NOTIC: [8] Undefined index: mapping_limit D:\wamp\www\manage\ThinkPHP\Library\Think\Model\RelationModel.class.php 第 187 行.
SQL: SELECT b.id, name, remark FROM role_user AS a, role AS b WHERE a.role_id = b.id AND a. user_id='44' [ RunTime:0.000310s ]
NOTIC: [8] Undefined index: mapping_order D:\wamp\www\manage\ThinkPHP\Library\Think\Model\RelationModel.class.php 第 186 行.
NOTIC: [8] Undefined index: mapping_limit D:\wamp\www\manage\ThinkPHP\Library\Think\Model\RelationModel.class.php 第 187 行.
SQL: SELECT b.id, name FROM apart_user AS a, apartment AS b WHERE a.apart_id = b.id AND a. user_id='44' [ RunTime:0.000232s ]
NOTIC: [8] Undefined index: mapping_order D:\wamp\www\manage\ThinkPHP\Library\Think\Model\RelationModel.class.php 第 186 行.
NOTIC: [8] Undefined index: mapping_limit D:\wamp\www\manage\ThinkPHP\Library\Think\Model\RelationModel.class.php 第 187 行.
SQL: SELECT b.id, name FROM level_user AS a, level AS b WHERE a.level_id = b.id AND a. user_id='44' [ RunTime:0.000528s ]
NOTIC: [8] Undefined index: mapping_order D:\wamp\www\manage\ThinkPHP\Library\Think\Model\RelationModel.class.php 第 186 行.
NOTIC: [8] Undefined index: mapping_limit D:\wamp\www\manage\ThinkPHP\Library\Think\Model\RelationModel.class.php 第 187 行.
SQL: SELECT b.id, title, content, deadline FROM work_user AS a, work AS b WHERE a.work_id = b.id AND a. user_id='44' [ RunTime:0.000293s ]
NOTIC: [8] Undefined index: superadmin D:\wamp\www\manage\ThinkPHP\Library\Org\Util\Rbac.class.php 第 88 行.
SQL: select node.id,node.name from role as role,role_user as user,access as access ,node as node where user.user_id='44' and user.role_id=role.id and ( access.role_id=role.id  or (access.role_id=role.pid and role.pid!=0 ) ) and role.status=1 and access.node_id=node.id and node.level=1 and node.status=1 [ RunTime:0.119415s ]
SQL: select node.id,node.name from role as role,role_user as user,access as access ,node as node where user.user_id='44' and user.role_id=role.id and ( access.role_id=role.id  or (access.role_id=role.pid and role.pid!=0 ) ) and role.status=1 and access.node_id=node.id and node.level=2 and node.pid=1 and node.status=1 [ RunTime:0.000731s ]
SQL: select node.id,node.name from role as role,role_user as user,access as access ,node as node where user.user_id='44' and user.role_id=role.id and ( access.role_id=role.id  or (access.role_id=role.pid and role.pid!=0 ) ) and role.status=1 and access.node_id=node.id and node.level=3 and node.pid=4 and node.status=1 [ RunTime:0.000721s ]
SQL: select node.id,node.name from role as role,role_user as user,access as access ,node as node where user.user_id='44' and user.role_id=role.id and ( access.role_id=role.id  or (access.role_id=role.pid and role.pid!=0 ) ) and role.status=1 and access.node_id=node.id and node.level=3 and node.pid=16 and node.status=1 [ RunTime:0.000594s ]
SQL: select node.id,node.name from role as role,role_user as user,access as access ,node as node where user.user_id='44' and user.role_id=role.id and ( access.role_id=role.id  or (access.role_id=role.pid and role.pid!=0 ) ) and role.status=1 and access.node_id=node.id and node.level=3 and node.pid=29 and node.status=1 [ RunTime:0.000457s ]
SQL: select node.id,node.name from role as role,role_user as user,access as access ,node as node where user.user_id='44' and user.role_id=role.id and ( access.role_id=role.id  or (access.role_id=role.pid and role.pid!=0 ) ) and role.status=1 and access.node_id=node.id and node.level=2 and node.pid=2 and node.status=1 [ RunTime:0.000556s ]
SQL: select node.id,node.name from role as role,role_user as user,access as access ,node as node where user.user_id='44' and user.role_id=role.id and ( access.role_id=role.id  or (access.role_id=role.pid and role.pid!=0 ) ) and role.status=1 and access.node_id=node.id and node.level=3 and node.pid=27 and node.status=1 [ RunTime:0.000459s ]
INFO: [ view_parse ] --START--
INFO: [ template_filter ] --START--
INFO: Run Behavior\ContentReplaceBehavior [ RunTime:0.000061s ]
INFO: [ template_filter ] --END-- [ RunTime:0.000156s ]
INFO: Run Behavior\ParseTemplateBehavior [ RunTime:0.089934s ]
INFO: [ view_parse ] --END-- [ RunTime:0.090094s ]
INFO: [ view_filter ] --START--
INFO: Run Behavior\WriteHtmlCacheBehavior [ RunTime:0.009296s ]
INFO: [ view_filter ] --END-- [ RunTime:0.009385s ]
INFO: [ app_end ] --START--
INFO: Run Behavior\ShowPageTraceBehavior [ RunTime:0.009744s ]
INFO: [ app_end ] --END-- [ RunTime:0.009840s ]

[ 2014-09-27T00:33:24+08:00 ] 113.251.217.205 /manage/index.php/Home/Login/login.html
INFO: [ app_init ] --START--
INFO: Run Behavior\BuildLiteBehavior [ RunTime:0.000024s ]
INFO: [ app_init ] --END-- [ RunTime:0.002859s ]
INFO: [ app_begin ] --START--
INFO: Run Behavior\ReadHtmlCacheBehavior [ RunTime:0.011180s ]
INFO: [ app_begin ] --END-- [ RunTime:0.011328s ]
NOTIC: [8] A session had already been started - ignoring session_start() D:\wamp\www\manage\ThinkPHP\Common\functions.php 第 1191 行.
SQL: SHOW COLUMNS FROM `user` [ RunTime:0.005969s ]
SQL: SELECT * FROM `user` WHERE `username` = '樊珊珊' LIMIT 1   [ RunTime:0.000626s ]
SQL: UPDATE `user` SET `logintime`=1411749204,`loginip`='113.251.217.205' WHERE `id` = 44 [ RunTime:0.030967s ]
SQL: SHOW COLUMNS FROM `user` [ RunTime:0.007577s ]
SQL: SELECT `id`,`username`,`logintime`,`loginip`,`lock` FROM `user` WHERE `id` = 44  [ RunTime:0.000731s ]
SQL: SHOW COLUMNS FROM `role` [ RunTime:0.006955s ]
NOTIC: [8] Undefined index: mapping_order D:\wamp\www\manage\ThinkPHP\Library\Think\Model\RelationModel.class.php 第 186 行.
NOTIC: [8] Undefined index: mapping_limit D:\wamp\www\manage\ThinkPHP\Library\Think\Model\RelationModel.class.php 第 187 行.
SQL: SELECT b.id, name, remark FROM role_user AS a, role AS b WHERE a.role_id = b.id AND a. user_id='44' [ RunTime:0.000164s ]
SQL: SHOW COLUMNS FROM `apartment` [ RunTime:0.008101s ]
NOTIC: [8] Undefined index: mapping_order D:\wamp\www\manage\ThinkPHP\Library\Think\Model\RelationModel.class.php 第 186 行.
NOTIC: [8] Undefined index: mapping_limit D:\wamp\www\manage\ThinkPHP\Library\Think\Model\RelationModel.class.php 第 187 行.
SQL: SELECT b.id, name FROM apart_user AS a, apartment AS b WHERE a.apart_id = b.id AND a. user_id='44' [ RunTime:0.000187s ]
SQL: SHOW COLUMNS FROM `level` [ RunTime:0.006266s ]
NOTIC: [8] Undefined index: mapping_order D:\wamp\www\manage\ThinkPHP\Library\Think\Model\RelationModel.class.php 第 186 行.
NOTIC: [8] Undefined index: mapping_limit D:\wamp\www\manage\ThinkPHP\Library\Think\Model\RelationModel.class.php 第 187 行.
SQL: SELECT b.id, name FROM level_user AS a, level AS b WHERE a.level_id = b.id AND a. user_id='44' [ RunTime:0.002410s ]
SQL: SHOW COLUMNS FROM `work` [ RunTime:0.005199s ]
NOTIC: [8] Undefined index: mapping_order D:\wamp\www\manage\ThinkPHP\Library\Think\Model\RelationModel.class.php 第 186 行.
NOTIC: [8] Undefined index: mapping_limit D:\wamp\www\manage\ThinkPHP\Library\Think\Model\RelationModel.class.php 第 187 行.
SQL: SELECT b.id, title, content, deadline FROM work_user AS a, work AS b WHERE a.work_id = b.id AND a. user_id='44' [ RunTime:0.000310s ]
SQL: SELECT `id`,`username`,`logintime`,`loginip`,`lock` FROM `user` WHERE `id` = 44  [ RunTime:0.000248s ]
NOTIC: [8] Undefined index: mapping_order D:\wamp\www\manage\ThinkPHP\Library\Think\Model\RelationModel.class.php 第 186 行.
NOTIC: [8] Undefined index: mapping_limit D:\wamp\www\manage\ThinkPHP\Library\Think\Model\RelationModel.class.php 第 187 行.
SQL: SELECT b.id, name, remark FROM role_user AS a, role AS b WHERE a.role_id = b.id AND a. user_id='44' [ RunTime:0.000183s ]
NOTIC: [8] Undefined index: mapping_order D:\wamp\www\manage\ThinkPHP\Library\Think\Model\RelationModel.class.php 第 186 行.
NOTIC: [8] Undefined index: mapping_limit D:\wamp\www\manage\ThinkPHP\Library\Think\Model\RelationModel.class.php 第 187 行.
SQL: SELECT b.id, name FROM apart_user AS a, apartment AS b WHERE a.apart_id = b.id AND a. user_id='44' [ RunTime:0.000220s ]
NOTIC: [8] Undefined index: mapping_order D:\wamp\www\manage\ThinkPHP\Library\Think\Model\RelationModel.class.php 第 186 行.
NOTIC: [8] Undefined index: mapping_limit D:\wamp\www\manage\ThinkPHP\Library\Think\Model\RelationModel.class.php 第 187 行.
SQL: SELECT b.id, name FROM level_user AS a, level AS b WHERE a.level_id = b.id AND a. user_id='44' [ RunTime:0.000165s ]
NOTIC: [8] Undefined index: mapping_order D:\wamp\www\manage\ThinkPHP\Library\Think\Model\RelationModel.class.php 第 186 行.
NOTIC: [8] Undefined index: mapping_limit D:\wamp\www\manage\ThinkPHP\Library\Think\Model\RelationModel.class.php 第 187 行.
SQL: SELECT b.id, title, content, deadline FROM work_user AS a, work AS b WHERE a.work_id = b.id AND a. user_id='44' [ RunTime:0.000158s ]
NOTIC: [8] Undefined index: superadmin D:\wamp\www\manage\ThinkPHP\Library\Org\Util\Rbac.class.php 第 88 行.
SQL: select node.id,node.name from role as role,role_user as user,access as access ,node as node where user.user_id='44' and user.role_id=role.id and ( access.role_id=role.id  or (access.role_id=role.pid and role.pid!=0 ) ) and role.status=1 and access.node_id=node.id and node.level=1 and node.status=1 [ RunTime:0.000173s ]
SQL: select node.id,node.name from role as role,role_user as user,access as access ,node as node where user.user_id='44' and user.role_id=role.id and ( access.role_id=role.id  or (access.role_id=role.pid and role.pid!=0 ) ) and role.status=1 and access.node_id=node.id and node.level=2 and node.pid=1 and node.status=1 [ RunTime:0.000152s ]
SQL: select node.id,node.name from role as role,role_user as user,access as access ,node as node where user.user_id='44' and user.role_id=role.id and ( access.role_id=role.id  or (access.role_id=role.pid and role.pid!=0 ) ) and role.status=1 and access.node_id=node.id and node.level=3 and node.pid=4 and node.status=1 [ RunTime:0.000160s ]
SQL: select node.id,node.name from role as role,role_user as user,access as access ,node as node where user.user_id='44' and user.role_id=role.id and ( access.role_id=role.id  or (access.role_id=role.pid and role.pid!=0 ) ) and role.status=1 and access.node_id=node.id and node.level=3 and node.pid=16 and node.status=1 [ RunTime:0.000190s ]
SQL: select node.id,node.name from role as role,role_user as user,access as access ,node as node where user.user_id='44' and user.role_id=role.id and ( access.role_id=role.id  or (access.role_id=role.pid and role.pid!=0 ) ) and role.status=1 and access.node_id=node.id and node.level=3 and node.pid=29 and node.status=1 [ RunTime:0.000149s ]
SQL: select node.id,node.name from role as role,role_user as user,access as access ,node as node where user.user_id='44' and user.role_id=role.id and ( access.role_id=role.id  or (access.role_id=role.pid and role.pid!=0 ) ) and role.status=1 and access.node_id=node.id and node.level=2 and node.pid=2 and node.status=1 [ RunTime:0.000145s ]
SQL: select node.id,node.name from role as role,role_user as user,access as access ,node as node where user.user_id='44' and user.role_id=role.id and ( access.role_id=role.id  or (access.role_id=role.pid and role.pid!=0 ) ) and role.status=1 and access.node_id=node.id and node.level=3 and node.pid=27 and node.status=1 [ RunTime:0.000136s ]
INFO: [ view_parse ] --START--
INFO: [ template_filter ] --START--
INFO: Run Behavior\ContentReplaceBehavior [ RunTime:0.000064s ]
INFO: [ template_filter ] --END-- [ RunTime:0.000167s ]
INFO: Run Behavior\ParseTemplateBehavior [ RunTime:0.044702s ]
INFO: [ view_parse ] --END-- [ RunTime:0.044864s ]
INFO: [ view_filter ] --START--
INFO: Run Behavior\WriteHtmlCacheBehavior [ RunTime:0.010232s ]
INFO: [ view_filter ] --END-- [ RunTime:0.010334s ]
INFO: [ app_end ] --START--
INFO: Run Behavior\ShowPageTraceBehavior [ RunTime:0.010994s ]
INFO: [ app_end ] --END-- [ RunTime:0.011124s ]

[ 2014-09-27T00:33:26+08:00 ] 113.251.217.205 /manage/index.php/Home/Index/index
INFO: [ app_init ] --START--
INFO: Run Behavior\BuildLiteBehavior [ RunTime:0.000026s ]
INFO: [ app_init ] --END-- [ RunTime:0.002927s ]
INFO: [ app_begin ] --START--
INFO: Run Behavior\ReadHtmlCacheBehavior [ RunTime:0.010239s ]
INFO: [ app_begin ] --END-- [ RunTime:0.010376s ]
NOTIC: [8] A session had already been started - ignoring session_start() D:\wamp\www\manage\ThinkPHP\Common\functions.php 第 1191 行.
SQL: SHOW COLUMNS FROM `apart_work` [ RunTime:0.004804s ]
SQL: SELECT COUNT(*) AS tp_count FROM `apart_work` WHERE ( apart_id = 2 ) LIMIT 1   [ RunTime:0.000156s ]
NOTIC: [2] Division by zero D:\wamp\www\manage\ThinkPHP\Library\Think\Page.class.php 第 84 行.
SQL: SELECT * FROM `apart_work` LEFT JOIN work ON apart_work.work_id = work.id  WHERE ( apart_id = 2 )  [ RunTime:0.000454s ]
INFO: [ view_parse ] --START--
INFO: [ template_filter ] --START--
INFO: Run Behavior\ContentReplaceBehavior [ RunTime:0.000099s ]
INFO: [ template_filter ] --END-- [ RunTime:0.000199s ]
INFO: Run Behavior\ParseTemplateBehavior [ RunTime:0.054224s ]
INFO: [ view_parse ] --END-- [ RunTime:0.054345s ]
INFO: [ view_filter ] --START--
INFO: Run Behavior\WriteHtmlCacheBehavior [ RunTime:0.009846s ]
INFO: [ view_filter ] --END-- [ RunTime:0.009947s ]
INFO: [ app_end ] --START--
INFO: Run Behavior\ShowPageTraceBehavior [ RunTime:0.010251s ]
INFO: [ app_end ] --END-- [ RunTime:0.010359s ]

[ 2014-09-27T00:33:29+08:00 ] 113.251.217.205 /manage/index.php/Home/Apart/index.html
INFO: [ app_init ] --START--
INFO: Run Behavior\BuildLiteBehavior [ RunTime:0.000024s ]
INFO: [ app_init ] --END-- [ RunTime:0.002827s ]
INFO: [ app_begin ] --START--
INFO: Run Behavior\ReadHtmlCacheBehavior [ RunTime:0.009551s ]
INFO: [ app_begin ] --END-- [ RunTime:0.009677s ]
NOTIC: [8] A session had already been started - ignoring session_start() D:\wamp\www\manage\ThinkPHP\Common\functions.php 第 1191 行.
SQL: SHOW COLUMNS FROM `apartment` [ RunTime:0.043864s ]
SQL: SELECT * FROM `apartment` WHERE `id` = 5  [ RunTime:0.000453s ]
SQL: SHOW COLUMNS FROM `work` [ RunTime:0.011042s ]
SQL: SELECT `deadline` FROM `work` LEFT JOIN work_user ON work_user.work_id = work.id LEFT JOIN work_level ON work_level.work_id = work.id  WHERE ( user_id = 44 OR (apart_id = 5 AND level_id = 3) ) ORDER BY deadline desc LIMIT 1   [ RunTime:0.174206s ]
SQL: SHOW COLUMNS FROM `work_up` [ RunTime:0.081477s ]
SQL: SELECT `work_id` FROM `work_up` WHERE ( user_id = 44 )  [ RunTime:0.000569s ]
SQL: SELECT `id` FROM `work` LEFT JOIN work_user ON work_user.work_id = work.id LEFT JOIN work_level ON work_level.work_id = work.id  WHERE ( user_id = 44 OR (apart_id = 5 AND level_id = 3) )  [ RunTime:0.000640s ]
NOTIC: [2] array_diff(): Argument #1 is not an array D:\wamp\www\manage\App\Home\Controller\ApartController.class.php 第 76 行.
NOTIC: [2] Invalid argument supplied for foreach() D:\wamp\www\manage\App\Home\Controller\ApartController.class.php 第 80 行.
NOTIC: [8] Undefined variable: data D:\wamp\www\manage\App\Home\Controller\ApartController.class.php 第 124 行.
SQL: SHOW COLUMNS FROM `apart_work` [ RunTime:0.005466s ]
SQL: SELECT * FROM `apart_work` LEFT JOIN work ON apart_work.work_id = work.id  WHERE ( apart_id = 5 ) ORDER BY id desc LIMIT 6   [ RunTime:0.004586s ]
SQL: SELECT `work_id` FROM `apart_work` WHERE ( apart_id = 5 )  [ RunTime:0.000623s ]
NOTIC: [2] Invalid argument supplied for foreach() D:\wamp\www\manage\App\Home\Controller\ApartController.class.php 第 140 行.
NOTIC: [2] Invalid argument supplied for foreach() D:\wamp\www\manage\App\Home\Controller\ApartController.class.php 第 148 行.
NOTIC: [2] Invalid argument supplied for foreach() D:\wamp\www\manage\App\Home\Controller\ApartController.class.php 第 158 行.
SQL: SHOW COLUMNS FROM `resource` [ RunTime:0.065446s ]
SQL: SELECT * FROM `resource` ORDER BY id desc LIMIT 13   [ RunTime:0.000481s ]
SQL: SHOW COLUMNS FROM `question` [ RunTime:0.070486s ]
SQL: SELECT * FROM `question` LEFT JOIN user ON question.uid = user.id   [ RunTime:0.000719s ]
SQL: SHOW COLUMNS FROM `user` [ RunTime:0.005550s ]
SQL: SELECT * FROM `user` RIGHT JOIN information ON user.id = information.uid   [ RunTime:0.086127s ]
SQL: SELECT * FROM `work_up` LEFT JOIN apart_user ON work_up.user_id = apart_user.user_id LEFT JOIN user ON user.id = work_up.user_id LEFT JOIN work ON work.id = work_up.work_id  WHERE ( apart_id = 5 )  [ RunTime:0.000686s ]
SQL: SHOW COLUMNS FROM `notice` [ RunTime:0.109499s ]
SQL: SELECT * FROM `notice` LEFT JOIN apart_notice ON notice.id = apart_notice.notice_id  WHERE ( apart_notice.apart_id = 5 ) ORDER BY createtime desc LIMIT 1   [ RunTime:0.161130s ]
INFO: [ view_parse ] --START--
INFO: [ template_filter ] --START--
INFO: Run Behavior\ContentReplaceBehavior [ RunTime:0.000246s ]
INFO: [ template_filter ] --END-- [ RunTime:0.000349s ]
NOTIC: [8] Undefined variable: page D:\wamp\www\manage\App\Runtime\Cache\Home\cf2a18121bf2639402ad186f532a5c6a.php 第 175 行.
NOTIC: [8] Undefined variable: invalid_page D:\wamp\www\manage\App\Runtime\Cache\Home\cf2a18121bf2639402ad186f532a5c6a.php 第 199 行.
INFO: Run Behavior\ParseTemplateBehavior [ RunTime:0.173807s ]
INFO: [ view_parse ] --END-- [ RunTime:0.173926s ]
INFO: [ view_filter ] --START--
INFO: Run Behavior\WriteHtmlCacheBehavior [ RunTime:0.009489s ]
INFO: [ view_filter ] --END-- [ RunTime:0.009587s ]
INFO: [ app_end ] --START--
INFO: Run Behavior\ShowPageTraceBehavior [ RunTime:0.009881s ]
INFO: [ app_end ] --END-- [ RunTime:0.009989s ]

[ 2014-09-27T00:34:12+08:00 ] 113.251.217.205 /manage/index.php/Home/Apart/index.html
INFO: [ app_init ] --START--
INFO: Run Behavior\BuildLiteBehavior [ RunTime:0.000024s ]
INFO: [ app_init ] --END-- [ RunTime:0.002757s ]
INFO: [ app_begin ] --START--
INFO: Run Behavior\ReadHtmlCacheBehavior [ RunTime:0.009748s ]
INFO: [ app_begin ] --END-- [ RunTime:0.009881s ]
NOTIC: [8] A session had already been started - ignoring session_start() D:\wamp\www\manage\ThinkPHP\Common\functions.php 第 1191 行.
SQL: SHOW COLUMNS FROM `apartment` [ RunTime:0.005146s ]
SQL: SELECT * FROM `apartment` WHERE `id` = 5  [ RunTime:0.000217s ]
SQL: SHOW COLUMNS FROM `work` [ RunTime:0.004690s ]
SQL: SELECT `deadline` FROM `work` LEFT JOIN work_user ON work_user.work_id = work.id LEFT JOIN work_level ON work_level.work_id = work.id  WHERE ( user_id = 44 OR (apart_id = 5 AND level_id = 3) ) ORDER BY deadline desc LIMIT 1   [ RunTime:0.000232s ]
SQL: SHOW COLUMNS FROM `work_up` [ RunTime:0.005305s ]
SQL: SELECT `work_id` FROM `work_up` WHERE ( user_id = 44 )  [ RunTime:0.000187s ]
SQL: SELECT `id` FROM `work` LEFT JOIN work_user ON work_user.work_id = work.id LEFT JOIN work_level ON work_level.work_id = work.id  WHERE ( user_id = 44 OR (apart_id = 5 AND level_id = 3) )  [ RunTime:0.000135s ]
NOTIC: [2] array_diff(): Argument #1 is not an array D:\wamp\www\manage\App\Home\Controller\ApartController.class.php 第 76 行.
NOTIC: [2] Invalid argument supplied for foreach() D:\wamp\www\manage\App\Home\Controller\ApartController.class.php 第 80 行.
NOTIC: [8] Undefined variable: data D:\wamp\www\manage\App\Home\Controller\ApartController.class.php 第 124 行.
SQL: SHOW COLUMNS FROM `apart_work` [ RunTime:0.005411s ]
SQL: SELECT * FROM `apart_work` LEFT JOIN work ON apart_work.work_id = work.id  WHERE ( apart_id = 5 ) ORDER BY id desc LIMIT 6   [ RunTime:0.000189s ]
SQL: SELECT `work_id` FROM `apart_work` WHERE ( apart_id = 5 )  [ RunTime:0.000137s ]
NOTIC: [2] Invalid argument supplied for foreach() D:\wamp\www\manage\App\Home\Controller\ApartController.class.php 第 140 行.
NOTIC: [2] Invalid argument supplied for foreach() D:\wamp\www\manage\App\Home\Controller\ApartController.class.php 第 148 行.
NOTIC: [2] Invalid argument supplied for foreach() D:\wamp\www\manage\App\Home\Controller\ApartController.class.php 第 158 行.
SQL: SHOW COLUMNS FROM `resource` [ RunTime:0.006144s ]
SQL: SELECT * FROM `resource` ORDER BY id desc LIMIT 13   [ RunTime:0.000206s ]
SQL: SHOW COLUMNS FROM `question` [ RunTime:0.005446s ]
SQL: SELECT * FROM `question` LEFT JOIN user ON question.uid = user.id   [ RunTime:0.000258s ]
SQL: SHOW COLUMNS FROM `user` [ RunTime:0.005107s ]
SQL: SELECT * FROM `user` RIGHT JOIN information ON user.id = information.uid   [ RunTime:0.000227s ]
SQL: SELECT * FROM `work_up` LEFT JOIN apart_user ON work_up.user_id = apart_user.user_id LEFT JOIN user ON user.id = work_up.user_id LEFT JOIN work ON work.id = work_up.work_id  WHERE ( apart_id = 5 )  [ RunTime:0.000230s ]
SQL: SHOW COLUMNS FROM `notice` [ RunTime:0.004811s ]
SQL: SELECT * FROM `notice` LEFT JOIN apart_notice ON notice.id = apart_notice.notice_id  WHERE ( apart_notice.apart_id = 5 ) ORDER BY createtime desc LIMIT 1   [ RunTime:0.000139s ]
INFO: [ view_parse ] --START--
INFO: [ template_filter ] --START--
INFO: Run Behavior\ContentReplaceBehavior [ RunTime:0.000235s ]
INFO: [ template_filter ] --END-- [ RunTime:0.000331s ]
NOTIC: [8] Undefined variable: page D:\wamp\www\manage\App\Runtime\Cache\Home\cf2a18121bf2639402ad186f532a5c6a.php 第 175 行.
NOTIC: [8] Undefined variable: invalid_page D:\wamp\www\manage\App\Runtime\Cache\Home\cf2a18121bf2639402ad186f532a5c6a.php 第 199 行.
INFO: Run Behavior\ParseTemplateBehavior [ RunTime:0.065870s ]
INFO: [ view_parse ] --END-- [ RunTime:0.065966s ]
INFO: [ view_filter ] --START--
INFO: Run Behavior\WriteHtmlCacheBehavior [ RunTime:0.009082s ]
INFO: [ view_filter ] --END-- [ RunTime:0.009160s ]
INFO: [ app_end ] --START--
INFO: Run Behavior\ShowPageTraceBehavior [ RunTime:0.009915s ]
INFO: [ app_end ] --END-- [ RunTime:0.010002s ]

[ 2014-09-27T00:36:05+08:00 ] 180.153.163.190 /manage/
INFO: [ app_init ] --START--
INFO: Run Behavior\BuildLiteBehavior [ RunTime:0.000026s ]
INFO: [ app_init ] --END-- [ RunTime:0.002945s ]
INFO: [ app_begin ] --START--
INFO: Run Behavior\ReadHtmlCacheBehavior [ RunTime:0.010791s ]
INFO: [ app_begin ] --END-- [ RunTime:0.010942s ]
NOTIC: [8] A session had already been started - ignoring session_start() D:\wamp\www\manage\ThinkPHP\Common\functions.php 第 1191 行.
SQL: SHOW COLUMNS FROM `apart_work` [ RunTime:0.004685s ]
SQL: SELECT COUNT(*) AS tp_count FROM `apart_work` WHERE ( apart_id = 2 ) LIMIT 1   [ RunTime:0.000135s ]
NOTIC: [2] Division by zero D:\wamp\www\manage\ThinkPHP\Library\Think\Page.class.php 第 84 行.
SQL: SELECT * FROM `apart_work` LEFT JOIN work ON apart_work.work_id = work.id  WHERE ( apart_id = 2 )  [ RunTime:0.000279s ]
INFO: [ view_parse ] --START--
INFO: [ template_filter ] --START--
INFO: Run Behavior\ContentReplaceBehavior [ RunTime:0.000105s ]
INFO: [ template_filter ] --END-- [ RunTime:0.000211s ]
INFO: Run Behavior\ParseTemplateBehavior [ RunTime:0.053009s ]
INFO: [ view_parse ] --END-- [ RunTime:0.053145s ]
INFO: [ view_filter ] --START--
INFO: Run Behavior\WriteHtmlCacheBehavior [ RunTime:0.009205s ]
INFO: [ view_filter ] --END-- [ RunTime:0.009282s ]
INFO: [ app_end ] --START--
INFO: Run Behavior\ShowPageTraceBehavior [ RunTime:0.009490s ]
INFO: [ app_end ] --END-- [ RunTime:0.009579s ]

