[ 2014-09-21T12:32:03+08:00 ] 127.0.0.1 /manage/
INFO: [ app_init ] --START--
INFO: Run Behavior\BuildLiteBehavior [ RunTime:0.000029s ]
INFO: [ app_init ] --END-- [ RunTime:0.089304s ]
INFO: [ app_begin ] --START--
INFO: Run Behavior\ReadHtmlCacheBehavior [ RunTime:0.102567s ]
INFO: [ app_begin ] --END-- [ RunTime:0.102709s ]
NOTIC: [8] A session had already been started - ignoring session_start() D:\wamp\www\manage\ThinkPHP\Common\functions.php 第 1191 行.
SQL: SHOW COLUMNS FROM `apart_work` [ RunTime:1.180367s ]
SQL: SELECT COUNT(*) AS tp_count FROM `apart_work` WHERE ( apart_id = 2 ) LIMIT 1   [ RunTime:0.687655s ]
NOTIC: [2] Division by zero D:\wamp\www\manage\ThinkPHP\Library\Think\Page.class.php 第 84 行.
SQL: SELECT * FROM `apart_work` LEFT JOIN work ON apart_work.work_id = work.id  WHERE ( apart_id = 2 )  [ RunTime:1.296725s ]
INFO: [ view_parse ] --START--
INFO: [ template_filter ] --START--
INFO: Run Behavior\ContentReplaceBehavior [ RunTime:0.000102s ]
INFO: [ template_filter ] --END-- [ RunTime:0.000219s ]
INFO: Run Behavior\ParseTemplateBehavior [ RunTime:1.844794s ]
INFO: [ view_parse ] --END-- [ RunTime:1.844913s ]
INFO: [ view_filter ] --START--
INFO: Run Behavior\WriteHtmlCacheBehavior [ RunTime:0.110689s ]
INFO: [ view_filter ] --END-- [ RunTime:0.110773s ]
INFO: [ app_end ] --START--
INFO: Run Behavior\ShowPageTraceBehavior [ RunTime:0.115038s ]
INFO: [ app_end ] --END-- [ RunTime:0.115140s ]

[ 2014-09-21T12:32:03+08:00 ] 127.0.0.1 /manage/
INFO: [ app_init ] --START--
INFO: Run Behavior\BuildLiteBehavior [ RunTime:0.000027s ]
INFO: [ app_init ] --END-- [ RunTime:0.089167s ]
INFO: [ app_begin ] --START--
INFO: Run Behavior\ReadHtmlCacheBehavior [ RunTime:0.102866s ]
INFO: [ app_begin ] --END-- [ RunTime:0.103019s ]
NOTIC: [8] A session had already been started - ignoring session_start() D:\wamp\www\manage\ThinkPHP\Common\functions.php 第 1191 行.
SQL: SHOW COLUMNS FROM `apart_work` [ RunTime:1.179502s ]
SQL: SELECT COUNT(*) AS tp_count FROM `apart_work` WHERE ( apart_id = 2 ) LIMIT 1   [ RunTime:0.688333s ]
NOTIC: [2] Division by zero D:\wamp\www\manage\ThinkPHP\Library\Think\Page.class.php 第 84 行.
SQL: SELECT * FROM `apart_work` LEFT JOIN work ON apart_work.work_id = work.id  WHERE ( apart_id = 2 )  [ RunTime:1.296727s ]
INFO: [ view_parse ] --START--
INFO: [ template_filter ] --START--
INFO: Run Behavior\ContentReplaceBehavior [ RunTime:0.000100s ]
INFO: [ template_filter ] --END-- [ RunTime:0.000190s ]
INFO: Run Behavior\ParseTemplateBehavior [ RunTime:1.848578s ]
INFO: [ view_parse ] --END-- [ RunTime:1.848708s ]
INFO: [ view_filter ] --START--
INFO: Run Behavior\WriteHtmlCacheBehavior [ RunTime:0.110599s ]
INFO: [ view_filter ] --END-- [ RunTime:0.110705s ]
INFO: [ app_end ] --START--
INFO: Run Behavior\ShowPageTraceBehavior [ RunTime:0.117511s ]
INFO: [ app_end ] --END-- [ RunTime:0.117603s ]

[ 2014-09-21T12:33:33+08:00 ] 127.0.0.1 /manage/index.php/Home/Login/login.html
INFO: [ app_init ] --START--
INFO: Run Behavior\BuildLiteBehavior [ RunTime:0.000029s ]
INFO: [ app_init ] --END-- [ RunTime:0.044946s ]
INFO: [ app_begin ] --START--
INFO: Run Behavior\ReadHtmlCacheBehavior [ RunTime:0.030389s ]
INFO: [ app_begin ] --END-- [ RunTime:0.030609s ]
NOTIC: [8] A session had already been started - ignoring session_start() D:\wamp\www\manage\ThinkPHP\Common\functions.php 第 1191 行.
SQL: SHOW COLUMNS FROM `user` [ RunTime:0.110354s ]
SQL: SELECT * FROM `user` WHERE `username` = '李竞熠' LIMIT 1   [ RunTime:0.000611s ]
INFO: [ view_parse ] --START--
INFO: [ template_filter ] --START--
INFO: Run Behavior\ContentReplaceBehavior [ RunTime:0.000061s ]
INFO: [ template_filter ] --END-- [ RunTime:0.000160s ]
INFO: Run Behavior\ParseTemplateBehavior [ RunTime:0.327572s ]
INFO: [ view_parse ] --END-- [ RunTime:0.327688s ]
INFO: [ view_filter ] --START--
INFO: Run Behavior\WriteHtmlCacheBehavior [ RunTime:0.036256s ]
INFO: [ view_filter ] --END-- [ RunTime:0.036364s ]

[ 2014-09-21T12:33:47+08:00 ] 127.0.0.1 /manage/index.php/Home/Login/login.html
INFO: [ app_init ] --START--
INFO: Run Behavior\BuildLiteBehavior [ RunTime:0.000025s ]
INFO: [ app_init ] --END-- [ RunTime:0.002815s ]
INFO: [ app_begin ] --START--
INFO: Run Behavior\ReadHtmlCacheBehavior [ RunTime:0.009088s ]
INFO: [ app_begin ] --END-- [ RunTime:0.009242s ]
NOTIC: [8] A session had already been started - ignoring session_start() D:\wamp\www\manage\ThinkPHP\Common\functions.php 第 1191 行.
SQL: SHOW COLUMNS FROM `user` [ RunTime:0.006225s ]
SQL: SELECT * FROM `user` WHERE `username` = '李竞熠' LIMIT 1   [ RunTime:0.000204s ]
SQL: UPDATE `user` SET `logintime`=1411274023,`loginip`='127.0.0.1' WHERE `id` = 29 [ RunTime:0.267054s ]
SQL: SHOW COLUMNS FROM `user` [ RunTime:1.915623s ]
SQL: SELECT `id`,`username`,`logintime`,`loginip`,`lock` FROM `user` WHERE `id` = 29  [ RunTime:0.000481s ]
SQL: SHOW COLUMNS FROM `role` [ RunTime:0.080314s ]
NOTIC: [8] Undefined index: mapping_order D:\wamp\www\manage\ThinkPHP\Library\Think\Model\RelationModel.class.php 第 186 行.
NOTIC: [8] Undefined index: mapping_limit D:\wamp\www\manage\ThinkPHP\Library\Think\Model\RelationModel.class.php 第 187 行.
SQL: SELECT b.id, name, remark FROM role_user AS a, role AS b WHERE a.role_id = b.id AND a. user_id='29' [ RunTime:0.121008s ]
SQL: SHOW COLUMNS FROM `apartment` [ RunTime:0.102404s ]
NOTIC: [8] Undefined index: mapping_order D:\wamp\www\manage\ThinkPHP\Library\Think\Model\RelationModel.class.php 第 186 行.
NOTIC: [8] Undefined index: mapping_limit D:\wamp\www\manage\ThinkPHP\Library\Think\Model\RelationModel.class.php 第 187 行.
SQL: SELECT b.id, name FROM apart_user AS a, apartment AS b WHERE a.apart_id = b.id AND a. user_id='29' [ RunTime:0.194298s ]
SQL: SHOW COLUMNS FROM `level` [ RunTime:0.066268s ]
NOTIC: [8] Undefined index: mapping_order D:\wamp\www\manage\ThinkPHP\Library\Think\Model\RelationModel.class.php 第 186 行.
NOTIC: [8] Undefined index: mapping_limit D:\wamp\www\manage\ThinkPHP\Library\Think\Model\RelationModel.class.php 第 187 行.
SQL: SELECT b.id, name FROM level_user AS a, level AS b WHERE a.level_id = b.id AND a. user_id='29' [ RunTime:0.182501s ]
SQL: SHOW COLUMNS FROM `work` [ RunTime:0.005799s ]
NOTIC: [8] Undefined index: mapping_order D:\wamp\www\manage\ThinkPHP\Library\Think\Model\RelationModel.class.php 第 186 行.
NOTIC: [8] Undefined index: mapping_limit D:\wamp\www\manage\ThinkPHP\Library\Think\Model\RelationModel.class.php 第 187 行.
SQL: SELECT b.id, title, content, deadline FROM work_user AS a, work AS b WHERE a.work_id = b.id AND a. user_id='29' [ RunTime:0.101582s ]
SQL: SELECT `id`,`username`,`logintime`,`loginip`,`lock` FROM `user` WHERE `id` = 29  [ RunTime:0.000170s ]
NOTIC: [8] Undefined index: mapping_order D:\wamp\www\manage\ThinkPHP\Library\Think\Model\RelationModel.class.php 第 186 行.
NOTIC: [8] Undefined index: mapping_limit D:\wamp\www\manage\ThinkPHP\Library\Think\Model\RelationModel.class.php 第 187 行.
SQL: SELECT b.id, name, remark FROM role_user AS a, role AS b WHERE a.role_id = b.id AND a. user_id='29' [ RunTime:0.000128s ]
NOTIC: [8] Undefined index: mapping_order D:\wamp\www\manage\ThinkPHP\Library\Think\Model\RelationModel.class.php 第 186 行.
NOTIC: [8] Undefined index: mapping_limit D:\wamp\www\manage\ThinkPHP\Library\Think\Model\RelationModel.class.php 第 187 行.
SQL: SELECT b.id, name FROM apart_user AS a, apartment AS b WHERE a.apart_id = b.id AND a. user_id='29' [ RunTime:0.000117s ]
NOTIC: [8] Undefined index: mapping_order D:\wamp\www\manage\ThinkPHP\Library\Think\Model\RelationModel.class.php 第 186 行.
NOTIC: [8] Undefined index: mapping_limit D:\wamp\www\manage\ThinkPHP\Library\Think\Model\RelationModel.class.php 第 187 行.
SQL: SELECT b.id, name FROM level_user AS a, level AS b WHERE a.level_id = b.id AND a. user_id='29' [ RunTime:0.000331s ]
NOTIC: [8] Undefined index: mapping_order D:\wamp\www\manage\ThinkPHP\Library\Think\Model\RelationModel.class.php 第 186 行.
NOTIC: [8] Undefined index: mapping_limit D:\wamp\www\manage\ThinkPHP\Library\Think\Model\RelationModel.class.php 第 187 行.
SQL: SELECT b.id, title, content, deadline FROM work_user AS a, work AS b WHERE a.work_id = b.id AND a. user_id='29' [ RunTime:0.000222s ]
NOTIC: [8] Undefined index: superadmin D:\wamp\www\manage\ThinkPHP\Library\Org\Util\Rbac.class.php 第 88 行.
SQL: select node.id,node.name from role as role,role_user as user,access as access ,node as node where user.user_id='29' and user.role_id=role.id and ( access.role_id=role.id  or (access.role_id=role.pid and role.pid!=0 ) ) and role.status=1 and access.node_id=node.id and node.level=1 and node.status=1 [ RunTime:0.297431s ]
SQL: select node.id,node.name from role as role,role_user as user,access as access ,node as node where user.user_id='29' and user.role_id=role.id and ( access.role_id=role.id  or (access.role_id=role.pid and role.pid!=0 ) ) and role.status=1 and access.node_id=node.id and node.level=2 and node.pid=1 and node.status=1 [ RunTime:0.000709s ]
SQL: select node.id,node.name from role as role,role_user as user,access as access ,node as node where user.user_id='29' and user.role_id=role.id and ( access.role_id=role.id  or (access.role_id=role.pid and role.pid!=0 ) ) and role.status=1 and access.node_id=node.id and node.level=3 and node.pid=4 and node.status=1 [ RunTime:0.000622s ]
SQL: select node.id,node.name from role as role,role_user as user,access as access ,node as node where user.user_id='29' and user.role_id=role.id and ( access.role_id=role.id  or (access.role_id=role.pid and role.pid!=0 ) ) and role.status=1 and access.node_id=node.id and node.level=3 and node.pid=16 and node.status=1 [ RunTime:0.000777s ]
SQL: select node.id,node.name from role as role,role_user as user,access as access ,node as node where user.user_id='29' and user.role_id=role.id and ( access.role_id=role.id  or (access.role_id=role.pid and role.pid!=0 ) ) and role.status=1 and access.node_id=node.id and node.level=3 and node.pid=29 and node.status=1 [ RunTime:0.000658s ]
SQL: select node.id,node.name from role as role,role_user as user,access as access ,node as node where user.user_id='29' and user.role_id=role.id and ( access.role_id=role.id  or (access.role_id=role.pid and role.pid!=0 ) ) and role.status=1 and access.node_id=node.id and node.level=2 and node.pid=2 and node.status=1 [ RunTime:0.000601s ]
SQL: select node.id,node.name from role as role,role_user as user,access as access ,node as node where user.user_id='29' and user.role_id=role.id and ( access.role_id=role.id  or (access.role_id=role.pid and role.pid!=0 ) ) and role.status=1 and access.node_id=node.id and node.level=3 and node.pid=27 and node.status=1 [ RunTime:0.000524s ]
INFO: [ view_parse ] --START--
INFO: [ template_filter ] --START--
INFO: Run Behavior\ContentReplaceBehavior [ RunTime:0.000059s ]
INFO: [ template_filter ] --END-- [ RunTime:0.000155s ]
INFO: Run Behavior\ParseTemplateBehavior [ RunTime:0.044984s ]
INFO: [ view_parse ] --END-- [ RunTime:0.045149s ]
INFO: [ view_filter ] --START--
INFO: Run Behavior\WriteHtmlCacheBehavior [ RunTime:0.008821s ]
INFO: [ view_filter ] --END-- [ RunTime:0.008905s ]
INFO: [ app_end ] --START--
INFO: Run Behavior\ShowPageTraceBehavior [ RunTime:0.029029s ]
INFO: [ app_end ] --END-- [ RunTime:0.029133s ]

[ 2014-09-21T12:33:48+08:00 ] 127.0.0.1 /manage/index.php/Home/Index/index
INFO: [ app_init ] --START--
INFO: Run Behavior\BuildLiteBehavior [ RunTime:0.000024s ]
INFO: [ app_init ] --END-- [ RunTime:0.002716s ]
INFO: [ app_begin ] --START--
INFO: Run Behavior\ReadHtmlCacheBehavior [ RunTime:0.009079s ]
INFO: [ app_begin ] --END-- [ RunTime:0.009218s ]
NOTIC: [8] A session had already been started - ignoring session_start() D:\wamp\www\manage\ThinkPHP\Common\functions.php 第 1191 行.
SQL: SHOW COLUMNS FROM `apart_work` [ RunTime:0.005347s ]
SQL: SELECT COUNT(*) AS tp_count FROM `apart_work` WHERE ( apart_id = 2 ) LIMIT 1   [ RunTime:0.000262s ]
NOTIC: [2] Division by zero D:\wamp\www\manage\ThinkPHP\Library\Think\Page.class.php 第 84 行.
SQL: SELECT * FROM `apart_work` LEFT JOIN work ON apart_work.work_id = work.id  WHERE ( apart_id = 2 )  [ RunTime:0.000304s ]
INFO: [ view_parse ] --START--
INFO: [ template_filter ] --START--
INFO: Run Behavior\ContentReplaceBehavior [ RunTime:0.000498s ]
INFO: [ template_filter ] --END-- [ RunTime:0.000692s ]
INFO: Run Behavior\ParseTemplateBehavior [ RunTime:0.080044s ]
INFO: [ view_parse ] --END-- [ RunTime:0.080151s ]
INFO: [ view_filter ] --START--
INFO: Run Behavior\WriteHtmlCacheBehavior [ RunTime:0.009759s ]
INFO: [ view_filter ] --END-- [ RunTime:0.009859s ]
INFO: [ app_end ] --START--
INFO: Run Behavior\ShowPageTraceBehavior [ RunTime:0.009381s ]
INFO: [ app_end ] --END-- [ RunTime:0.009800s ]

[ 2014-09-21T13:50:11+08:00 ] 127.0.0.1 /manage/index.php/Home/Index/index
INFO: [ app_init ] --START--
INFO: Run Behavior\BuildLiteBehavior [ RunTime:0.000025s ]
INFO: [ app_init ] --END-- [ RunTime:0.002848s ]
INFO: [ app_begin ] --START--
INFO: Run Behavior\ReadHtmlCacheBehavior [ RunTime:0.011604s ]
INFO: [ app_begin ] --END-- [ RunTime:0.011774s ]
NOTIC: [8] A session had already been started - ignoring session_start() D:\wamp\www\manage\ThinkPHP\Common\functions.php 第 1191 行.
SQL: SHOW COLUMNS FROM `apart_work` [ RunTime:0.022987s ]
SQL: SELECT COUNT(*) AS tp_count FROM `apart_work` WHERE ( apart_id = 2 ) LIMIT 1   [ RunTime:0.000188s ]
NOTIC: [2] Division by zero D:\wamp\www\manage\ThinkPHP\Library\Think\Page.class.php 第 84 行.
SQL: SELECT * FROM `apart_work` LEFT JOIN work ON apart_work.work_id = work.id  WHERE ( apart_id = 2 )  [ RunTime:0.000316s ]
INFO: [ view_parse ] --START--
INFO: [ template_filter ] --START--
INFO: Run Behavior\ContentReplaceBehavior [ RunTime:0.000153s ]
INFO: [ template_filter ] --END-- [ RunTime:0.000257s ]
INFO: Run Behavior\ParseTemplateBehavior [ RunTime:0.092335s ]
INFO: [ view_parse ] --END-- [ RunTime:0.092466s ]
INFO: [ view_filter ] --START--
INFO: Run Behavior\WriteHtmlCacheBehavior [ RunTime:0.009600s ]
INFO: [ view_filter ] --END-- [ RunTime:0.009682s ]
INFO: [ app_end ] --START--
INFO: Run Behavior\ShowPageTraceBehavior [ RunTime:0.012855s ]
INFO: [ app_end ] --END-- [ RunTime:0.012957s ]

[ 2014-09-21T13:50:13+08:00 ] 127.0.0.1 /manage/index.php/Home/Apart/index/apart_id/3.html
INFO: [ app_init ] --START--
INFO: Run Behavior\BuildLiteBehavior [ RunTime:0.000025s ]
INFO: [ app_init ] --END-- [ RunTime:0.002993s ]
INFO: [ app_begin ] --START--
INFO: Run Behavior\ReadHtmlCacheBehavior [ RunTime:0.009364s ]
INFO: [ app_begin ] --END-- [ RunTime:0.009492s ]
NOTIC: [8] A session had already been started - ignoring session_start() D:\wamp\www\manage\ThinkPHP\Common\functions.php 第 1191 行.
SQL: SHOW COLUMNS FROM `apartment` [ RunTime:0.005261s ]
SQL: SELECT * FROM `apartment` WHERE `id` = 3  [ RunTime:0.000527s ]
SQL: SHOW COLUMNS FROM `work` [ RunTime:0.007794s ]
SQL: SELECT `deadline` FROM `work` LEFT JOIN work_user ON work_user.work_id = work.id LEFT JOIN work_level ON work_level.work_id = work.id  WHERE ( user_id = 29 OR (apart_id = 3 AND level_id = 3) ) ORDER BY deadline desc LIMIT 1   [ RunTime:0.089610s ]
SQL: SHOW COLUMNS FROM `work_up` [ RunTime:0.062758s ]
SQL: SELECT `work_id` FROM `work_up` WHERE ( user_id = 29 )  [ RunTime:0.000514s ]
SQL: SELECT `id` FROM `work` LEFT JOIN work_user ON work_user.work_id = work.id LEFT JOIN work_level ON work_level.work_id = work.id  WHERE ( user_id = 29 OR (apart_id = 3 AND level_id = 3) )  [ RunTime:0.000657s ]
NOTIC: [2] array_diff(): Argument #1 is not an array D:\wamp\www\manage\App\Home\Controller\ApartController.class.php 第 74 行.
NOTIC: [2] Invalid argument supplied for foreach() D:\wamp\www\manage\App\Home\Controller\ApartController.class.php 第 78 行.
NOTIC: [8] Undefined variable: data D:\wamp\www\manage\App\Home\Controller\ApartController.class.php 第 122 行.
SQL: SHOW COLUMNS FROM `apart_work` [ RunTime:0.005220s ]
SQL: SELECT * FROM `apart_work` LEFT JOIN work ON apart_work.work_id = work.id  WHERE ( apart_id = 3 ) ORDER BY id desc LIMIT 6   [ RunTime:0.040548s ]
SQL: SELECT `work_id` FROM `apart_work` WHERE ( apart_id = 3 )  [ RunTime:0.000538s ]
SQL: SHOW COLUMNS FROM `work_level` [ RunTime:0.005879s ]
SQL: SELECT `work_id`,`name` FROM `work_level` LEFT JOIN level ON work_level.level_id = level.id  WHERE (  work_id = 67  )  [ RunTime:0.000617s ]
SQL: SHOW COLUMNS FROM `resource` [ RunTime:0.006228s ]
SQL: SELECT * FROM `resource` ORDER BY id desc LIMIT 13   [ RunTime:0.000490s ]
SQL: SHOW COLUMNS FROM `question` [ RunTime:0.006244s ]
SQL: SELECT * FROM `question` LEFT JOIN user ON question.uid = user.id   [ RunTime:0.000478s ]
SQL: SHOW COLUMNS FROM `user` [ RunTime:0.006300s ]
SQL: SELECT * FROM `user` RIGHT JOIN information ON user.id = information.uid   [ RunTime:0.028641s ]
SQL: SELECT * FROM `work_up` LEFT JOIN apart_user ON work_up.user_id = apart_user.user_id LEFT JOIN user ON user.id = work_up.user_id LEFT JOIN work ON work.id = work_up.work_id  WHERE ( apart_id = 3 )  [ RunTime:0.012604s ]
SQL: SHOW COLUMNS FROM `notice` [ RunTime:0.019520s ]
SQL: SELECT * FROM `notice` LEFT JOIN apart_notice ON notice.id = apart_notice.notice_id  WHERE ( apart_notice.apart_id = 3 ) ORDER BY createtime desc LIMIT 1   [ RunTime:0.061995s ]
INFO: [ view_parse ] --START--
INFO: [ template_filter ] --START--
INFO: Run Behavior\ContentReplaceBehavior [ RunTime:0.000347s ]
INFO: [ template_filter ] --END-- [ RunTime:0.000461s ]
NOTIC: [8] Undefined variable: page D:\wamp\www\manage\App\Runtime\Cache\Home\cf2a18121bf2639402ad186f532a5c6a.php 第 175 行.
NOTIC: [8] Undefined index: username D:\wamp\www\manage\App\Runtime\Cache\Home\cf2a18121bf2639402ad186f532a5c6a.php 第 189 行.
NOTIC: [8] Undefined variable: invalid_page D:\wamp\www\manage\App\Runtime\Cache\Home\cf2a18121bf2639402ad186f532a5c6a.php 第 199 行.
INFO: Run Behavior\ParseTemplateBehavior [ RunTime:0.114070s ]
INFO: [ view_parse ] --END-- [ RunTime:0.114182s ]
INFO: [ view_filter ] --START--
INFO: Run Behavior\WriteHtmlCacheBehavior [ RunTime:0.009018s ]
INFO: [ view_filter ] --END-- [ RunTime:0.009104s ]
INFO: [ app_end ] --START--
INFO: Run Behavior\ShowPageTraceBehavior [ RunTime:0.009669s ]
INFO: [ app_end ] --END-- [ RunTime:0.009773s ]

[ 2014-09-21T14:01:27+08:00 ] 127.0.0.1 /manage/index.php/Home/Apart/index/apart_id/3.html
INFO: [ app_init ] --START--
INFO: Run Behavior\BuildLiteBehavior [ RunTime:0.000026s ]
INFO: [ app_init ] --END-- [ RunTime:0.002830s ]
INFO: [ app_begin ] --START--
INFO: Run Behavior\ReadHtmlCacheBehavior [ RunTime:0.009451s ]
INFO: [ app_begin ] --END-- [ RunTime:0.009579s ]
NOTIC: [8] A session had already been started - ignoring session_start() D:\wamp\www\manage\ThinkPHP\Common\functions.php 第 1191 行.
SQL: SHOW COLUMNS FROM `apartment` [ RunTime:0.006452s ]
SQL: SELECT * FROM `apartment` WHERE `id` = 3  [ RunTime:0.000243s ]
SQL: SHOW COLUMNS FROM `work` [ RunTime:0.007088s ]
SQL: SELECT `deadline` FROM `work` LEFT JOIN work_user ON work_user.work_id = work.id LEFT JOIN work_level ON work_level.work_id = work.id  WHERE ( user_id = 29 OR (apart_id = 3 AND level_id = 3) ) ORDER BY deadline desc LIMIT 1   [ RunTime:0.000221s ]
SQL: SHOW COLUMNS FROM `work_up` [ RunTime:0.006404s ]
SQL: SELECT `work_id` FROM `work_up` WHERE ( user_id = 29 )  [ RunTime:0.000189s ]
SQL: SELECT `id` FROM `work` LEFT JOIN work_user ON work_user.work_id = work.id LEFT JOIN work_level ON work_level.work_id = work.id  WHERE ( user_id = 29 OR (apart_id = 3 AND level_id = 3) )  [ RunTime:0.000133s ]
NOTIC: [2] array_diff(): Argument #1 is not an array D:\wamp\www\manage\App\Home\Controller\ApartController.class.php 第 74 行.
NOTIC: [2] Invalid argument supplied for foreach() D:\wamp\www\manage\App\Home\Controller\ApartController.class.php 第 78 行.
NOTIC: [8] Undefined variable: data D:\wamp\www\manage\App\Home\Controller\ApartController.class.php 第 122 行.
SQL: SHOW COLUMNS FROM `apart_work` [ RunTime:0.006998s ]
SQL: SELECT * FROM `apart_work` LEFT JOIN work ON apart_work.work_id = work.id  WHERE ( apart_id = 3 ) ORDER BY id desc LIMIT 6   [ RunTime:0.000246s ]
SQL: SELECT `work_id` FROM `apart_work` WHERE ( apart_id = 3 )  [ RunTime:0.000108s ]
SQL: SHOW COLUMNS FROM `work_level` [ RunTime:0.008289s ]
SQL: SELECT `work_id`,`name` FROM `work_level` LEFT JOIN level ON work_level.level_id = level.id  WHERE (  work_id = 67  )  [ RunTime:0.000189s ]
SQL: SHOW COLUMNS FROM `resource` [ RunTime:0.006026s ]
SQL: SELECT * FROM `resource` ORDER BY id desc LIMIT 13   [ RunTime:0.000216s ]
SQL: SHOW COLUMNS FROM `question` [ RunTime:0.006304s ]
SQL: SELECT * FROM `question` LEFT JOIN user ON question.uid = user.id   [ RunTime:0.000212s ]
SQL: SHOW COLUMNS FROM `user` [ RunTime:0.005651s ]
SQL: SELECT * FROM `user` RIGHT JOIN information ON user.id = information.uid   [ RunTime:0.000197s ]
SQL: SELECT * FROM `work_up` LEFT JOIN apart_user ON work_up.user_id = apart_user.user_id LEFT JOIN user ON user.id = work_up.user_id LEFT JOIN work ON work.id = work_up.work_id  WHERE ( apart_id = 3 )  [ RunTime:0.000219s ]
SQL: SHOW COLUMNS FROM `notice` [ RunTime:0.006504s ]
SQL: SELECT * FROM `notice` LEFT JOIN apart_notice ON notice.id = apart_notice.notice_id  WHERE ( apart_notice.apart_id = 3 ) ORDER BY createtime desc LIMIT 1   [ RunTime:0.000225s ]
INFO: [ view_parse ] --START--
INFO: [ template_filter ] --START--
INFO: Run Behavior\ContentReplaceBehavior [ RunTime:0.000301s ]
INFO: [ template_filter ] --END-- [ RunTime:0.000442s ]
NOTIC: [8] Undefined variable: page D:\wamp\www\manage\App\Runtime\Cache\Home\cf2a18121bf2639402ad186f532a5c6a.php 第 175 行.
NOTIC: [8] Undefined index: username D:\wamp\www\manage\App\Runtime\Cache\Home\cf2a18121bf2639402ad186f532a5c6a.php 第 189 行.
NOTIC: [8] Undefined variable: invalid_page D:\wamp\www\manage\App\Runtime\Cache\Home\cf2a18121bf2639402ad186f532a5c6a.php 第 199 行.
INFO: Run Behavior\ParseTemplateBehavior [ RunTime:0.073205s ]
INFO: [ view_parse ] --END-- [ RunTime:0.073299s ]
INFO: [ view_filter ] --START--
INFO: Run Behavior\WriteHtmlCacheBehavior [ RunTime:0.011079s ]
INFO: [ view_filter ] --END-- [ RunTime:0.011179s ]
INFO: [ app_end ] --START--
INFO: Run Behavior\ShowPageTraceBehavior [ RunTime:0.013694s ]
INFO: [ app_end ] --END-- [ RunTime:0.013842s ]

[ 2014-09-21T14:01:48+08:00 ] 127.0.0.1 /manage/index.php/Home/Apart/index/apart_id/3.html
INFO: [ app_init ] --START--
INFO: Run Behavior\BuildLiteBehavior [ RunTime:0.000022s ]
INFO: [ app_init ] --END-- [ RunTime:0.002739s ]
INFO: [ app_begin ] --START--
INFO: Run Behavior\ReadHtmlCacheBehavior [ RunTime:0.009273s ]
INFO: [ app_begin ] --END-- [ RunTime:0.009399s ]
NOTIC: [8] A session had already been started - ignoring session_start() D:\wamp\www\manage\ThinkPHP\Common\functions.php 第 1191 行.
SQL: SHOW COLUMNS FROM `apartment` [ RunTime:0.007284s ]
SQL: SELECT * FROM `apartment` WHERE `id` = 3  [ RunTime:0.000190s ]
SQL: SHOW COLUMNS FROM `work` [ RunTime:0.007409s ]
SQL: SELECT `deadline` FROM `work` LEFT JOIN work_user ON work_user.work_id = work.id LEFT JOIN work_level ON work_level.work_id = work.id  WHERE ( user_id = 29 OR (apart_id = 3 AND level_id = 3) ) ORDER BY deadline desc LIMIT 1   [ RunTime:0.000200s ]
SQL: SHOW COLUMNS FROM `work_up` [ RunTime:0.007530s ]
SQL: SELECT `work_id` FROM `work_up` WHERE ( user_id = 29 )  [ RunTime:0.000152s ]
SQL: SELECT `id` FROM `work` LEFT JOIN work_user ON work_user.work_id = work.id LEFT JOIN work_level ON work_level.work_id = work.id  WHERE ( user_id = 29 OR (apart_id = 3 AND level_id = 3) )  [ RunTime:0.000139s ]
NOTIC: [2] array_diff(): Argument #1 is not an array D:\wamp\www\manage\App\Home\Controller\ApartController.class.php 第 74 行.
NOTIC: [2] Invalid argument supplied for foreach() D:\wamp\www\manage\App\Home\Controller\ApartController.class.php 第 78 行.
NOTIC: [8] Undefined variable: data D:\wamp\www\manage\App\Home\Controller\ApartController.class.php 第 122 行.
SQL: SHOW COLUMNS FROM `apart_work` [ RunTime:0.005488s ]
SQL: SELECT * FROM `apart_work` LEFT JOIN work ON apart_work.work_id = work.id  WHERE ( apart_id = 3 ) ORDER BY id desc LIMIT 6   [ RunTime:0.000203s ]
SQL: SELECT `work_id` FROM `apart_work` WHERE ( apart_id = 3 )  [ RunTime:0.000201s ]
SQL: SHOW COLUMNS FROM `work_level` [ RunTime:0.007106s ]
SQL: SELECT `work_id`,`name` FROM `work_level` LEFT JOIN level ON work_level.level_id = level.id  WHERE (  work_id = 67  )  [ RunTime:0.000178s ]
SQL: SHOW COLUMNS FROM `resource` [ RunTime:0.005831s ]
SQL: SELECT * FROM `resource` ORDER BY id desc LIMIT 13   [ RunTime:0.000156s ]
SQL: SHOW COLUMNS FROM `question` [ RunTime:0.006232s ]
SQL: SELECT * FROM `question` LEFT JOIN user ON question.uid = user.id   [ RunTime:0.000312s ]
SQL: SHOW COLUMNS FROM `user` [ RunTime:0.005965s ]
SQL: SELECT * FROM `user` RIGHT JOIN information ON user.id = information.uid   [ RunTime:0.000167s ]
SQL: SELECT * FROM `work_up` LEFT JOIN apart_user ON work_up.user_id = apart_user.user_id LEFT JOIN user ON user.id = work_up.user_id LEFT JOIN work ON work.id = work_up.work_id  WHERE ( apart_id = 3 )  [ RunTime:0.000192s ]
SQL: SHOW COLUMNS FROM `notice` [ RunTime:0.005494s ]
SQL: SELECT * FROM `notice` LEFT JOIN apart_notice ON notice.id = apart_notice.notice_id  WHERE ( apart_notice.apart_id = 3 ) ORDER BY createtime desc LIMIT 1   [ RunTime:0.000147s ]
INFO: [ view_parse ] --START--
INFO: [ template_filter ] --START--
INFO: Run Behavior\ContentReplaceBehavior [ RunTime:0.000234s ]
INFO: [ template_filter ] --END-- [ RunTime:0.000337s ]
NOTIC: [8] Undefined variable: page D:\wamp\www\manage\App\Runtime\Cache\Home\cf2a18121bf2639402ad186f532a5c6a.php 第 175 行.
NOTIC: [8] Undefined index: username D:\wamp\www\manage\App\Runtime\Cache\Home\cf2a18121bf2639402ad186f532a5c6a.php 第 189 行.
NOTIC: [8] Undefined variable: invalid_page D:\wamp\www\manage\App\Runtime\Cache\Home\cf2a18121bf2639402ad186f532a5c6a.php 第 199 行.
INFO: Run Behavior\ParseTemplateBehavior [ RunTime:0.077853s ]
INFO: [ view_parse ] --END-- [ RunTime:0.077975s ]
INFO: [ view_filter ] --START--
INFO: Run Behavior\WriteHtmlCacheBehavior [ RunTime:0.011205s ]
INFO: [ view_filter ] --END-- [ RunTime:0.011306s ]
INFO: [ app_end ] --START--
INFO: Run Behavior\ShowPageTraceBehavior [ RunTime:0.013780s ]
INFO: [ app_end ] --END-- [ RunTime:0.013925s ]

[ 2014-09-21T14:05:27+08:00 ] 127.0.0.1 /manage/index.php/Home/Index/index
INFO: [ app_init ] --START--
INFO: Run Behavior\BuildLiteBehavior [ RunTime:0.000023s ]
INFO: [ app_init ] --END-- [ RunTime:0.002768s ]
INFO: [ app_begin ] --START--
INFO: Run Behavior\ReadHtmlCacheBehavior [ RunTime:0.009968s ]
INFO: [ app_begin ] --END-- [ RunTime:0.010115s ]
NOTIC: [8] A session had already been started - ignoring session_start() D:\wamp\www\manage\ThinkPHP\Common\functions.php 第 1191 行.
SQL: SHOW COLUMNS FROM `apart_work` [ RunTime:0.005326s ]
SQL: SELECT COUNT(*) AS tp_count FROM `apart_work` WHERE ( apart_id = 2 ) LIMIT 1   [ RunTime:0.000188s ]
NOTIC: [2] Division by zero D:\wamp\www\manage\ThinkPHP\Library\Think\Page.class.php 第 84 行.
SQL: SELECT * FROM `apart_work` LEFT JOIN work ON apart_work.work_id = work.id  WHERE ( apart_id = 2 )  [ RunTime:0.000365s ]
INFO: [ view_parse ] --START--
INFO: [ template_filter ] --START--
INFO: Run Behavior\ContentReplaceBehavior [ RunTime:0.000094s ]
INFO: [ template_filter ] --END-- [ RunTime:0.000195s ]
INFO: Run Behavior\ParseTemplateBehavior [ RunTime:0.054970s ]
INFO: [ view_parse ] --END-- [ RunTime:0.055094s ]
INFO: [ view_filter ] --START--
INFO: Run Behavior\WriteHtmlCacheBehavior [ RunTime:0.009000s ]
INFO: [ view_filter ] --END-- [ RunTime:0.009078s ]
INFO: [ app_end ] --START--
INFO: Run Behavior\ShowPageTraceBehavior [ RunTime:0.009884s ]
INFO: [ app_end ] --END-- [ RunTime:0.009974s ]

[ 2014-09-21T14:05:34+08:00 ] 127.0.0.1 /manage/index.php/Home/Login/login.html
INFO: [ app_init ] --START--
INFO: Run Behavior\BuildLiteBehavior [ RunTime:0.000023s ]
INFO: [ app_init ] --END-- [ RunTime:0.002726s ]
INFO: [ app_begin ] --START--
INFO: Run Behavior\ReadHtmlCacheBehavior [ RunTime:0.009297s ]
INFO: [ app_begin ] --END-- [ RunTime:0.009491s ]
NOTIC: [8] A session had already been started - ignoring session_start() D:\wamp\www\manage\ThinkPHP\Common\functions.php 第 1191 行.
SQL: SHOW COLUMNS FROM `user` [ RunTime:0.005608s ]
SQL: SELECT * FROM `user` WHERE `username` = 'admin' LIMIT 1   [ RunTime:0.000434s ]
SQL: UPDATE `user` SET `logintime`=1411279534,`loginip`='127.0.0.1' WHERE `id` = 1 [ RunTime:0.034250s ]
SQL: SHOW COLUMNS FROM `user` [ RunTime:0.005532s ]
SQL: SELECT `id`,`username`,`logintime`,`loginip`,`lock` FROM `user` WHERE `id` = 1  [ RunTime:0.000462s ]
SQL: SHOW COLUMNS FROM `role` [ RunTime:0.008251s ]
NOTIC: [8] Undefined index: mapping_order D:\wamp\www\manage\ThinkPHP\Library\Think\Model\RelationModel.class.php 第 186 行.
NOTIC: [8] Undefined index: mapping_limit D:\wamp\www\manage\ThinkPHP\Library\Think\Model\RelationModel.class.php 第 187 行.
SQL: SELECT b.id, name, remark FROM role_user AS a, role AS b WHERE a.role_id = b.id AND a. user_id='1' [ RunTime:0.000225s ]
SQL: SHOW COLUMNS FROM `apartment` [ RunTime:0.005554s ]
NOTIC: [8] Undefined index: mapping_order D:\wamp\www\manage\ThinkPHP\Library\Think\Model\RelationModel.class.php 第 186 行.
NOTIC: [8] Undefined index: mapping_limit D:\wamp\www\manage\ThinkPHP\Library\Think\Model\RelationModel.class.php 第 187 行.
SQL: SELECT b.id, name FROM apart_user AS a, apartment AS b WHERE a.apart_id = b.id AND a. user_id='1' [ RunTime:0.000207s ]
SQL: SHOW COLUMNS FROM `level` [ RunTime:0.005940s ]
NOTIC: [8] Undefined index: mapping_order D:\wamp\www\manage\ThinkPHP\Library\Think\Model\RelationModel.class.php 第 186 行.
NOTIC: [8] Undefined index: mapping_limit D:\wamp\www\manage\ThinkPHP\Library\Think\Model\RelationModel.class.php 第 187 行.
SQL: SELECT b.id, name FROM level_user AS a, level AS b WHERE a.level_id = b.id AND a. user_id='1' [ RunTime:0.000128s ]
SQL: SHOW COLUMNS FROM `work` [ RunTime:0.007009s ]
NOTIC: [8] Undefined index: mapping_order D:\wamp\www\manage\ThinkPHP\Library\Think\Model\RelationModel.class.php 第 186 行.
NOTIC: [8] Undefined index: mapping_limit D:\wamp\www\manage\ThinkPHP\Library\Think\Model\RelationModel.class.php 第 187 行.
SQL: SELECT b.id, title, content, deadline FROM work_user AS a, work AS b WHERE a.work_id = b.id AND a. user_id='1' [ RunTime:0.000243s ]
SQL: SELECT `id`,`username`,`logintime`,`loginip`,`lock` FROM `user` WHERE `id` = 1  [ RunTime:0.000132s ]
NOTIC: [8] Undefined index: mapping_order D:\wamp\www\manage\ThinkPHP\Library\Think\Model\RelationModel.class.php 第 186 行.
NOTIC: [8] Undefined index: mapping_limit D:\wamp\www\manage\ThinkPHP\Library\Think\Model\RelationModel.class.php 第 187 行.
SQL: SELECT b.id, name, remark FROM role_user AS a, role AS b WHERE a.role_id = b.id AND a. user_id='1' [ RunTime:0.000238s ]
NOTIC: [8] Undefined index: mapping_order D:\wamp\www\manage\ThinkPHP\Library\Think\Model\RelationModel.class.php 第 186 行.
NOTIC: [8] Undefined index: mapping_limit D:\wamp\www\manage\ThinkPHP\Library\Think\Model\RelationModel.class.php 第 187 行.
SQL: SELECT b.id, name FROM apart_user AS a, apartment AS b WHERE a.apart_id = b.id AND a. user_id='1' [ RunTime:0.000107s ]
NOTIC: [8] Undefined index: mapping_order D:\wamp\www\manage\ThinkPHP\Library\Think\Model\RelationModel.class.php 第 186 行.
NOTIC: [8] Undefined index: mapping_limit D:\wamp\www\manage\ThinkPHP\Library\Think\Model\RelationModel.class.php 第 187 行.
SQL: SELECT b.id, name FROM level_user AS a, level AS b WHERE a.level_id = b.id AND a. user_id='1' [ RunTime:0.000097s ]
NOTIC: [8] Undefined index: mapping_order D:\wamp\www\manage\ThinkPHP\Library\Think\Model\RelationModel.class.php 第 186 行.
NOTIC: [8] Undefined index: mapping_limit D:\wamp\www\manage\ThinkPHP\Library\Think\Model\RelationModel.class.php 第 187 行.
SQL: SELECT b.id, title, content, deadline FROM work_user AS a, work AS b WHERE a.work_id = b.id AND a. user_id='1' [ RunTime:0.000137s ]
NOTIC: [8] Undefined offset: 0 D:\wamp\www\manage\App\Home\Controller\LoginController.class.php 第 55 行.
INFO: [ view_parse ] --START--
INFO: [ template_filter ] --START--
INFO: Run Behavior\ContentReplaceBehavior [ RunTime:0.000061s ]
INFO: [ template_filter ] --END-- [ RunTime:0.000159s ]
INFO: Run Behavior\ParseTemplateBehavior [ RunTime:0.051069s ]
INFO: [ view_parse ] --END-- [ RunTime:0.051206s ]
INFO: [ view_filter ] --START--
INFO: Run Behavior\WriteHtmlCacheBehavior [ RunTime:0.010222s ]
INFO: [ view_filter ] --END-- [ RunTime:0.010323s ]
INFO: [ app_end ] --START--
INFO: Run Behavior\ShowPageTraceBehavior [ RunTime:0.010293s ]
INFO: [ app_end ] --END-- [ RunTime:0.010392s ]

[ 2014-09-21T14:05:35+08:00 ] 127.0.0.1 /manage/index.php/Home/Index/index
INFO: [ app_init ] --START--
INFO: Run Behavior\BuildLiteBehavior [ RunTime:0.000026s ]
INFO: [ app_init ] --END-- [ RunTime:0.002939s ]
INFO: [ app_begin ] --START--
INFO: Run Behavior\ReadHtmlCacheBehavior [ RunTime:0.011298s ]
INFO: [ app_begin ] --END-- [ RunTime:0.011442s ]
NOTIC: [8] A session had already been started - ignoring session_start() D:\wamp\www\manage\ThinkPHP\Common\functions.php 第 1191 行.
SQL: SHOW COLUMNS FROM `apart_work` [ RunTime:0.007916s ]
SQL: SELECT COUNT(*) AS tp_count FROM `apart_work` WHERE ( apart_id = 2 ) LIMIT 1   [ RunTime:0.001654s ]
NOTIC: [2] Division by zero D:\wamp\www\manage\ThinkPHP\Library\Think\Page.class.php 第 84 行.
SQL: SELECT * FROM `apart_work` LEFT JOIN work ON apart_work.work_id = work.id  WHERE ( apart_id = 2 )  [ RunTime:0.000285s ]
INFO: [ view_parse ] --START--
INFO: [ template_filter ] --START--
INFO: Run Behavior\ContentReplaceBehavior [ RunTime:0.000112s ]
INFO: [ template_filter ] --END-- [ RunTime:0.000212s ]
INFO: Run Behavior\ParseTemplateBehavior [ RunTime:0.060686s ]
INFO: [ view_parse ] --END-- [ RunTime:0.060831s ]
INFO: [ view_filter ] --START--
INFO: Run Behavior\WriteHtmlCacheBehavior [ RunTime:0.012402s ]
INFO: [ view_filter ] --END-- [ RunTime:0.012516s ]
INFO: [ app_end ] --START--
INFO: Run Behavior\ShowPageTraceBehavior [ RunTime:0.010428s ]
INFO: [ app_end ] --END-- [ RunTime:0.010533s ]

[ 2014-09-21T14:29:55+08:00 ] 127.0.0.1 /manage/index.php/Home/Apart/index/apart_id/3.html
INFO: [ app_init ] --START--
INFO: Run Behavior\BuildLiteBehavior [ RunTime:0.000024s ]
INFO: [ app_init ] --END-- [ RunTime:0.003090s ]
INFO: [ app_begin ] --START--
INFO: Run Behavior\ReadHtmlCacheBehavior [ RunTime:0.011521s ]
INFO: [ app_begin ] --END-- [ RunTime:0.011697s ]
NOTIC: [8] A session had already been started - ignoring session_start() D:\wamp\www\manage\ThinkPHP\Common\functions.php 第 1191 行.
INFO: [ view_parse ] --START--
INFO: [ template_filter ] --START--
INFO: Run Behavior\ContentReplaceBehavior [ RunTime:0.000057s ]
INFO: [ template_filter ] --END-- [ RunTime:0.000161s ]
INFO: Run Behavior\ParseTemplateBehavior [ RunTime:0.051753s ]
INFO: [ view_parse ] --END-- [ RunTime:0.051887s ]
INFO: [ view_filter ] --START--
INFO: Run Behavior\WriteHtmlCacheBehavior [ RunTime:0.010614s ]
INFO: [ view_filter ] --END-- [ RunTime:0.010742s ]

[ 2014-09-21T14:32:45+08:00 ] 127.0.0.1 /manage/index.php/Home/Index/index
INFO: [ app_init ] --START--
INFO: Run Behavior\BuildLiteBehavior [ RunTime:0.000024s ]
INFO: [ app_init ] --END-- [ RunTime:0.002774s ]
INFO: [ app_begin ] --START--
INFO: Run Behavior\ReadHtmlCacheBehavior [ RunTime:0.009313s ]
INFO: [ app_begin ] --END-- [ RunTime:0.009455s ]
NOTIC: [8] A session had already been started - ignoring session_start() D:\wamp\www\manage\ThinkPHP\Common\functions.php 第 1191 行.
SQL: SHOW COLUMNS FROM `apart_work` [ RunTime:0.007129s ]
SQL: SELECT COUNT(*) AS tp_count FROM `apart_work` WHERE ( apart_id = 2 ) LIMIT 1   [ RunTime:0.000188s ]
NOTIC: [2] Division by zero D:\wamp\www\manage\ThinkPHP\Library\Think\Page.class.php 第 84 行.
SQL: SELECT * FROM `apart_work` LEFT JOIN work ON apart_work.work_id = work.id  WHERE ( apart_id = 2 )  [ RunTime:0.000290s ]
INFO: [ view_parse ] --START--
INFO: [ template_filter ] --START--
INFO: Run Behavior\ContentReplaceBehavior [ RunTime:0.000096s ]
INFO: [ template_filter ] --END-- [ RunTime:0.000197s ]
INFO: Run Behavior\ParseTemplateBehavior [ RunTime:0.052079s ]
INFO: [ view_parse ] --END-- [ RunTime:0.052204s ]
INFO: [ view_filter ] --START--
INFO: Run Behavior\WriteHtmlCacheBehavior [ RunTime:0.009341s ]
INFO: [ view_filter ] --END-- [ RunTime:0.009432s ]
INFO: [ app_end ] --START--
INFO: Run Behavior\ShowPageTraceBehavior [ RunTime:0.009663s ]
INFO: [ app_end ] --END-- [ RunTime:0.009764s ]

[ 2014-09-21T14:32:47+08:00 ] 127.0.0.1 /manage/index.php/Home/Apart/index/apart_id/3.html
INFO: [ app_init ] --START--
INFO: Run Behavior\BuildLiteBehavior [ RunTime:0.000028s ]
INFO: [ app_init ] --END-- [ RunTime:0.003268s ]
INFO: [ app_begin ] --START--
INFO: Run Behavior\ReadHtmlCacheBehavior [ RunTime:0.010105s ]
INFO: [ app_begin ] --END-- [ RunTime:0.010250s ]
NOTIC: [8] A session had already been started - ignoring session_start() D:\wamp\www\manage\ThinkPHP\Common\functions.php 第 1191 行.
INFO: [ view_parse ] --START--
INFO: [ template_filter ] --START--
INFO: Run Behavior\ContentReplaceBehavior [ RunTime:0.000059s ]
INFO: [ template_filter ] --END-- [ RunTime:0.000213s ]
INFO: Run Behavior\ParseTemplateBehavior [ RunTime:0.043475s ]
INFO: [ view_parse ] --END-- [ RunTime:0.043604s ]
INFO: [ view_filter ] --START--
INFO: Run Behavior\WriteHtmlCacheBehavior [ RunTime:0.009022s ]
INFO: [ view_filter ] --END-- [ RunTime:0.009116s ]

[ 2014-09-21T14:33:00+08:00 ] 127.0.0.1 /manage/index.php/Home/Index/index
INFO: [ app_init ] --START--
INFO: Run Behavior\BuildLiteBehavior [ RunTime:0.000025s ]
INFO: [ app_init ] --END-- [ RunTime:0.002970s ]
INFO: [ app_begin ] --START--
INFO: Run Behavior\ReadHtmlCacheBehavior [ RunTime:0.010002s ]
INFO: [ app_begin ] --END-- [ RunTime:0.010156s ]
NOTIC: [8] A session had already been started - ignoring session_start() D:\wamp\www\manage\ThinkPHP\Common\functions.php 第 1191 行.
SQL: SHOW COLUMNS FROM `apart_work` [ RunTime:0.007195s ]
SQL: SELECT COUNT(*) AS tp_count FROM `apart_work` WHERE ( apart_id = 2 ) LIMIT 1   [ RunTime:0.000221s ]
NOTIC: [2] Division by zero D:\wamp\www\manage\ThinkPHP\Library\Think\Page.class.php 第 84 行.
SQL: SELECT * FROM `apart_work` LEFT JOIN work ON apart_work.work_id = work.id  WHERE ( apart_id = 2 )  [ RunTime:0.000274s ]
INFO: [ view_parse ] --START--
INFO: [ template_filter ] --START--
INFO: Run Behavior\ContentReplaceBehavior [ RunTime:0.000154s ]
INFO: [ template_filter ] --END-- [ RunTime:0.000314s ]
INFO: Run Behavior\ParseTemplateBehavior [ RunTime:0.065164s ]
INFO: [ view_parse ] --END-- [ RunTime:0.065293s ]
INFO: [ view_filter ] --START--
INFO: Run Behavior\WriteHtmlCacheBehavior [ RunTime:0.010643s ]
INFO: [ view_filter ] --END-- [ RunTime:0.010758s ]
INFO: [ app_end ] --START--
INFO: Run Behavior\ShowPageTraceBehavior [ RunTime:0.012979s ]
INFO: [ app_end ] --END-- [ RunTime:0.013080s ]

[ 2014-09-21T14:33:01+08:00 ] 127.0.0.1 /manage/index.php/Home/Apart/index/apart_id/3.html
INFO: [ app_init ] --START--
INFO: Run Behavior\BuildLiteBehavior [ RunTime:0.000023s ]
INFO: [ app_init ] --END-- [ RunTime:0.002697s ]
INFO: [ app_begin ] --START--
INFO: Run Behavior\ReadHtmlCacheBehavior [ RunTime:0.009359s ]
INFO: [ app_begin ] --END-- [ RunTime:0.009491s ]
NOTIC: [8] A session had already been started - ignoring session_start() D:\wamp\www\manage\ThinkPHP\Common\functions.php 第 1191 行.
SQL: SHOW COLUMNS FROM `apartment` [ RunTime:0.008001s ]
SQL: SELECT * FROM `apartment` WHERE `id` = 2  [ RunTime:0.000432s ]
SQL: SHOW COLUMNS FROM `work` [ RunTime:0.006458s ]
SQL: SELECT `deadline` FROM `work` LEFT JOIN work_user ON work_user.work_id = work.id LEFT JOIN work_level ON work_level.work_id = work.id  WHERE ( user_id = 1 OR (apart_id = 3 AND level_id = ) ) ORDER BY deadline desc LIMIT 1   [ RunTime:0.000238s ]
ERR: 1064:You have an error in your SQL syntax; check the manual that corresponds to your MySQL server version for the right syntax to use near ') ) ORDER BY deadline desc LIMIT 1' at line 1
 [ SQL语句 ] : SELECT `deadline` FROM `work` LEFT JOIN work_user ON work_user.work_id = work.id LEFT JOIN work_level ON work_level.work_id = work.id  WHERE ( user_id = 1 OR (apart_id = 3 AND level_id = ) ) ORDER BY deadline desc LIMIT 1  
SQL: SHOW COLUMNS FROM `work_up` [ RunTime:0.007018s ]
SQL: SELECT `work_id` FROM `work_up` WHERE ( user_id = 1 )  [ RunTime:0.000421s ]
SQL: SELECT `id` FROM `work` LEFT JOIN work_user ON work_user.work_id = work.id LEFT JOIN work_level ON work_level.work_id = work.id  WHERE ( user_id = 1 OR (apart_id = 3 AND level_id = ) )  [ RunTime:0.000191s ]
ERR: 1064:You have an error in your SQL syntax; check the manual that corresponds to your MySQL server version for the right syntax to use near ') )' at line 1
 [ SQL语句 ] : SELECT `id` FROM `work` LEFT JOIN work_user ON work_user.work_id = work.id LEFT JOIN work_level ON work_level.work_id = work.id  WHERE ( user_id = 1 OR (apart_id = 3 AND level_id = ) ) 
NOTIC: [2] array_diff(): Argument #1 is not an array D:\wamp\www\manage\App\Home\Controller\ApartController.class.php 第 75 行.
NOTIC: [2] Invalid argument supplied for foreach() D:\wamp\www\manage\App\Home\Controller\ApartController.class.php 第 79 行.
NOTIC: [8] Undefined variable: data D:\wamp\www\manage\App\Home\Controller\ApartController.class.php 第 123 行.
SQL: SHOW COLUMNS FROM `apart_work` [ RunTime:0.006459s ]
SQL: SELECT * FROM `apart_work` LEFT JOIN work ON apart_work.work_id = work.id  WHERE ( apart_id = 3 ) ORDER BY id desc LIMIT 6   [ RunTime:0.000173s ]
SQL: SELECT `work_id` FROM `apart_work` WHERE ( apart_id = 3 )  [ RunTime:0.000118s ]
SQL: SHOW COLUMNS FROM `work_level` [ RunTime:0.008193s ]
SQL: SELECT `work_id`,`name` FROM `work_level` LEFT JOIN level ON work_level.level_id = level.id  WHERE (  work_id = 67  )  [ RunTime:0.000200s ]
SQL: SHOW COLUMNS FROM `resource` [ RunTime:0.007179s ]
SQL: SELECT * FROM `resource` ORDER BY id desc LIMIT 13   [ RunTime:0.000292s ]
SQL: SHOW COLUMNS FROM `question` [ RunTime:0.007610s ]
SQL: SELECT * FROM `question` LEFT JOIN user ON question.uid = user.id   [ RunTime:0.001156s ]
SQL: SHOW COLUMNS FROM `user` [ RunTime:0.012657s ]
SQL: SELECT * FROM `user` RIGHT JOIN information ON user.id = information.uid   [ RunTime:0.000819s ]
SQL: SELECT * FROM `work_up` LEFT JOIN apart_user ON work_up.user_id = apart_user.user_id LEFT JOIN user ON user.id = work_up.user_id LEFT JOIN work ON work.id = work_up.work_id  WHERE ( apart_id = 3 )  [ RunTime:0.003171s ]
SQL: SHOW COLUMNS FROM `notice` [ RunTime:0.007609s ]
SQL: SELECT * FROM `notice` LEFT JOIN apart_notice ON notice.id = apart_notice.notice_id  WHERE ( apart_notice.apart_id = 2 ) ORDER BY createtime desc LIMIT 1   [ RunTime:0.003097s ]
INFO: [ view_parse ] --START--
INFO: [ template_filter ] --START--
INFO: Run Behavior\ContentReplaceBehavior [ RunTime:0.000363s ]
INFO: [ template_filter ] --END-- [ RunTime:0.000518s ]
NOTIC: [8] Undefined variable: page D:\wamp\www\manage\App\Runtime\Cache\Home\cf2a18121bf2639402ad186f532a5c6a.php 第 175 行.
NOTIC: [8] Undefined index: username D:\wamp\www\manage\App\Runtime\Cache\Home\cf2a18121bf2639402ad186f532a5c6a.php 第 189 行.
NOTIC: [8] Undefined variable: invalid_page D:\wamp\www\manage\App\Runtime\Cache\Home\cf2a18121bf2639402ad186f532a5c6a.php 第 199 行.
INFO: Run Behavior\ParseTemplateBehavior [ RunTime:0.105790s ]
INFO: [ view_parse ] --END-- [ RunTime:0.105936s ]
INFO: [ view_filter ] --START--
INFO: Run Behavior\WriteHtmlCacheBehavior [ RunTime:0.012240s ]
INFO: [ view_filter ] --END-- [ RunTime:0.012342s ]
INFO: [ app_end ] --START--
INFO: Run Behavior\ShowPageTraceBehavior [ RunTime:0.014423s ]
INFO: [ app_end ] --END-- [ RunTime:0.014575s ]

[ 2014-09-21T14:33:25+08:00 ] 127.0.0.1 /manage/index.php/Home/Index/index.html
INFO: [ app_init ] --START--
INFO: Run Behavior\BuildLiteBehavior [ RunTime:0.000028s ]
INFO: [ app_init ] --END-- [ RunTime:0.003429s ]
INFO: [ app_begin ] --START--
INFO: Run Behavior\ReadHtmlCacheBehavior [ RunTime:0.010750s ]
INFO: [ app_begin ] --END-- [ RunTime:0.010891s ]
NOTIC: [8] A session had already been started - ignoring session_start() D:\wamp\www\manage\ThinkPHP\Common\functions.php 第 1191 行.
SQL: SHOW COLUMNS FROM `apart_work` [ RunTime:0.004578s ]
SQL: SELECT COUNT(*) AS tp_count FROM `apart_work` WHERE ( apart_id = 2 ) LIMIT 1   [ RunTime:0.000185s ]
NOTIC: [2] Division by zero D:\wamp\www\manage\ThinkPHP\Library\Think\Page.class.php 第 84 行.
SQL: SELECT * FROM `apart_work` LEFT JOIN work ON apart_work.work_id = work.id  WHERE ( apart_id = 2 )  [ RunTime:0.000324s ]
INFO: [ view_parse ] --START--
INFO: [ template_filter ] --START--
INFO: Run Behavior\ContentReplaceBehavior [ RunTime:0.000094s ]
INFO: [ template_filter ] --END-- [ RunTime:0.000191s ]
INFO: Run Behavior\ParseTemplateBehavior [ RunTime:0.054378s ]
INFO: [ view_parse ] --END-- [ RunTime:0.054484s ]
INFO: [ view_filter ] --START--
INFO: Run Behavior\WriteHtmlCacheBehavior [ RunTime:0.010002s ]
INFO: [ view_filter ] --END-- [ RunTime:0.010099s ]
INFO: [ app_end ] --START--
INFO: Run Behavior\ShowPageTraceBehavior [ RunTime:0.009893s ]
INFO: [ app_end ] --END-- [ RunTime:0.009997s ]

[ 2014-09-21T14:33:34+08:00 ] 127.0.0.1 /manage/index.php/Home/Index/index.html
INFO: [ app_init ] --START--
INFO: Run Behavior\BuildLiteBehavior [ RunTime:0.000024s ]
INFO: [ app_init ] --END-- [ RunTime:0.002819s ]
INFO: [ app_begin ] --START--
INFO: Run Behavior\ReadHtmlCacheBehavior [ RunTime:0.009274s ]
INFO: [ app_begin ] --END-- [ RunTime:0.009396s ]
NOTIC: [8] A session had already been started - ignoring session_start() D:\wamp\www\manage\ThinkPHP\Common\functions.php 第 1191 行.
SQL: SHOW COLUMNS FROM `apart_work` [ RunTime:0.005871s ]
SQL: SELECT COUNT(*) AS tp_count FROM `apart_work` WHERE ( apart_id = 2 ) LIMIT 1   [ RunTime:0.000174s ]
NOTIC: [2] Division by zero D:\wamp\www\manage\ThinkPHP\Library\Think\Page.class.php 第 84 行.
SQL: SELECT * FROM `apart_work` LEFT JOIN work ON apart_work.work_id = work.id  WHERE ( apart_id = 2 )  [ RunTime:0.000318s ]
INFO: [ view_parse ] --START--
INFO: [ template_filter ] --START--
INFO: Run Behavior\ContentReplaceBehavior [ RunTime:0.000095s ]
INFO: [ template_filter ] --END-- [ RunTime:0.000196s ]
INFO: Run Behavior\ParseTemplateBehavior [ RunTime:0.051724s ]
INFO: [ view_parse ] --END-- [ RunTime:0.051841s ]
INFO: [ view_filter ] --START--
INFO: Run Behavior\WriteHtmlCacheBehavior [ RunTime:0.009382s ]
INFO: [ view_filter ] --END-- [ RunTime:0.009484s ]
INFO: [ app_end ] --START--
INFO: Run Behavior\ShowPageTraceBehavior [ RunTime:0.009751s ]
INFO: [ app_end ] --END-- [ RunTime:0.009845s ]

[ 2014-09-21T14:33:36+08:00 ] 127.0.0.1 /manage/index.php/Home/Apart/index/apart_id/3.html
INFO: [ app_init ] --START--
INFO: Run Behavior\BuildLiteBehavior [ RunTime:0.000034s ]
INFO: [ app_init ] --END-- [ RunTime:0.003891s ]
INFO: [ app_begin ] --START--
INFO: Run Behavior\ReadHtmlCacheBehavior [ RunTime:0.014845s ]
INFO: [ app_begin ] --END-- [ RunTime:0.015054s ]
NOTIC: [8] A session had already been started - ignoring session_start() D:\wamp\www\manage\ThinkPHP\Common\functions.php 第 1191 行.
INFO: [ view_parse ] --START--
INFO: [ template_filter ] --START--
INFO: Run Behavior\ContentReplaceBehavior [ RunTime:0.000096s ]
INFO: [ template_filter ] --END-- [ RunTime:0.000247s ]
INFO: Run Behavior\ParseTemplateBehavior [ RunTime:0.049156s ]
INFO: [ view_parse ] --END-- [ RunTime:0.049284s ]
INFO: [ view_filter ] --START--
INFO: Run Behavior\WriteHtmlCacheBehavior [ RunTime:0.012029s ]
INFO: [ view_filter ] --END-- [ RunTime:0.012143s ]

[ 2014-09-21T14:33:46+08:00 ] 127.0.0.1 /manage/index.php/Home/Index/index
INFO: [ app_init ] --START--
INFO: Run Behavior\BuildLiteBehavior [ RunTime:0.000033s ]
INFO: [ app_init ] --END-- [ RunTime:0.002899s ]
INFO: [ app_begin ] --START--
INFO: Run Behavior\ReadHtmlCacheBehavior [ RunTime:0.011203s ]
INFO: [ app_begin ] --END-- [ RunTime:0.011489s ]
NOTIC: [8] A session had already been started - ignoring session_start() D:\wamp\www\manage\ThinkPHP\Common\functions.php 第 1191 行.
SQL: SHOW COLUMNS FROM `apart_work` [ RunTime:0.005890s ]
SQL: SELECT COUNT(*) AS tp_count FROM `apart_work` WHERE ( apart_id = 2 ) LIMIT 1   [ RunTime:0.000265s ]
NOTIC: [2] Division by zero D:\wamp\www\manage\ThinkPHP\Library\Think\Page.class.php 第 84 行.
SQL: SELECT * FROM `apart_work` LEFT JOIN work ON apart_work.work_id = work.id  WHERE ( apart_id = 2 )  [ RunTime:0.000362s ]
INFO: [ view_parse ] --START--
INFO: [ template_filter ] --START--
INFO: Run Behavior\ContentReplaceBehavior [ RunTime:0.000096s ]
INFO: [ template_filter ] --END-- [ RunTime:0.000197s ]
INFO: Run Behavior\ParseTemplateBehavior [ RunTime:0.056779s ]
INFO: [ view_parse ] --END-- [ RunTime:0.056960s ]
INFO: [ view_filter ] --START--
INFO: Run Behavior\WriteHtmlCacheBehavior [ RunTime:0.009276s ]
INFO: [ view_filter ] --END-- [ RunTime:0.009379s ]
INFO: [ app_end ] --START--
INFO: Run Behavior\ShowPageTraceBehavior [ RunTime:0.009451s ]
INFO: [ app_end ] --END-- [ RunTime:0.009549s ]

[ 2014-09-21T14:33:52+08:00 ] 127.0.0.1 /manage/index.php/Home/Login/login.html
INFO: [ app_init ] --START--
INFO: Run Behavior\BuildLiteBehavior [ RunTime:0.000031s ]
INFO: [ app_init ] --END-- [ RunTime:0.003101s ]
INFO: [ app_begin ] --START--
INFO: Run Behavior\ReadHtmlCacheBehavior [ RunTime:0.011044s ]
INFO: [ app_begin ] --END-- [ RunTime:0.011232s ]
NOTIC: [8] A session had already been started - ignoring session_start() D:\wamp\www\manage\ThinkPHP\Common\functions.php 第 1191 行.
SQL: SHOW COLUMNS FROM `user` [ RunTime:0.004712s ]
SQL: SELECT * FROM `user` WHERE `username` = 'admin' LIMIT 1   [ RunTime:0.000363s ]
SQL: UPDATE `user` SET `logintime`=1411281231,`loginip`='127.0.0.1' WHERE `id` = 1 [ RunTime:0.001873s ]
SQL: SHOW COLUMNS FROM `user` [ RunTime:0.005207s ]
SQL: SELECT `id`,`username`,`logintime`,`loginip`,`lock` FROM `user` WHERE `id` = 1  [ RunTime:0.001276s ]
SQL: SHOW COLUMNS FROM `role` [ RunTime:0.007828s ]
NOTIC: [8] Undefined index: mapping_order D:\wamp\www\manage\ThinkPHP\Library\Think\Model\RelationModel.class.php 第 186 行.
NOTIC: [8] Undefined index: mapping_limit D:\wamp\www\manage\ThinkPHP\Library\Think\Model\RelationModel.class.php 第 187 行.
SQL: SELECT b.id, name, remark FROM role_user AS a, role AS b WHERE a.role_id = b.id AND a. user_id='1' [ RunTime:0.000130s ]
SQL: SHOW COLUMNS FROM `apartment` [ RunTime:0.005320s ]
NOTIC: [8] Undefined index: mapping_order D:\wamp\www\manage\ThinkPHP\Library\Think\Model\RelationModel.class.php 第 186 行.
NOTIC: [8] Undefined index: mapping_limit D:\wamp\www\manage\ThinkPHP\Library\Think\Model\RelationModel.class.php 第 187 行.
SQL: SELECT b.id, name FROM apart_user AS a, apartment AS b WHERE a.apart_id = b.id AND a. user_id='1' [ RunTime:0.000154s ]
SQL: SHOW COLUMNS FROM `level` [ RunTime:0.005705s ]
NOTIC: [8] Undefined index: mapping_order D:\wamp\www\manage\ThinkPHP\Library\Think\Model\RelationModel.class.php 第 186 行.
NOTIC: [8] Undefined index: mapping_limit D:\wamp\www\manage\ThinkPHP\Library\Think\Model\RelationModel.class.php 第 187 行.
SQL: SELECT b.id, name FROM level_user AS a, level AS b WHERE a.level_id = b.id AND a. user_id='1' [ RunTime:0.000130s ]
SQL: SHOW COLUMNS FROM `work` [ RunTime:0.005170s ]
NOTIC: [8] Undefined index: mapping_order D:\wamp\www\manage\ThinkPHP\Library\Think\Model\RelationModel.class.php 第 186 行.
NOTIC: [8] Undefined index: mapping_limit D:\wamp\www\manage\ThinkPHP\Library\Think\Model\RelationModel.class.php 第 187 行.
SQL: SELECT b.id, title, content, deadline FROM work_user AS a, work AS b WHERE a.work_id = b.id AND a. user_id='1' [ RunTime:0.000147s ]
SQL: SELECT `id`,`username`,`logintime`,`loginip`,`lock` FROM `user` WHERE `id` = 1  [ RunTime:0.000130s ]
NOTIC: [8] Undefined index: mapping_order D:\wamp\www\manage\ThinkPHP\Library\Think\Model\RelationModel.class.php 第 186 行.
NOTIC: [8] Undefined index: mapping_limit D:\wamp\www\manage\ThinkPHP\Library\Think\Model\RelationModel.class.php 第 187 行.
SQL: SELECT b.id, name, remark FROM role_user AS a, role AS b WHERE a.role_id = b.id AND a. user_id='1' [ RunTime:0.000107s ]
NOTIC: [8] Undefined index: mapping_order D:\wamp\www\manage\ThinkPHP\Library\Think\Model\RelationModel.class.php 第 186 行.
NOTIC: [8] Undefined index: mapping_limit D:\wamp\www\manage\ThinkPHP\Library\Think\Model\RelationModel.class.php 第 187 行.
SQL: SELECT b.id, name FROM apart_user AS a, apartment AS b WHERE a.apart_id = b.id AND a. user_id='1' [ RunTime:0.000102s ]
NOTIC: [8] Undefined index: mapping_order D:\wamp\www\manage\ThinkPHP\Library\Think\Model\RelationModel.class.php 第 186 行.
NOTIC: [8] Undefined index: mapping_limit D:\wamp\www\manage\ThinkPHP\Library\Think\Model\RelationModel.class.php 第 187 行.
SQL: SELECT b.id, name FROM level_user AS a, level AS b WHERE a.level_id = b.id AND a. user_id='1' [ RunTime:0.000133s ]
NOTIC: [8] Undefined index: mapping_order D:\wamp\www\manage\ThinkPHP\Library\Think\Model\RelationModel.class.php 第 186 行.
NOTIC: [8] Undefined index: mapping_limit D:\wamp\www\manage\ThinkPHP\Library\Think\Model\RelationModel.class.php 第 187 行.
SQL: SELECT b.id, title, content, deadline FROM work_user AS a, work AS b WHERE a.work_id = b.id AND a. user_id='1' [ RunTime:0.000162s ]
NOTIC: [8] Undefined offset: 0 D:\wamp\www\manage\App\Home\Controller\LoginController.class.php 第 55 行.
INFO: [ view_parse ] --START--
INFO: [ template_filter ] --START--
INFO: Run Behavior\ContentReplaceBehavior [ RunTime:0.000059s ]
INFO: [ template_filter ] --END-- [ RunTime:0.000156s ]
INFO: Run Behavior\ParseTemplateBehavior [ RunTime:0.042255s ]
INFO: [ view_parse ] --END-- [ RunTime:0.042385s ]
INFO: [ view_filter ] --START--
INFO: Run Behavior\WriteHtmlCacheBehavior [ RunTime:0.009073s ]
INFO: [ view_filter ] --END-- [ RunTime:0.009144s ]
INFO: [ app_end ] --START--
INFO: Run Behavior\ShowPageTraceBehavior [ RunTime:0.009420s ]
INFO: [ app_end ] --END-- [ RunTime:0.009518s ]

[ 2014-09-21T14:33:53+08:00 ] 127.0.0.1 /manage/index.php/Home/Index/index
INFO: [ app_init ] --START--
INFO: Run Behavior\BuildLiteBehavior [ RunTime:0.000026s ]
INFO: [ app_init ] --END-- [ RunTime:0.003186s ]
INFO: [ app_begin ] --START--
INFO: Run Behavior\ReadHtmlCacheBehavior [ RunTime:0.014305s ]
INFO: [ app_begin ] --END-- [ RunTime:0.014509s ]
NOTIC: [8] A session had already been started - ignoring session_start() D:\wamp\www\manage\ThinkPHP\Common\functions.php 第 1191 行.
SQL: SHOW COLUMNS FROM `apart_work` [ RunTime:0.006344s ]
SQL: SELECT COUNT(*) AS tp_count FROM `apart_work` WHERE ( apart_id = 2 ) LIMIT 1   [ RunTime:0.000206s ]
NOTIC: [2] Division by zero D:\wamp\www\manage\ThinkPHP\Library\Think\Page.class.php 第 84 行.
SQL: SELECT * FROM `apart_work` LEFT JOIN work ON apart_work.work_id = work.id  WHERE ( apart_id = 2 )  [ RunTime:0.000340s ]
INFO: [ view_parse ] --START--
INFO: [ template_filter ] --START--
INFO: Run Behavior\ContentReplaceBehavior [ RunTime:0.000097s ]
INFO: [ template_filter ] --END-- [ RunTime:0.000198s ]
INFO: Run Behavior\ParseTemplateBehavior [ RunTime:0.059469s ]
INFO: [ view_parse ] --END-- [ RunTime:0.059588s ]
INFO: [ view_filter ] --START--
INFO: Run Behavior\WriteHtmlCacheBehavior [ RunTime:0.010245s ]
INFO: [ view_filter ] --END-- [ RunTime:0.010342s ]
INFO: [ app_end ] --START--
INFO: Run Behavior\ShowPageTraceBehavior [ RunTime:0.010982s ]
INFO: [ app_end ] --END-- [ RunTime:0.011081s ]

[ 2014-09-21T14:33:55+08:00 ] 127.0.0.1 /manage/index.php/Home/Apart/index/apart_id/3.html
INFO: [ app_init ] --START--
INFO: Run Behavior\BuildLiteBehavior [ RunTime:0.000024s ]
INFO: [ app_init ] --END-- [ RunTime:0.002831s ]
INFO: [ app_begin ] --START--
INFO: Run Behavior\ReadHtmlCacheBehavior [ RunTime:0.009609s ]
INFO: [ app_begin ] --END-- [ RunTime:0.009755s ]
NOTIC: [8] A session had already been started - ignoring session_start() D:\wamp\www\manage\ThinkPHP\Common\functions.php 第 1191 行.
INFO: [ view_parse ] --START--
INFO: [ template_filter ] --START--
INFO: Run Behavior\ContentReplaceBehavior [ RunTime:0.000066s ]
INFO: [ template_filter ] --END-- [ RunTime:0.000205s ]
INFO: Run Behavior\ParseTemplateBehavior [ RunTime:0.053837s ]
INFO: [ view_parse ] --END-- [ RunTime:0.054065s ]
INFO: [ view_filter ] --START--
INFO: Run Behavior\WriteHtmlCacheBehavior [ RunTime:0.015149s ]
INFO: [ view_filter ] --END-- [ RunTime:0.015304s ]

[ 2014-09-21T14:34:27+08:00 ] 127.0.0.1 /manage/index.php/Home/Index/index
INFO: [ app_init ] --START--
INFO: Run Behavior\BuildLiteBehavior [ RunTime:0.000023s ]
INFO: [ app_init ] --END-- [ RunTime:0.002813s ]
INFO: [ app_begin ] --START--
INFO: Run Behavior\ReadHtmlCacheBehavior [ RunTime:0.009278s ]
INFO: [ app_begin ] --END-- [ RunTime:0.009414s ]
NOTIC: [8] A session had already been started - ignoring session_start() D:\wamp\www\manage\ThinkPHP\Common\functions.php 第 1191 行.
SQL: SHOW COLUMNS FROM `apart_work` [ RunTime:0.004983s ]
SQL: SELECT COUNT(*) AS tp_count FROM `apart_work` WHERE ( apart_id = 2 ) LIMIT 1   [ RunTime:0.000139s ]
NOTIC: [2] Division by zero D:\wamp\www\manage\ThinkPHP\Library\Think\Page.class.php 第 84 行.
SQL: SELECT * FROM `apart_work` LEFT JOIN work ON apart_work.work_id = work.id  WHERE ( apart_id = 2 )  [ RunTime:0.000360s ]
INFO: [ view_parse ] --START--
INFO: [ template_filter ] --START--
INFO: Run Behavior\ContentReplaceBehavior [ RunTime:0.000098s ]
INFO: [ template_filter ] --END-- [ RunTime:0.000199s ]
INFO: Run Behavior\ParseTemplateBehavior [ RunTime:0.052114s ]
INFO: [ view_parse ] --END-- [ RunTime:0.052220s ]
INFO: [ view_filter ] --START--
INFO: Run Behavior\WriteHtmlCacheBehavior [ RunTime:0.009271s ]
INFO: [ view_filter ] --END-- [ RunTime:0.009371s ]
INFO: [ app_end ] --START--
INFO: Run Behavior\ShowPageTraceBehavior [ RunTime:0.009940s ]
INFO: [ app_end ] --END-- [ RunTime:0.010044s ]

[ 2014-09-21T14:34:28+08:00 ] 127.0.0.1 /manage/index.php/Home/Apart/index/apart_id/3.html
INFO: [ app_init ] --START--
INFO: Run Behavior\BuildLiteBehavior [ RunTime:0.000044s ]
INFO: [ app_init ] --END-- [ RunTime:0.003577s ]
INFO: [ app_begin ] --START--
INFO: Run Behavior\ReadHtmlCacheBehavior [ RunTime:0.010843s ]
INFO: [ app_begin ] --END-- [ RunTime:0.010990s ]
NOTIC: [8] A session had already been started - ignoring session_start() D:\wamp\www\manage\ThinkPHP\Common\functions.php 第 1191 行.
SQL: SHOW COLUMNS FROM `apartment` [ RunTime:0.006629s ]
SQL: SELECT * FROM `apartment` WHERE `id` = 2  [ RunTime:0.000299s ]
SQL: SHOW COLUMNS FROM `work` [ RunTime:0.005107s ]
SQL: SELECT `deadline` FROM `work` LEFT JOIN work_user ON work_user.work_id = work.id LEFT JOIN work_level ON work_level.work_id = work.id  WHERE ( user_id = 1 OR (apart_id = 3 AND level_id = ) ) ORDER BY deadline desc LIMIT 1   [ RunTime:0.000225s ]
ERR: 1064:You have an error in your SQL syntax; check the manual that corresponds to your MySQL server version for the right syntax to use near ') ) ORDER BY deadline desc LIMIT 1' at line 1
 [ SQL语句 ] : SELECT `deadline` FROM `work` LEFT JOIN work_user ON work_user.work_id = work.id LEFT JOIN work_level ON work_level.work_id = work.id  WHERE ( user_id = 1 OR (apart_id = 3 AND level_id = ) ) ORDER BY deadline desc LIMIT 1  
SQL: SHOW COLUMNS FROM `work_up` [ RunTime:0.007873s ]
SQL: SELECT `work_id` FROM `work_up` WHERE ( user_id = 1 )  [ RunTime:0.000225s ]
SQL: SELECT `id` FROM `work` LEFT JOIN work_user ON work_user.work_id = work.id LEFT JOIN work_level ON work_level.work_id = work.id  WHERE ( user_id = 1 OR (apart_id = 3 AND level_id = ) )  [ RunTime:0.000223s ]
ERR: 1064:You have an error in your SQL syntax; check the manual that corresponds to your MySQL server version for the right syntax to use near ') )' at line 1
 [ SQL语句 ] : SELECT `id` FROM `work` LEFT JOIN work_user ON work_user.work_id = work.id LEFT JOIN work_level ON work_level.work_id = work.id  WHERE ( user_id = 1 OR (apart_id = 3 AND level_id = ) ) 
NOTIC: [2] array_diff(): Argument #1 is not an array D:\wamp\www\manage\App\Home\Controller\ApartController.class.php 第 75 行.
NOTIC: [2] Invalid argument supplied for foreach() D:\wamp\www\manage\App\Home\Controller\ApartController.class.php 第 79 行.
NOTIC: [8] Undefined variable: data D:\wamp\www\manage\App\Home\Controller\ApartController.class.php 第 123 行.
SQL: SHOW COLUMNS FROM `apart_work` [ RunTime:0.005626s ]
SQL: SELECT * FROM `apart_work` LEFT JOIN work ON apart_work.work_id = work.id  WHERE ( apart_id = 3 ) ORDER BY id desc LIMIT 6   [ RunTime:0.000188s ]
SQL: SELECT `work_id` FROM `apart_work` WHERE ( apart_id = 3 )  [ RunTime:0.000112s ]
SQL: SHOW COLUMNS FROM `work_level` [ RunTime:0.005451s ]
SQL: SELECT `work_id`,`name` FROM `work_level` LEFT JOIN level ON work_level.level_id = level.id  WHERE (  work_id = 67  )  [ RunTime:0.000168s ]
SQL: SHOW COLUMNS FROM `resource` [ RunTime:0.006271s ]
SQL: SELECT * FROM `resource` ORDER BY id desc LIMIT 13   [ RunTime:0.000189s ]
SQL: SHOW COLUMNS FROM `question` [ RunTime:0.005371s ]
SQL: SELECT * FROM `question` LEFT JOIN user ON question.uid = user.id   [ RunTime:0.000466s ]
SQL: SHOW COLUMNS FROM `user` [ RunTime:0.005603s ]
SQL: SELECT * FROM `user` RIGHT JOIN information ON user.id = information.uid   [ RunTime:0.000478s ]
SQL: SELECT * FROM `work_up` LEFT JOIN apart_user ON work_up.user_id = apart_user.user_id LEFT JOIN user ON user.id = work_up.user_id LEFT JOIN work ON work.id = work_up.work_id  WHERE ( apart_id = 3 )  [ RunTime:0.000534s ]
SQL: SHOW COLUMNS FROM `notice` [ RunTime:0.005633s ]
SQL: SELECT * FROM `notice` LEFT JOIN apart_notice ON notice.id = apart_notice.notice_id  WHERE ( apart_notice.apart_id = 2 ) ORDER BY createtime desc LIMIT 1   [ RunTime:0.000226s ]
INFO: [ view_parse ] --START--
INFO: [ template_filter ] --START--
INFO: Run Behavior\ContentReplaceBehavior [ RunTime:0.000238s ]
INFO: [ template_filter ] --END-- [ RunTime:0.000331s ]
NOTIC: [8] Undefined variable: page D:\wamp\www\manage\App\Runtime\Cache\Home\cf2a18121bf2639402ad186f532a5c6a.php 第 175 行.
NOTIC: [8] Undefined index: username D:\wamp\www\manage\App\Runtime\Cache\Home\cf2a18121bf2639402ad186f532a5c6a.php 第 189 行.
NOTIC: [8] Undefined variable: invalid_page D:\wamp\www\manage\App\Runtime\Cache\Home\cf2a18121bf2639402ad186f532a5c6a.php 第 199 行.
INFO: Run Behavior\ParseTemplateBehavior [ RunTime:0.068520s ]
INFO: [ view_parse ] --END-- [ RunTime:0.068623s ]
INFO: [ view_filter ] --START--
INFO: Run Behavior\WriteHtmlCacheBehavior [ RunTime:0.009372s ]
INFO: [ view_filter ] --END-- [ RunTime:0.009470s ]
INFO: [ app_end ] --START--
INFO: Run Behavior\ShowPageTraceBehavior [ RunTime:0.010546s ]
INFO: [ app_end ] --END-- [ RunTime:0.010654s ]

[ 2014-09-21T14:34:54+08:00 ] 127.0.0.1 /manage/index.php/Home/Index/index
INFO: [ app_init ] --START--
INFO: Run Behavior\BuildLiteBehavior [ RunTime:0.000026s ]
INFO: [ app_init ] --END-- [ RunTime:0.003106s ]
INFO: [ app_begin ] --START--
INFO: Run Behavior\ReadHtmlCacheBehavior [ RunTime:0.009607s ]
INFO: [ app_begin ] --END-- [ RunTime:0.009744s ]
NOTIC: [8] A session had already been started - ignoring session_start() D:\wamp\www\manage\ThinkPHP\Common\functions.php 第 1191 行.
SQL: SHOW COLUMNS FROM `apart_work` [ RunTime:0.005084s ]
SQL: SELECT COUNT(*) AS tp_count FROM `apart_work` WHERE ( apart_id = 2 ) LIMIT 1   [ RunTime:0.000184s ]
NOTIC: [2] Division by zero D:\wamp\www\manage\ThinkPHP\Library\Think\Page.class.php 第 84 行.
SQL: SELECT * FROM `apart_work` LEFT JOIN work ON apart_work.work_id = work.id  WHERE ( apart_id = 2 )  [ RunTime:0.000306s ]
INFO: [ view_parse ] --START--
INFO: [ template_filter ] --START--
INFO: Run Behavior\ContentReplaceBehavior [ RunTime:0.000095s ]
INFO: [ template_filter ] --END-- [ RunTime:0.000200s ]
INFO: Run Behavior\ParseTemplateBehavior [ RunTime:0.052386s ]
INFO: [ view_parse ] --END-- [ RunTime:0.052530s ]
INFO: [ view_filter ] --START--
INFO: Run Behavior\WriteHtmlCacheBehavior [ RunTime:0.009039s ]
INFO: [ view_filter ] --END-- [ RunTime:0.009119s ]
INFO: [ app_end ] --START--
INFO: Run Behavior\ShowPageTraceBehavior [ RunTime:0.009718s ]
INFO: [ app_end ] --END-- [ RunTime:0.009825s ]

[ 2014-09-21T14:35:05+08:00 ] 127.0.0.1 /manage/index.php/Home/Login/login.html
INFO: [ app_init ] --START--
INFO: Run Behavior\BuildLiteBehavior [ RunTime:0.000030s ]
INFO: [ app_init ] --END-- [ RunTime:0.002872s ]
INFO: [ app_begin ] --START--
INFO: Run Behavior\ReadHtmlCacheBehavior [ RunTime:0.009522s ]
INFO: [ app_begin ] --END-- [ RunTime:0.009670s ]
NOTIC: [8] A session had already been started - ignoring session_start() D:\wamp\www\manage\ThinkPHP\Common\functions.php 第 1191 行.
SQL: SHOW COLUMNS FROM `user` [ RunTime:0.005340s ]
SQL: SELECT * FROM `user` WHERE `username` = '樊珊珊' LIMIT 1   [ RunTime:0.000460s ]
SQL: UPDATE `user` SET `logintime`=1411281305,`loginip`='127.0.0.1' WHERE `id` = 44 [ RunTime:0.001576s ]
SQL: SHOW COLUMNS FROM `user` [ RunTime:0.005192s ]
SQL: SELECT `id`,`username`,`logintime`,`loginip`,`lock` FROM `user` WHERE `id` = 44  [ RunTime:0.000396s ]
SQL: SHOW COLUMNS FROM `role` [ RunTime:0.005921s ]
NOTIC: [8] Undefined index: mapping_order D:\wamp\www\manage\ThinkPHP\Library\Think\Model\RelationModel.class.php 第 186 行.
NOTIC: [8] Undefined index: mapping_limit D:\wamp\www\manage\ThinkPHP\Library\Think\Model\RelationModel.class.php 第 187 行.
SQL: SELECT b.id, name, remark FROM role_user AS a, role AS b WHERE a.role_id = b.id AND a. user_id='44' [ RunTime:0.000199s ]
SQL: SHOW COLUMNS FROM `apartment` [ RunTime:0.005539s ]
NOTIC: [8] Undefined index: mapping_order D:\wamp\www\manage\ThinkPHP\Library\Think\Model\RelationModel.class.php 第 186 行.
NOTIC: [8] Undefined index: mapping_limit D:\wamp\www\manage\ThinkPHP\Library\Think\Model\RelationModel.class.php 第 187 行.
SQL: SELECT b.id, name FROM apart_user AS a, apartment AS b WHERE a.apart_id = b.id AND a. user_id='44' [ RunTime:0.000208s ]
SQL: SHOW COLUMNS FROM `level` [ RunTime:0.005364s ]
NOTIC: [8] Undefined index: mapping_order D:\wamp\www\manage\ThinkPHP\Library\Think\Model\RelationModel.class.php 第 186 行.
NOTIC: [8] Undefined index: mapping_limit D:\wamp\www\manage\ThinkPHP\Library\Think\Model\RelationModel.class.php 第 187 行.
SQL: SELECT b.id, name FROM level_user AS a, level AS b WHERE a.level_id = b.id AND a. user_id='44' [ RunTime:0.000197s ]
SQL: SHOW COLUMNS FROM `work` [ RunTime:0.005126s ]
NOTIC: [8] Undefined index: mapping_order D:\wamp\www\manage\ThinkPHP\Library\Think\Model\RelationModel.class.php 第 186 行.
NOTIC: [8] Undefined index: mapping_limit D:\wamp\www\manage\ThinkPHP\Library\Think\Model\RelationModel.class.php 第 187 行.
SQL: SELECT b.id, title, content, deadline FROM work_user AS a, work AS b WHERE a.work_id = b.id AND a. user_id='44' [ RunTime:0.000204s ]
SQL: SELECT `id`,`username`,`logintime`,`loginip`,`lock` FROM `user` WHERE `id` = 44  [ RunTime:0.000168s ]
NOTIC: [8] Undefined index: mapping_order D:\wamp\www\manage\ThinkPHP\Library\Think\Model\RelationModel.class.php 第 186 行.
NOTIC: [8] Undefined index: mapping_limit D:\wamp\www\manage\ThinkPHP\Library\Think\Model\RelationModel.class.php 第 187 行.
SQL: SELECT b.id, name, remark FROM role_user AS a, role AS b WHERE a.role_id = b.id AND a. user_id='44' [ RunTime:0.000131s ]
NOTIC: [8] Undefined index: mapping_order D:\wamp\www\manage\ThinkPHP\Library\Think\Model\RelationModel.class.php 第 186 行.
NOTIC: [8] Undefined index: mapping_limit D:\wamp\www\manage\ThinkPHP\Library\Think\Model\RelationModel.class.php 第 187 行.
SQL: SELECT b.id, name FROM apart_user AS a, apartment AS b WHERE a.apart_id = b.id AND a. user_id='44' [ RunTime:0.000142s ]
NOTIC: [8] Undefined index: mapping_order D:\wamp\www\manage\ThinkPHP\Library\Think\Model\RelationModel.class.php 第 186 行.
NOTIC: [8] Undefined index: mapping_limit D:\wamp\www\manage\ThinkPHP\Library\Think\Model\RelationModel.class.php 第 187 行.
SQL: SELECT b.id, name FROM level_user AS a, level AS b WHERE a.level_id = b.id AND a. user_id='44' [ RunTime:0.000119s ]
NOTIC: [8] Undefined index: mapping_order D:\wamp\www\manage\ThinkPHP\Library\Think\Model\RelationModel.class.php 第 186 行.
NOTIC: [8] Undefined index: mapping_limit D:\wamp\www\manage\ThinkPHP\Library\Think\Model\RelationModel.class.php 第 187 行.
SQL: SELECT b.id, title, content, deadline FROM work_user AS a, work AS b WHERE a.work_id = b.id AND a. user_id='44' [ RunTime:0.000136s ]
NOTIC: [8] Undefined index: superadmin D:\wamp\www\manage\ThinkPHP\Library\Org\Util\Rbac.class.php 第 88 行.
SQL: select node.id,node.name from role as role,role_user as user,access as access ,node as node where user.user_id='44' and user.role_id=role.id and ( access.role_id=role.id  or (access.role_id=role.pid and role.pid!=0 ) ) and role.status=1 and access.node_id=node.id and node.level=1 and node.status=1 [ RunTime:0.024585s ]
SQL: select node.id,node.name from role as role,role_user as user,access as access ,node as node where user.user_id='44' and user.role_id=role.id and ( access.role_id=role.id  or (access.role_id=role.pid and role.pid!=0 ) ) and role.status=1 and access.node_id=node.id and node.level=2 and node.pid=1 and node.status=1 [ RunTime:0.000729s ]
SQL: select node.id,node.name from role as role,role_user as user,access as access ,node as node where user.user_id='44' and user.role_id=role.id and ( access.role_id=role.id  or (access.role_id=role.pid and role.pid!=0 ) ) and role.status=1 and access.node_id=node.id and node.level=3 and node.pid=4 and node.status=1 [ RunTime:0.000828s ]
SQL: select node.id,node.name from role as role,role_user as user,access as access ,node as node where user.user_id='44' and user.role_id=role.id and ( access.role_id=role.id  or (access.role_id=role.pid and role.pid!=0 ) ) and role.status=1 and access.node_id=node.id and node.level=3 and node.pid=16 and node.status=1 [ RunTime:0.000731s ]
SQL: select node.id,node.name from role as role,role_user as user,access as access ,node as node where user.user_id='44' and user.role_id=role.id and ( access.role_id=role.id  or (access.role_id=role.pid and role.pid!=0 ) ) and role.status=1 and access.node_id=node.id and node.level=3 and node.pid=29 and node.status=1 [ RunTime:0.000512s ]
SQL: select node.id,node.name from role as role,role_user as user,access as access ,node as node where user.user_id='44' and user.role_id=role.id and ( access.role_id=role.id  or (access.role_id=role.pid and role.pid!=0 ) ) and role.status=1 and access.node_id=node.id and node.level=2 and node.pid=2 and node.status=1 [ RunTime:0.000619s ]
SQL: select node.id,node.name from role as role,role_user as user,access as access ,node as node where user.user_id='44' and user.role_id=role.id and ( access.role_id=role.id  or (access.role_id=role.pid and role.pid!=0 ) ) and role.status=1 and access.node_id=node.id and node.level=3 and node.pid=27 and node.status=1 [ RunTime:0.000615s ]
INFO: [ view_parse ] --START--
INFO: [ template_filter ] --START--
INFO: Run Behavior\ContentReplaceBehavior [ RunTime:0.000059s ]
INFO: [ template_filter ] --END-- [ RunTime:0.000154s ]
INFO: Run Behavior\ParseTemplateBehavior [ RunTime:0.045824s ]
INFO: [ view_parse ] --END-- [ RunTime:0.045979s ]
INFO: [ view_filter ] --START--
INFO: Run Behavior\WriteHtmlCacheBehavior [ RunTime:0.009487s ]
INFO: [ view_filter ] --END-- [ RunTime:0.009580s ]
INFO: [ app_end ] --START--
INFO: Run Behavior\ShowPageTraceBehavior [ RunTime:0.010034s ]
INFO: [ app_end ] --END-- [ RunTime:0.010127s ]

[ 2014-09-21T14:35:06+08:00 ] 127.0.0.1 /manage/index.php/Home/Index/index
INFO: [ app_init ] --START--
INFO: Run Behavior\BuildLiteBehavior [ RunTime:0.000043s ]
INFO: [ app_init ] --END-- [ RunTime:0.014665s ]
INFO: [ app_begin ] --START--
INFO: Run Behavior\ReadHtmlCacheBehavior [ RunTime:0.011883s ]
INFO: [ app_begin ] --END-- [ RunTime:0.012055s ]
NOTIC: [8] A session had already been started - ignoring session_start() D:\wamp\www\manage\ThinkPHP\Common\functions.php 第 1191 行.
SQL: SHOW COLUMNS FROM `apart_work` [ RunTime:0.005739s ]
SQL: SELECT COUNT(*) AS tp_count FROM `apart_work` WHERE ( apart_id = 2 ) LIMIT 1   [ RunTime:0.000215s ]
NOTIC: [2] Division by zero D:\wamp\www\manage\ThinkPHP\Library\Think\Page.class.php 第 84 行.
SQL: SELECT * FROM `apart_work` LEFT JOIN work ON apart_work.work_id = work.id  WHERE ( apart_id = 2 )  [ RunTime:0.000285s ]
INFO: [ view_parse ] --START--
INFO: [ template_filter ] --START--
INFO: Run Behavior\ContentReplaceBehavior [ RunTime:0.000151s ]
INFO: [ template_filter ] --END-- [ RunTime:0.000312s ]
INFO: Run Behavior\ParseTemplateBehavior [ RunTime:0.065134s ]
INFO: [ view_parse ] --END-- [ RunTime:0.065263s ]
INFO: [ view_filter ] --START--
INFO: Run Behavior\WriteHtmlCacheBehavior [ RunTime:0.011440s ]
INFO: [ view_filter ] --END-- [ RunTime:0.011542s ]
INFO: [ app_end ] --START--
INFO: Run Behavior\ShowPageTraceBehavior [ RunTime:0.010541s ]
INFO: [ app_end ] --END-- [ RunTime:0.010644s ]

[ 2014-09-21T14:35:08+08:00 ] 127.0.0.1 /manage/index.php/Home/Apart/index/apart_id/5.html
INFO: [ app_init ] --START--
INFO: Run Behavior\BuildLiteBehavior [ RunTime:0.000026s ]
INFO: [ app_init ] --END-- [ RunTime:0.002812s ]
INFO: [ app_begin ] --START--
INFO: Run Behavior\ReadHtmlCacheBehavior [ RunTime:0.009548s ]
INFO: [ app_begin ] --END-- [ RunTime:0.009692s ]
NOTIC: [8] A session had already been started - ignoring session_start() D:\wamp\www\manage\ThinkPHP\Common\functions.php 第 1191 行.
SQL: SHOW COLUMNS FROM `apartment` [ RunTime:0.005015s ]
SQL: SELECT * FROM `apartment` WHERE `id` = 5  [ RunTime:0.000748s ]
SQL: SHOW COLUMNS FROM `work` [ RunTime:0.005852s ]
SQL: SELECT `deadline` FROM `work` LEFT JOIN work_user ON work_user.work_id = work.id LEFT JOIN work_level ON work_level.work_id = work.id  WHERE ( user_id = 44 OR (apart_id = 5 AND level_id = 3) ) ORDER BY deadline desc LIMIT 1   [ RunTime:0.002436s ]
SQL: SHOW COLUMNS FROM `work_up` [ RunTime:0.005100s ]
SQL: SELECT `work_id` FROM `work_up` WHERE ( user_id = 44 )  [ RunTime:0.000380s ]
SQL: SELECT `id` FROM `work` LEFT JOIN work_user ON work_user.work_id = work.id LEFT JOIN work_level ON work_level.work_id = work.id  WHERE ( user_id = 44 OR (apart_id = 5 AND level_id = 3) )  [ RunTime:0.000481s ]
NOTIC: [2] array_diff(): Argument #1 is not an array D:\wamp\www\manage\App\Home\Controller\ApartController.class.php 第 76 行.
NOTIC: [2] Invalid argument supplied for foreach() D:\wamp\www\manage\App\Home\Controller\ApartController.class.php 第 80 行.
NOTIC: [8] Undefined variable: data D:\wamp\www\manage\App\Home\Controller\ApartController.class.php 第 124 行.
SQL: SHOW COLUMNS FROM `apart_work` [ RunTime:0.005178s ]
SQL: SELECT * FROM `apart_work` LEFT JOIN work ON apart_work.work_id = work.id  WHERE ( apart_id = 5 ) ORDER BY id desc LIMIT 6   [ RunTime:0.004548s ]
SQL: SELECT `work_id` FROM `apart_work` WHERE ( apart_id = 5 )  [ RunTime:0.000351s ]
NOTIC: [2] Invalid argument supplied for foreach() D:\wamp\www\manage\App\Home\Controller\ApartController.class.php 第 140 行.
NOTIC: [2] Invalid argument supplied for foreach() D:\wamp\www\manage\App\Home\Controller\ApartController.class.php 第 148 行.
NOTIC: [2] Invalid argument supplied for foreach() D:\wamp\www\manage\App\Home\Controller\ApartController.class.php 第 158 行.
SQL: SHOW COLUMNS FROM `resource` [ RunTime:0.005541s ]
SQL: SELECT * FROM `resource` ORDER BY id desc LIMIT 13   [ RunTime:0.000373s ]
SQL: SHOW COLUMNS FROM `question` [ RunTime:0.005709s ]
SQL: SELECT * FROM `question` LEFT JOIN user ON question.uid = user.id   [ RunTime:0.000514s ]
SQL: SHOW COLUMNS FROM `user` [ RunTime:0.005378s ]
SQL: SELECT * FROM `user` RIGHT JOIN information ON user.id = information.uid   [ RunTime:0.000453s ]
SQL: SELECT * FROM `work_up` LEFT JOIN apart_user ON work_up.user_id = apart_user.user_id LEFT JOIN user ON user.id = work_up.user_id LEFT JOIN work ON work.id = work_up.work_id  WHERE ( apart_id = 5 )  [ RunTime:0.000470s ]
SQL: SHOW COLUMNS FROM `notice` [ RunTime:0.004798s ]
SQL: SELECT * FROM `notice` LEFT JOIN apart_notice ON notice.id = apart_notice.notice_id  WHERE ( apart_notice.apart_id = 5 ) ORDER BY createtime desc LIMIT 1   [ RunTime:0.000654s ]
INFO: [ view_parse ] --START--
INFO: [ template_filter ] --START--
INFO: Run Behavior\ContentReplaceBehavior [ RunTime:0.000235s ]
INFO: [ template_filter ] --END-- [ RunTime:0.000329s ]
NOTIC: [8] Undefined variable: page D:\wamp\www\manage\App\Runtime\Cache\Home\cf2a18121bf2639402ad186f532a5c6a.php 第 175 行.
NOTIC: [8] Undefined variable: invalid_page D:\wamp\www\manage\App\Runtime\Cache\Home\cf2a18121bf2639402ad186f532a5c6a.php 第 199 行.
INFO: Run Behavior\ParseTemplateBehavior [ RunTime:0.069151s ]
INFO: [ view_parse ] --END-- [ RunTime:0.069266s ]
INFO: [ view_filter ] --START--
INFO: Run Behavior\WriteHtmlCacheBehavior [ RunTime:0.012050s ]
INFO: [ view_filter ] --END-- [ RunTime:0.012151s ]
INFO: [ app_end ] --START--
INFO: Run Behavior\ShowPageTraceBehavior [ RunTime:0.013817s ]
INFO: [ app_end ] --END-- [ RunTime:0.013950s ]

[ 2014-09-21T14:35:12+08:00 ] 127.0.0.1 /manage/index.php/Home/Index/index
INFO: [ app_init ] --START--
INFO: Run Behavior\BuildLiteBehavior [ RunTime:0.000024s ]
INFO: [ app_init ] --END-- [ RunTime:0.002869s ]
INFO: [ app_begin ] --START--
INFO: Run Behavior\ReadHtmlCacheBehavior [ RunTime:0.011807s ]
INFO: [ app_begin ] --END-- [ RunTime:0.011962s ]
NOTIC: [8] A session had already been started - ignoring session_start() D:\wamp\www\manage\ThinkPHP\Common\functions.php 第 1191 行.
SQL: SHOW COLUMNS FROM `apart_work` [ RunTime:0.005355s ]
SQL: SELECT COUNT(*) AS tp_count FROM `apart_work` WHERE ( apart_id = 2 ) LIMIT 1   [ RunTime:0.000412s ]
NOTIC: [2] Division by zero D:\wamp\www\manage\ThinkPHP\Library\Think\Page.class.php 第 84 行.
SQL: SELECT * FROM `apart_work` LEFT JOIN work ON apart_work.work_id = work.id  WHERE ( apart_id = 2 )  [ RunTime:0.000344s ]
INFO: [ view_parse ] --START--
INFO: [ template_filter ] --START--
INFO: Run Behavior\ContentReplaceBehavior [ RunTime:0.000105s ]
INFO: [ template_filter ] --END-- [ RunTime:0.000221s ]
INFO: Run Behavior\ParseTemplateBehavior [ RunTime:0.052249s ]
INFO: [ view_parse ] --END-- [ RunTime:0.052378s ]
INFO: [ view_filter ] --START--
INFO: Run Behavior\WriteHtmlCacheBehavior [ RunTime:0.008913s ]
INFO: [ view_filter ] --END-- [ RunTime:0.008981s ]
INFO: [ app_end ] --START--
INFO: Run Behavior\ShowPageTraceBehavior [ RunTime:0.009654s ]
INFO: [ app_end ] --END-- [ RunTime:0.009756s ]

[ 2014-09-21T14:35:18+08:00 ] 127.0.0.1 /manage/index.php/Home/Login/login.html
INFO: [ app_init ] --START--
INFO: Run Behavior\BuildLiteBehavior [ RunTime:0.000027s ]
INFO: [ app_init ] --END-- [ RunTime:0.002854s ]
INFO: [ app_begin ] --START--
INFO: Run Behavior\ReadHtmlCacheBehavior [ RunTime:0.009292s ]
INFO: [ app_begin ] --END-- [ RunTime:0.009430s ]
NOTIC: [8] A session had already been started - ignoring session_start() D:\wamp\www\manage\ThinkPHP\Common\functions.php 第 1191 行.
SQL: SHOW COLUMNS FROM `user` [ RunTime:0.005202s ]
SQL: SELECT * FROM `user` WHERE `username` = 'admin' LIMIT 1   [ RunTime:0.000379s ]
SQL: UPDATE `user` SET `logintime`=1411281318,`loginip`='127.0.0.1' WHERE `id` = 1 [ RunTime:0.001455s ]
SQL: SHOW COLUMNS FROM `user` [ RunTime:0.005080s ]
SQL: SELECT `id`,`username`,`logintime`,`loginip`,`lock` FROM `user` WHERE `id` = 1  [ RunTime:0.000342s ]
SQL: SHOW COLUMNS FROM `role` [ RunTime:0.005219s ]
NOTIC: [8] Undefined index: mapping_order D:\wamp\www\manage\ThinkPHP\Library\Think\Model\RelationModel.class.php 第 186 行.
NOTIC: [8] Undefined index: mapping_limit D:\wamp\www\manage\ThinkPHP\Library\Think\Model\RelationModel.class.php 第 187 行.
SQL: SELECT b.id, name, remark FROM role_user AS a, role AS b WHERE a.role_id = b.id AND a. user_id='1' [ RunTime:0.000271s ]
SQL: SHOW COLUMNS FROM `apartment` [ RunTime:0.005439s ]
NOTIC: [8] Undefined index: mapping_order D:\wamp\www\manage\ThinkPHP\Library\Think\Model\RelationModel.class.php 第 186 行.
NOTIC: [8] Undefined index: mapping_limit D:\wamp\www\manage\ThinkPHP\Library\Think\Model\RelationModel.class.php 第 187 行.
SQL: SELECT b.id, name FROM apart_user AS a, apartment AS b WHERE a.apart_id = b.id AND a. user_id='1' [ RunTime:0.000156s ]
SQL: SHOW COLUMNS FROM `level` [ RunTime:0.004734s ]
NOTIC: [8] Undefined index: mapping_order D:\wamp\www\manage\ThinkPHP\Library\Think\Model\RelationModel.class.php 第 186 行.
NOTIC: [8] Undefined index: mapping_limit D:\wamp\www\manage\ThinkPHP\Library\Think\Model\RelationModel.class.php 第 187 行.
SQL: SELECT b.id, name FROM level_user AS a, level AS b WHERE a.level_id = b.id AND a. user_id='1' [ RunTime:0.000172s ]
SQL: SHOW COLUMNS FROM `work` [ RunTime:0.005145s ]
NOTIC: [8] Undefined index: mapping_order D:\wamp\www\manage\ThinkPHP\Library\Think\Model\RelationModel.class.php 第 186 行.
NOTIC: [8] Undefined index: mapping_limit D:\wamp\www\manage\ThinkPHP\Library\Think\Model\RelationModel.class.php 第 187 行.
SQL: SELECT b.id, title, content, deadline FROM work_user AS a, work AS b WHERE a.work_id = b.id AND a. user_id='1' [ RunTime:0.000187s ]
SQL: SELECT `id`,`username`,`logintime`,`loginip`,`lock` FROM `user` WHERE `id` = 1  [ RunTime:0.000136s ]
NOTIC: [8] Undefined index: mapping_order D:\wamp\www\manage\ThinkPHP\Library\Think\Model\RelationModel.class.php 第 186 行.
NOTIC: [8] Undefined index: mapping_limit D:\wamp\www\manage\ThinkPHP\Library\Think\Model\RelationModel.class.php 第 187 行.
SQL: SELECT b.id, name, remark FROM role_user AS a, role AS b WHERE a.role_id = b.id AND a. user_id='1' [ RunTime:0.000108s ]
NOTIC: [8] Undefined index: mapping_order D:\wamp\www\manage\ThinkPHP\Library\Think\Model\RelationModel.class.php 第 186 行.
NOTIC: [8] Undefined index: mapping_limit D:\wamp\www\manage\ThinkPHP\Library\Think\Model\RelationModel.class.php 第 187 行.
SQL: SELECT b.id, name FROM apart_user AS a, apartment AS b WHERE a.apart_id = b.id AND a. user_id='1' [ RunTime:0.000105s ]
NOTIC: [8] Undefined index: mapping_order D:\wamp\www\manage\ThinkPHP\Library\Think\Model\RelationModel.class.php 第 186 行.
NOTIC: [8] Undefined index: mapping_limit D:\wamp\www\manage\ThinkPHP\Library\Think\Model\RelationModel.class.php 第 187 行.
SQL: SELECT b.id, name FROM level_user AS a, level AS b WHERE a.level_id = b.id AND a. user_id='1' [ RunTime:0.000252s ]
NOTIC: [8] Undefined index: mapping_order D:\wamp\www\manage\ThinkPHP\Library\Think\Model\RelationModel.class.php 第 186 行.
NOTIC: [8] Undefined index: mapping_limit D:\wamp\www\manage\ThinkPHP\Library\Think\Model\RelationModel.class.php 第 187 行.
SQL: SELECT b.id, title, content, deadline FROM work_user AS a, work AS b WHERE a.work_id = b.id AND a. user_id='1' [ RunTime:0.000182s ]
NOTIC: [8] Undefined offset: 0 D:\wamp\www\manage\App\Home\Controller\LoginController.class.php 第 55 行.
INFO: [ view_parse ] --START--
INFO: [ template_filter ] --START--
INFO: Run Behavior\ContentReplaceBehavior [ RunTime:0.000060s ]
INFO: [ template_filter ] --END-- [ RunTime:0.000160s ]
INFO: Run Behavior\ParseTemplateBehavior [ RunTime:0.042416s ]
INFO: [ view_parse ] --END-- [ RunTime:0.042545s ]
INFO: [ view_filter ] --START--
INFO: Run Behavior\WriteHtmlCacheBehavior [ RunTime:0.009196s ]
INFO: [ view_filter ] --END-- [ RunTime:0.009295s ]
INFO: [ app_end ] --START--
INFO: Run Behavior\ShowPageTraceBehavior [ RunTime:0.009230s ]
INFO: [ app_end ] --END-- [ RunTime:0.009312s ]

[ 2014-09-21T14:35:20+08:00 ] 127.0.0.1 /manage/index.php/Home/Index/index
INFO: [ app_init ] --START--
INFO: Run Behavior\BuildLiteBehavior [ RunTime:0.000028s ]
INFO: [ app_init ] --END-- [ RunTime:0.002874s ]
INFO: [ app_begin ] --START--
INFO: Run Behavior\ReadHtmlCacheBehavior [ RunTime:0.014590s ]
INFO: [ app_begin ] --END-- [ RunTime:0.014765s ]
NOTIC: [8] A session had already been started - ignoring session_start() D:\wamp\www\manage\ThinkPHP\Common\functions.php 第 1191 行.
SQL: SHOW COLUMNS FROM `apart_work` [ RunTime:0.007236s ]
SQL: SELECT COUNT(*) AS tp_count FROM `apart_work` WHERE ( apart_id = 2 ) LIMIT 1   [ RunTime:0.000193s ]
NOTIC: [2] Division by zero D:\wamp\www\manage\ThinkPHP\Library\Think\Page.class.php 第 84 行.
SQL: SELECT * FROM `apart_work` LEFT JOIN work ON apart_work.work_id = work.id  WHERE ( apart_id = 2 )  [ RunTime:0.000406s ]
INFO: [ view_parse ] --START--
INFO: [ template_filter ] --START--
INFO: Run Behavior\ContentReplaceBehavior [ RunTime:0.000097s ]
INFO: [ template_filter ] --END-- [ RunTime:0.000199s ]
INFO: Run Behavior\ParseTemplateBehavior [ RunTime:0.060633s ]
INFO: [ view_parse ] --END-- [ RunTime:0.060788s ]
INFO: [ view_filter ] --START--
INFO: Run Behavior\WriteHtmlCacheBehavior [ RunTime:0.012095s ]
INFO: [ view_filter ] --END-- [ RunTime:0.012241s ]
INFO: [ app_end ] --START--
INFO: Run Behavior\ShowPageTraceBehavior [ RunTime:0.013451s ]
INFO: [ app_end ] --END-- [ RunTime:0.013605s ]

[ 2014-09-21T14:35:22+08:00 ] 127.0.0.1 /manage/index.php/Home/Apart/index/apart_id/3.html
INFO: [ app_init ] --START--
INFO: Run Behavior\BuildLiteBehavior [ RunTime:0.000023s ]
INFO: [ app_init ] --END-- [ RunTime:0.002740s ]
INFO: [ app_begin ] --START--
INFO: Run Behavior\ReadHtmlCacheBehavior [ RunTime:0.009585s ]
INFO: [ app_begin ] --END-- [ RunTime:0.009729s ]
NOTIC: [8] A session had already been started - ignoring session_start() D:\wamp\www\manage\ThinkPHP\Common\functions.php 第 1191 行.
SQL: SHOW COLUMNS FROM `apartment` [ RunTime:0.007220s ]
SQL: SELECT * FROM `apartment` WHERE `id` = 2  [ RunTime:0.000282s ]
SQL: SHOW COLUMNS FROM `work` [ RunTime:0.006875s ]
SQL: SELECT `deadline` FROM `work` LEFT JOIN work_user ON work_user.work_id = work.id LEFT JOIN work_level ON work_level.work_id = work.id  WHERE ( user_id = 1 OR (apart_id = 3 AND level_id = ) ) ORDER BY deadline desc LIMIT 1   [ RunTime:0.000231s ]
ERR: 1064:You have an error in your SQL syntax; check the manual that corresponds to your MySQL server version for the right syntax to use near ') ) ORDER BY deadline desc LIMIT 1' at line 1
 [ SQL语句 ] : SELECT `deadline` FROM `work` LEFT JOIN work_user ON work_user.work_id = work.id LEFT JOIN work_level ON work_level.work_id = work.id  WHERE ( user_id = 1 OR (apart_id = 3 AND level_id = ) ) ORDER BY deadline desc LIMIT 1  
SQL: SHOW COLUMNS FROM `work_up` [ RunTime:0.005380s ]
SQL: SELECT `work_id` FROM `work_up` WHERE ( user_id = 1 )  [ RunTime:0.000204s ]
SQL: SELECT `id` FROM `work` LEFT JOIN work_user ON work_user.work_id = work.id LEFT JOIN work_level ON work_level.work_id = work.id  WHERE ( user_id = 1 OR (apart_id = 3 AND level_id = ) )  [ RunTime:0.000224s ]
ERR: 1064:You have an error in your SQL syntax; check the manual that corresponds to your MySQL server version for the right syntax to use near ') )' at line 1
 [ SQL语句 ] : SELECT `id` FROM `work` LEFT JOIN work_user ON work_user.work_id = work.id LEFT JOIN work_level ON work_level.work_id = work.id  WHERE ( user_id = 1 OR (apart_id = 3 AND level_id = ) ) 
NOTIC: [2] array_diff(): Argument #1 is not an array D:\wamp\www\manage\App\Home\Controller\ApartController.class.php 第 76 行.
NOTIC: [2] Invalid argument supplied for foreach() D:\wamp\www\manage\App\Home\Controller\ApartController.class.php 第 80 行.
NOTIC: [8] Undefined variable: data D:\wamp\www\manage\App\Home\Controller\ApartController.class.php 第 124 行.
SQL: SHOW COLUMNS FROM `apart_work` [ RunTime:0.006532s ]
SQL: SELECT * FROM `apart_work` LEFT JOIN work ON apart_work.work_id = work.id  WHERE ( apart_id = 3 ) ORDER BY id desc LIMIT 6   [ RunTime:0.000160s ]
SQL: SELECT `work_id` FROM `apart_work` WHERE ( apart_id = 3 )  [ RunTime:0.000093s ]
SQL: SHOW COLUMNS FROM `work_level` [ RunTime:0.005380s ]
SQL: SELECT `work_id`,`name` FROM `work_level` LEFT JOIN level ON work_level.level_id = level.id  WHERE (  work_id = 67  )  [ RunTime:0.000175s ]
SQL: SHOW COLUMNS FROM `resource` [ RunTime:0.007125s ]
SQL: SELECT * FROM `resource` ORDER BY id desc LIMIT 13   [ RunTime:0.000251s ]
SQL: SHOW COLUMNS FROM `question` [ RunTime:0.006030s ]
SQL: SELECT * FROM `question` LEFT JOIN user ON question.uid = user.id   [ RunTime:0.000397s ]
SQL: SHOW COLUMNS FROM `user` [ RunTime:0.006907s ]
SQL: SELECT * FROM `user` RIGHT JOIN information ON user.id = information.uid   [ RunTime:0.000598s ]
SQL: SELECT * FROM `work_up` LEFT JOIN apart_user ON work_up.user_id = apart_user.user_id LEFT JOIN user ON user.id = work_up.user_id LEFT JOIN work ON work.id = work_up.work_id  WHERE ( apart_id = 3 )  [ RunTime:0.000716s ]
SQL: SHOW COLUMNS FROM `notice` [ RunTime:0.006363s ]
SQL: SELECT * FROM `notice` LEFT JOIN apart_notice ON notice.id = apart_notice.notice_id  WHERE ( apart_notice.apart_id = 2 ) ORDER BY createtime desc LIMIT 1   [ RunTime:0.000338s ]
INFO: [ view_parse ] --START--
INFO: [ template_filter ] --START--
INFO: Run Behavior\ContentReplaceBehavior [ RunTime:0.000269s ]
INFO: [ template_filter ] --END-- [ RunTime:0.000367s ]
NOTIC: [8] Undefined variable: page D:\wamp\www\manage\App\Runtime\Cache\Home\cf2a18121bf2639402ad186f532a5c6a.php 第 175 行.
NOTIC: [8] Undefined index: username D:\wamp\www\manage\App\Runtime\Cache\Home\cf2a18121bf2639402ad186f532a5c6a.php 第 189 行.
NOTIC: [8] Undefined variable: invalid_page D:\wamp\www\manage\App\Runtime\Cache\Home\cf2a18121bf2639402ad186f532a5c6a.php 第 199 行.
INFO: Run Behavior\ParseTemplateBehavior [ RunTime:0.076563s ]
INFO: [ view_parse ] --END-- [ RunTime:0.076677s ]
INFO: [ view_filter ] --START--
INFO: Run Behavior\WriteHtmlCacheBehavior [ RunTime:0.011326s ]
INFO: [ view_filter ] --END-- [ RunTime:0.011433s ]
INFO: [ app_end ] --START--
INFO: Run Behavior\ShowPageTraceBehavior [ RunTime:0.013671s ]
INFO: [ app_end ] --END-- [ RunTime:0.013818s ]

