[ 2014-08-28T09:17:02+08:00 ] 127.0.0.1 /manage/
INFO: [ app_init ] --START--
INFO: Run Behavior\BuildLiteBehavior [ RunTime:0.000024s ]
INFO: [ app_init ] --END-- [ RunTime:0.022136s ]
INFO: [ app_begin ] --START--
INFO: Run Behavior\ReadHtmlCacheBehavior [ RunTime:0.010524s ]
INFO: [ app_begin ] --END-- [ RunTime:0.010668s ]
NOTIC: [8] A session had already been started - ignoring session_start() D:\wamp\www\manage\ThinkPHP\Common\functions.php 第 1191 行.
INFO: [ view_parse ] --START--
INFO: [ template_filter ] --START--
INFO: Run Behavior\ContentReplaceBehavior [ RunTime:0.000062s ]
INFO: [ template_filter ] --END-- [ RunTime:0.000171s ]
INFO: Run Behavior\ParseTemplateBehavior [ RunTime:0.047542s ]
INFO: [ view_parse ] --END-- [ RunTime:0.047674s ]
INFO: [ view_filter ] --START--
INFO: Run Behavior\WriteHtmlCacheBehavior [ RunTime:0.013039s ]
INFO: [ view_filter ] --END-- [ RunTime:0.013133s ]
INFO: [ app_end ] --START--
INFO: Run Behavior\ShowPageTraceBehavior [ RunTime:0.009949s ]
INFO: [ app_end ] --END-- [ RunTime:0.010040s ]

