[ 2014-09-18T12:40:47+08:00 ] 127.0.0.1 /manage/
INFO: [ app_init ] --START--
INFO: Run Behavior\BuildLiteBehavior [ RunTime:0.000028s ]
INFO: [ app_init ] --END-- [ RunTime:0.037914s ]
INFO: [ app_begin ] --START--
INFO: Run Behavior\ReadHtmlCacheBehavior [ RunTime:0.024790s ]
INFO: [ app_begin ] --END-- [ RunTime:0.025035s ]
NOTIC: [8] A session had already been started - ignoring session_start() D:\wamp\www\manage\ThinkPHP\Common\functions.php 第 1191 行.
SQL: SHOW COLUMNS FROM `apart_work` [ RunTime:0.146107s ]
SQL: SELECT COUNT(*) AS tp_count FROM `apart_work` WHERE ( apart_id = 2 ) LIMIT 1   [ RunTime:0.048972s ]
SQL: SELECT * FROM `apart_work` LEFT JOIN work ON apart_work.work_id = work.id  WHERE ( apart_id = 2 )  [ RunTime:0.094267s ]
INFO: [ view_parse ] --START--
INFO: [ template_filter ] --START--
INFO: Run Behavior\ContentReplaceBehavior [ RunTime:0.000099s ]
INFO: [ template_filter ] --END-- [ RunTime:0.000199s ]
INFO: Run Behavior\ParseTemplateBehavior [ RunTime:0.178338s ]
INFO: [ view_parse ] --END-- [ RunTime:0.178444s ]
INFO: [ view_filter ] --START--
INFO: Run Behavior\WriteHtmlCacheBehavior [ RunTime:0.028222s ]
INFO: [ view_filter ] --END-- [ RunTime:0.028336s ]
INFO: [ app_end ] --START--
INFO: Run Behavior\ShowPageTraceBehavior [ RunTime:0.047747s ]
INFO: [ app_end ] --END-- [ RunTime:0.047850s ]

[ 2014-09-18T12:41:19+08:00 ] 127.0.0.1 /manage/index.php/Home/Login/login.html
INFO: [ app_init ] --START--
INFO: Run Behavior\BuildLiteBehavior [ RunTime:0.000024s ]
INFO: [ app_init ] --END-- [ RunTime:0.002639s ]
INFO: [ app_begin ] --START--
INFO: Run Behavior\ReadHtmlCacheBehavior [ RunTime:0.008911s ]
INFO: [ app_begin ] --END-- [ RunTime:0.009044s ]
NOTIC: [8] A session had already been started - ignoring session_start() D:\wamp\www\manage\ThinkPHP\Common\functions.php 第 1191 行.
SQL: SHOW COLUMNS FROM `user` [ RunTime:0.046393s ]
SQL: SELECT * FROM `user` WHERE `username` = 'admin' LIMIT 1   [ RunTime:0.000454s ]
SQL: UPDATE `user` SET `logintime`=1411015279,`loginip`='127.0.0.1' WHERE `id` = 1 [ RunTime:0.017263s ]
SQL: SHOW COLUMNS FROM `user` [ RunTime:0.005634s ]
SQL: SELECT `id`,`username`,`logintime`,`loginip`,`lock` FROM `user` WHERE `id` = 1  [ RunTime:0.000598s ]
SQL: SHOW COLUMNS FROM `role` [ RunTime:0.063943s ]
NOTIC: [8] Undefined index: mapping_order D:\wamp\www\manage\ThinkPHP\Library\Think\Model\RelationModel.class.php 第 186 行.
NOTIC: [8] Undefined index: mapping_limit D:\wamp\www\manage\ThinkPHP\Library\Think\Model\RelationModel.class.php 第 187 行.
SQL: SELECT b.id, name, remark FROM role_user AS a, role AS b WHERE a.role_id = b.id AND a. user_id='1' [ RunTime:0.056673s ]
SQL: SHOW COLUMNS FROM `apartment` [ RunTime:0.041082s ]
NOTIC: [8] Undefined index: mapping_order D:\wamp\www\manage\ThinkPHP\Library\Think\Model\RelationModel.class.php 第 186 行.
NOTIC: [8] Undefined index: mapping_limit D:\wamp\www\manage\ThinkPHP\Library\Think\Model\RelationModel.class.php 第 187 行.
SQL: SELECT b.id, name FROM apart_user AS a, apartment AS b WHERE a.apart_id = b.id AND a. user_id='1' [ RunTime:0.055378s ]
SQL: SHOW COLUMNS FROM `level` [ RunTime:0.050931s ]
NOTIC: [8] Undefined index: mapping_order D:\wamp\www\manage\ThinkPHP\Library\Think\Model\RelationModel.class.php 第 186 行.
NOTIC: [8] Undefined index: mapping_limit D:\wamp\www\manage\ThinkPHP\Library\Think\Model\RelationModel.class.php 第 187 行.
SQL: SELECT b.id, name FROM level_user AS a, level AS b WHERE a.level_id = b.id AND a. user_id='1' [ RunTime:0.035005s ]
SQL: SHOW COLUMNS FROM `work` [ RunTime:0.005666s ]
NOTIC: [8] Undefined index: mapping_order D:\wamp\www\manage\ThinkPHP\Library\Think\Model\RelationModel.class.php 第 186 行.
NOTIC: [8] Undefined index: mapping_limit D:\wamp\www\manage\ThinkPHP\Library\Think\Model\RelationModel.class.php 第 187 行.
SQL: SELECT b.id, title, content, deadline FROM work_user AS a, work AS b WHERE a.work_id = b.id AND a. user_id='1' [ RunTime:0.126000s ]
NOTIC: [8] Undefined offset: 0 D:\wamp\www\manage\App\Home\Controller\LoginController.class.php 第 49 行.
SQL: SELECT `id`,`username`,`logintime`,`loginip`,`lock` FROM `user` WHERE `id` = 1  [ RunTime:0.000276s ]
NOTIC: [8] Undefined index: mapping_order D:\wamp\www\manage\ThinkPHP\Library\Think\Model\RelationModel.class.php 第 186 行.
NOTIC: [8] Undefined index: mapping_limit D:\wamp\www\manage\ThinkPHP\Library\Think\Model\RelationModel.class.php 第 187 行.
SQL: SELECT b.id, name, remark FROM role_user AS a, role AS b WHERE a.role_id = b.id AND a. user_id='1' [ RunTime:0.000151s ]
NOTIC: [8] Undefined index: mapping_order D:\wamp\www\manage\ThinkPHP\Library\Think\Model\RelationModel.class.php 第 186 行.
NOTIC: [8] Undefined index: mapping_limit D:\wamp\www\manage\ThinkPHP\Library\Think\Model\RelationModel.class.php 第 187 行.
SQL: SELECT b.id, name FROM apart_user AS a, apartment AS b WHERE a.apart_id = b.id AND a. user_id='1' [ RunTime:0.000120s ]
NOTIC: [8] Undefined index: mapping_order D:\wamp\www\manage\ThinkPHP\Library\Think\Model\RelationModel.class.php 第 186 行.
NOTIC: [8] Undefined index: mapping_limit D:\wamp\www\manage\ThinkPHP\Library\Think\Model\RelationModel.class.php 第 187 行.
SQL: SELECT b.id, name FROM level_user AS a, level AS b WHERE a.level_id = b.id AND a. user_id='1' [ RunTime:0.000125s ]
NOTIC: [8] Undefined index: mapping_order D:\wamp\www\manage\ThinkPHP\Library\Think\Model\RelationModel.class.php 第 186 行.
NOTIC: [8] Undefined index: mapping_limit D:\wamp\www\manage\ThinkPHP\Library\Think\Model\RelationModel.class.php 第 187 行.
SQL: SELECT b.id, title, content, deadline FROM work_user AS a, work AS b WHERE a.work_id = b.id AND a. user_id='1' [ RunTime:0.000151s ]
NOTIC: [8] Undefined offset: 0 D:\wamp\www\manage\App\Home\Controller\LoginController.class.php 第 55 行.
INFO: [ view_parse ] --START--
INFO: [ template_filter ] --START--
INFO: Run Behavior\ContentReplaceBehavior [ RunTime:0.000058s ]
INFO: [ template_filter ] --END-- [ RunTime:0.000155s ]
INFO: Run Behavior\ParseTemplateBehavior [ RunTime:0.082039s ]
INFO: [ view_parse ] --END-- [ RunTime:0.082177s ]
INFO: [ view_filter ] --START--
INFO: Run Behavior\WriteHtmlCacheBehavior [ RunTime:0.008766s ]
INFO: [ view_filter ] --END-- [ RunTime:0.008858s ]
INFO: [ app_end ] --START--
INFO: Run Behavior\ShowPageTraceBehavior [ RunTime:0.008775s ]
INFO: [ app_end ] --END-- [ RunTime:0.008850s ]

[ 2014-09-18T12:41:21+08:00 ] 127.0.0.1 /manage/index.php/Home/Index/index
INFO: [ app_init ] --START--
INFO: Run Behavior\BuildLiteBehavior [ RunTime:0.000023s ]
INFO: [ app_init ] --END-- [ RunTime:0.002568s ]
INFO: [ app_begin ] --START--
INFO: Run Behavior\ReadHtmlCacheBehavior [ RunTime:0.009796s ]
INFO: [ app_begin ] --END-- [ RunTime:0.009928s ]
NOTIC: [8] A session had already been started - ignoring session_start() D:\wamp\www\manage\ThinkPHP\Common\functions.php 第 1191 行.
SQL: SHOW COLUMNS FROM `apart_work` [ RunTime:0.004979s ]
SQL: SELECT COUNT(*) AS tp_count FROM `apart_work` WHERE ( apart_id = 2 ) LIMIT 1   [ RunTime:0.000182s ]
SQL: SELECT * FROM `apart_work` LEFT JOIN work ON apart_work.work_id = work.id  WHERE ( apart_id = 2 )  [ RunTime:0.000698s ]
INFO: [ view_parse ] --START--
INFO: [ template_filter ] --START--
INFO: Run Behavior\ContentReplaceBehavior [ RunTime:0.000093s ]
INFO: [ template_filter ] --END-- [ RunTime:0.000187s ]
INFO: Run Behavior\ParseTemplateBehavior [ RunTime:0.049510s ]
INFO: [ view_parse ] --END-- [ RunTime:0.049622s ]
INFO: [ view_filter ] --START--
INFO: Run Behavior\WriteHtmlCacheBehavior [ RunTime:0.009736s ]
INFO: [ view_filter ] --END-- [ RunTime:0.009837s ]
INFO: [ app_end ] --START--
INFO: Run Behavior\ShowPageTraceBehavior [ RunTime:0.009938s ]
INFO: [ app_end ] --END-- [ RunTime:0.010036s ]

[ 2014-09-18T12:42:07+08:00 ] 127.0.0.1 /manage/index.php/Home/Index/index
INFO: [ app_init ] --START--
INFO: Run Behavior\BuildLiteBehavior [ RunTime:0.000027s ]
INFO: [ app_init ] --END-- [ RunTime:0.002790s ]
INFO: [ app_begin ] --START--
INFO: Run Behavior\ReadHtmlCacheBehavior [ RunTime:0.009978s ]
INFO: [ app_begin ] --END-- [ RunTime:0.010107s ]
NOTIC: [8] A session had already been started - ignoring session_start() D:\wamp\www\manage\ThinkPHP\Common\functions.php 第 1191 行.
SQL: SHOW COLUMNS FROM `apart_work` [ RunTime:0.005032s ]
SQL: SELECT COUNT(*) AS tp_count FROM `apart_work` WHERE ( apart_id = 2 ) LIMIT 1   [ RunTime:0.000210s ]
SQL: SELECT * FROM `apart_work` LEFT JOIN work ON apart_work.work_id = work.id  WHERE ( apart_id = 2 )  [ RunTime:0.000336s ]
INFO: [ view_parse ] --START--
INFO: [ template_filter ] --START--
INFO: Run Behavior\ContentReplaceBehavior [ RunTime:0.000146s ]
INFO: [ template_filter ] --END-- [ RunTime:0.000303s ]
INFO: Run Behavior\ParseTemplateBehavior [ RunTime:0.052671s ]
INFO: [ view_parse ] --END-- [ RunTime:0.052812s ]
INFO: [ view_filter ] --START--
INFO: Run Behavior\WriteHtmlCacheBehavior [ RunTime:0.009149s ]
INFO: [ view_filter ] --END-- [ RunTime:0.009251s ]
INFO: [ app_end ] --START--
INFO: Run Behavior\ShowPageTraceBehavior [ RunTime:0.010146s ]
INFO: [ app_end ] --END-- [ RunTime:0.010247s ]

[ 2014-09-18T12:42:10+08:00 ] 127.0.0.1 /manage/index.php/Home/Index/index
INFO: [ app_init ] --START--
INFO: Run Behavior\BuildLiteBehavior [ RunTime:0.000096s ]
INFO: [ app_init ] --END-- [ RunTime:0.002718s ]
INFO: [ app_begin ] --START--
INFO: Run Behavior\ReadHtmlCacheBehavior [ RunTime:0.008774s ]
INFO: [ app_begin ] --END-- [ RunTime:0.008890s ]
NOTIC: [8] A session had already been started - ignoring session_start() D:\wamp\www\manage\ThinkPHP\Common\functions.php 第 1191 行.
SQL: SHOW COLUMNS FROM `apart_work` [ RunTime:0.006018s ]
SQL: SELECT COUNT(*) AS tp_count FROM `apart_work` WHERE ( apart_id = 2 ) LIMIT 1   [ RunTime:0.000185s ]
SQL: SELECT * FROM `apart_work` LEFT JOIN work ON apart_work.work_id = work.id  WHERE ( apart_id = 2 )  [ RunTime:0.000325s ]
INFO: [ view_parse ] --START--
INFO: [ template_filter ] --START--
INFO: Run Behavior\ContentReplaceBehavior [ RunTime:0.000094s ]
INFO: [ template_filter ] --END-- [ RunTime:0.000186s ]
INFO: Run Behavior\ParseTemplateBehavior [ RunTime:0.048128s ]
INFO: [ view_parse ] --END-- [ RunTime:0.048233s ]
INFO: [ view_filter ] --START--
INFO: Run Behavior\WriteHtmlCacheBehavior [ RunTime:0.008433s ]
INFO: [ view_filter ] --END-- [ RunTime:0.008503s ]
INFO: [ app_end ] --START--
INFO: Run Behavior\ShowPageTraceBehavior [ RunTime:0.009036s ]
INFO: [ app_end ] --END-- [ RunTime:0.009125s ]

[ 2014-09-18T12:42:15+08:00 ] 127.0.0.1 /manage/index.php/Home/Apart/index/apart_id/3.html
INFO: [ app_init ] --START--
INFO: Run Behavior\BuildLiteBehavior [ RunTime:0.000027s ]
INFO: [ app_init ] --END-- [ RunTime:0.002640s ]
INFO: [ app_begin ] --START--
INFO: Run Behavior\ReadHtmlCacheBehavior [ RunTime:0.008794s ]
INFO: [ app_begin ] --END-- [ RunTime:0.008917s ]
NOTIC: [8] A session had already been started - ignoring session_start() D:\wamp\www\manage\ThinkPHP\Common\functions.php 第 1191 行.
NOTIC: [8] Undefined index: apart_id D:\wamp\www\manage\App\Home\Controller\ApartController.class.php 第 15 行.
INFO: [ view_parse ] --START--
INFO: [ template_filter ] --START--
INFO: Run Behavior\ContentReplaceBehavior [ RunTime:0.000061s ]
INFO: [ template_filter ] --END-- [ RunTime:0.000194s ]
INFO: Run Behavior\ParseTemplateBehavior [ RunTime:0.045951s ]
INFO: [ view_parse ] --END-- [ RunTime:0.046090s ]
INFO: [ view_filter ] --START--
INFO: Run Behavior\WriteHtmlCacheBehavior [ RunTime:0.011193s ]
INFO: [ view_filter ] --END-- [ RunTime:0.011301s ]

[ 2014-09-18T12:43:03+08:00 ] 127.0.0.1 /manage/index.php/Home/Index/index
INFO: [ app_init ] --START--
INFO: Run Behavior\BuildLiteBehavior [ RunTime:0.000022s ]
INFO: [ app_init ] --END-- [ RunTime:0.002565s ]
INFO: [ app_begin ] --START--
INFO: Run Behavior\ReadHtmlCacheBehavior [ RunTime:0.008832s ]
INFO: [ app_begin ] --END-- [ RunTime:0.008959s ]
NOTIC: [8] A session had already been started - ignoring session_start() D:\wamp\www\manage\ThinkPHP\Common\functions.php 第 1191 行.
SQL: SHOW COLUMNS FROM `apart_work` [ RunTime:0.004949s ]
SQL: SELECT COUNT(*) AS tp_count FROM `apart_work` WHERE ( apart_id = 2 ) LIMIT 1   [ RunTime:0.000351s ]
SQL: SELECT * FROM `apart_work` LEFT JOIN work ON apart_work.work_id = work.id  WHERE ( apart_id = 2 )  [ RunTime:0.026907s ]
INFO: [ view_parse ] --START--
INFO: [ template_filter ] --START--
INFO: Run Behavior\ContentReplaceBehavior [ RunTime:0.000093s ]
INFO: [ template_filter ] --END-- [ RunTime:0.000185s ]
INFO: Run Behavior\ParseTemplateBehavior [ RunTime:0.049210s ]
INFO: [ view_parse ] --END-- [ RunTime:0.049315s ]
INFO: [ view_filter ] --START--
INFO: Run Behavior\WriteHtmlCacheBehavior [ RunTime:0.008412s ]
INFO: [ view_filter ] --END-- [ RunTime:0.008486s ]
INFO: [ app_end ] --START--
INFO: Run Behavior\ShowPageTraceBehavior [ RunTime:0.009084s ]
INFO: [ app_end ] --END-- [ RunTime:0.009162s ]

[ 2014-09-18T12:43:07+08:00 ] 127.0.0.1 /manage/index.php/Home/Index/index
INFO: [ app_init ] --START--
INFO: Run Behavior\BuildLiteBehavior [ RunTime:0.000023s ]
INFO: [ app_init ] --END-- [ RunTime:0.002586s ]
INFO: [ app_begin ] --START--
INFO: Run Behavior\ReadHtmlCacheBehavior [ RunTime:0.008771s ]
INFO: [ app_begin ] --END-- [ RunTime:0.008885s ]
NOTIC: [8] A session had already been started - ignoring session_start() D:\wamp\www\manage\ThinkPHP\Common\functions.php 第 1191 行.
SQL: SHOW COLUMNS FROM `apart_work` [ RunTime:0.004951s ]
SQL: SELECT COUNT(*) AS tp_count FROM `apart_work` WHERE ( apart_id = 2 ) LIMIT 1   [ RunTime:0.000155s ]
SQL: SELECT * FROM `apart_work` LEFT JOIN work ON apart_work.work_id = work.id  WHERE ( apart_id = 2 )  [ RunTime:0.000284s ]
INFO: [ view_parse ] --START--
INFO: [ template_filter ] --START--
INFO: Run Behavior\ContentReplaceBehavior [ RunTime:0.000094s ]
INFO: [ template_filter ] --END-- [ RunTime:0.000193s ]
INFO: Run Behavior\ParseTemplateBehavior [ RunTime:0.048268s ]
INFO: [ view_parse ] --END-- [ RunTime:0.048389s ]
INFO: [ view_filter ] --START--
INFO: Run Behavior\WriteHtmlCacheBehavior [ RunTime:0.008420s ]
INFO: [ view_filter ] --END-- [ RunTime:0.008487s ]
INFO: [ app_end ] --START--
INFO: Run Behavior\ShowPageTraceBehavior [ RunTime:0.008953s ]
INFO: [ app_end ] --END-- [ RunTime:0.009226s ]

[ 2014-09-18T12:43:11+08:00 ] 127.0.0.1 /manage/index.php/Home/Index/index
INFO: [ app_init ] --START--
INFO: Run Behavior\BuildLiteBehavior [ RunTime:0.000023s ]
INFO: [ app_init ] --END-- [ RunTime:0.002677s ]
INFO: [ app_begin ] --START--
INFO: Run Behavior\ReadHtmlCacheBehavior [ RunTime:0.008706s ]
INFO: [ app_begin ] --END-- [ RunTime:0.008819s ]
NOTIC: [8] A session had already been started - ignoring session_start() D:\wamp\www\manage\ThinkPHP\Common\functions.php 第 1191 行.
SQL: SHOW COLUMNS FROM `apart_work` [ RunTime:0.005449s ]
SQL: SELECT COUNT(*) AS tp_count FROM `apart_work` WHERE ( apart_id = 2 ) LIMIT 1   [ RunTime:0.000167s ]
SQL: SELECT * FROM `apart_work` LEFT JOIN work ON apart_work.work_id = work.id  WHERE ( apart_id = 2 )  [ RunTime:0.000339s ]
INFO: [ view_parse ] --START--
INFO: [ template_filter ] --START--
INFO: Run Behavior\ContentReplaceBehavior [ RunTime:0.000098s ]
INFO: [ template_filter ] --END-- [ RunTime:0.000198s ]
INFO: Run Behavior\ParseTemplateBehavior [ RunTime:0.071436s ]
INFO: [ view_parse ] --END-- [ RunTime:0.071551s ]
INFO: [ view_filter ] --START--
INFO: Run Behavior\WriteHtmlCacheBehavior [ RunTime:0.009036s ]
INFO: [ view_filter ] --END-- [ RunTime:0.009139s ]
INFO: [ app_end ] --START--
INFO: Run Behavior\ShowPageTraceBehavior [ RunTime:0.009165s ]
INFO: [ app_end ] --END-- [ RunTime:0.009272s ]

[ 2014-09-18T12:45:05+08:00 ] 127.0.0.1 /manage/index.php/Home/Index/index
INFO: [ app_init ] --START--
INFO: Run Behavior\BuildLiteBehavior [ RunTime:0.000023s ]
INFO: [ app_init ] --END-- [ RunTime:0.002719s ]
INFO: [ app_begin ] --START--
INFO: Run Behavior\ReadHtmlCacheBehavior [ RunTime:0.009583s ]
INFO: [ app_begin ] --END-- [ RunTime:0.009713s ]
NOTIC: [8] A session had already been started - ignoring session_start() D:\wamp\www\manage\ThinkPHP\Common\functions.php 第 1191 行.
SQL: SHOW COLUMNS FROM `apart_work` [ RunTime:0.006850s ]
SQL: SELECT COUNT(*) AS tp_count FROM `apart_work` WHERE ( apart_id = 2 ) LIMIT 1   [ RunTime:0.000218s ]
SQL: SELECT * FROM `apart_work` LEFT JOIN work ON apart_work.work_id = work.id  WHERE ( apart_id = 2 )  [ RunTime:0.000341s ]

[ 2014-09-18T13:22:16+08:00 ] 127.0.0.1 /manage/index.php/Home/Index/index
INFO: [ app_init ] --START--
INFO: Run Behavior\BuildLiteBehavior [ RunTime:0.000024s ]
INFO: [ app_init ] --END-- [ RunTime:0.002730s ]
INFO: [ app_begin ] --START--
INFO: Run Behavior\ReadHtmlCacheBehavior [ RunTime:0.009691s ]
INFO: [ app_begin ] --END-- [ RunTime:0.009826s ]
NOTIC: [8] A session had already been started - ignoring session_start() D:\wamp\www\manage\ThinkPHP\Common\functions.php 第 1191 行.
SQL: SHOW COLUMNS FROM `apart_work` [ RunTime:0.005519s ]
SQL: SELECT COUNT(*) AS tp_count FROM `apart_work` WHERE ( apart_id = 2 ) LIMIT 1   [ RunTime:0.000442s ]
SQL: SELECT * FROM `apart_work` LEFT JOIN work ON apart_work.work_id = work.id  WHERE ( apart_id = 2 )  [ RunTime:0.000640s ]

[ 2014-09-18T13:22:18+08:00 ] 127.0.0.1 /manage/index.php/Home/Index/index
INFO: [ app_init ] --START--
INFO: Run Behavior\BuildLiteBehavior [ RunTime:0.000023s ]
INFO: [ app_init ] --END-- [ RunTime:0.002710s ]
INFO: [ app_begin ] --START--
INFO: Run Behavior\ReadHtmlCacheBehavior [ RunTime:0.009274s ]
INFO: [ app_begin ] --END-- [ RunTime:0.009388s ]
NOTIC: [8] A session had already been started - ignoring session_start() D:\wamp\www\manage\ThinkPHP\Common\functions.php 第 1191 行.
SQL: SHOW COLUMNS FROM `apart_work` [ RunTime:0.005226s ]
SQL: SELECT COUNT(*) AS tp_count FROM `apart_work` WHERE ( apart_id = 2 ) LIMIT 1   [ RunTime:0.000166s ]
SQL: SELECT * FROM `apart_work` LEFT JOIN work ON apart_work.work_id = work.id  WHERE ( apart_id = 2 )  [ RunTime:0.000310s ]

[ 2014-09-18T13:27:36+08:00 ] 127.0.0.1 /manage/index.php/Home/Index/index
INFO: [ app_init ] --START--
INFO: Run Behavior\BuildLiteBehavior [ RunTime:0.000029s ]
INFO: [ app_init ] --END-- [ RunTime:0.004767s ]
INFO: [ app_begin ] --START--
INFO: Run Behavior\ReadHtmlCacheBehavior [ RunTime:0.009679s ]
INFO: [ app_begin ] --END-- [ RunTime:0.009817s ]
NOTIC: [8] A session had already been started - ignoring session_start() D:\wamp\www\manage\ThinkPHP\Common\functions.php 第 1191 行.
SQL: SHOW COLUMNS FROM `apart_work` [ RunTime:0.005053s ]
SQL: SELECT COUNT(*) AS tp_count FROM `apart_work` WHERE ( apart_id = 2 ) LIMIT 1   [ RunTime:0.000243s ]
SQL: SELECT * FROM `apart_work` LEFT JOIN work ON apart_work.work_id = work.id  WHERE ( apart_id = 2 )  [ RunTime:0.000270s ]

[ 2014-09-18T13:28:12+08:00 ] 127.0.0.1 /manage/
INFO: [ app_init ] --START--
INFO: Run Behavior\BuildLiteBehavior [ RunTime:0.000023s ]
INFO: [ app_init ] --END-- [ RunTime:0.002719s ]
INFO: [ app_begin ] --START--
INFO: Run Behavior\ReadHtmlCacheBehavior [ RunTime:0.010981s ]
INFO: [ app_begin ] --END-- [ RunTime:0.011114s ]
NOTIC: [8] A session had already been started - ignoring session_start() D:\wamp\www\manage\ThinkPHP\Common\functions.php 第 1191 行.
SQL: SHOW COLUMNS FROM `apart_work` [ RunTime:0.005288s ]
SQL: SELECT COUNT(*) AS tp_count FROM `apart_work` WHERE ( apart_id = 2 ) LIMIT 1   [ RunTime:0.000192s ]
SQL: SELECT * FROM `apart_work` LEFT JOIN work ON apart_work.work_id = work.id  WHERE ( apart_id = 2 )  [ RunTime:0.000265s ]
INFO: [ view_parse ] --START--
INFO: [ template_filter ] --START--
INFO: Run Behavior\ContentReplaceBehavior [ RunTime:0.000111s ]
INFO: [ template_filter ] --END-- [ RunTime:0.000255s ]
INFO: Run Behavior\ParseTemplateBehavior [ RunTime:0.093183s ]
INFO: [ view_parse ] --END-- [ RunTime:0.093307s ]
INFO: [ view_filter ] --START--
INFO: Run Behavior\WriteHtmlCacheBehavior [ RunTime:0.009365s ]
INFO: [ view_filter ] --END-- [ RunTime:0.009434s ]
INFO: [ app_end ] --START--
INFO: Run Behavior\ShowPageTraceBehavior [ RunTime:0.010397s ]
INFO: [ app_end ] --END-- [ RunTime:0.010484s ]

[ 2014-09-18T13:28:29+08:00 ] 127.0.0.1 /manage/index.php/Home/Login/login.html
INFO: [ app_init ] --START--
INFO: Run Behavior\BuildLiteBehavior [ RunTime:0.000024s ]
INFO: [ app_init ] --END-- [ RunTime:0.002907s ]
INFO: [ app_begin ] --START--
INFO: Run Behavior\ReadHtmlCacheBehavior [ RunTime:0.009348s ]
INFO: [ app_begin ] --END-- [ RunTime:0.009558s ]
NOTIC: [8] A session had already been started - ignoring session_start() D:\wamp\www\manage\ThinkPHP\Common\functions.php 第 1191 行.
SQL: SHOW COLUMNS FROM `user` [ RunTime:0.005980s ]
SQL: SELECT * FROM `user` WHERE `username` = 'admin' LIMIT 1   [ RunTime:0.000559s ]
SQL: UPDATE `user` SET `logintime`=1411018109,`loginip`='127.0.0.1' WHERE `id` = 1 [ RunTime:0.008295s ]
SQL: SHOW COLUMNS FROM `user` [ RunTime:0.005453s ]
SQL: SELECT `id`,`username`,`logintime`,`loginip`,`lock` FROM `user` WHERE `id` = 1  [ RunTime:0.000342s ]
SQL: SHOW COLUMNS FROM `role` [ RunTime:0.005651s ]
NOTIC: [8] Undefined index: mapping_order D:\wamp\www\manage\ThinkPHP\Library\Think\Model\RelationModel.class.php 第 186 行.
NOTIC: [8] Undefined index: mapping_limit D:\wamp\www\manage\ThinkPHP\Library\Think\Model\RelationModel.class.php 第 187 行.
SQL: SELECT b.id, name, remark FROM role_user AS a, role AS b WHERE a.role_id = b.id AND a. user_id='1' [ RunTime:0.000259s ]
SQL: SHOW COLUMNS FROM `apartment` [ RunTime:0.005429s ]
NOTIC: [8] Undefined index: mapping_order D:\wamp\www\manage\ThinkPHP\Library\Think\Model\RelationModel.class.php 第 186 行.
NOTIC: [8] Undefined index: mapping_limit D:\wamp\www\manage\ThinkPHP\Library\Think\Model\RelationModel.class.php 第 187 行.
SQL: SELECT b.id, name FROM apart_user AS a, apartment AS b WHERE a.apart_id = b.id AND a. user_id='1' [ RunTime:0.001689s ]
SQL: SHOW COLUMNS FROM `level` [ RunTime:0.010504s ]
NOTIC: [8] Undefined index: mapping_order D:\wamp\www\manage\ThinkPHP\Library\Think\Model\RelationModel.class.php 第 186 行.
NOTIC: [8] Undefined index: mapping_limit D:\wamp\www\manage\ThinkPHP\Library\Think\Model\RelationModel.class.php 第 187 行.
SQL: SELECT b.id, name FROM level_user AS a, level AS b WHERE a.level_id = b.id AND a. user_id='1' [ RunTime:0.000913s ]
SQL: SHOW COLUMNS FROM `work` [ RunTime:0.006036s ]
NOTIC: [8] Undefined index: mapping_order D:\wamp\www\manage\ThinkPHP\Library\Think\Model\RelationModel.class.php 第 186 行.
NOTIC: [8] Undefined index: mapping_limit D:\wamp\www\manage\ThinkPHP\Library\Think\Model\RelationModel.class.php 第 187 行.
SQL: SELECT b.id, title, content, deadline FROM work_user AS a, work AS b WHERE a.work_id = b.id AND a. user_id='1' [ RunTime:0.000175s ]
SQL: SELECT `id`,`username`,`logintime`,`loginip`,`lock` FROM `user` WHERE `id` = 1  [ RunTime:0.000142s ]
NOTIC: [8] Undefined index: mapping_order D:\wamp\www\manage\ThinkPHP\Library\Think\Model\RelationModel.class.php 第 186 行.
NOTIC: [8] Undefined index: mapping_limit D:\wamp\www\manage\ThinkPHP\Library\Think\Model\RelationModel.class.php 第 187 行.
SQL: SELECT b.id, name, remark FROM role_user AS a, role AS b WHERE a.role_id = b.id AND a. user_id='1' [ RunTime:0.000112s ]
NOTIC: [8] Undefined index: mapping_order D:\wamp\www\manage\ThinkPHP\Library\Think\Model\RelationModel.class.php 第 186 行.
NOTIC: [8] Undefined index: mapping_limit D:\wamp\www\manage\ThinkPHP\Library\Think\Model\RelationModel.class.php 第 187 行.
SQL: SELECT b.id, name FROM apart_user AS a, apartment AS b WHERE a.apart_id = b.id AND a. user_id='1' [ RunTime:0.000102s ]
NOTIC: [8] Undefined index: mapping_order D:\wamp\www\manage\ThinkPHP\Library\Think\Model\RelationModel.class.php 第 186 行.
NOTIC: [8] Undefined index: mapping_limit D:\wamp\www\manage\ThinkPHP\Library\Think\Model\RelationModel.class.php 第 187 行.
SQL: SELECT b.id, name FROM level_user AS a, level AS b WHERE a.level_id = b.id AND a. user_id='1' [ RunTime:0.000106s ]
NOTIC: [8] Undefined index: mapping_order D:\wamp\www\manage\ThinkPHP\Library\Think\Model\RelationModel.class.php 第 186 行.
NOTIC: [8] Undefined index: mapping_limit D:\wamp\www\manage\ThinkPHP\Library\Think\Model\RelationModel.class.php 第 187 行.
SQL: SELECT b.id, title, content, deadline FROM work_user AS a, work AS b WHERE a.work_id = b.id AND a. user_id='1' [ RunTime:0.000125s ]
NOTIC: [8] Undefined offset: 0 D:\wamp\www\manage\App\Home\Controller\LoginController.class.php 第 55 行.
INFO: [ view_parse ] --START--
INFO: [ template_filter ] --START--
INFO: Run Behavior\ContentReplaceBehavior [ RunTime:0.000061s ]
INFO: [ template_filter ] --END-- [ RunTime:0.000164s ]
INFO: Run Behavior\ParseTemplateBehavior [ RunTime:0.075682s ]
INFO: [ view_parse ] --END-- [ RunTime:0.075818s ]
INFO: [ view_filter ] --START--
INFO: Run Behavior\WriteHtmlCacheBehavior [ RunTime:0.009506s ]
INFO: [ view_filter ] --END-- [ RunTime:0.009608s ]
INFO: [ app_end ] --START--
INFO: Run Behavior\ShowPageTraceBehavior [ RunTime:0.009868s ]
INFO: [ app_end ] --END-- [ RunTime:0.009973s ]

[ 2014-09-18T13:28:30+08:00 ] 127.0.0.1 /manage/index.php/Home/Index/index
INFO: [ app_init ] --START--
INFO: Run Behavior\BuildLiteBehavior [ RunTime:0.000039s ]
INFO: [ app_init ] --END-- [ RunTime:0.003802s ]
INFO: [ app_begin ] --START--
INFO: Run Behavior\ReadHtmlCacheBehavior [ RunTime:0.014064s ]
INFO: [ app_begin ] --END-- [ RunTime:0.014248s ]
NOTIC: [8] A session had already been started - ignoring session_start() D:\wamp\www\manage\ThinkPHP\Common\functions.php 第 1191 行.
SQL: SHOW COLUMNS FROM `apart_work` [ RunTime:0.006658s ]
SQL: SELECT COUNT(*) AS tp_count FROM `apart_work` WHERE ( apart_id = 2 ) LIMIT 1   [ RunTime:0.000222s ]
SQL: SELECT * FROM `apart_work` LEFT JOIN work ON apart_work.work_id = work.id  WHERE ( apart_id = 2 )  [ RunTime:0.000317s ]
INFO: [ view_parse ] --START--
INFO: [ template_filter ] --START--
INFO: Run Behavior\ContentReplaceBehavior [ RunTime:0.000095s ]
INFO: [ template_filter ] --END-- [ RunTime:0.000194s ]
INFO: Run Behavior\ParseTemplateBehavior [ RunTime:0.061717s ]
INFO: [ view_parse ] --END-- [ RunTime:0.061851s ]
INFO: [ view_filter ] --START--
INFO: Run Behavior\WriteHtmlCacheBehavior [ RunTime:0.010066s ]
INFO: [ view_filter ] --END-- [ RunTime:0.010172s ]
INFO: [ app_end ] --START--
INFO: Run Behavior\ShowPageTraceBehavior [ RunTime:0.013122s ]
INFO: [ app_end ] --END-- [ RunTime:0.013265s ]

[ 2014-09-18T13:29:01+08:00 ] 127.0.0.1 /manage/index.php/Home/Index/index
INFO: [ app_init ] --START--
INFO: Run Behavior\BuildLiteBehavior [ RunTime:0.000028s ]
INFO: [ app_init ] --END-- [ RunTime:0.002885s ]
INFO: [ app_begin ] --START--
INFO: Run Behavior\ReadHtmlCacheBehavior [ RunTime:0.014721s ]
INFO: [ app_begin ] --END-- [ RunTime:0.014930s ]
NOTIC: [8] A session had already been started - ignoring session_start() D:\wamp\www\manage\ThinkPHP\Common\functions.php 第 1191 行.
SQL: SHOW COLUMNS FROM `apart_work` [ RunTime:0.004932s ]
SQL: SELECT COUNT(*) AS tp_count FROM `apart_work` WHERE ( apart_id = 2 ) LIMIT 1   [ RunTime:0.000332s ]
NOTIC: [2] Division by zero D:\wamp\www\manage\ThinkPHP\Library\Think\Page.class.php 第 84 行.
SQL: SELECT * FROM `apart_work` LEFT JOIN work ON apart_work.work_id = work.id  WHERE ( apart_id = 2 )  [ RunTime:0.000662s ]
INFO: [ view_parse ] --START--
INFO: [ template_filter ] --START--
INFO: Run Behavior\ContentReplaceBehavior [ RunTime:0.000097s ]
INFO: [ template_filter ] --END-- [ RunTime:0.000192s ]
INFO: Run Behavior\ParseTemplateBehavior [ RunTime:0.056812s ]
INFO: [ view_parse ] --END-- [ RunTime:0.056947s ]
INFO: [ view_filter ] --START--
INFO: Run Behavior\WriteHtmlCacheBehavior [ RunTime:0.010014s ]
INFO: [ view_filter ] --END-- [ RunTime:0.010117s ]
INFO: [ app_end ] --START--
INFO: Run Behavior\ShowPageTraceBehavior [ RunTime:0.011813s ]
INFO: [ app_end ] --END-- [ RunTime:0.011911s ]

[ 2014-09-18T13:32:03+08:00 ] 127.0.0.1 /manage/index.php/Home/Index/index
INFO: [ app_init ] --START--
INFO: Run Behavior\BuildLiteBehavior [ RunTime:0.000024s ]
INFO: [ app_init ] --END-- [ RunTime:0.002700s ]
INFO: [ app_begin ] --START--
INFO: Run Behavior\ReadHtmlCacheBehavior [ RunTime:0.009537s ]
INFO: [ app_begin ] --END-- [ RunTime:0.009675s ]
NOTIC: [8] A session had already been started - ignoring session_start() D:\wamp\www\manage\ThinkPHP\Common\functions.php 第 1191 行.
SQL: SHOW COLUMNS FROM `apart_work` [ RunTime:0.007059s ]
SQL: SELECT COUNT(*) AS tp_count FROM `apart_work` WHERE ( apart_id = 2 ) LIMIT 1   [ RunTime:0.000434s ]
NOTIC: [2] Division by zero D:\wamp\www\manage\ThinkPHP\Library\Think\Page.class.php 第 84 行.
SQL: SELECT * FROM `apart_work` LEFT JOIN work ON apart_work.work_id = work.id  WHERE ( apart_id = 2 )  [ RunTime:0.000700s ]
INFO: [ view_parse ] --START--
INFO: [ template_filter ] --START--
INFO: Run Behavior\ContentReplaceBehavior [ RunTime:0.000094s ]
INFO: [ template_filter ] --END-- [ RunTime:0.000185s ]
INFO: Run Behavior\ParseTemplateBehavior [ RunTime:0.072356s ]
INFO: [ view_parse ] --END-- [ RunTime:0.072496s ]
INFO: [ view_filter ] --START--
INFO: Run Behavior\WriteHtmlCacheBehavior [ RunTime:0.010013s ]
INFO: [ view_filter ] --END-- [ RunTime:0.010155s ]
INFO: [ app_end ] --START--
INFO: Run Behavior\ShowPageTraceBehavior [ RunTime:0.010350s ]
INFO: [ app_end ] --END-- [ RunTime:0.010466s ]

[ 2014-09-18T13:42:48+08:00 ] 127.0.0.1 /manage/index.php/Home/Index/index
INFO: [ app_init ] --START--
INFO: Run Behavior\BuildLiteBehavior [ RunTime:0.000026s ]
INFO: [ app_init ] --END-- [ RunTime:0.003065s ]
INFO: [ app_begin ] --START--
INFO: Run Behavior\ReadHtmlCacheBehavior [ RunTime:0.009818s ]
INFO: [ app_begin ] --END-- [ RunTime:0.009959s ]
NOTIC: [8] A session had already been started - ignoring session_start() D:\wamp\www\manage\ThinkPHP\Common\functions.php 第 1191 行.
SQL: SHOW COLUMNS FROM `apart_work` [ RunTime:0.005135s ]
SQL: SELECT COUNT(*) AS tp_count FROM `apart_work` WHERE ( apart_id = 2 ) LIMIT 1   [ RunTime:0.000181s ]
NOTIC: [2] Division by zero D:\wamp\www\manage\ThinkPHP\Library\Think\Page.class.php 第 84 行.
SQL: SELECT * FROM `apart_work` LEFT JOIN work ON apart_work.work_id = work.id  WHERE ( apart_id = 2 )  [ RunTime:0.000704s ]
INFO: [ view_parse ] --START--
INFO: [ template_filter ] --START--
INFO: Run Behavior\ContentReplaceBehavior [ RunTime:0.000094s ]
INFO: [ template_filter ] --END-- [ RunTime:0.000191s ]
INFO: Run Behavior\ParseTemplateBehavior [ RunTime:0.050844s ]
INFO: [ view_parse ] --END-- [ RunTime:0.050952s ]
INFO: [ view_filter ] --START--
INFO: Run Behavior\WriteHtmlCacheBehavior [ RunTime:0.009346s ]
INFO: [ view_filter ] --END-- [ RunTime:0.009442s ]
INFO: [ app_end ] --START--
INFO: Run Behavior\ShowPageTraceBehavior [ RunTime:0.009507s ]
INFO: [ app_end ] --END-- [ RunTime:0.009602s ]

[ 2014-09-18T13:43:14+08:00 ] 127.0.0.1 /manage/index.php/Home/Index/index
INFO: [ app_init ] --START--
INFO: Run Behavior\BuildLiteBehavior [ RunTime:0.000027s ]
INFO: [ app_init ] --END-- [ RunTime:0.003473s ]
INFO: [ app_begin ] --START--
INFO: Run Behavior\ReadHtmlCacheBehavior [ RunTime:0.010511s ]
INFO: [ app_begin ] --END-- [ RunTime:0.010955s ]
NOTIC: [8] A session had already been started - ignoring session_start() D:\wamp\www\manage\ThinkPHP\Common\functions.php 第 1191 行.
SQL: SHOW COLUMNS FROM `apart_work` [ RunTime:0.005421s ]
SQL: SELECT COUNT(*) AS tp_count FROM `apart_work` WHERE ( apart_id = 2 ) LIMIT 1   [ RunTime:0.000189s ]
NOTIC: [2] Division by zero D:\wamp\www\manage\ThinkPHP\Library\Think\Page.class.php 第 84 行.
SQL: SELECT * FROM `apart_work` LEFT JOIN work ON apart_work.work_id = work.id  WHERE ( apart_id = 2 )  [ RunTime:0.000703s ]
INFO: [ view_parse ] --START--
INFO: [ template_filter ] --START--
INFO: Run Behavior\ContentReplaceBehavior [ RunTime:0.000197s ]
INFO: [ template_filter ] --END-- [ RunTime:0.000314s ]
INFO: Run Behavior\ParseTemplateBehavior [ RunTime:0.058867s ]
INFO: [ view_parse ] --END-- [ RunTime:0.058976s ]
INFO: [ view_filter ] --START--
INFO: Run Behavior\WriteHtmlCacheBehavior [ RunTime:0.012140s ]
INFO: [ view_filter ] --END-- [ RunTime:0.012240s ]
INFO: [ app_end ] --START--
INFO: Run Behavior\ShowPageTraceBehavior [ RunTime:0.010258s ]
INFO: [ app_end ] --END-- [ RunTime:0.010358s ]

[ 2014-09-18T13:43:52+08:00 ] 127.0.0.1 /manage/index.php/Home/Index/index
INFO: [ app_init ] --START--
INFO: Run Behavior\BuildLiteBehavior [ RunTime:0.000025s ]
INFO: [ app_init ] --END-- [ RunTime:0.002966s ]
INFO: [ app_begin ] --START--
INFO: Run Behavior\ReadHtmlCacheBehavior [ RunTime:0.009448s ]
INFO: [ app_begin ] --END-- [ RunTime:0.009579s ]
NOTIC: [8] A session had already been started - ignoring session_start() D:\wamp\www\manage\ThinkPHP\Common\functions.php 第 1191 行.
SQL: SHOW COLUMNS FROM `apart_work` [ RunTime:0.005313s ]
SQL: SELECT COUNT(*) AS tp_count FROM `apart_work` WHERE ( apart_id = 2 ) LIMIT 1   [ RunTime:0.000184s ]
NOTIC: [2] Division by zero D:\wamp\www\manage\ThinkPHP\Library\Think\Page.class.php 第 84 行.
SQL: SELECT * FROM `apart_work` LEFT JOIN work ON apart_work.work_id = work.id  WHERE ( apart_id = 2 )  [ RunTime:0.000667s ]
INFO: [ view_parse ] --START--
INFO: [ template_filter ] --START--
INFO: Run Behavior\ContentReplaceBehavior [ RunTime:0.000101s ]
INFO: [ template_filter ] --END-- [ RunTime:0.000210s ]
INFO: Run Behavior\ParseTemplateBehavior [ RunTime:0.052667s ]
INFO: [ view_parse ] --END-- [ RunTime:0.052776s ]
INFO: [ view_filter ] --START--
INFO: Run Behavior\WriteHtmlCacheBehavior [ RunTime:0.009963s ]
INFO: [ view_filter ] --END-- [ RunTime:0.010089s ]
INFO: [ app_end ] --START--
INFO: Run Behavior\ShowPageTraceBehavior [ RunTime:0.011902s ]
INFO: [ app_end ] --END-- [ RunTime:0.012022s ]

