[ 2014-08-31T19:59:25+08:00 ] 127.0.0.1 /manage/
INFO: [ app_init ] --START--
INFO: Run Behavior\BuildLiteBehavior [ RunTime:0.000028s ]
INFO: [ app_init ] --END-- [ RunTime:0.012848s ]
INFO: [ app_begin ] --START--
INFO: Run Behavior\ReadHtmlCacheBehavior [ RunTime:0.011164s ]
INFO: [ app_begin ] --END-- [ RunTime:0.011288s ]
NOTIC: [8] A session had already been started - ignoring session_start() D:\wamp\www\manage\ThinkPHP\Common\functions.php 第 1191 行.
INFO: [ view_parse ] --START--
INFO: [ template_filter ] --START--
INFO: Run Behavior\ContentReplaceBehavior [ RunTime:0.000084s ]
INFO: [ template_filter ] --END-- [ RunTime:0.000189s ]
INFO: Run Behavior\ParseTemplateBehavior [ RunTime:0.094979s ]
INFO: [ view_parse ] --END-- [ RunTime:0.095105s ]
INFO: [ view_filter ] --START--
INFO: Run Behavior\WriteHtmlCacheBehavior [ RunTime:0.030020s ]
INFO: [ view_filter ] --END-- [ RunTime:0.030120s ]
INFO: [ app_end ] --START--
INFO: Run Behavior\ShowPageTraceBehavior [ RunTime:0.015731s ]
INFO: [ app_end ] --END-- [ RunTime:0.015921s ]

[ 2014-08-31T20:03:59+08:00 ] 127.0.0.1 /manage/
INFO: [ app_init ] --START--
INFO: Run Behavior\BuildLiteBehavior [ RunTime:0.000023s ]
INFO: [ app_init ] --END-- [ RunTime:0.002770s ]
INFO: [ app_begin ] --START--
INFO: Run Behavior\ReadHtmlCacheBehavior [ RunTime:0.009497s ]
INFO: [ app_begin ] --END-- [ RunTime:0.009624s ]
NOTIC: [8] A session had already been started - ignoring session_start() D:\wamp\www\manage\ThinkPHP\Common\functions.php 第 1191 行.
INFO: [ view_parse ] --START--
INFO: [ template_filter ] --START--
INFO: Run Behavior\ContentReplaceBehavior [ RunTime:0.000085s ]
INFO: [ template_filter ] --END-- [ RunTime:0.000189s ]
INFO: Run Behavior\ParseTemplateBehavior [ RunTime:0.045600s ]
INFO: [ view_parse ] --END-- [ RunTime:0.045720s ]
INFO: [ view_filter ] --START--
INFO: Run Behavior\WriteHtmlCacheBehavior [ RunTime:0.009340s ]
INFO: [ view_filter ] --END-- [ RunTime:0.009434s ]
INFO: [ app_end ] --START--
INFO: Run Behavior\ShowPageTraceBehavior [ RunTime:0.009509s ]
INFO: [ app_end ] --END-- [ RunTime:0.009610s ]

[ 2014-08-31T20:04:45+08:00 ] 127.0.0.1 /manage/
INFO: [ app_init ] --START--
INFO: Run Behavior\BuildLiteBehavior [ RunTime:0.000024s ]
INFO: [ app_init ] --END-- [ RunTime:0.002717s ]
INFO: [ app_begin ] --START--
INFO: Run Behavior\ReadHtmlCacheBehavior [ RunTime:0.009268s ]
INFO: [ app_begin ] --END-- [ RunTime:0.009387s ]
NOTIC: [8] A session had already been started - ignoring session_start() D:\wamp\www\manage\ThinkPHP\Common\functions.php 第 1191 行.
INFO: [ view_parse ] --START--
INFO: [ template_filter ] --START--
INFO: Run Behavior\ContentReplaceBehavior [ RunTime:0.000088s ]
INFO: [ template_filter ] --END-- [ RunTime:0.000196s ]
INFO: Run Behavior\ParseTemplateBehavior [ RunTime:0.047632s ]
INFO: [ view_parse ] --END-- [ RunTime:0.047763s ]
INFO: [ view_filter ] --START--
INFO: Run Behavior\WriteHtmlCacheBehavior [ RunTime:0.008999s ]
INFO: [ view_filter ] --END-- [ RunTime:0.009085s ]
INFO: [ app_end ] --START--
INFO: Run Behavior\ShowPageTraceBehavior [ RunTime:0.009534s ]
INFO: [ app_end ] --END-- [ RunTime:0.009644s ]

[ 2014-08-31T20:05:45+08:00 ] 127.0.0.1 /manage/
INFO: [ app_init ] --START--
INFO: Run Behavior\BuildLiteBehavior [ RunTime:0.000023s ]
INFO: [ app_init ] --END-- [ RunTime:0.002739s ]
INFO: [ app_begin ] --START--
INFO: Run Behavior\ReadHtmlCacheBehavior [ RunTime:0.009714s ]
INFO: [ app_begin ] --END-- [ RunTime:0.009845s ]
NOTIC: [8] A session had already been started - ignoring session_start() D:\wamp\www\manage\ThinkPHP\Common\functions.php 第 1191 行.
INFO: [ view_parse ] --START--
INFO: [ template_filter ] --START--
INFO: Run Behavior\ContentReplaceBehavior [ RunTime:0.000092s ]
INFO: [ template_filter ] --END-- [ RunTime:0.000635s ]
INFO: Run Behavior\ParseTemplateBehavior [ RunTime:0.048214s ]
INFO: [ view_parse ] --END-- [ RunTime:0.048361s ]
INFO: [ view_filter ] --START--
INFO: Run Behavior\WriteHtmlCacheBehavior [ RunTime:0.009321s ]
INFO: [ view_filter ] --END-- [ RunTime:0.009424s ]
INFO: [ app_end ] --START--
INFO: Run Behavior\ShowPageTraceBehavior [ RunTime:0.009945s ]
INFO: [ app_end ] --END-- [ RunTime:0.010054s ]

[ 2014-08-31T20:06:23+08:00 ] 127.0.0.1 /manage/
INFO: [ app_init ] --START--
INFO: Run Behavior\BuildLiteBehavior [ RunTime:0.000025s ]
INFO: [ app_init ] --END-- [ RunTime:0.002778s ]
INFO: [ app_begin ] --START--
INFO: Run Behavior\ReadHtmlCacheBehavior [ RunTime:0.009704s ]
INFO: [ app_begin ] --END-- [ RunTime:0.009836s ]
NOTIC: [8] A session had already been started - ignoring session_start() D:\wamp\www\manage\ThinkPHP\Common\functions.php 第 1191 行.
INFO: [ view_parse ] --START--
INFO: [ template_filter ] --START--
INFO: Run Behavior\ContentReplaceBehavior [ RunTime:0.000139s ]
INFO: [ template_filter ] --END-- [ RunTime:0.000282s ]
INFO: Run Behavior\ParseTemplateBehavior [ RunTime:0.048155s ]
INFO: [ view_parse ] --END-- [ RunTime:0.048320s ]
INFO: [ view_filter ] --START--
INFO: Run Behavior\WriteHtmlCacheBehavior [ RunTime:0.009618s ]
INFO: [ view_filter ] --END-- [ RunTime:0.009720s ]
INFO: [ app_end ] --START--
INFO: Run Behavior\ShowPageTraceBehavior [ RunTime:0.009864s ]
INFO: [ app_end ] --END-- [ RunTime:0.009974s ]

[ 2014-08-31T20:07:17+08:00 ] 127.0.0.1 /manage/
INFO: [ app_init ] --START--
INFO: Run Behavior\BuildLiteBehavior [ RunTime:0.000023s ]
INFO: [ app_init ] --END-- [ RunTime:0.002702s ]
INFO: [ app_begin ] --START--
INFO: Run Behavior\ReadHtmlCacheBehavior [ RunTime:0.009449s ]
INFO: [ app_begin ] --END-- [ RunTime:0.009576s ]
NOTIC: [8] A session had already been started - ignoring session_start() D:\wamp\www\manage\ThinkPHP\Common\functions.php 第 1191 行.
INFO: [ view_parse ] --START--
INFO: [ template_filter ] --START--
INFO: Run Behavior\ContentReplaceBehavior [ RunTime:0.000087s ]
INFO: [ template_filter ] --END-- [ RunTime:0.000192s ]
INFO: Run Behavior\ParseTemplateBehavior [ RunTime:0.047673s ]
INFO: [ view_parse ] --END-- [ RunTime:0.047805s ]
INFO: [ view_filter ] --START--
INFO: Run Behavior\WriteHtmlCacheBehavior [ RunTime:0.009990s ]
INFO: [ view_filter ] --END-- [ RunTime:0.010095s ]
INFO: [ app_end ] --START--
INFO: Run Behavior\ShowPageTraceBehavior [ RunTime:0.009671s ]
INFO: [ app_end ] --END-- [ RunTime:0.009779s ]

[ 2014-08-31T20:07:40+08:00 ] 127.0.0.1 /manage/
INFO: [ app_init ] --START--
INFO: Run Behavior\BuildLiteBehavior [ RunTime:0.000023s ]
INFO: [ app_init ] --END-- [ RunTime:0.002861s ]
INFO: [ app_begin ] --START--
INFO: Run Behavior\ReadHtmlCacheBehavior [ RunTime:0.009614s ]
INFO: [ app_begin ] --END-- [ RunTime:0.009736s ]
NOTIC: [8] A session had already been started - ignoring session_start() D:\wamp\www\manage\ThinkPHP\Common\functions.php 第 1191 行.
INFO: [ view_parse ] --START--
INFO: [ template_filter ] --START--
INFO: Run Behavior\ContentReplaceBehavior [ RunTime:0.000208s ]
INFO: [ template_filter ] --END-- [ RunTime:0.000330s ]
INFO: Run Behavior\ParseTemplateBehavior [ RunTime:0.047464s ]
INFO: [ view_parse ] --END-- [ RunTime:0.047622s ]
INFO: [ view_filter ] --START--
INFO: Run Behavior\WriteHtmlCacheBehavior [ RunTime:0.009270s ]
INFO: [ view_filter ] --END-- [ RunTime:0.009379s ]
INFO: [ app_end ] --START--
INFO: Run Behavior\ShowPageTraceBehavior [ RunTime:0.009885s ]
INFO: [ app_end ] --END-- [ RunTime:0.009997s ]

[ 2014-08-31T20:07:55+08:00 ] 127.0.0.1 /manage/
INFO: [ app_init ] --START--
INFO: Run Behavior\BuildLiteBehavior [ RunTime:0.000024s ]
INFO: [ app_init ] --END-- [ RunTime:0.002713s ]
INFO: [ app_begin ] --START--
INFO: Run Behavior\ReadHtmlCacheBehavior [ RunTime:0.009530s ]
INFO: [ app_begin ] --END-- [ RunTime:0.009652s ]
NOTIC: [8] A session had already been started - ignoring session_start() D:\wamp\www\manage\ThinkPHP\Common\functions.php 第 1191 行.
INFO: [ view_parse ] --START--
INFO: [ template_filter ] --START--
INFO: Run Behavior\ContentReplaceBehavior [ RunTime:0.000086s ]
INFO: [ template_filter ] --END-- [ RunTime:0.000191s ]
INFO: Run Behavior\ParseTemplateBehavior [ RunTime:0.047638s ]
INFO: [ view_parse ] --END-- [ RunTime:0.047769s ]
INFO: [ view_filter ] --START--
INFO: Run Behavior\WriteHtmlCacheBehavior [ RunTime:0.009053s ]
INFO: [ view_filter ] --END-- [ RunTime:0.009132s ]
INFO: [ app_end ] --START--
INFO: Run Behavior\ShowPageTraceBehavior [ RunTime:0.009847s ]
INFO: [ app_end ] --END-- [ RunTime:0.010007s ]

[ 2014-08-31T20:20:35+08:00 ] 127.0.0.1 /manage/
INFO: [ app_init ] --START--
INFO: Run Behavior\BuildLiteBehavior [ RunTime:0.000024s ]
INFO: [ app_init ] --END-- [ RunTime:0.002807s ]
INFO: [ app_begin ] --START--
INFO: Run Behavior\ReadHtmlCacheBehavior [ RunTime:0.013660s ]
INFO: [ app_begin ] --END-- [ RunTime:0.014028s ]
NOTIC: [8] A session had already been started - ignoring session_start() D:\wamp\www\manage\ThinkPHP\Common\functions.php 第 1191 行.
INFO: [ view_parse ] --START--
INFO: [ template_filter ] --START--
INFO: Run Behavior\ContentReplaceBehavior [ RunTime:0.000083s ]
INFO: [ template_filter ] --END-- [ RunTime:0.000193s ]
INFO: Run Behavior\ParseTemplateBehavior [ RunTime:0.046805s ]
INFO: [ view_parse ] --END-- [ RunTime:0.046944s ]
INFO: [ view_filter ] --START--
INFO: Run Behavior\WriteHtmlCacheBehavior [ RunTime:0.009496s ]
INFO: [ view_filter ] --END-- [ RunTime:0.009596s ]
INFO: [ app_end ] --START--
INFO: Run Behavior\ShowPageTraceBehavior [ RunTime:0.009655s ]
INFO: [ app_end ] --END-- [ RunTime:0.009761s ]

[ 2014-08-31T20:20:43+08:00 ] 127.0.0.1 /manage/index.php/Home/Login/login.html
INFO: [ app_init ] --START--
INFO: Run Behavior\BuildLiteBehavior [ RunTime:0.000025s ]
INFO: [ app_init ] --END-- [ RunTime:0.003034s ]
INFO: [ app_begin ] --START--
INFO: Run Behavior\ReadHtmlCacheBehavior [ RunTime:0.009240s ]
INFO: [ app_begin ] --END-- [ RunTime:0.009352s ]
NOTIC: [8] A session had already been started - ignoring session_start() D:\wamp\www\manage\ThinkPHP\Common\functions.php 第 1191 行.
ERR: 无法加载控制器:Login

[ 2014-08-31T20:21:31+08:00 ] 127.0.0.1 /manage/index.php/Home/Login/login.html
INFO: [ app_init ] --START--
INFO: Run Behavior\BuildLiteBehavior [ RunTime:0.000023s ]
INFO: [ app_init ] --END-- [ RunTime:0.002840s ]
INFO: [ app_begin ] --START--
INFO: Run Behavior\ReadHtmlCacheBehavior [ RunTime:0.009758s ]
INFO: [ app_begin ] --END-- [ RunTime:0.009957s ]
NOTIC: [8] A session had already been started - ignoring session_start() D:\wamp\www\manage\ThinkPHP\Common\functions.php 第 1191 行.
SQL: SHOW COLUMNS FROM `user` [ RunTime:0.038447s ]
SQL: SELECT * FROM `user` WHERE `username` = '' LIMIT 1   [ RunTime:0.016273s ]
INFO: [ view_parse ] --START--
INFO: [ template_filter ] --START--
INFO: Run Behavior\ContentReplaceBehavior [ RunTime:0.000061s ]
INFO: [ template_filter ] --END-- [ RunTime:0.000159s ]
INFO: Run Behavior\ParseTemplateBehavior [ RunTime:0.060651s ]
INFO: [ view_parse ] --END-- [ RunTime:0.060766s ]
INFO: [ view_filter ] --START--
INFO: Run Behavior\WriteHtmlCacheBehavior [ RunTime:0.009159s ]
INFO: [ view_filter ] --END-- [ RunTime:0.009229s ]

[ 2014-08-31T20:21:40+08:00 ] 127.0.0.1 /manage/index.php/Home/Login/login.html
INFO: [ app_init ] --START--
INFO: Run Behavior\BuildLiteBehavior [ RunTime:0.000026s ]
INFO: [ app_init ] --END-- [ RunTime:0.003290s ]
INFO: [ app_begin ] --START--
INFO: Run Behavior\ReadHtmlCacheBehavior [ RunTime:0.010278s ]
INFO: [ app_begin ] --END-- [ RunTime:0.010405s ]
NOTIC: [8] A session had already been started - ignoring session_start() D:\wamp\www\manage\ThinkPHP\Common\functions.php 第 1191 行.
SQL: SHOW COLUMNS FROM `user` [ RunTime:0.005607s ]
SQL: SELECT * FROM `user` WHERE `username` = '' LIMIT 1   [ RunTime:0.000560s ]
INFO: [ view_parse ] --START--
INFO: [ template_filter ] --START--
INFO: Run Behavior\ContentReplaceBehavior [ RunTime:0.000060s ]
INFO: [ template_filter ] --END-- [ RunTime:0.000158s ]
INFO: Run Behavior\ParseTemplateBehavior [ RunTime:0.046168s ]
INFO: [ view_parse ] --END-- [ RunTime:0.046299s ]
INFO: [ view_filter ] --START--
INFO: Run Behavior\WriteHtmlCacheBehavior [ RunTime:0.010257s ]
INFO: [ view_filter ] --END-- [ RunTime:0.010356s ]

[ 2014-08-31T20:23:34+08:00 ] 127.0.0.1 /manage/index.php/Home/Login/login.html
INFO: [ app_init ] --START--
INFO: Run Behavior\BuildLiteBehavior [ RunTime:0.000026s ]
INFO: [ app_init ] --END-- [ RunTime:0.002941s ]
INFO: [ app_begin ] --START--
INFO: Run Behavior\ReadHtmlCacheBehavior [ RunTime:0.009185s ]
INFO: [ app_begin ] --END-- [ RunTime:0.009293s ]
NOTIC: [8] A session had already been started - ignoring session_start() D:\wamp\www\manage\ThinkPHP\Common\functions.php 第 1191 行.
SQL: SHOW COLUMNS FROM `user` [ RunTime:0.005701s ]
SQL: SELECT * FROM `user` WHERE `username` = '' LIMIT 1   [ RunTime:0.000278s ]

[ 2014-08-31T20:24:01+08:00 ] 127.0.0.1 /manage/index.php/Home/Login/login.html
INFO: [ app_init ] --START--
INFO: Run Behavior\BuildLiteBehavior [ RunTime:0.000024s ]
INFO: [ app_init ] --END-- [ RunTime:0.002899s ]
INFO: [ app_begin ] --START--
INFO: Run Behavior\ReadHtmlCacheBehavior [ RunTime:0.010997s ]
INFO: [ app_begin ] --END-- [ RunTime:0.011131s ]
NOTIC: [8] A session had already been started - ignoring session_start() D:\wamp\www\manage\ThinkPHP\Common\functions.php 第 1191 行.
SQL: SHOW COLUMNS FROM `user` [ RunTime:0.004833s ]
SQL: SELECT * FROM `user` WHERE `username` = '' LIMIT 1   [ RunTime:0.000263s ]

[ 2014-08-31T20:24:49+08:00 ] 127.0.0.1 /manage/index.php/Home/Login/login.html
INFO: [ app_init ] --START--
INFO: Run Behavior\BuildLiteBehavior [ RunTime:0.000027s ]
INFO: [ app_init ] --END-- [ RunTime:0.003918s ]
INFO: [ app_begin ] --START--
INFO: Run Behavior\ReadHtmlCacheBehavior [ RunTime:0.009408s ]
INFO: [ app_begin ] --END-- [ RunTime:0.009540s ]
NOTIC: [8] A session had already been started - ignoring session_start() D:\wamp\www\manage\ThinkPHP\Common\functions.php 第 1191 行.
SQL: SHOW COLUMNS FROM `user` [ RunTime:0.005100s ]
SQL: SELECT * FROM `user` WHERE `username` = 'admin' LIMIT 1   [ RunTime:0.000490s ]

[ 2014-08-31T20:24:56+08:00 ] 127.0.0.1 /manage/index.php/Home/Login/login.html
INFO: [ app_init ] --START--
INFO: Run Behavior\BuildLiteBehavior [ RunTime:0.000023s ]
INFO: [ app_init ] --END-- [ RunTime:0.002728s ]
INFO: [ app_begin ] --START--
INFO: Run Behavior\ReadHtmlCacheBehavior [ RunTime:0.010149s ]
INFO: [ app_begin ] --END-- [ RunTime:0.010276s ]
NOTIC: [8] A session had already been started - ignoring session_start() D:\wamp\www\manage\ThinkPHP\Common\functions.php 第 1191 行.
SQL: SHOW COLUMNS FROM `user` [ RunTime:0.006458s ]
SQL: SELECT * FROM `user` WHERE `username` = 'admin' LIMIT 1   [ RunTime:0.000202s ]

[ 2014-08-31T20:25:12+08:00 ] 127.0.0.1 /manage/index.php/Home/Login/login.html
INFO: [ app_init ] --START--
INFO: Run Behavior\BuildLiteBehavior [ RunTime:0.000025s ]
INFO: [ app_init ] --END-- [ RunTime:0.003105s ]
INFO: [ app_begin ] --START--
INFO: Run Behavior\ReadHtmlCacheBehavior [ RunTime:0.011377s ]
INFO: [ app_begin ] --END-- [ RunTime:0.011508s ]
NOTIC: [8] A session had already been started - ignoring session_start() D:\wamp\www\manage\ThinkPHP\Common\functions.php 第 1191 行.
SQL: SHOW COLUMNS FROM `user` [ RunTime:0.005020s ]
SQL: SELECT * FROM `user` WHERE `username` = 'admin' LIMIT 1   [ RunTime:0.000184s ]
SQL: UPDATE `user` SET `logintime`=1409487912,`loginip`='127.0.0.1' WHERE `id` = 1 [ RunTime:0.068012s ]
INFO: [ view_parse ] --START--
INFO: [ template_filter ] --START--
INFO: Run Behavior\ContentReplaceBehavior [ RunTime:0.000060s ]
INFO: [ template_filter ] --END-- [ RunTime:0.000157s ]
INFO: Run Behavior\ParseTemplateBehavior [ RunTime:0.046326s ]
INFO: [ view_parse ] --END-- [ RunTime:0.046466s ]
INFO: [ view_filter ] --START--
INFO: Run Behavior\WriteHtmlCacheBehavior [ RunTime:0.010165s ]
INFO: [ view_filter ] --END-- [ RunTime:0.010267s ]
INFO: [ app_end ] --START--
INFO: Run Behavior\ShowPageTraceBehavior [ RunTime:0.009717s ]
INFO: [ app_end ] --END-- [ RunTime:0.009812s ]

[ 2014-08-31T20:25:13+08:00 ] 127.0.0.1 /manage/index.php/Home/Index/index
INFO: [ app_init ] --START--
INFO: Run Behavior\BuildLiteBehavior [ RunTime:0.000042s ]
INFO: [ app_init ] --END-- [ RunTime:0.004561s ]
INFO: [ app_begin ] --START--
INFO: Run Behavior\ReadHtmlCacheBehavior [ RunTime:0.013542s ]
INFO: [ app_begin ] --END-- [ RunTime:0.013690s ]
NOTIC: [8] A session had already been started - ignoring session_start() D:\wamp\www\manage\ThinkPHP\Common\functions.php 第 1191 行.
INFO: [ view_parse ] --START--
INFO: [ template_filter ] --START--
INFO: Run Behavior\ContentReplaceBehavior [ RunTime:0.000082s ]
INFO: [ template_filter ] --END-- [ RunTime:0.000184s ]
INFO: Run Behavior\ParseTemplateBehavior [ RunTime:0.050964s ]
INFO: [ view_parse ] --END-- [ RunTime:0.051120s ]
INFO: [ view_filter ] --START--
INFO: Run Behavior\WriteHtmlCacheBehavior [ RunTime:0.010783s ]
INFO: [ view_filter ] --END-- [ RunTime:0.010901s ]
INFO: [ app_end ] --START--
INFO: Run Behavior\ShowPageTraceBehavior [ RunTime:0.011138s ]
INFO: [ app_end ] --END-- [ RunTime:0.011272s ]

[ 2014-08-31T20:25:48+08:00 ] 127.0.0.1 /manage/
INFO: [ app_init ] --START--
INFO: Run Behavior\BuildLiteBehavior [ RunTime:0.000023s ]
INFO: [ app_init ] --END-- [ RunTime:0.002717s ]
INFO: [ app_begin ] --START--
INFO: Run Behavior\ReadHtmlCacheBehavior [ RunTime:0.009390s ]
INFO: [ app_begin ] --END-- [ RunTime:0.009508s ]
NOTIC: [8] A session had already been started - ignoring session_start() D:\wamp\www\manage\ThinkPHP\Common\functions.php 第 1191 行.
INFO: [ view_parse ] --START--
INFO: [ template_filter ] --START--
INFO: Run Behavior\ContentReplaceBehavior [ RunTime:0.000080s ]
INFO: [ template_filter ] --END-- [ RunTime:0.000185s ]
INFO: Run Behavior\ParseTemplateBehavior [ RunTime:0.045874s ]
INFO: [ view_parse ] --END-- [ RunTime:0.046017s ]
INFO: [ view_filter ] --START--
INFO: Run Behavior\WriteHtmlCacheBehavior [ RunTime:0.009261s ]
INFO: [ view_filter ] --END-- [ RunTime:0.009362s ]
INFO: [ app_end ] --START--
INFO: Run Behavior\ShowPageTraceBehavior [ RunTime:0.009168s ]
INFO: [ app_end ] --END-- [ RunTime:0.009246s ]

[ 2014-08-31T20:27:26+08:00 ] 127.0.0.1 /manage/index.php/Home/Login/login.html
INFO: [ app_init ] --START--
INFO: Run Behavior\BuildLiteBehavior [ RunTime:0.000025s ]
INFO: [ app_init ] --END-- [ RunTime:0.002833s ]
INFO: [ app_begin ] --START--
INFO: Run Behavior\ReadHtmlCacheBehavior [ RunTime:0.009853s ]
INFO: [ app_begin ] --END-- [ RunTime:0.009988s ]
NOTIC: [8] A session had already been started - ignoring session_start() D:\wamp\www\manage\ThinkPHP\Common\functions.php 第 1191 行.
SQL: SHOW COLUMNS FROM `user` [ RunTime:0.005045s ]
SQL: SELECT * FROM `user` WHERE `username` = 'admin' LIMIT 1   [ RunTime:0.000468s ]
SQL: UPDATE `user` SET `logintime`=1409488046,`loginip`='127.0.0.1' WHERE `id` = 1 [ RunTime:0.002042s ]
INFO: [ view_parse ] --START--
INFO: [ template_filter ] --START--
INFO: Run Behavior\ContentReplaceBehavior [ RunTime:0.000059s ]
INFO: [ template_filter ] --END-- [ RunTime:0.000154s ]
INFO: Run Behavior\ParseTemplateBehavior [ RunTime:0.042748s ]
INFO: [ view_parse ] --END-- [ RunTime:0.042899s ]
INFO: [ view_filter ] --START--
INFO: Run Behavior\WriteHtmlCacheBehavior [ RunTime:0.009130s ]
INFO: [ view_filter ] --END-- [ RunTime:0.009212s ]
INFO: [ app_end ] --START--
INFO: Run Behavior\ShowPageTraceBehavior [ RunTime:0.009455s ]
INFO: [ app_end ] --END-- [ RunTime:0.009553s ]

[ 2014-08-31T20:27:28+08:00 ] 127.0.0.1 /manage/index.php/Home/Index/index
INFO: [ app_init ] --START--
INFO: Run Behavior\BuildLiteBehavior [ RunTime:0.000040s ]
INFO: [ app_init ] --END-- [ RunTime:0.004114s ]
INFO: [ app_begin ] --START--
INFO: Run Behavior\ReadHtmlCacheBehavior [ RunTime:0.015719s ]
INFO: [ app_begin ] --END-- [ RunTime:0.015880s ]
NOTIC: [8] A session had already been started - ignoring session_start() D:\wamp\www\manage\ThinkPHP\Common\functions.php 第 1191 行.
INFO: [ view_parse ] --START--
INFO: [ template_filter ] --START--
INFO: Run Behavior\ContentReplaceBehavior [ RunTime:0.000096s ]
INFO: [ template_filter ] --END-- [ RunTime:0.000225s ]
INFO: Run Behavior\ParseTemplateBehavior [ RunTime:0.064064s ]
INFO: [ view_parse ] --END-- [ RunTime:0.064219s ]
INFO: [ view_filter ] --START--
INFO: Run Behavior\WriteHtmlCacheBehavior [ RunTime:0.010350s ]
INFO: [ view_filter ] --END-- [ RunTime:0.010466s ]
INFO: [ app_end ] --START--
INFO: Run Behavior\ShowPageTraceBehavior [ RunTime:0.011033s ]
INFO: [ app_end ] --END-- [ RunTime:0.011173s ]

