[ 2014-09-09T18:52:45+08:00 ] 127.0.0.1 /manage/
INFO: [ app_init ] --START--
INFO: Run Behavior\BuildLiteBehavior [ RunTime:0.000030s ]
INFO: [ app_init ] --END-- [ RunTime:0.052154s ]
INFO: [ app_begin ] --START--
INFO: Run Behavior\ReadHtmlCacheBehavior [ RunTime:0.026481s ]
INFO: [ app_begin ] --END-- [ RunTime:0.026860s ]
NOTIC: [8] A session had already been started - ignoring session_start() D:\wamp\www\manage\ThinkPHP\Common\functions.php 第 1191 行.
SQL: SHOW COLUMNS FROM `apart_work` [ RunTime:0.268842s ]
SQL: SELECT COUNT(*) AS tp_count FROM `apart_work` WHERE ( apart_id = 2 ) LIMIT 1   [ RunTime:0.067486s ]
SQL: SELECT * FROM `apart_work` LEFT JOIN work ON apart_work.work_id = work.id  WHERE ( apart_id = 2 )  [ RunTime:0.229951s ]
INFO: [ view_parse ] --START--
INFO: [ template_filter ] --START--
INFO: Run Behavior\ContentReplaceBehavior [ RunTime:0.000121s ]
INFO: [ template_filter ] --END-- [ RunTime:0.001108s ]
INFO: Run Behavior\ParseTemplateBehavior [ RunTime:0.321885s ]
INFO: [ view_parse ] --END-- [ RunTime:0.322016s ]
INFO: [ view_filter ] --START--
INFO: Run Behavior\WriteHtmlCacheBehavior [ RunTime:0.041438s ]
INFO: [ view_filter ] --END-- [ RunTime:0.041547s ]
INFO: [ app_end ] --START--
INFO: Run Behavior\ShowPageTraceBehavior [ RunTime:0.011288s ]
INFO: [ app_end ] --END-- [ RunTime:0.011387s ]

[ 2014-09-09T18:52:55+08:00 ] 127.0.0.1 /manage/index.php/Home/Login/login.html
INFO: [ app_init ] --START--
INFO: Run Behavior\BuildLiteBehavior [ RunTime:0.000070s ]
INFO: [ app_init ] --END-- [ RunTime:0.002866s ]
INFO: [ app_begin ] --START--
INFO: Run Behavior\ReadHtmlCacheBehavior [ RunTime:0.010671s ]
INFO: [ app_begin ] --END-- [ RunTime:0.010823s ]
NOTIC: [8] A session had already been started - ignoring session_start() D:\wamp\www\manage\ThinkPHP\Common\functions.php 第 1191 行.
SQL: SHOW COLUMNS FROM `user` [ RunTime:0.091403s ]
SQL: SELECT * FROM `user` WHERE `username` = '1111' LIMIT 1   [ RunTime:0.017287s ]
SQL: UPDATE `user` SET `logintime`=1410259974,`loginip`='127.0.0.1' WHERE `id` = 30 [ RunTime:0.043461s ]
SQL: SHOW COLUMNS FROM `user` [ RunTime:0.005778s ]
SQL: SELECT `id`,`username`,`logintime`,`loginip`,`lock` FROM `user` WHERE `id` = 30  [ RunTime:0.000581s ]
SQL: SHOW COLUMNS FROM `role` [ RunTime:0.045279s ]
NOTIC: [8] Undefined index: mapping_order D:\wamp\www\manage\ThinkPHP\Library\Think\Model\RelationModel.class.php 第 186 行.
NOTIC: [8] Undefined index: mapping_limit D:\wamp\www\manage\ThinkPHP\Library\Think\Model\RelationModel.class.php 第 187 行.
SQL: SELECT b.id, name, remark FROM role_user AS a, role AS b WHERE a.role_id = b.id AND a. user_id='30' [ RunTime:0.028512s ]
SQL: SHOW COLUMNS FROM `apartment` [ RunTime:0.037147s ]
NOTIC: [8] Undefined index: mapping_order D:\wamp\www\manage\ThinkPHP\Library\Think\Model\RelationModel.class.php 第 186 行.
NOTIC: [8] Undefined index: mapping_limit D:\wamp\www\manage\ThinkPHP\Library\Think\Model\RelationModel.class.php 第 187 行.
SQL: SELECT b.id, name FROM apart_user AS a, apartment AS b WHERE a.apart_id = b.id AND a. user_id='30' [ RunTime:0.062197s ]
SQL: SHOW COLUMNS FROM `level` [ RunTime:0.032331s ]
NOTIC: [8] Undefined index: mapping_order D:\wamp\www\manage\ThinkPHP\Library\Think\Model\RelationModel.class.php 第 186 行.
NOTIC: [8] Undefined index: mapping_limit D:\wamp\www\manage\ThinkPHP\Library\Think\Model\RelationModel.class.php 第 187 行.
SQL: SELECT b.id, name FROM level_user AS a, level AS b WHERE a.level_id = b.id AND a. user_id='30' [ RunTime:0.035011s ]
SQL: SHOW COLUMNS FROM `work` [ RunTime:0.005615s ]
NOTIC: [8] Undefined index: mapping_order D:\wamp\www\manage\ThinkPHP\Library\Think\Model\RelationModel.class.php 第 186 行.
NOTIC: [8] Undefined index: mapping_limit D:\wamp\www\manage\ThinkPHP\Library\Think\Model\RelationModel.class.php 第 187 行.
SQL: SELECT b.id, title, content, deadline FROM work_user AS a, work AS b WHERE a.work_id = b.id AND a. user_id='30' [ RunTime:0.064208s ]
NOTIC: [8] Undefined index: superadmin D:\wamp\www\manage\ThinkPHP\Library\Org\Util\Rbac.class.php 第 88 行.
SQL: select node.id,node.name from role as role,role_user as user,access as access ,node as node where user.user_id='30' and user.role_id=role.id and ( access.role_id=role.id  or (access.role_id=role.pid and role.pid!=0 ) ) and role.status=1 and access.node_id=node.id and node.level=1 and node.status=1 [ RunTime:0.135173s ]
SQL: select node.id,node.name from role as role,role_user as user,access as access ,node as node where user.user_id='30' and user.role_id=role.id and ( access.role_id=role.id  or (access.role_id=role.pid and role.pid!=0 ) ) and role.status=1 and access.node_id=node.id and node.level=2 and node.pid=1 and node.status=1 [ RunTime:0.000819s ]
SQL: select node.id,node.name from role as role,role_user as user,access as access ,node as node where user.user_id='30' and user.role_id=role.id and ( access.role_id=role.id  or (access.role_id=role.pid and role.pid!=0 ) ) and role.status=1 and access.node_id=node.id and node.level=3 and node.pid=4 and node.status=1 [ RunTime:0.000779s ]
SQL: select node.id,node.name from role as role,role_user as user,access as access ,node as node where user.user_id='30' and user.role_id=role.id and ( access.role_id=role.id  or (access.role_id=role.pid and role.pid!=0 ) ) and role.status=1 and access.node_id=node.id and node.level=3 and node.pid=16 and node.status=1 [ RunTime:0.000681s ]
SQL: select node.id,node.name from role as role,role_user as user,access as access ,node as node where user.user_id='30' and user.role_id=role.id and ( access.role_id=role.id  or (access.role_id=role.pid and role.pid!=0 ) ) and role.status=1 and access.node_id=node.id and node.level=3 and node.pid=29 and node.status=1 [ RunTime:0.000685s ]
SQL: select node.id,node.name from role as role,role_user as user,access as access ,node as node where user.user_id='30' and user.role_id=role.id and ( access.role_id=role.id  or (access.role_id=role.pid and role.pid!=0 ) ) and role.status=1 and access.node_id=node.id and node.level=2 and node.pid=2 and node.status=1 [ RunTime:0.000479s ]
SQL: select node.id,node.name from role as role,role_user as user,access as access ,node as node where user.user_id='30' and user.role_id=role.id and ( access.role_id=role.id  or (access.role_id=role.pid and role.pid!=0 ) ) and role.status=1 and access.node_id=node.id and node.level=3 and node.pid=27 and node.status=1 [ RunTime:0.000546s ]
INFO: [ view_parse ] --START--
INFO: [ template_filter ] --START--
INFO: Run Behavior\ContentReplaceBehavior [ RunTime:0.000060s ]
INFO: [ template_filter ] --END-- [ RunTime:0.000154s ]
INFO: Run Behavior\ParseTemplateBehavior [ RunTime:0.091739s ]
INFO: [ view_parse ] --END-- [ RunTime:0.091878s ]
INFO: [ view_filter ] --START--
INFO: Run Behavior\WriteHtmlCacheBehavior [ RunTime:0.011351s ]
INFO: [ view_filter ] --END-- [ RunTime:0.011445s ]
INFO: [ app_end ] --START--
INFO: Run Behavior\ShowPageTraceBehavior [ RunTime:0.010191s ]
INFO: [ app_end ] --END-- [ RunTime:0.010288s ]

[ 2014-09-09T18:52:56+08:00 ] 127.0.0.1 /manage/index.php/Home/Index/index
INFO: [ app_init ] --START--
INFO: Run Behavior\BuildLiteBehavior [ RunTime:0.000027s ]
INFO: [ app_init ] --END-- [ RunTime:0.002860s ]
INFO: [ app_begin ] --START--
INFO: Run Behavior\ReadHtmlCacheBehavior [ RunTime:0.009607s ]
INFO: [ app_begin ] --END-- [ RunTime:0.009743s ]
NOTIC: [8] A session had already been started - ignoring session_start() D:\wamp\www\manage\ThinkPHP\Common\functions.php 第 1191 行.
SQL: SHOW COLUMNS FROM `apart_work` [ RunTime:0.006137s ]
SQL: SELECT COUNT(*) AS tp_count FROM `apart_work` WHERE ( apart_id = 2 ) LIMIT 1   [ RunTime:0.044762s ]
SQL: SELECT * FROM `apart_work` LEFT JOIN work ON apart_work.work_id = work.id  WHERE ( apart_id = 2 )  [ RunTime:0.000493s ]
INFO: [ view_parse ] --START--
INFO: [ template_filter ] --START--
INFO: Run Behavior\ContentReplaceBehavior [ RunTime:0.000094s ]
INFO: [ template_filter ] --END-- [ RunTime:0.000189s ]
INFO: Run Behavior\ParseTemplateBehavior [ RunTime:0.054187s ]
INFO: [ view_parse ] --END-- [ RunTime:0.054302s ]
INFO: [ view_filter ] --START--
INFO: Run Behavior\WriteHtmlCacheBehavior [ RunTime:0.009884s ]
INFO: [ view_filter ] --END-- [ RunTime:0.009975s ]
INFO: [ app_end ] --START--
INFO: Run Behavior\ShowPageTraceBehavior [ RunTime:0.009983s ]
INFO: [ app_end ] --END-- [ RunTime:0.010080s ]

[ 2014-09-09T18:53:00+08:00 ] 127.0.0.1 /manage/index.php/Home/Apart/index/apart_id/3.html
INFO: [ app_init ] --START--
INFO: Run Behavior\BuildLiteBehavior [ RunTime:0.000025s ]
INFO: [ app_init ] --END-- [ RunTime:0.002797s ]
INFO: [ app_begin ] --START--
INFO: Run Behavior\ReadHtmlCacheBehavior [ RunTime:0.009430s ]
INFO: [ app_begin ] --END-- [ RunTime:0.009564s ]
NOTIC: [8] A session had already been started - ignoring session_start() D:\wamp\www\manage\ThinkPHP\Common\functions.php 第 1191 行.
SQL: SHOW COLUMNS FROM `apartment` [ RunTime:0.035593s ]
SQL: SELECT * FROM `apartment` WHERE `id` = 3  [ RunTime:0.000569s ]
SQL: SHOW COLUMNS FROM `work_user` [ RunTime:0.005122s ]
SQL: SELECT `deadline` FROM `work_user` LEFT JOIN work ON work_user.work_id = work.id  WHERE ( user_id = 30 ) ORDER BY deadline desc LIMIT 1   [ RunTime:0.025805s ]
SQL: SHOW COLUMNS FROM `work_up` [ RunTime:0.043031s ]
SQL: SELECT `work_id` FROM `work_up` WHERE ( user_id = 30 )  [ RunTime:0.000572s ]
SQL: SHOW COLUMNS FROM `work` [ RunTime:0.005364s ]
SQL: SELECT * FROM `work` WHERE ( id = 59 ) LIMIT 1   [ RunTime:0.000637s ]
SQL: SELECT `id` FROM `work` LEFT JOIN work_user ON work_user.work_id = work.id  WHERE ( user_id = 30 )  [ RunTime:0.000511s ]
SQL: SELECT `deadline` FROM `work` WHERE ( id = 57 ) LIMIT 1   [ RunTime:0.000456s ]
SQL: SELECT `deadline` FROM `work` WHERE ( id = 58 ) LIMIT 1   [ RunTime:0.000471s ]
SQL: SELECT `deadline` FROM `work` WHERE ( id = 62 ) LIMIT 1   [ RunTime:0.000491s ]
SQL: SELECT `deadline` FROM `work` WHERE ( id = 63 ) LIMIT 1   [ RunTime:0.000460s ]
SQL: SELECT `deadline` FROM `work` WHERE ( id = 64 ) LIMIT 1   [ RunTime:0.000259s ]
SQL: SELECT * FROM `work` WHERE ( id = 64 ) LIMIT 1   [ RunTime:0.000273s ]
SQL: SELECT * FROM `work` WHERE ( id = 57 ) LIMIT 1   [ RunTime:0.000239s ]
SQL: SELECT * FROM `work` WHERE ( id = 58 ) LIMIT 1   [ RunTime:0.000251s ]
SQL: SELECT * FROM `work` WHERE ( id = 62 ) LIMIT 1   [ RunTime:0.000368s ]
SQL: SELECT * FROM `work` WHERE ( id = 63 ) LIMIT 1   [ RunTime:0.000639s ]
NOTIC: [8] Undefined variable: data D:\wamp\www\manage\App\Home\Controller\ApartController.class.php 第 118 行.
SQL: SHOW COLUMNS FROM `apart_work` [ RunTime:0.005521s ]
SQL: SELECT * FROM `apart_work` LEFT JOIN work ON apart_work.work_id = work.id  WHERE ( apart_id = 3 ) ORDER BY id desc LIMIT 6   [ RunTime:0.020202s ]
SQL: SELECT `work_id` FROM `apart_work` WHERE ( apart_id = 3 )  [ RunTime:0.000574s ]
SQL: SELECT `work_id`,`username` FROM `work_user` LEFT JOIN user ON work_user.user_id = user.id  WHERE (  work_id = 57  )  [ RunTime:0.000547s ]
SQL: SELECT `work_id`,`username` FROM `work_user` LEFT JOIN user ON work_user.user_id = user.id  WHERE (  work_id = 58  )  [ RunTime:0.000514s ]
SQL: SELECT `work_id`,`username` FROM `work_user` LEFT JOIN user ON work_user.user_id = user.id  WHERE (  work_id = 59  )  [ RunTime:0.000304s ]
SQL: SELECT `work_id`,`username` FROM `work_user` LEFT JOIN user ON work_user.user_id = user.id  WHERE (  work_id = 60  )  [ RunTime:0.000299s ]
SQL: SELECT `work_id`,`username` FROM `work_user` LEFT JOIN user ON work_user.user_id = user.id  WHERE (  work_id = 61  )  [ RunTime:0.000397s ]
SQL: SELECT `work_id`,`username` FROM `work_user` LEFT JOIN user ON work_user.user_id = user.id  WHERE (  work_id = 62  )  [ RunTime:0.000416s ]
SQL: SELECT `work_id`,`username` FROM `work_user` LEFT JOIN user ON work_user.user_id = user.id  WHERE (  work_id = 63  )  [ RunTime:0.000520s ]
SQL: SELECT `work_id`,`username` FROM `work_user` LEFT JOIN user ON work_user.user_id = user.id  WHERE (  work_id = 64  )  [ RunTime:0.000513s ]
SQL: SELECT `work_id`,`username` FROM `work_user` LEFT JOIN user ON work_user.user_id = user.id  WHERE (  work_id = 65  )  [ RunTime:0.000651s ]
SQL: SHOW COLUMNS FROM `resource` [ RunTime:0.030368s ]
SQL: SELECT * FROM `resource` ORDER BY id desc LIMIT 13   [ RunTime:0.000585s ]
SQL: SHOW COLUMNS FROM `question` [ RunTime:0.045356s ]
SQL: SELECT * FROM `question` LEFT JOIN user ON question.uid = user.id   [ RunTime:0.000579s ]
SQL: SHOW COLUMNS FROM `user` [ RunTime:0.005669s ]
SQL: SELECT * FROM `user` RIGHT JOIN information ON user.id = information.uid   [ RunTime:0.044797s ]
SQL: SELECT * FROM `work_up` LEFT JOIN apart_user ON work_up.user_id = apart_user.user_id LEFT JOIN user ON user.id = work_up.user_id LEFT JOIN work ON work.id = work_up.work_id  WHERE ( apart_id = 3 )  [ RunTime:0.000660s ]
SQL: SHOW COLUMNS FROM `notice` [ RunTime:0.057250s ]
SQL: SELECT * FROM `notice` LEFT JOIN apart_notice ON notice.id = apart_notice.notice_id  WHERE ( apart_notice.apart_id = 3 ) ORDER BY createtime desc LIMIT 1   [ RunTime:0.023780s ]
INFO: [ view_parse ] --START--
INFO: [ template_filter ] --START--
INFO: Run Behavior\ContentReplaceBehavior [ RunTime:0.000245s ]
INFO: [ template_filter ] --END-- [ RunTime:0.000342s ]
NOTIC: [8] Undefined variable: page D:\wamp\www\manage\App\Runtime\Cache\Home\cf2a18121bf2639402ad186f532a5c6a.php 第 175 行.
NOTIC: [8] Undefined variable: invalid_page D:\wamp\www\manage\App\Runtime\Cache\Home\cf2a18121bf2639402ad186f532a5c6a.php 第 196 行.
INFO: Run Behavior\ParseTemplateBehavior [ RunTime:0.106852s ]
INFO: [ view_parse ] --END-- [ RunTime:0.107029s ]
INFO: [ view_filter ] --START--
INFO: Run Behavior\WriteHtmlCacheBehavior [ RunTime:0.010191s ]
INFO: [ view_filter ] --END-- [ RunTime:0.010290s ]
INFO: [ app_end ] --START--
INFO: Run Behavior\ShowPageTraceBehavior [ RunTime:0.013879s ]
INFO: [ app_end ] --END-- [ RunTime:0.014022s ]

[ 2014-09-09T18:57:09+08:00 ] 127.0.0.1 /manage/index.php/
INFO: [ app_init ] --START--
INFO: Run Behavior\BuildLiteBehavior [ RunTime:0.000025s ]
INFO: [ app_init ] --END-- [ RunTime:0.002857s ]
INFO: [ app_begin ] --START--
INFO: Run Behavior\ReadHtmlCacheBehavior [ RunTime:0.009761s ]
INFO: [ app_begin ] --END-- [ RunTime:0.009901s ]
NOTIC: [8] A session had already been started - ignoring session_start() D:\wamp\www\manage\ThinkPHP\Common\functions.php 第 1191 行.
SQL: SHOW COLUMNS FROM `apart_work` [ RunTime:0.005594s ]
SQL: SELECT COUNT(*) AS tp_count FROM `apart_work` WHERE ( apart_id = 2 ) LIMIT 1   [ RunTime:0.000161s ]
SQL: SELECT * FROM `apart_work` LEFT JOIN work ON apart_work.work_id = work.id  WHERE ( apart_id = 2 )  [ RunTime:0.000487s ]
INFO: [ view_parse ] --START--
INFO: [ template_filter ] --START--
INFO: Run Behavior\ContentReplaceBehavior [ RunTime:0.000097s ]
INFO: [ template_filter ] --END-- [ RunTime:0.000197s ]
INFO: Run Behavior\ParseTemplateBehavior [ RunTime:0.053178s ]
INFO: [ view_parse ] --END-- [ RunTime:0.053323s ]
INFO: [ view_filter ] --START--
INFO: Run Behavior\WriteHtmlCacheBehavior [ RunTime:0.009528s ]
INFO: [ view_filter ] --END-- [ RunTime:0.009630s ]
INFO: [ app_end ] --START--
INFO: Run Behavior\ShowPageTraceBehavior [ RunTime:0.010493s ]
INFO: [ app_end ] --END-- [ RunTime:0.010596s ]

[ 2014-09-09T19:04:57+08:00 ] 127.0.0.1 /manage/
INFO: [ app_init ] --START--
INFO: Run Behavior\BuildLiteBehavior [ RunTime:0.000025s ]
INFO: [ app_init ] --END-- [ RunTime:0.003287s ]
INFO: [ app_begin ] --START--
INFO: Run Behavior\ReadHtmlCacheBehavior [ RunTime:0.009692s ]
INFO: [ app_begin ] --END-- [ RunTime:0.009836s ]
NOTIC: [8] A session had already been started - ignoring session_start() D:\wamp\www\manage\ThinkPHP\Common\functions.php 第 1191 行.
SQL: SHOW COLUMNS FROM `apart_work` [ RunTime:0.007116s ]
SQL: SELECT COUNT(*) AS tp_count FROM `apart_work` WHERE ( apart_id = 2 ) LIMIT 1   [ RunTime:0.000281s ]
SQL: SELECT * FROM `apart_work` LEFT JOIN work ON apart_work.work_id = work.id  WHERE ( apart_id = 2 )  [ RunTime:0.000393s ]
INFO: [ view_parse ] --START--
INFO: [ template_filter ] --START--
INFO: Run Behavior\ContentReplaceBehavior [ RunTime:0.000095s ]
INFO: [ template_filter ] --END-- [ RunTime:0.000192s ]
INFO: Run Behavior\ParseTemplateBehavior [ RunTime:0.056584s ]
INFO: [ view_parse ] --END-- [ RunTime:0.056741s ]
INFO: [ view_filter ] --START--
INFO: Run Behavior\WriteHtmlCacheBehavior [ RunTime:0.009186s ]
INFO: [ view_filter ] --END-- [ RunTime:0.009269s ]
INFO: [ app_end ] --START--
INFO: Run Behavior\ShowPageTraceBehavior [ RunTime:0.009611s ]
INFO: [ app_end ] --END-- [ RunTime:0.009710s ]

[ 2014-09-09T19:04:59+08:00 ] 127.0.0.1 /manage/index.php/Home/Apart/index/apart_id/3.html
INFO: [ app_init ] --START--
INFO: Run Behavior\BuildLiteBehavior [ RunTime:0.000024s ]
INFO: [ app_init ] --END-- [ RunTime:0.002930s ]
INFO: [ app_begin ] --START--
INFO: Run Behavior\ReadHtmlCacheBehavior [ RunTime:0.009645s ]
INFO: [ app_begin ] --END-- [ RunTime:0.009771s ]
NOTIC: [8] A session had already been started - ignoring session_start() D:\wamp\www\manage\ThinkPHP\Common\functions.php 第 1191 行.
SQL: SHOW COLUMNS FROM `apartment` [ RunTime:0.005568s ]
SQL: SELECT * FROM `apartment` WHERE `id` = 3  [ RunTime:0.000183s ]
SQL: SHOW COLUMNS FROM `work_user` [ RunTime:0.005065s ]
SQL: SELECT `deadline` FROM `work_user` LEFT JOIN work ON work_user.work_id = work.id  WHERE ( user_id = 30 ) ORDER BY deadline desc LIMIT 1   [ RunTime:0.000176s ]
SQL: SHOW COLUMNS FROM `work_up` [ RunTime:0.007025s ]
SQL: SELECT `work_id` FROM `work_up` WHERE ( user_id = 30 )  [ RunTime:0.000411s ]
SQL: SHOW COLUMNS FROM `work` [ RunTime:0.004995s ]
SQL: SELECT * FROM `work` WHERE ( id = 59 ) LIMIT 1   [ RunTime:0.000209s ]
SQL: SELECT `id` FROM `work` LEFT JOIN work_user ON work_user.work_id = work.id  WHERE ( user_id = 30 )  [ RunTime:0.000694s ]
SQL: SELECT `deadline` FROM `work` WHERE ( id = 57 ) LIMIT 1   [ RunTime:0.000175s ]
SQL: SELECT `deadline` FROM `work` WHERE ( id = 58 ) LIMIT 1   [ RunTime:0.000194s ]
SQL: SELECT `deadline` FROM `work` WHERE ( id = 62 ) LIMIT 1   [ RunTime:0.000125s ]
SQL: SELECT `deadline` FROM `work` WHERE ( id = 63 ) LIMIT 1   [ RunTime:0.000115s ]
SQL: SELECT `deadline` FROM `work` WHERE ( id = 64 ) LIMIT 1   [ RunTime:0.000123s ]
SQL: SELECT * FROM `work` WHERE ( id = 64 ) LIMIT 1   [ RunTime:0.000255s ]
SQL: SELECT * FROM `work` WHERE ( id = 57 ) LIMIT 1   [ RunTime:0.000207s ]
SQL: SELECT * FROM `work` WHERE ( id = 58 ) LIMIT 1   [ RunTime:0.000137s ]
SQL: SELECT * FROM `work` WHERE ( id = 62 ) LIMIT 1   [ RunTime:0.000160s ]
SQL: SELECT * FROM `work` WHERE ( id = 63 ) LIMIT 1   [ RunTime:0.000135s ]
NOTIC: [8] Undefined variable: data D:\wamp\www\manage\App\Home\Controller\ApartController.class.php 第 118 行.
SQL: SHOW COLUMNS FROM `apart_work` [ RunTime:0.006114s ]
SQL: SELECT * FROM `apart_work` LEFT JOIN work ON apart_work.work_id = work.id  WHERE ( apart_id = 3 ) ORDER BY id desc LIMIT 6   [ RunTime:0.000210s ]
SQL: SELECT `work_id` FROM `apart_work` WHERE ( apart_id = 3 )  [ RunTime:0.000116s ]
SQL: SELECT `work_id`,`username` FROM `work_user` LEFT JOIN user ON work_user.user_id = user.id  WHERE (  work_id = 57  )  [ RunTime:0.000137s ]
SQL: SELECT `work_id`,`username` FROM `work_user` LEFT JOIN user ON work_user.user_id = user.id  WHERE (  work_id = 58  )  [ RunTime:0.000105s ]
SQL: SELECT `work_id`,`username` FROM `work_user` LEFT JOIN user ON work_user.user_id = user.id  WHERE (  work_id = 59  )  [ RunTime:0.000119s ]
SQL: SELECT `work_id`,`username` FROM `work_user` LEFT JOIN user ON work_user.user_id = user.id  WHERE (  work_id = 60  )  [ RunTime:0.000104s ]
SQL: SELECT `work_id`,`username` FROM `work_user` LEFT JOIN user ON work_user.user_id = user.id  WHERE (  work_id = 61  )  [ RunTime:0.000121s ]
SQL: SELECT `work_id`,`username` FROM `work_user` LEFT JOIN user ON work_user.user_id = user.id  WHERE (  work_id = 62  )  [ RunTime:0.000104s ]
SQL: SELECT `work_id`,`username` FROM `work_user` LEFT JOIN user ON work_user.user_id = user.id  WHERE (  work_id = 63  )  [ RunTime:0.000106s ]
SQL: SELECT `work_id`,`username` FROM `work_user` LEFT JOIN user ON work_user.user_id = user.id  WHERE (  work_id = 64  )  [ RunTime:0.000120s ]
SQL: SELECT `work_id`,`username` FROM `work_user` LEFT JOIN user ON work_user.user_id = user.id  WHERE (  work_id = 65  )  [ RunTime:0.000168s ]
SQL: SHOW COLUMNS FROM `resource` [ RunTime:0.005454s ]
SQL: SELECT * FROM `resource` ORDER BY id desc LIMIT 13   [ RunTime:0.000172s ]
SQL: SHOW COLUMNS FROM `question` [ RunTime:0.005741s ]
SQL: SELECT * FROM `question` LEFT JOIN user ON question.uid = user.id   [ RunTime:0.000185s ]
SQL: SHOW COLUMNS FROM `user` [ RunTime:0.005195s ]
SQL: SELECT * FROM `user` RIGHT JOIN information ON user.id = information.uid   [ RunTime:0.000165s ]
SQL: SELECT * FROM `work_up` LEFT JOIN apart_user ON work_up.user_id = apart_user.user_id LEFT JOIN user ON user.id = work_up.user_id LEFT JOIN work ON work.id = work_up.work_id  WHERE ( apart_id = 3 )  [ RunTime:0.000146s ]
SQL: SHOW COLUMNS FROM `notice` [ RunTime:0.005770s ]
SQL: SELECT * FROM `notice` LEFT JOIN apart_notice ON notice.id = apart_notice.notice_id  WHERE ( apart_notice.apart_id = 3 ) ORDER BY createtime desc LIMIT 1   [ RunTime:0.000144s ]
INFO: [ view_parse ] --START--
INFO: [ template_filter ] --START--
INFO: Run Behavior\ContentReplaceBehavior [ RunTime:0.000244s ]
INFO: [ template_filter ] --END-- [ RunTime:0.000343s ]
NOTIC: [8] Undefined variable: page D:\wamp\www\manage\App\Runtime\Cache\Home\cf2a18121bf2639402ad186f532a5c6a.php 第 175 行.
NOTIC: [8] Undefined variable: invalid_page D:\wamp\www\manage\App\Runtime\Cache\Home\cf2a18121bf2639402ad186f532a5c6a.php 第 196 行.
INFO: Run Behavior\ParseTemplateBehavior [ RunTime:0.072851s ]
INFO: [ view_parse ] --END-- [ RunTime:0.072957s ]
INFO: [ view_filter ] --START--
INFO: Run Behavior\WriteHtmlCacheBehavior [ RunTime:0.009960s ]
INFO: [ view_filter ] --END-- [ RunTime:0.010061s ]
INFO: [ app_end ] --START--
INFO: Run Behavior\ShowPageTraceBehavior [ RunTime:0.009709s ]
INFO: [ app_end ] --END-- [ RunTime:0.009818s ]

[ 2014-09-09T19:26:03+08:00 ] 127.0.0.1 /manage/index.php/Home/Index/index
INFO: [ app_init ] --START--
INFO: Run Behavior\BuildLiteBehavior [ RunTime:0.000027s ]
INFO: [ app_init ] --END-- [ RunTime:0.003256s ]
INFO: [ app_begin ] --START--
INFO: Run Behavior\ReadHtmlCacheBehavior [ RunTime:0.010911s ]
INFO: [ app_begin ] --END-- [ RunTime:0.011042s ]
NOTIC: [8] A session had already been started - ignoring session_start() D:\wamp\www\manage\ThinkPHP\Common\functions.php 第 1191 行.
SQL: SHOW COLUMNS FROM `apart_work` [ RunTime:0.007789s ]
SQL: SELECT COUNT(*) AS tp_count FROM `apart_work` WHERE ( apart_id = 2 ) LIMIT 1   [ RunTime:0.000144s ]
SQL: SELECT * FROM `apart_work` LEFT JOIN work ON apart_work.work_id = work.id  WHERE ( apart_id = 2 )  [ RunTime:0.000263s ]
INFO: [ view_parse ] --START--
INFO: [ template_filter ] --START--
INFO: Run Behavior\ContentReplaceBehavior [ RunTime:0.000099s ]
INFO: [ template_filter ] --END-- [ RunTime:0.000204s ]
INFO: Run Behavior\ParseTemplateBehavior [ RunTime:0.054215s ]
INFO: [ view_parse ] --END-- [ RunTime:0.054374s ]
INFO: [ view_filter ] --START--
INFO: Run Behavior\WriteHtmlCacheBehavior [ RunTime:0.012940s ]
INFO: [ view_filter ] --END-- [ RunTime:0.013076s ]
INFO: [ app_end ] --START--
INFO: Run Behavior\ShowPageTraceBehavior [ RunTime:0.009855s ]
INFO: [ app_end ] --END-- [ RunTime:0.009958s ]

[ 2014-09-09T19:26:19+08:00 ] 127.0.0.1 /manage/index.php/Home/Index/index
INFO: [ app_init ] --START--
INFO: Run Behavior\BuildLiteBehavior [ RunTime:0.000023s ]
INFO: [ app_init ] --END-- [ RunTime:0.002838s ]
INFO: [ app_begin ] --START--
INFO: Run Behavior\ReadHtmlCacheBehavior [ RunTime:0.010300s ]
INFO: [ app_begin ] --END-- [ RunTime:0.010436s ]
NOTIC: [8] A session had already been started - ignoring session_start() D:\wamp\www\manage\ThinkPHP\Common\functions.php 第 1191 行.
SQL: SHOW COLUMNS FROM `apart_work` [ RunTime:0.006094s ]
SQL: SELECT COUNT(*) AS tp_count FROM `apart_work` WHERE ( apart_id = 2 ) LIMIT 1   [ RunTime:0.000264s ]
SQL: SELECT * FROM `apart_work` LEFT JOIN work ON apart_work.work_id = work.id  WHERE ( apart_id = 2 )  [ RunTime:0.000428s ]
INFO: [ view_parse ] --START--
INFO: [ template_filter ] --START--
INFO: Run Behavior\ContentReplaceBehavior [ RunTime:0.000095s ]
INFO: [ template_filter ] --END-- [ RunTime:0.000193s ]
INFO: Run Behavior\ParseTemplateBehavior [ RunTime:0.059686s ]
INFO: [ view_parse ] --END-- [ RunTime:0.059790s ]
INFO: [ view_filter ] --START--
INFO: Run Behavior\WriteHtmlCacheBehavior [ RunTime:0.009088s ]
INFO: [ view_filter ] --END-- [ RunTime:0.009159s ]
INFO: [ app_end ] --START--
INFO: Run Behavior\ShowPageTraceBehavior [ RunTime:0.010565s ]
INFO: [ app_end ] --END-- [ RunTime:0.010664s ]

[ 2014-09-09T19:26:57+08:00 ] 127.0.0.1 /manage/index.php/Home/Index/index
INFO: [ app_init ] --START--
INFO: Run Behavior\BuildLiteBehavior [ RunTime:0.000037s ]
INFO: [ app_init ] --END-- [ RunTime:0.003812s ]
INFO: [ app_begin ] --START--
INFO: Run Behavior\ReadHtmlCacheBehavior [ RunTime:0.009780s ]
INFO: [ app_begin ] --END-- [ RunTime:0.009916s ]
NOTIC: [8] A session had already been started - ignoring session_start() D:\wamp\www\manage\ThinkPHP\Common\functions.php 第 1191 行.
SQL: SHOW COLUMNS FROM `apart_work` [ RunTime:0.005639s ]
SQL: SELECT COUNT(*) AS tp_count FROM `apart_work` WHERE ( apart_id = 2 ) LIMIT 1   [ RunTime:0.000154s ]
SQL: SELECT * FROM `apart_work` LEFT JOIN work ON apart_work.work_id = work.id  WHERE ( apart_id = 2 )  [ RunTime:0.000282s ]
INFO: [ view_parse ] --START--
INFO: [ template_filter ] --START--
INFO: Run Behavior\ContentReplaceBehavior [ RunTime:0.000100s ]
INFO: [ template_filter ] --END-- [ RunTime:0.000204s ]
INFO: Run Behavior\ParseTemplateBehavior [ RunTime:0.063532s ]
INFO: [ view_parse ] --END-- [ RunTime:0.063639s ]
INFO: [ view_filter ] --START--
INFO: Run Behavior\WriteHtmlCacheBehavior [ RunTime:0.010627s ]
INFO: [ view_filter ] --END-- [ RunTime:0.010729s ]
INFO: [ app_end ] --START--
INFO: Run Behavior\ShowPageTraceBehavior [ RunTime:0.009807s ]
INFO: [ app_end ] --END-- [ RunTime:0.009904s ]

[ 2014-09-09T19:26:58+08:00 ] 127.0.0.1 /manage/index.php/Home/Index/index
INFO: [ app_init ] --START--
INFO: Run Behavior\BuildLiteBehavior [ RunTime:0.000023s ]
INFO: [ app_init ] --END-- [ RunTime:0.002727s ]
INFO: [ app_begin ] --START--
INFO: Run Behavior\ReadHtmlCacheBehavior [ RunTime:0.009442s ]
INFO: [ app_begin ] --END-- [ RunTime:0.009584s ]
NOTIC: [8] A session had already been started - ignoring session_start() D:\wamp\www\manage\ThinkPHP\Common\functions.php 第 1191 行.
SQL: SHOW COLUMNS FROM `apart_work` [ RunTime:0.008851s ]
SQL: SELECT COUNT(*) AS tp_count FROM `apart_work` WHERE ( apart_id = 2 ) LIMIT 1   [ RunTime:0.000294s ]
SQL: SELECT * FROM `apart_work` LEFT JOIN work ON apart_work.work_id = work.id  WHERE ( apart_id = 2 )  [ RunTime:0.000399s ]
INFO: [ view_parse ] --START--
INFO: [ template_filter ] --START--
INFO: Run Behavior\ContentReplaceBehavior [ RunTime:0.000142s ]
INFO: [ template_filter ] --END-- [ RunTime:0.000313s ]
INFO: Run Behavior\ParseTemplateBehavior [ RunTime:0.084579s ]
INFO: [ view_parse ] --END-- [ RunTime:0.084770s ]
INFO: [ view_filter ] --START--
INFO: Run Behavior\WriteHtmlCacheBehavior [ RunTime:0.018712s ]
INFO: [ view_filter ] --END-- [ RunTime:0.018870s ]
INFO: [ app_end ] --START--
INFO: Run Behavior\ShowPageTraceBehavior [ RunTime:0.017224s ]
INFO: [ app_end ] --END-- [ RunTime:0.017370s ]

[ 2014-09-09T19:27:50+08:00 ] 127.0.0.1 /manage/index.php/Home/Index/index
INFO: [ app_init ] --START--
INFO: Run Behavior\BuildLiteBehavior [ RunTime:0.000024s ]
INFO: [ app_init ] --END-- [ RunTime:0.002928s ]
INFO: [ app_begin ] --START--
INFO: Run Behavior\ReadHtmlCacheBehavior [ RunTime:0.010326s ]
INFO: [ app_begin ] --END-- [ RunTime:0.010457s ]
NOTIC: [8] A session had already been started - ignoring session_start() D:\wamp\www\manage\ThinkPHP\Common\functions.php 第 1191 行.
SQL: SHOW COLUMNS FROM `apart_work` [ RunTime:0.007624s ]
SQL: SELECT COUNT(*) AS tp_count FROM `apart_work` WHERE ( apart_id = 2 ) LIMIT 1   [ RunTime:0.000216s ]
SQL: SELECT * FROM `apart_work` LEFT JOIN work ON apart_work.work_id = work.id  WHERE ( apart_id = 2 )  [ RunTime:0.000333s ]
INFO: [ view_parse ] --START--
INFO: [ template_filter ] --START--
INFO: Run Behavior\ContentReplaceBehavior [ RunTime:0.000099s ]
INFO: [ template_filter ] --END-- [ RunTime:0.000203s ]
INFO: Run Behavior\ParseTemplateBehavior [ RunTime:0.053810s ]
INFO: [ view_parse ] --END-- [ RunTime:0.053945s ]
INFO: [ view_filter ] --START--
INFO: Run Behavior\WriteHtmlCacheBehavior [ RunTime:0.009769s ]
INFO: [ view_filter ] --END-- [ RunTime:0.009871s ]
INFO: [ app_end ] --START--
INFO: Run Behavior\ShowPageTraceBehavior [ RunTime:0.009591s ]
INFO: [ app_end ] --END-- [ RunTime:0.009687s ]

[ 2014-09-09T19:27:59+08:00 ] 127.0.0.1 /manage/index.php/Home/Login/login.html
INFO: [ app_init ] --START--
INFO: Run Behavior\BuildLiteBehavior [ RunTime:0.000027s ]
INFO: [ app_init ] --END-- [ RunTime:0.002977s ]
INFO: [ app_begin ] --START--
INFO: Run Behavior\ReadHtmlCacheBehavior [ RunTime:0.009977s ]
INFO: [ app_begin ] --END-- [ RunTime:0.010137s ]
NOTIC: [8] A session had already been started - ignoring session_start() D:\wamp\www\manage\ThinkPHP\Common\functions.php 第 1191 行.
SQL: SHOW COLUMNS FROM `user` [ RunTime:0.005616s ]
SQL: SELECT * FROM `user` WHERE `username` = '1111' LIMIT 1   [ RunTime:0.000388s ]
SQL: UPDATE `user` SET `logintime`=1410262079,`loginip`='127.0.0.1' WHERE `id` = 30 [ RunTime:0.044860s ]
SQL: SHOW COLUMNS FROM `user` [ RunTime:0.008188s ]
SQL: SELECT `id`,`username`,`logintime`,`loginip`,`lock` FROM `user` WHERE `id` = 30  [ RunTime:0.000405s ]
SQL: SHOW COLUMNS FROM `role` [ RunTime:0.005438s ]
NOTIC: [8] Undefined index: mapping_order D:\wamp\www\manage\ThinkPHP\Library\Think\Model\RelationModel.class.php 第 186 行.
NOTIC: [8] Undefined index: mapping_limit D:\wamp\www\manage\ThinkPHP\Library\Think\Model\RelationModel.class.php 第 187 行.
SQL: SELECT b.id, name, remark FROM role_user AS a, role AS b WHERE a.role_id = b.id AND a. user_id='30' [ RunTime:0.000252s ]
SQL: SHOW COLUMNS FROM `apartment` [ RunTime:0.005268s ]
NOTIC: [8] Undefined index: mapping_order D:\wamp\www\manage\ThinkPHP\Library\Think\Model\RelationModel.class.php 第 186 行.
NOTIC: [8] Undefined index: mapping_limit D:\wamp\www\manage\ThinkPHP\Library\Think\Model\RelationModel.class.php 第 187 行.
SQL: SELECT b.id, name FROM apart_user AS a, apartment AS b WHERE a.apart_id = b.id AND a. user_id='30' [ RunTime:0.000198s ]
SQL: SHOW COLUMNS FROM `level` [ RunTime:0.005492s ]
NOTIC: [8] Undefined index: mapping_order D:\wamp\www\manage\ThinkPHP\Library\Think\Model\RelationModel.class.php 第 186 行.
NOTIC: [8] Undefined index: mapping_limit D:\wamp\www\manage\ThinkPHP\Library\Think\Model\RelationModel.class.php 第 187 行.
SQL: SELECT b.id, name FROM level_user AS a, level AS b WHERE a.level_id = b.id AND a. user_id='30' [ RunTime:0.000206s ]
SQL: SHOW COLUMNS FROM `work` [ RunTime:0.007639s ]
NOTIC: [8] Undefined index: mapping_order D:\wamp\www\manage\ThinkPHP\Library\Think\Model\RelationModel.class.php 第 186 行.
NOTIC: [8] Undefined index: mapping_limit D:\wamp\www\manage\ThinkPHP\Library\Think\Model\RelationModel.class.php 第 187 行.
SQL: SELECT b.id, title, content, deadline FROM work_user AS a, work AS b WHERE a.work_id = b.id AND a. user_id='30' [ RunTime:0.000473s ]
NOTIC: [8] Undefined index: superadmin D:\wamp\www\manage\ThinkPHP\Library\Org\Util\Rbac.class.php 第 88 行.
SQL: select node.id,node.name from role as role,role_user as user,access as access ,node as node where user.user_id='30' and user.role_id=role.id and ( access.role_id=role.id  or (access.role_id=role.pid and role.pid!=0 ) ) and role.status=1 and access.node_id=node.id and node.level=1 and node.status=1 [ RunTime:0.000141s ]
SQL: select node.id,node.name from role as role,role_user as user,access as access ,node as node where user.user_id='30' and user.role_id=role.id and ( access.role_id=role.id  or (access.role_id=role.pid and role.pid!=0 ) ) and role.status=1 and access.node_id=node.id and node.level=2 and node.pid=1 and node.status=1 [ RunTime:0.000114s ]
SQL: select node.id,node.name from role as role,role_user as user,access as access ,node as node where user.user_id='30' and user.role_id=role.id and ( access.role_id=role.id  or (access.role_id=role.pid and role.pid!=0 ) ) and role.status=1 and access.node_id=node.id and node.level=3 and node.pid=4 and node.status=1 [ RunTime:0.000121s ]
SQL: select node.id,node.name from role as role,role_user as user,access as access ,node as node where user.user_id='30' and user.role_id=role.id and ( access.role_id=role.id  or (access.role_id=role.pid and role.pid!=0 ) ) and role.status=1 and access.node_id=node.id and node.level=3 and node.pid=16 and node.status=1 [ RunTime:0.000118s ]
SQL: select node.id,node.name from role as role,role_user as user,access as access ,node as node where user.user_id='30' and user.role_id=role.id and ( access.role_id=role.id  or (access.role_id=role.pid and role.pid!=0 ) ) and role.status=1 and access.node_id=node.id and node.level=3 and node.pid=29 and node.status=1 [ RunTime:0.000139s ]
SQL: select node.id,node.name from role as role,role_user as user,access as access ,node as node where user.user_id='30' and user.role_id=role.id and ( access.role_id=role.id  or (access.role_id=role.pid and role.pid!=0 ) ) and role.status=1 and access.node_id=node.id and node.level=2 and node.pid=2 and node.status=1 [ RunTime:0.000132s ]
SQL: select node.id,node.name from role as role,role_user as user,access as access ,node as node where user.user_id='30' and user.role_id=role.id and ( access.role_id=role.id  or (access.role_id=role.pid and role.pid!=0 ) ) and role.status=1 and access.node_id=node.id and node.level=3 and node.pid=27 and node.status=1 [ RunTime:0.000124s ]
INFO: [ view_parse ] --START--
INFO: [ template_filter ] --START--
INFO: Run Behavior\ContentReplaceBehavior [ RunTime:0.000070s ]
INFO: [ template_filter ] --END-- [ RunTime:0.000193s ]
INFO: Run Behavior\ParseTemplateBehavior [ RunTime:0.063508s ]
INFO: [ view_parse ] --END-- [ RunTime:0.063670s ]
INFO: [ view_filter ] --START--
INFO: Run Behavior\WriteHtmlCacheBehavior [ RunTime:0.009266s ]
INFO: [ view_filter ] --END-- [ RunTime:0.009362s ]
INFO: [ app_end ] --START--
INFO: Run Behavior\ShowPageTraceBehavior [ RunTime:0.009833s ]
INFO: [ app_end ] --END-- [ RunTime:0.009934s ]

[ 2014-09-09T19:28:00+08:00 ] 127.0.0.1 /manage/index.php/Home/Index/index
INFO: [ app_init ] --START--
INFO: Run Behavior\BuildLiteBehavior [ RunTime:0.000039s ]
INFO: [ app_init ] --END-- [ RunTime:0.004571s ]
INFO: [ app_begin ] --START--
INFO: Run Behavior\ReadHtmlCacheBehavior [ RunTime:0.011209s ]
INFO: [ app_begin ] --END-- [ RunTime:0.011407s ]
NOTIC: [8] A session had already been started - ignoring session_start() D:\wamp\www\manage\ThinkPHP\Common\functions.php 第 1191 行.
SQL: SHOW COLUMNS FROM `apart_work` [ RunTime:0.005785s ]
SQL: SELECT COUNT(*) AS tp_count FROM `apart_work` WHERE ( apart_id = 2 ) LIMIT 1   [ RunTime:0.000194s ]
SQL: SELECT * FROM `apart_work` LEFT JOIN work ON apart_work.work_id = work.id  WHERE ( apart_id = 2 )  [ RunTime:0.000274s ]
INFO: [ view_parse ] --START--
INFO: [ template_filter ] --START--
INFO: Run Behavior\ContentReplaceBehavior [ RunTime:0.000166s ]
INFO: [ template_filter ] --END-- [ RunTime:0.000330s ]
INFO: Run Behavior\ParseTemplateBehavior [ RunTime:0.062654s ]
INFO: [ view_parse ] --END-- [ RunTime:0.062804s ]
INFO: [ view_filter ] --START--
INFO: Run Behavior\WriteHtmlCacheBehavior [ RunTime:0.012872s ]
INFO: [ view_filter ] --END-- [ RunTime:0.013031s ]
INFO: [ app_end ] --START--
INFO: Run Behavior\ShowPageTraceBehavior [ RunTime:0.013604s ]
INFO: [ app_end ] --END-- [ RunTime:0.013757s ]

[ 2014-09-09T19:28:17+08:00 ] 127.0.0.1 /manage/index.php/Home/Index/index
INFO: [ app_init ] --START--
INFO: Run Behavior\BuildLiteBehavior [ RunTime:0.000026s ]
INFO: [ app_init ] --END-- [ RunTime:0.003160s ]
INFO: [ app_begin ] --START--
INFO: Run Behavior\ReadHtmlCacheBehavior [ RunTime:0.009538s ]
INFO: [ app_begin ] --END-- [ RunTime:0.009675s ]
NOTIC: [8] A session had already been started - ignoring session_start() D:\wamp\www\manage\ThinkPHP\Common\functions.php 第 1191 行.
SQL: SHOW COLUMNS FROM `apart_work` [ RunTime:0.005073s ]
SQL: SELECT COUNT(*) AS tp_count FROM `apart_work` WHERE ( apart_id = 2 ) LIMIT 1   [ RunTime:0.000201s ]
SQL: SELECT * FROM `apart_work` LEFT JOIN work ON apart_work.work_id = work.id  WHERE ( apart_id = 2 )  [ RunTime:0.000323s ]
INFO: [ view_parse ] --START--
INFO: [ template_filter ] --START--
INFO: Run Behavior\ContentReplaceBehavior [ RunTime:0.000096s ]
INFO: [ template_filter ] --END-- [ RunTime:0.000191s ]
INFO: Run Behavior\ParseTemplateBehavior [ RunTime:0.051681s ]
INFO: [ view_parse ] --END-- [ RunTime:0.051814s ]
INFO: [ view_filter ] --START--
INFO: Run Behavior\WriteHtmlCacheBehavior [ RunTime:0.009399s ]
INFO: [ view_filter ] --END-- [ RunTime:0.009499s ]
INFO: [ app_end ] --START--
INFO: Run Behavior\ShowPageTraceBehavior [ RunTime:0.009325s ]
INFO: [ app_end ] --END-- [ RunTime:0.009397s ]

[ 2014-09-09T19:28:19+08:00 ] 127.0.0.1 /manage/index.php/Home/Index/index
INFO: [ app_init ] --START--
INFO: Run Behavior\BuildLiteBehavior [ RunTime:0.000027s ]
INFO: [ app_init ] --END-- [ RunTime:0.002861s ]
INFO: [ app_begin ] --START--
INFO: Run Behavior\ReadHtmlCacheBehavior [ RunTime:0.011591s ]
INFO: [ app_begin ] --END-- [ RunTime:0.011737s ]
NOTIC: [8] A session had already been started - ignoring session_start() D:\wamp\www\manage\ThinkPHP\Common\functions.php 第 1191 行.
SQL: SHOW COLUMNS FROM `apart_work` [ RunTime:0.006186s ]
SQL: SELECT COUNT(*) AS tp_count FROM `apart_work` WHERE ( apart_id = 2 ) LIMIT 1   [ RunTime:0.000270s ]
SQL: SELECT * FROM `apart_work` LEFT JOIN work ON apart_work.work_id = work.id  WHERE ( apart_id = 2 )  [ RunTime:0.000320s ]
INFO: [ view_parse ] --START--
INFO: [ template_filter ] --START--
INFO: Run Behavior\ContentReplaceBehavior [ RunTime:0.000161s ]
INFO: [ template_filter ] --END-- [ RunTime:0.000347s ]
INFO: Run Behavior\ParseTemplateBehavior [ RunTime:0.071359s ]
INFO: [ view_parse ] --END-- [ RunTime:0.071509s ]
INFO: [ view_filter ] --START--
INFO: Run Behavior\WriteHtmlCacheBehavior [ RunTime:0.009356s ]
INFO: [ view_filter ] --END-- [ RunTime:0.009442s ]
INFO: [ app_end ] --START--
INFO: Run Behavior\ShowPageTraceBehavior [ RunTime:0.010722s ]
INFO: [ app_end ] --END-- [ RunTime:0.010824s ]

[ 2014-09-09T19:29:28+08:00 ] 127.0.0.1 /manage/index.php/Home/Index/index
INFO: [ app_init ] --START--
INFO: Run Behavior\BuildLiteBehavior [ RunTime:0.000038s ]
INFO: [ app_init ] --END-- [ RunTime:0.003126s ]
INFO: [ app_begin ] --START--
INFO: Run Behavior\ReadHtmlCacheBehavior [ RunTime:0.010069s ]
INFO: [ app_begin ] --END-- [ RunTime:0.010241s ]
NOTIC: [8] A session had already been started - ignoring session_start() D:\wamp\www\manage\ThinkPHP\Common\functions.php 第 1191 行.
SQL: SHOW COLUMNS FROM `apart_work` [ RunTime:0.019858s ]
SQL: SELECT COUNT(*) AS tp_count FROM `apart_work` WHERE ( apart_id = 2 ) LIMIT 1   [ RunTime:0.000223s ]
SQL: SELECT * FROM `apart_work` LEFT JOIN work ON apart_work.work_id = work.id  WHERE ( apart_id = 2 )  [ RunTime:0.000455s ]
INFO: [ view_parse ] --START--
INFO: [ template_filter ] --START--
INFO: Run Behavior\ContentReplaceBehavior [ RunTime:0.000095s ]
INFO: [ template_filter ] --END-- [ RunTime:0.000192s ]
INFO: Run Behavior\ParseTemplateBehavior [ RunTime:0.074777s ]
INFO: [ view_parse ] --END-- [ RunTime:0.074880s ]
INFO: [ view_filter ] --START--
INFO: Run Behavior\WriteHtmlCacheBehavior [ RunTime:0.010432s ]
INFO: [ view_filter ] --END-- [ RunTime:0.010532s ]
INFO: [ app_end ] --START--
INFO: Run Behavior\ShowPageTraceBehavior [ RunTime:0.010519s ]
INFO: [ app_end ] --END-- [ RunTime:0.010620s ]

[ 2014-09-09T19:29:46+08:00 ] 127.0.0.1 /manage/index.php/Home/Apart/index/apart_id/3.html
INFO: [ app_init ] --START--
INFO: Run Behavior\BuildLiteBehavior [ RunTime:0.000024s ]
INFO: [ app_init ] --END-- [ RunTime:0.002815s ]
INFO: [ app_begin ] --START--
INFO: Run Behavior\ReadHtmlCacheBehavior [ RunTime:0.009462s ]
INFO: [ app_begin ] --END-- [ RunTime:0.009592s ]
NOTIC: [8] A session had already been started - ignoring session_start() D:\wamp\www\manage\ThinkPHP\Common\functions.php 第 1191 行.
SQL: SHOW COLUMNS FROM `apartment` [ RunTime:0.006035s ]
SQL: SELECT * FROM `apartment` WHERE `id` = 3  [ RunTime:0.000351s ]
SQL: SHOW COLUMNS FROM `work_user` [ RunTime:0.068923s ]
SQL: SELECT `deadline` FROM `work_user` LEFT JOIN work ON work_user.work_id = work.id  WHERE ( user_id = 30 ) ORDER BY deadline desc LIMIT 1   [ RunTime:0.000420s ]
SQL: SHOW COLUMNS FROM `work_up` [ RunTime:0.006471s ]
SQL: SELECT `work_id` FROM `work_up` WHERE ( user_id = 30 )  [ RunTime:0.000152s ]
SQL: SHOW COLUMNS FROM `work` [ RunTime:0.005296s ]
SQL: SELECT * FROM `work` WHERE ( id = 59 ) LIMIT 1   [ RunTime:0.000228s ]
SQL: SELECT `id` FROM `work` LEFT JOIN work_user ON work_user.work_id = work.id  WHERE ( user_id = 30 )  [ RunTime:0.000154s ]
SQL: SELECT `deadline` FROM `work` WHERE ( id = 57 ) LIMIT 1   [ RunTime:0.000121s ]
SQL: SELECT `deadline` FROM `work` WHERE ( id = 58 ) LIMIT 1   [ RunTime:0.000110s ]
SQL: SELECT `deadline` FROM `work` WHERE ( id = 62 ) LIMIT 1   [ RunTime:0.000120s ]
SQL: SELECT `deadline` FROM `work` WHERE ( id = 63 ) LIMIT 1   [ RunTime:0.000118s ]
SQL: SELECT `deadline` FROM `work` WHERE ( id = 64 ) LIMIT 1   [ RunTime:0.000130s ]
SQL: SELECT * FROM `work` WHERE ( id = 64 ) LIMIT 1   [ RunTime:0.000153s ]
SQL: SELECT * FROM `work` WHERE ( id = 57 ) LIMIT 1   [ RunTime:0.000144s ]
SQL: SELECT * FROM `work` WHERE ( id = 58 ) LIMIT 1   [ RunTime:0.000159s ]
SQL: SELECT * FROM `work` WHERE ( id = 62 ) LIMIT 1   [ RunTime:0.000365s ]
SQL: SELECT * FROM `work` WHERE ( id = 63 ) LIMIT 1   [ RunTime:0.000190s ]
NOTIC: [8] Undefined variable: data D:\wamp\www\manage\App\Home\Controller\ApartController.class.php 第 118 行.
SQL: SHOW COLUMNS FROM `apart_work` [ RunTime:0.006186s ]
SQL: SELECT * FROM `apart_work` LEFT JOIN work ON apart_work.work_id = work.id  WHERE ( apart_id = 3 ) ORDER BY id desc LIMIT 6   [ RunTime:0.000215s ]
SQL: SELECT `work_id` FROM `apart_work` WHERE ( apart_id = 3 )  [ RunTime:0.000132s ]
SQL: SELECT `work_id`,`username` FROM `work_user` LEFT JOIN user ON work_user.user_id = user.id  WHERE (  work_id = 57  )  [ RunTime:0.024747s ]
SQL: SELECT `work_id`,`username` FROM `work_user` LEFT JOIN user ON work_user.user_id = user.id  WHERE (  work_id = 58  )  [ RunTime:0.000430s ]
SQL: SELECT `work_id`,`username` FROM `work_user` LEFT JOIN user ON work_user.user_id = user.id  WHERE (  work_id = 59  )  [ RunTime:0.000327s ]
SQL: SELECT `work_id`,`username` FROM `work_user` LEFT JOIN user ON work_user.user_id = user.id  WHERE (  work_id = 60  )  [ RunTime:0.000291s ]
SQL: SELECT `work_id`,`username` FROM `work_user` LEFT JOIN user ON work_user.user_id = user.id  WHERE (  work_id = 61  )  [ RunTime:0.000360s ]
SQL: SELECT `work_id`,`username` FROM `work_user` LEFT JOIN user ON work_user.user_id = user.id  WHERE (  work_id = 62  )  [ RunTime:0.029683s ]
SQL: SELECT `work_id`,`username` FROM `work_user` LEFT JOIN user ON work_user.user_id = user.id  WHERE (  work_id = 63  )  [ RunTime:0.000658s ]
SQL: SELECT `work_id`,`username` FROM `work_user` LEFT JOIN user ON work_user.user_id = user.id  WHERE (  work_id = 64  )  [ RunTime:0.000440s ]
SQL: SELECT `work_id`,`username` FROM `work_user` LEFT JOIN user ON work_user.user_id = user.id  WHERE (  work_id = 65  )  [ RunTime:0.000534s ]
SQL: SHOW COLUMNS FROM `resource` [ RunTime:0.006404s ]
SQL: SELECT * FROM `resource` ORDER BY id desc LIMIT 13   [ RunTime:0.000406s ]
SQL: SHOW COLUMNS FROM `question` [ RunTime:0.006395s ]
SQL: SELECT * FROM `question` LEFT JOIN user ON question.uid = user.id   [ RunTime:0.000838s ]
SQL: SHOW COLUMNS FROM `user` [ RunTime:0.006348s ]
SQL: SELECT * FROM `user` RIGHT JOIN information ON user.id = information.uid   [ RunTime:0.020598s ]
SQL: SELECT * FROM `work_up` LEFT JOIN apart_user ON work_up.user_id = apart_user.user_id LEFT JOIN user ON user.id = work_up.user_id LEFT JOIN work ON work.id = work_up.work_id  WHERE ( apart_id = 3 )  [ RunTime:0.000580s ]
SQL: SHOW COLUMNS FROM `notice` [ RunTime:0.005844s ]
SQL: SELECT * FROM `notice` LEFT JOIN apart_notice ON notice.id = apart_notice.notice_id  WHERE ( apart_notice.apart_id = 3 ) ORDER BY createtime desc LIMIT 1   [ RunTime:0.000314s ]
INFO: [ view_parse ] --START--
INFO: [ template_filter ] --START--
INFO: Run Behavior\ContentReplaceBehavior [ RunTime:0.000238s ]
INFO: [ template_filter ] --END-- [ RunTime:0.000334s ]
NOTIC: [8] Undefined variable: page D:\wamp\www\manage\App\Runtime\Cache\Home\cf2a18121bf2639402ad186f532a5c6a.php 第 175 行.
NOTIC: [8] Undefined variable: invalid_page D:\wamp\www\manage\App\Runtime\Cache\Home\cf2a18121bf2639402ad186f532a5c6a.php 第 196 行.
INFO: Run Behavior\ParseTemplateBehavior [ RunTime:0.131939s ]
INFO: [ view_parse ] --END-- [ RunTime:0.132044s ]
INFO: [ view_filter ] --START--
INFO: Run Behavior\WriteHtmlCacheBehavior [ RunTime:0.009203s ]
INFO: [ view_filter ] --END-- [ RunTime:0.009282s ]
INFO: [ app_end ] --START--
INFO: Run Behavior\ShowPageTraceBehavior [ RunTime:0.010868s ]
INFO: [ app_end ] --END-- [ RunTime:0.010973s ]

[ 2014-09-09T19:30:30+08:00 ] 127.0.0.1 /manage/index.php/Home/Index/index
INFO: [ app_init ] --START--
INFO: Run Behavior\BuildLiteBehavior [ RunTime:0.000023s ]
INFO: [ app_init ] --END-- [ RunTime:0.002937s ]
INFO: [ app_begin ] --START--
INFO: Run Behavior\ReadHtmlCacheBehavior [ RunTime:0.010411s ]
INFO: [ app_begin ] --END-- [ RunTime:0.010549s ]
NOTIC: [8] A session had already been started - ignoring session_start() D:\wamp\www\manage\ThinkPHP\Common\functions.php 第 1191 行.
SQL: SHOW COLUMNS FROM `apart_work` [ RunTime:0.005818s ]
SQL: SELECT COUNT(*) AS tp_count FROM `apart_work` WHERE ( apart_id = 2 ) LIMIT 1   [ RunTime:0.000343s ]
SQL: SELECT * FROM `apart_work` LEFT JOIN work ON apart_work.work_id = work.id  WHERE ( apart_id = 2 )  [ RunTime:0.000456s ]
INFO: [ view_parse ] --START--
INFO: [ template_filter ] --START--
INFO: Run Behavior\ContentReplaceBehavior [ RunTime:0.000096s ]
INFO: [ template_filter ] --END-- [ RunTime:0.000199s ]
INFO: Run Behavior\ParseTemplateBehavior [ RunTime:0.062377s ]
INFO: [ view_parse ] --END-- [ RunTime:0.062493s ]
INFO: [ view_filter ] --START--
INFO: Run Behavior\WriteHtmlCacheBehavior [ RunTime:0.010268s ]
INFO: [ view_filter ] --END-- [ RunTime:0.010346s ]
INFO: [ app_end ] --START--
INFO: Run Behavior\ShowPageTraceBehavior [ RunTime:0.010759s ]
INFO: [ app_end ] --END-- [ RunTime:0.010860s ]

[ 2014-09-09T19:30:49+08:00 ] 127.0.0.1 /manage/index.php/Home/Index/index
INFO: [ app_init ] --START--
INFO: Run Behavior\BuildLiteBehavior [ RunTime:0.000024s ]
INFO: [ app_init ] --END-- [ RunTime:0.002968s ]
INFO: [ app_begin ] --START--
INFO: Run Behavior\ReadHtmlCacheBehavior [ RunTime:0.010970s ]
INFO: [ app_begin ] --END-- [ RunTime:0.011102s ]
NOTIC: [8] A session had already been started - ignoring session_start() D:\wamp\www\manage\ThinkPHP\Common\functions.php 第 1191 行.
SQL: SHOW COLUMNS FROM `apart_work` [ RunTime:0.005899s ]
SQL: SELECT COUNT(*) AS tp_count FROM `apart_work` WHERE ( apart_id = 2 ) LIMIT 1   [ RunTime:0.000185s ]
SQL: SELECT * FROM `apart_work` LEFT JOIN work ON apart_work.work_id = work.id  WHERE ( apart_id = 2 )  [ RunTime:0.000309s ]
INFO: [ view_parse ] --START--
INFO: [ template_filter ] --START--
INFO: Run Behavior\ContentReplaceBehavior [ RunTime:0.000097s ]
INFO: [ template_filter ] --END-- [ RunTime:0.000198s ]
INFO: Run Behavior\ParseTemplateBehavior [ RunTime:0.060248s ]
INFO: [ view_parse ] --END-- [ RunTime:0.060386s ]
INFO: [ view_filter ] --START--
INFO: Run Behavior\WriteHtmlCacheBehavior [ RunTime:0.009784s ]
INFO: [ view_filter ] --END-- [ RunTime:0.009886s ]
INFO: [ app_end ] --START--
INFO: Run Behavior\ShowPageTraceBehavior [ RunTime:0.010420s ]
INFO: [ app_end ] --END-- [ RunTime:0.010515s ]

[ 2014-09-09T19:33:57+08:00 ] 127.0.0.1 /manage/index.php/Home/Resource/work/work_id/64/user_id/30.html
INFO: [ app_init ] --START--
INFO: Run Behavior\BuildLiteBehavior [ RunTime:0.000026s ]
INFO: [ app_init ] --END-- [ RunTime:0.003064s ]
INFO: [ app_begin ] --START--
INFO: Run Behavior\ReadHtmlCacheBehavior [ RunTime:0.009766s ]
INFO: [ app_begin ] --END-- [ RunTime:0.009917s ]
NOTIC: [8] A session had already been started - ignoring session_start() D:\wamp\www\manage\ThinkPHP\Common\functions.php 第 1191 行.
NOTIC: [2] call_user_func() expects parameter 1 to be a valid callback, no array or string given D:\wamp\www\manage\ThinkPHP\Library\Think\Upload.class.php 第 170 行.
SQL: SHOW COLUMNS FROM `work_up` [ RunTime:0.005182s ]
SQL: INSERT INTO `work_up` (`filename`,`type`,`size`,`time`,`savepath`,`work_id`,`user_id`) VALUES ('学评教.txt','txt',748,1410262437,'2014-09-09/1410262437.txt',64,30) [ RunTime:0.106153s ]
INFO: [ view_parse ] --START--
INFO: [ template_filter ] --START--
INFO: Run Behavior\ContentReplaceBehavior [ RunTime:0.000079s ]
INFO: [ template_filter ] --END-- [ RunTime:0.000210s ]
INFO: Run Behavior\ParseTemplateBehavior [ RunTime:0.060189s ]
INFO: [ view_parse ] --END-- [ RunTime:0.060304s ]
INFO: [ view_filter ] --START--
INFO: Run Behavior\WriteHtmlCacheBehavior [ RunTime:0.010649s ]
INFO: [ view_filter ] --END-- [ RunTime:0.010795s ]
INFO: [ app_end ] --START--
INFO: Run Behavior\ShowPageTraceBehavior [ RunTime:0.012145s ]
INFO: [ app_end ] --END-- [ RunTime:0.012249s ]

[ 2014-09-09T19:33:59+08:00 ] 127.0.0.1 /manage/index.php/Home/Apart/index/apart_id/3.html
INFO: [ app_init ] --START--
INFO: Run Behavior\BuildLiteBehavior [ RunTime:0.000038s ]
INFO: [ app_init ] --END-- [ RunTime:0.004553s ]
INFO: [ app_begin ] --START--
INFO: Run Behavior\ReadHtmlCacheBehavior [ RunTime:0.010846s ]
INFO: [ app_begin ] --END-- [ RunTime:0.010998s ]
NOTIC: [8] A session had already been started - ignoring session_start() D:\wamp\www\manage\ThinkPHP\Common\functions.php 第 1191 行.
SQL: SHOW COLUMNS FROM `apartment` [ RunTime:0.007660s ]
SQL: SELECT * FROM `apartment` WHERE `id` = 3  [ RunTime:0.000232s ]
SQL: SHOW COLUMNS FROM `work_user` [ RunTime:0.005861s ]
SQL: SELECT `deadline` FROM `work_user` LEFT JOIN work ON work_user.work_id = work.id  WHERE ( user_id = 30 ) ORDER BY deadline desc LIMIT 1   [ RunTime:0.000182s ]
SQL: SHOW COLUMNS FROM `work_up` [ RunTime:0.007006s ]
SQL: SELECT `work_id` FROM `work_up` WHERE ( user_id = 30 )  [ RunTime:0.000377s ]
SQL: SHOW COLUMNS FROM `work` [ RunTime:0.005908s ]
SQL: SELECT * FROM `work` WHERE ( id = 59 ) LIMIT 1   [ RunTime:0.000211s ]
SQL: SELECT * FROM `work` WHERE ( id = 64 ) LIMIT 1   [ RunTime:0.000164s ]
SQL: SELECT `id` FROM `work` LEFT JOIN work_user ON work_user.work_id = work.id  WHERE ( user_id = 30 )  [ RunTime:0.000138s ]
SQL: SELECT `deadline` FROM `work` WHERE ( id = 57 ) LIMIT 1   [ RunTime:0.000113s ]
SQL: SELECT `deadline` FROM `work` WHERE ( id = 58 ) LIMIT 1   [ RunTime:0.000145s ]
SQL: SELECT `deadline` FROM `work` WHERE ( id = 62 ) LIMIT 1   [ RunTime:0.000156s ]
SQL: SELECT `deadline` FROM `work` WHERE ( id = 63 ) LIMIT 1   [ RunTime:0.000137s ]
SQL: SELECT * FROM `work` WHERE ( id = 57 ) LIMIT 1   [ RunTime:0.000228s ]
SQL: SELECT * FROM `work` WHERE ( id = 58 ) LIMIT 1   [ RunTime:0.000182s ]
SQL: SELECT * FROM `work` WHERE ( id = 62 ) LIMIT 1   [ RunTime:0.000295s ]
SQL: SELECT * FROM `work` WHERE ( id = 63 ) LIMIT 1   [ RunTime:0.000273s ]
NOTIC: [8] Undefined variable: data D:\wamp\www\manage\App\Home\Controller\ApartController.class.php 第 118 行.
SQL: SHOW COLUMNS FROM `apart_work` [ RunTime:0.005882s ]
SQL: SELECT * FROM `apart_work` LEFT JOIN work ON apart_work.work_id = work.id  WHERE ( apart_id = 3 ) ORDER BY id desc LIMIT 6   [ RunTime:0.000233s ]
SQL: SELECT `work_id` FROM `apart_work` WHERE ( apart_id = 3 )  [ RunTime:0.000126s ]
SQL: SELECT `work_id`,`username` FROM `work_user` LEFT JOIN user ON work_user.user_id = user.id  WHERE (  work_id = 57  )  [ RunTime:0.000133s ]
SQL: SELECT `work_id`,`username` FROM `work_user` LEFT JOIN user ON work_user.user_id = user.id  WHERE (  work_id = 58  )  [ RunTime:0.000124s ]
SQL: SELECT `work_id`,`username` FROM `work_user` LEFT JOIN user ON work_user.user_id = user.id  WHERE (  work_id = 59  )  [ RunTime:0.000117s ]
SQL: SELECT `work_id`,`username` FROM `work_user` LEFT JOIN user ON work_user.user_id = user.id  WHERE (  work_id = 60  )  [ RunTime:0.000130s ]
SQL: SELECT `work_id`,`username` FROM `work_user` LEFT JOIN user ON work_user.user_id = user.id  WHERE (  work_id = 61  )  [ RunTime:0.000137s ]
SQL: SELECT `work_id`,`username` FROM `work_user` LEFT JOIN user ON work_user.user_id = user.id  WHERE (  work_id = 62  )  [ RunTime:0.000130s ]
SQL: SELECT `work_id`,`username` FROM `work_user` LEFT JOIN user ON work_user.user_id = user.id  WHERE (  work_id = 63  )  [ RunTime:0.000119s ]
SQL: SELECT `work_id`,`username` FROM `work_user` LEFT JOIN user ON work_user.user_id = user.id  WHERE (  work_id = 64  )  [ RunTime:0.000129s ]
SQL: SELECT `work_id`,`username` FROM `work_user` LEFT JOIN user ON work_user.user_id = user.id  WHERE (  work_id = 65  )  [ RunTime:0.000118s ]
SQL: SHOW COLUMNS FROM `resource` [ RunTime:0.006062s ]
SQL: SELECT * FROM `resource` ORDER BY id desc LIMIT 13   [ RunTime:0.000172s ]
SQL: SHOW COLUMNS FROM `question` [ RunTime:0.006144s ]
SQL: SELECT * FROM `question` LEFT JOIN user ON question.uid = user.id   [ RunTime:0.000188s ]
SQL: SHOW COLUMNS FROM `user` [ RunTime:0.006490s ]
SQL: SELECT * FROM `user` RIGHT JOIN information ON user.id = information.uid   [ RunTime:0.000181s ]
SQL: SELECT * FROM `work_up` LEFT JOIN apart_user ON work_up.user_id = apart_user.user_id LEFT JOIN user ON user.id = work_up.user_id LEFT JOIN work ON work.id = work_up.work_id  WHERE ( apart_id = 3 )  [ RunTime:0.000660s ]
SQL: SHOW COLUMNS FROM `notice` [ RunTime:0.005439s ]
SQL: SELECT * FROM `notice` LEFT JOIN apart_notice ON notice.id = apart_notice.notice_id  WHERE ( apart_notice.apart_id = 3 ) ORDER BY createtime desc LIMIT 1   [ RunTime:0.000233s ]
INFO: [ view_parse ] --START--
INFO: [ template_filter ] --START--
INFO: Run Behavior\ContentReplaceBehavior [ RunTime:0.000232s ]
INFO: [ template_filter ] --END-- [ RunTime:0.000329s ]
NOTIC: [8] Undefined variable: page D:\wamp\www\manage\App\Runtime\Cache\Home\cf2a18121bf2639402ad186f532a5c6a.php 第 175 行.
NOTIC: [8] Undefined variable: invalid_page D:\wamp\www\manage\App\Runtime\Cache\Home\cf2a18121bf2639402ad186f532a5c6a.php 第 196 行.
INFO: Run Behavior\ParseTemplateBehavior [ RunTime:0.102630s ]
INFO: [ view_parse ] --END-- [ RunTime:0.102878s ]
INFO: [ view_filter ] --START--
INFO: Run Behavior\WriteHtmlCacheBehavior [ RunTime:0.009396s ]
INFO: [ view_filter ] --END-- [ RunTime:0.009495s ]
INFO: [ app_end ] --START--
INFO: Run Behavior\ShowPageTraceBehavior [ RunTime:0.009829s ]
INFO: [ app_end ] --END-- [ RunTime:0.009937s ]

[ 2014-09-09T20:12:52+08:00 ] 127.0.0.1 /manage/
INFO: [ app_init ] --START--
INFO: Run Behavior\BuildLiteBehavior [ RunTime:0.000025s ]
INFO: [ app_init ] --END-- [ RunTime:0.003507s ]
INFO: [ app_begin ] --START--
INFO: Run Behavior\ReadHtmlCacheBehavior [ RunTime:0.011996s ]
INFO: [ app_begin ] --END-- [ RunTime:0.012133s ]
NOTIC: [8] A session had already been started - ignoring session_start() D:\wamp\www\manage\ThinkPHP\Common\functions.php 第 1191 行.
SQL: SHOW COLUMNS FROM `apart_work` [ RunTime:0.041595s ]
SQL: SELECT COUNT(*) AS tp_count FROM `apart_work` WHERE ( apart_id = 2 ) LIMIT 1   [ RunTime:0.000262s ]
SQL: SELECT * FROM `apart_work` LEFT JOIN work ON apart_work.work_id = work.id  WHERE ( apart_id = 2 )  [ RunTime:0.000349s ]
INFO: [ view_parse ] --START--
INFO: [ template_filter ] --START--
INFO: Run Behavior\ContentReplaceBehavior [ RunTime:0.000095s ]
INFO: [ template_filter ] --END-- [ RunTime:0.000187s ]
INFO: Run Behavior\ParseTemplateBehavior [ RunTime:0.074193s ]
INFO: [ view_parse ] --END-- [ RunTime:0.074351s ]
INFO: [ view_filter ] --START--
INFO: Run Behavior\WriteHtmlCacheBehavior [ RunTime:0.009327s ]
INFO: [ view_filter ] --END-- [ RunTime:0.009427s ]
INFO: [ app_end ] --START--
INFO: Run Behavior\ShowPageTraceBehavior [ RunTime:0.009588s ]
INFO: [ app_end ] --END-- [ RunTime:0.009681s ]

[ 2014-09-09T20:45:28+08:00 ] 127.0.0.1 /manage/index.php/Home/Index/index
INFO: [ app_init ] --START--
INFO: Run Behavior\BuildLiteBehavior [ RunTime:0.000024s ]
INFO: [ app_init ] --END-- [ RunTime:0.002911s ]
INFO: [ app_begin ] --START--
INFO: Run Behavior\ReadHtmlCacheBehavior [ RunTime:0.011178s ]
INFO: [ app_begin ] --END-- [ RunTime:0.011353s ]
NOTIC: [8] A session had already been started - ignoring session_start() D:\wamp\www\manage\ThinkPHP\Common\functions.php 第 1191 行.
SQL: SHOW COLUMNS FROM `apart_work` [ RunTime:0.036853s ]
SQL: SELECT COUNT(*) AS tp_count FROM `apart_work` WHERE ( apart_id = 2 ) LIMIT 1   [ RunTime:0.000350s ]
SQL: SELECT * FROM `apart_work` LEFT JOIN work ON apart_work.work_id = work.id  WHERE ( apart_id = 2 )  [ RunTime:0.000441s ]
INFO: [ view_parse ] --START--
INFO: [ template_filter ] --START--
INFO: Run Behavior\ContentReplaceBehavior [ RunTime:0.000095s ]
INFO: [ template_filter ] --END-- [ RunTime:0.000192s ]
INFO: Run Behavior\ParseTemplateBehavior [ RunTime:0.070631s ]
INFO: [ view_parse ] --END-- [ RunTime:0.070757s ]
INFO: [ view_filter ] --START--
INFO: Run Behavior\WriteHtmlCacheBehavior [ RunTime:0.009165s ]
INFO: [ view_filter ] --END-- [ RunTime:0.009264s ]
INFO: [ app_end ] --START--
INFO: Run Behavior\ShowPageTraceBehavior [ RunTime:0.009790s ]
INFO: [ app_end ] --END-- [ RunTime:0.009891s ]

[ 2014-09-09T20:45:30+08:00 ] 127.0.0.1 /manage/index.php/Home/Apart/index/apart_id/3.html
INFO: [ app_init ] --START--
INFO: Run Behavior\BuildLiteBehavior [ RunTime:0.000024s ]
INFO: [ app_init ] --END-- [ RunTime:0.002828s ]
INFO: [ app_begin ] --START--
INFO: Run Behavior\ReadHtmlCacheBehavior [ RunTime:0.009444s ]
INFO: [ app_begin ] --END-- [ RunTime:0.009614s ]
NOTIC: [8] A session had already been started - ignoring session_start() D:\wamp\www\manage\ThinkPHP\Common\functions.php 第 1191 行.
SQL: SHOW COLUMNS FROM `apartment` [ RunTime:0.006587s ]
SQL: SELECT * FROM `apartment` WHERE `id` = 3  [ RunTime:0.000243s ]
SQL: SHOW COLUMNS FROM `work_user` [ RunTime:0.028696s ]
SQL: SELECT `deadline` FROM `work_user` LEFT JOIN work ON work_user.work_id = work.id  WHERE ( user_id = 30 ) ORDER BY deadline desc LIMIT 1   [ RunTime:0.000366s ]
SQL: SHOW COLUMNS FROM `work_up` [ RunTime:0.005922s ]
SQL: SELECT `work_id` FROM `work_up` WHERE ( user_id = 30 )  [ RunTime:0.000260s ]
SQL: SHOW COLUMNS FROM `work` [ RunTime:0.005145s ]
SQL: SELECT * FROM `work` WHERE ( id = 59 ) LIMIT 1   [ RunTime:0.000290s ]
SQL: SELECT * FROM `work` WHERE ( id = 64 ) LIMIT 1   [ RunTime:0.000169s ]
SQL: SELECT `id` FROM `work` LEFT JOIN work_user ON work_user.work_id = work.id  WHERE ( user_id = 30 )  [ RunTime:0.000147s ]
SQL: SELECT `deadline` FROM `work` WHERE ( id = 57 ) LIMIT 1   [ RunTime:0.000226s ]
SQL: SELECT `deadline` FROM `work` WHERE ( id = 58 ) LIMIT 1   [ RunTime:0.000246s ]
SQL: SELECT `deadline` FROM `work` WHERE ( id = 62 ) LIMIT 1   [ RunTime:0.000251s ]
SQL: SELECT `deadline` FROM `work` WHERE ( id = 63 ) LIMIT 1   [ RunTime:0.000237s ]
SQL: SELECT * FROM `work` WHERE ( id = 57 ) LIMIT 1   [ RunTime:0.000273s ]
SQL: SELECT * FROM `work` WHERE ( id = 58 ) LIMIT 1   [ RunTime:0.000278s ]
SQL: SELECT * FROM `work` WHERE ( id = 62 ) LIMIT 1   [ RunTime:0.000154s ]
SQL: SELECT * FROM `work` WHERE ( id = 63 ) LIMIT 1   [ RunTime:0.000498s ]
NOTIC: [8] Undefined variable: data D:\wamp\www\manage\App\Home\Controller\ApartController.class.php 第 118 行.
SQL: SHOW COLUMNS FROM `apart_work` [ RunTime:0.005876s ]
SQL: SELECT * FROM `apart_work` LEFT JOIN work ON apart_work.work_id = work.id  WHERE ( apart_id = 3 ) ORDER BY id desc LIMIT 6   [ RunTime:0.000232s ]
SQL: SELECT `work_id` FROM `apart_work` WHERE ( apart_id = 3 )  [ RunTime:0.000139s ]
SQL: SELECT `work_id`,`username` FROM `work_user` LEFT JOIN user ON work_user.user_id = user.id  WHERE (  work_id = 57  )  [ RunTime:0.000152s ]
SQL: SELECT `work_id`,`username` FROM `work_user` LEFT JOIN user ON work_user.user_id = user.id  WHERE (  work_id = 58  )  [ RunTime:0.000133s ]
SQL: SELECT `work_id`,`username` FROM `work_user` LEFT JOIN user ON work_user.user_id = user.id  WHERE (  work_id = 59  )  [ RunTime:0.000140s ]
SQL: SELECT `work_id`,`username` FROM `work_user` LEFT JOIN user ON work_user.user_id = user.id  WHERE (  work_id = 60  )  [ RunTime:0.000148s ]
SQL: SELECT `work_id`,`username` FROM `work_user` LEFT JOIN user ON work_user.user_id = user.id  WHERE (  work_id = 61  )  [ RunTime:0.000139s ]
SQL: SELECT `work_id`,`username` FROM `work_user` LEFT JOIN user ON work_user.user_id = user.id  WHERE (  work_id = 62  )  [ RunTime:0.000184s ]
SQL: SELECT `work_id`,`username` FROM `work_user` LEFT JOIN user ON work_user.user_id = user.id  WHERE (  work_id = 63  )  [ RunTime:0.000137s ]
SQL: SELECT `work_id`,`username` FROM `work_user` LEFT JOIN user ON work_user.user_id = user.id  WHERE (  work_id = 64  )  [ RunTime:0.000139s ]
SQL: SELECT `work_id`,`username` FROM `work_user` LEFT JOIN user ON work_user.user_id = user.id  WHERE (  work_id = 65  )  [ RunTime:0.000130s ]
SQL: SHOW COLUMNS FROM `resource` [ RunTime:0.005410s ]
SQL: SELECT * FROM `resource` ORDER BY id desc LIMIT 13   [ RunTime:0.000263s ]
SQL: SHOW COLUMNS FROM `question` [ RunTime:0.005487s ]
SQL: SELECT * FROM `question` LEFT JOIN user ON question.uid = user.id   [ RunTime:0.000240s ]
SQL: SHOW COLUMNS FROM `user` [ RunTime:0.005648s ]
SQL: SELECT * FROM `user` RIGHT JOIN information ON user.id = information.uid   [ RunTime:0.000179s ]
SQL: SELECT * FROM `work_up` LEFT JOIN apart_user ON work_up.user_id = apart_user.user_id LEFT JOIN user ON user.id = work_up.user_id LEFT JOIN work ON work.id = work_up.work_id  WHERE ( apart_id = 3 )  [ RunTime:0.000209s ]
SQL: SHOW COLUMNS FROM `notice` [ RunTime:0.005353s ]
SQL: SELECT * FROM `notice` LEFT JOIN apart_notice ON notice.id = apart_notice.notice_id  WHERE ( apart_notice.apart_id = 3 ) ORDER BY createtime desc LIMIT 1   [ RunTime:0.000137s ]
INFO: [ view_parse ] --START--
INFO: [ template_filter ] --START--
INFO: Run Behavior\ContentReplaceBehavior [ RunTime:0.000292s ]
INFO: [ template_filter ] --END-- [ RunTime:0.000418s ]
NOTIC: [8] Undefined variable: page D:\wamp\www\manage\App\Runtime\Cache\Home\cf2a18121bf2639402ad186f532a5c6a.php 第 175 行.
NOTIC: [8] Undefined variable: invalid_page D:\wamp\www\manage\App\Runtime\Cache\Home\cf2a18121bf2639402ad186f532a5c6a.php 第 196 行.
INFO: Run Behavior\ParseTemplateBehavior [ RunTime:0.111928s ]
INFO: [ view_parse ] --END-- [ RunTime:0.112060s ]
INFO: [ view_filter ] --START--
INFO: Run Behavior\WriteHtmlCacheBehavior [ RunTime:0.012965s ]
INFO: [ view_filter ] --END-- [ RunTime:0.013085s ]
INFO: [ app_end ] --START--
INFO: Run Behavior\ShowPageTraceBehavior [ RunTime:0.014330s ]
INFO: [ app_end ] --END-- [ RunTime:0.014485s ]

[ 2014-09-09T21:43:15+08:00 ] 127.0.0.1 /manage/index.php/Home/Apart/index/apart_id/3.html
INFO: [ app_init ] --START--
INFO: Run Behavior\BuildLiteBehavior [ RunTime:0.000025s ]
INFO: [ app_init ] --END-- [ RunTime:0.002839s ]
INFO: [ app_begin ] --START--
INFO: Run Behavior\ReadHtmlCacheBehavior [ RunTime:0.010767s ]
INFO: [ app_begin ] --END-- [ RunTime:0.010908s ]
NOTIC: [8] A session had already been started - ignoring session_start() D:\wamp\www\manage\ThinkPHP\Common\functions.php 第 1191 行.
SQL: SHOW COLUMNS FROM `apartment` [ RunTime:0.006357s ]
SQL: SELECT * FROM `apartment` WHERE `id` = 3  [ RunTime:0.000208s ]
SQL: SHOW COLUMNS FROM `work_user` [ RunTime:0.022149s ]
SQL: SELECT `deadline` FROM `work_user` LEFT JOIN work ON work_user.work_id = work.id  WHERE ( user_id = 30 ) ORDER BY deadline desc LIMIT 1   [ RunTime:0.000190s ]
SQL: SHOW COLUMNS FROM `work_up` [ RunTime:0.006258s ]
SQL: SELECT `work_id` FROM `work_up` WHERE ( user_id = 30 )  [ RunTime:0.000335s ]
SQL: SHOW COLUMNS FROM `work` [ RunTime:0.005238s ]
SQL: SELECT * FROM `work` WHERE ( id = 59 ) LIMIT 1   [ RunTime:0.000247s ]
SQL: SELECT `id` FROM `work` LEFT JOIN work_user ON work_user.work_id = work.id  WHERE ( user_id = 30 )  [ RunTime:0.000293s ]
SQL: SELECT `deadline` FROM `work` WHERE ( id = 57 ) LIMIT 1   [ RunTime:0.000121s ]
SQL: SELECT `deadline` FROM `work` WHERE ( id = 58 ) LIMIT 1   [ RunTime:0.000153s ]
SQL: SELECT `deadline` FROM `work` WHERE ( id = 62 ) LIMIT 1   [ RunTime:0.000123s ]
SQL: SELECT `deadline` FROM `work` WHERE ( id = 63 ) LIMIT 1   [ RunTime:0.000119s ]
SQL: SELECT `deadline` FROM `work` WHERE ( id = 64 ) LIMIT 1   [ RunTime:0.000131s ]
SQL: SELECT * FROM `work` WHERE ( id = 64 ) LIMIT 1   [ RunTime:0.000153s ]
SQL: SELECT * FROM `work` WHERE ( id = 57 ) LIMIT 1   [ RunTime:0.000143s ]
SQL: SELECT * FROM `work` WHERE ( id = 58 ) LIMIT 1   [ RunTime:0.000161s ]
SQL: SELECT * FROM `work` WHERE ( id = 62 ) LIMIT 1   [ RunTime:0.000112s ]
SQL: SELECT * FROM `work` WHERE ( id = 63 ) LIMIT 1   [ RunTime:0.000156s ]
NOTIC: [8] Undefined variable: data D:\wamp\www\manage\App\Home\Controller\ApartController.class.php 第 118 行.
SQL: SHOW COLUMNS FROM `apart_work` [ RunTime:0.012360s ]
SQL: SELECT * FROM `apart_work` LEFT JOIN work ON apart_work.work_id = work.id  WHERE ( apart_id = 3 ) ORDER BY id desc LIMIT 6   [ RunTime:0.000292s ]
SQL: SELECT `work_id` FROM `apart_work` WHERE ( apart_id = 3 )  [ RunTime:0.000128s ]
SQL: SELECT `work_id`,`username` FROM `work_user` LEFT JOIN user ON work_user.user_id = user.id  WHERE (  work_id = 57  )  [ RunTime:0.000180s ]
SQL: SELECT `work_id`,`username` FROM `work_user` LEFT JOIN user ON work_user.user_id = user.id  WHERE (  work_id = 58  )  [ RunTime:0.000110s ]
SQL: SELECT `work_id`,`username` FROM `work_user` LEFT JOIN user ON work_user.user_id = user.id  WHERE (  work_id = 59  )  [ RunTime:0.000128s ]
SQL: SELECT `work_id`,`username` FROM `work_user` LEFT JOIN user ON work_user.user_id = user.id  WHERE (  work_id = 60  )  [ RunTime:0.000108s ]
SQL: SELECT `work_id`,`username` FROM `work_user` LEFT JOIN user ON work_user.user_id = user.id  WHERE (  work_id = 61  )  [ RunTime:0.000177s ]
SQL: SELECT `work_id`,`username` FROM `work_user` LEFT JOIN user ON work_user.user_id = user.id  WHERE (  work_id = 62  )  [ RunTime:0.000161s ]
SQL: SELECT `work_id`,`username` FROM `work_user` LEFT JOIN user ON work_user.user_id = user.id  WHERE (  work_id = 63  )  [ RunTime:0.000112s ]
SQL: SELECT `work_id`,`username` FROM `work_user` LEFT JOIN user ON work_user.user_id = user.id  WHERE (  work_id = 64  )  [ RunTime:0.000129s ]
SQL: SELECT `work_id`,`username` FROM `work_user` LEFT JOIN user ON work_user.user_id = user.id  WHERE (  work_id = 65  )  [ RunTime:0.000108s ]
SQL: SHOW COLUMNS FROM `resource` [ RunTime:0.006395s ]
SQL: SELECT * FROM `resource` ORDER BY id desc LIMIT 13   [ RunTime:0.000171s ]
SQL: SHOW COLUMNS FROM `question` [ RunTime:0.005375s ]
SQL: SELECT * FROM `question` LEFT JOIN user ON question.uid = user.id   [ RunTime:0.000206s ]
SQL: SHOW COLUMNS FROM `user` [ RunTime:0.005895s ]
SQL: SELECT * FROM `user` RIGHT JOIN information ON user.id = information.uid   [ RunTime:0.000183s ]
SQL: SELECT * FROM `work_up` LEFT JOIN apart_user ON work_up.user_id = apart_user.user_id LEFT JOIN user ON user.id = work_up.user_id LEFT JOIN work ON work.id = work_up.work_id  WHERE ( apart_id = 3 )  [ RunTime:0.034739s ]
SQL: SHOW COLUMNS FROM `notice` [ RunTime:0.005576s ]
SQL: SELECT * FROM `notice` LEFT JOIN apart_notice ON notice.id = apart_notice.notice_id  WHERE ( apart_notice.apart_id = 3 ) ORDER BY createtime desc LIMIT 1   [ RunTime:0.000174s ]
INFO: [ view_parse ] --START--
INFO: [ template_filter ] --START--
INFO: Run Behavior\ContentReplaceBehavior [ RunTime:0.000244s ]
INFO: [ template_filter ] --END-- [ RunTime:0.000339s ]
NOTIC: [8] Undefined variable: page D:\wamp\www\manage\App\Runtime\Cache\Home\cf2a18121bf2639402ad186f532a5c6a.php 第 175 行.
NOTIC: [8] Undefined variable: invalid_page D:\wamp\www\manage\App\Runtime\Cache\Home\cf2a18121bf2639402ad186f532a5c6a.php 第 196 行.
INFO: Run Behavior\ParseTemplateBehavior [ RunTime:0.096620s ]
INFO: [ view_parse ] --END-- [ RunTime:0.096725s ]
INFO: [ view_filter ] --START--
INFO: Run Behavior\WriteHtmlCacheBehavior [ RunTime:0.009556s ]
INFO: [ view_filter ] --END-- [ RunTime:0.009657s ]
INFO: [ app_end ] --START--
INFO: Run Behavior\ShowPageTraceBehavior [ RunTime:0.009913s ]
INFO: [ app_end ] --END-- [ RunTime:0.010017s ]

[ 2014-09-09T21:43:25+08:00 ] 127.0.0.1 /manage/index.php/Home/Resource/work/work_id/64/user_id/30.html
INFO: [ app_init ] --START--
INFO: Run Behavior\BuildLiteBehavior [ RunTime:0.000024s ]
INFO: [ app_init ] --END-- [ RunTime:0.002839s ]
INFO: [ app_begin ] --START--
INFO: Run Behavior\ReadHtmlCacheBehavior [ RunTime:0.010654s ]
INFO: [ app_begin ] --END-- [ RunTime:0.010792s ]
NOTIC: [8] A session had already been started - ignoring session_start() D:\wamp\www\manage\ThinkPHP\Common\functions.php 第 1191 行.
NOTIC: [2] call_user_func() expects parameter 1 to be a valid callback, no array or string given D:\wamp\www\manage\ThinkPHP\Library\Think\Upload.class.php 第 170 行.
SQL: SHOW COLUMNS FROM `work_up` [ RunTime:0.005896s ]
SQL: INSERT INTO `work_up` (`filename`,`type`,`size`,`time`,`savepath`,`work_id`,`user_id`) VALUES ('程序部Web方向2014年3月数据库培训.ppt','ppt',1995264,1410270204,'2014-09-09/1410270204.ppt',64,30) [ RunTime:0.017350s ]
INFO: [ view_parse ] --START--
INFO: [ template_filter ] --START--
INFO: Run Behavior\ContentReplaceBehavior [ RunTime:0.000060s ]
INFO: [ template_filter ] --END-- [ RunTime:0.000161s ]
INFO: Run Behavior\ParseTemplateBehavior [ RunTime:0.069366s ]
INFO: [ view_parse ] --END-- [ RunTime:0.069494s ]
INFO: [ view_filter ] --START--
INFO: Run Behavior\WriteHtmlCacheBehavior [ RunTime:0.009010s ]
INFO: [ view_filter ] --END-- [ RunTime:0.009078s ]
INFO: [ app_end ] --START--
INFO: Run Behavior\ShowPageTraceBehavior [ RunTime:0.010734s ]
INFO: [ app_end ] --END-- [ RunTime:0.010880s ]

[ 2014-09-09T21:43:26+08:00 ] 127.0.0.1 /manage/index.php/Home/Apart/index/apart_id/3.html
INFO: [ app_init ] --START--
INFO: Run Behavior\BuildLiteBehavior [ RunTime:0.000041s ]
INFO: [ app_init ] --END-- [ RunTime:0.003788s ]
INFO: [ app_begin ] --START--
INFO: Run Behavior\ReadHtmlCacheBehavior [ RunTime:0.010567s ]
INFO: [ app_begin ] --END-- [ RunTime:0.010729s ]
NOTIC: [8] A session had already been started - ignoring session_start() D:\wamp\www\manage\ThinkPHP\Common\functions.php 第 1191 行.
SQL: SHOW COLUMNS FROM `apartment` [ RunTime:0.006215s ]
SQL: SELECT * FROM `apartment` WHERE `id` = 3  [ RunTime:0.000246s ]
SQL: SHOW COLUMNS FROM `work_user` [ RunTime:0.006793s ]
SQL: SELECT `deadline` FROM `work_user` LEFT JOIN work ON work_user.work_id = work.id  WHERE ( user_id = 30 ) ORDER BY deadline desc LIMIT 1   [ RunTime:0.000336s ]
SQL: SHOW COLUMNS FROM `work_up` [ RunTime:0.006796s ]
SQL: SELECT `work_id` FROM `work_up` WHERE ( user_id = 30 )  [ RunTime:0.000383s ]
SQL: SHOW COLUMNS FROM `work` [ RunTime:0.005999s ]
SQL: SELECT * FROM `work` WHERE ( id = 59 ) LIMIT 1   [ RunTime:0.000218s ]
SQL: SELECT * FROM `work` WHERE ( id = 64 ) LIMIT 1   [ RunTime:0.000194s ]
SQL: SELECT `id` FROM `work` LEFT JOIN work_user ON work_user.work_id = work.id  WHERE ( user_id = 30 )  [ RunTime:0.000191s ]
SQL: SELECT `deadline` FROM `work` WHERE ( id = 57 ) LIMIT 1   [ RunTime:0.000162s ]
SQL: SELECT `deadline` FROM `work` WHERE ( id = 58 ) LIMIT 1   [ RunTime:0.000173s ]
SQL: SELECT `deadline` FROM `work` WHERE ( id = 62 ) LIMIT 1   [ RunTime:0.000160s ]
SQL: SELECT `deadline` FROM `work` WHERE ( id = 63 ) LIMIT 1   [ RunTime:0.000160s ]
SQL: SELECT * FROM `work` WHERE ( id = 57 ) LIMIT 1   [ RunTime:0.000530s ]
SQL: SELECT * FROM `work` WHERE ( id = 58 ) LIMIT 1   [ RunTime:0.000283s ]
SQL: SELECT * FROM `work` WHERE ( id = 62 ) LIMIT 1   [ RunTime:0.000185s ]
SQL: SELECT * FROM `work` WHERE ( id = 63 ) LIMIT 1   [ RunTime:0.000230s ]
NOTIC: [8] Undefined variable: data D:\wamp\www\manage\App\Home\Controller\ApartController.class.php 第 118 行.
SQL: SHOW COLUMNS FROM `apart_work` [ RunTime:0.005358s ]
SQL: SELECT * FROM `apart_work` LEFT JOIN work ON apart_work.work_id = work.id  WHERE ( apart_id = 3 ) ORDER BY id desc LIMIT 6   [ RunTime:0.000314s ]
SQL: SELECT `work_id` FROM `apart_work` WHERE ( apart_id = 3 )  [ RunTime:0.000158s ]
SQL: SELECT `work_id`,`username` FROM `work_user` LEFT JOIN user ON work_user.user_id = user.id  WHERE (  work_id = 57  )  [ RunTime:0.000149s ]
SQL: SELECT `work_id`,`username` FROM `work_user` LEFT JOIN user ON work_user.user_id = user.id  WHERE (  work_id = 58  )  [ RunTime:0.000137s ]
SQL: SELECT `work_id`,`username` FROM `work_user` LEFT JOIN user ON work_user.user_id = user.id  WHERE (  work_id = 59  )  [ RunTime:0.000172s ]
SQL: SELECT `work_id`,`username` FROM `work_user` LEFT JOIN user ON work_user.user_id = user.id  WHERE (  work_id = 60  )  [ RunTime:0.000135s ]
SQL: SELECT `work_id`,`username` FROM `work_user` LEFT JOIN user ON work_user.user_id = user.id  WHERE (  work_id = 61  )  [ RunTime:0.000124s ]
SQL: SELECT `work_id`,`username` FROM `work_user` LEFT JOIN user ON work_user.user_id = user.id  WHERE (  work_id = 62  )  [ RunTime:0.000133s ]
SQL: SELECT `work_id`,`username` FROM `work_user` LEFT JOIN user ON work_user.user_id = user.id  WHERE (  work_id = 63  )  [ RunTime:0.000139s ]
SQL: SELECT `work_id`,`username` FROM `work_user` LEFT JOIN user ON work_user.user_id = user.id  WHERE (  work_id = 64  )  [ RunTime:0.000141s ]
SQL: SELECT `work_id`,`username` FROM `work_user` LEFT JOIN user ON work_user.user_id = user.id  WHERE (  work_id = 65  )  [ RunTime:0.000108s ]
SQL: SHOW COLUMNS FROM `resource` [ RunTime:0.005844s ]
SQL: SELECT * FROM `resource` ORDER BY id desc LIMIT 13   [ RunTime:0.000130s ]
SQL: SHOW COLUMNS FROM `question` [ RunTime:0.005384s ]
SQL: SELECT * FROM `question` LEFT JOIN user ON question.uid = user.id   [ RunTime:0.000169s ]
SQL: SHOW COLUMNS FROM `user` [ RunTime:0.005034s ]
SQL: SELECT * FROM `user` RIGHT JOIN information ON user.id = information.uid   [ RunTime:0.000134s ]
SQL: SELECT * FROM `work_up` LEFT JOIN apart_user ON work_up.user_id = apart_user.user_id LEFT JOIN user ON user.id = work_up.user_id LEFT JOIN work ON work.id = work_up.work_id  WHERE ( apart_id = 3 )  [ RunTime:0.000550s ]
SQL: SHOW COLUMNS FROM `notice` [ RunTime:0.005498s ]
SQL: SELECT * FROM `notice` LEFT JOIN apart_notice ON notice.id = apart_notice.notice_id  WHERE ( apart_notice.apart_id = 3 ) ORDER BY createtime desc LIMIT 1   [ RunTime:0.000235s ]
INFO: [ view_parse ] --START--
INFO: [ template_filter ] --START--
INFO: Run Behavior\ContentReplaceBehavior [ RunTime:0.000235s ]
INFO: [ template_filter ] --END-- [ RunTime:0.000334s ]
NOTIC: [8] Undefined variable: page D:\wamp\www\manage\App\Runtime\Cache\Home\cf2a18121bf2639402ad186f532a5c6a.php 第 175 行.
NOTIC: [8] Undefined variable: invalid_page D:\wamp\www\manage\App\Runtime\Cache\Home\cf2a18121bf2639402ad186f532a5c6a.php 第 196 行.
INFO: Run Behavior\ParseTemplateBehavior [ RunTime:0.068660s ]
INFO: [ view_parse ] --END-- [ RunTime:0.068768s ]
INFO: [ view_filter ] --START--
INFO: Run Behavior\WriteHtmlCacheBehavior [ RunTime:0.009593s ]
INFO: [ view_filter ] --END-- [ RunTime:0.009692s ]
INFO: [ app_end ] --START--
INFO: Run Behavior\ShowPageTraceBehavior [ RunTime:0.009887s ]
INFO: [ app_end ] --END-- [ RunTime:0.009995s ]

