[ 2014-10-03T10:09:22+08:00 ] 127.0.0.1 /oldmanage/
INFO: [ app_init ] --START--
INFO: Run Behavior\BuildLiteBehavior [ RunTime:0.000029s ]
INFO: [ app_init ] --END-- [ RunTime:0.031776s ]
INFO: [ app_begin ] --START--
INFO: Run Behavior\ReadHtmlCacheBehavior [ RunTime:0.035078s ]
INFO: [ app_begin ] --END-- [ RunTime:0.035231s ]
NOTIC: [8] A session had already been started - ignoring session_start() D:\wamp\www\oldmanage\ThinkPHP\Common\functions.php 第 1191 行.
SQL: SHOW COLUMNS FROM `apart_work` [ RunTime:0.092238s ]
SQL: SELECT COUNT(*) AS tp_count FROM `apart_work` WHERE ( apart_id = 2 ) LIMIT 1   [ RunTime:0.077380s ]
NOTIC: [2] Division by zero D:\wamp\www\oldmanage\ThinkPHP\Library\Think\Page.class.php 第 84 行.
SQL: SELECT * FROM `apart_work` LEFT JOIN work ON apart_work.work_id = work.id  WHERE ( apart_id = 2 )  [ RunTime:0.131019s ]
INFO: [ view_parse ] --START--
INFO: [ template_filter ] --START--
INFO: Run Behavior\ContentReplaceBehavior [ RunTime:0.000107s ]
INFO: [ template_filter ] --END-- [ RunTime:0.000320s ]
NOTIC: [8] Undefined variable: log D:\wamp\www\oldmanage\App\Runtime\Cache\Home\00e52909bed743ea261af4b6823297ff.php 第 24 行.
INFO: Run Behavior\ParseTemplateBehavior [ RunTime:0.209039s ]
INFO: [ view_parse ] --END-- [ RunTime:0.209147s ]
INFO: [ view_filter ] --START--
INFO: Run Behavior\WriteHtmlCacheBehavior [ RunTime:0.011385s ]
INFO: [ view_filter ] --END-- [ RunTime:0.011485s ]
INFO: [ app_end ] --START--
INFO: Run Behavior\ShowPageTraceBehavior [ RunTime:0.022370s ]
INFO: [ app_end ] --END-- [ RunTime:0.022471s ]

[ 2014-10-03T10:10:36+08:00 ] 127.0.0.1 /oldmanage/
INFO: [ app_init ] --START--
INFO: Run Behavior\BuildLiteBehavior [ RunTime:0.000023s ]
INFO: [ app_init ] --END-- [ RunTime:0.002871s ]
INFO: [ app_begin ] --START--
INFO: Run Behavior\ReadHtmlCacheBehavior [ RunTime:0.009467s ]
INFO: [ app_begin ] --END-- [ RunTime:0.009607s ]
NOTIC: [8] A session had already been started - ignoring session_start() D:\wamp\www\oldmanage\ThinkPHP\Common\functions.php 第 1191 行.
SQL: SHOW COLUMNS FROM `apart_work` [ RunTime:0.004936s ]
SQL: SELECT COUNT(*) AS tp_count FROM `apart_work` WHERE ( apart_id = 2 ) LIMIT 1   [ RunTime:0.000199s ]
NOTIC: [2] Division by zero D:\wamp\www\oldmanage\ThinkPHP\Library\Think\Page.class.php 第 84 行.
SQL: SELECT * FROM `apart_work` LEFT JOIN work ON apart_work.work_id = work.id  WHERE ( apart_id = 2 )  [ RunTime:0.000411s ]
INFO: [ view_parse ] --START--
INFO: [ template_filter ] --START--
INFO: Run Behavior\ContentReplaceBehavior [ RunTime:0.000106s ]
INFO: [ template_filter ] --END-- [ RunTime:0.000211s ]
INFO: Run Behavior\ParseTemplateBehavior [ RunTime:0.051454s ]
INFO: [ view_parse ] --END-- [ RunTime:0.051577s ]
INFO: [ view_filter ] --START--
INFO: Run Behavior\WriteHtmlCacheBehavior [ RunTime:0.009653s ]
INFO: [ view_filter ] --END-- [ RunTime:0.009752s ]
INFO: [ app_end ] --START--
INFO: Run Behavior\ShowPageTraceBehavior [ RunTime:0.009357s ]
INFO: [ app_end ] --END-- [ RunTime:0.009437s ]

[ 2014-10-03T10:10:40+08:00 ] 127.0.0.1 /oldmanage/index.php/Home/Index/index
INFO: [ app_init ] --START--
INFO: Run Behavior\BuildLiteBehavior [ RunTime:0.000023s ]
INFO: [ app_init ] --END-- [ RunTime:0.002725s ]
INFO: [ app_begin ] --START--
INFO: Run Behavior\ReadHtmlCacheBehavior [ RunTime:0.010555s ]
INFO: [ app_begin ] --END-- [ RunTime:0.010688s ]
NOTIC: [8] A session had already been started - ignoring session_start() D:\wamp\www\oldmanage\ThinkPHP\Common\functions.php 第 1191 行.
SQL: SHOW COLUMNS FROM `apart_work` [ RunTime:0.004800s ]
SQL: SELECT COUNT(*) AS tp_count FROM `apart_work` WHERE ( apart_id = 2 ) LIMIT 1   [ RunTime:0.000116s ]
NOTIC: [2] Division by zero D:\wamp\www\oldmanage\ThinkPHP\Library\Think\Page.class.php 第 84 行.
SQL: SELECT * FROM `apart_work` LEFT JOIN work ON apart_work.work_id = work.id  WHERE ( apart_id = 2 )  [ RunTime:0.000476s ]
INFO: [ view_parse ] --START--
INFO: [ template_filter ] --START--
INFO: Run Behavior\ContentReplaceBehavior [ RunTime:0.000107s ]
INFO: [ template_filter ] --END-- [ RunTime:0.000209s ]
INFO: Run Behavior\ParseTemplateBehavior [ RunTime:0.053762s ]
INFO: [ view_parse ] --END-- [ RunTime:0.053874s ]
INFO: [ view_filter ] --START--
INFO: Run Behavior\WriteHtmlCacheBehavior [ RunTime:0.010282s ]
INFO: [ view_filter ] --END-- [ RunTime:0.010371s ]
INFO: [ app_end ] --START--
INFO: Run Behavior\ShowPageTraceBehavior [ RunTime:0.010850s ]
INFO: [ app_end ] --END-- [ RunTime:0.010950s ]

[ 2014-10-03T10:11:03+08:00 ] 127.0.0.1 /oldmanage/index.php/Home/Index/index
INFO: [ app_init ] --START--
INFO: Run Behavior\BuildLiteBehavior [ RunTime:0.000023s ]
INFO: [ app_init ] --END-- [ RunTime:0.002742s ]
INFO: [ app_begin ] --START--
INFO: Run Behavior\ReadHtmlCacheBehavior [ RunTime:0.009742s ]
INFO: [ app_begin ] --END-- [ RunTime:0.009888s ]
NOTIC: [8] A session had already been started - ignoring session_start() D:\wamp\www\oldmanage\ThinkPHP\Common\functions.php 第 1191 行.
SQL: SHOW COLUMNS FROM `apart_work` [ RunTime:0.005463s ]
SQL: SELECT COUNT(*) AS tp_count FROM `apart_work` WHERE ( apart_id = 2 ) LIMIT 1   [ RunTime:0.000171s ]
NOTIC: [2] Division by zero D:\wamp\www\oldmanage\ThinkPHP\Library\Think\Page.class.php 第 84 行.
SQL: SELECT * FROM `apart_work` LEFT JOIN work ON apart_work.work_id = work.id  WHERE ( apart_id = 2 )  [ RunTime:0.000436s ]
INFO: [ view_parse ] --START--
INFO: [ template_filter ] --START--
INFO: Run Behavior\ContentReplaceBehavior [ RunTime:0.000109s ]
INFO: [ template_filter ] --END-- [ RunTime:0.000215s ]
INFO: Run Behavior\ParseTemplateBehavior [ RunTime:0.052551s ]
INFO: [ view_parse ] --END-- [ RunTime:0.052693s ]
INFO: [ view_filter ] --START--
INFO: Run Behavior\WriteHtmlCacheBehavior [ RunTime:0.009440s ]
INFO: [ view_filter ] --END-- [ RunTime:0.009539s ]
INFO: [ app_end ] --START--
INFO: Run Behavior\ShowPageTraceBehavior [ RunTime:0.009920s ]
INFO: [ app_end ] --END-- [ RunTime:0.010026s ]

[ 2014-10-03T10:11:06+08:00 ] 127.0.0.1 /oldmanage/index.php/Home/Index/index
INFO: [ app_init ] --START--
INFO: Run Behavior\BuildLiteBehavior [ RunTime:0.000024s ]
INFO: [ app_init ] --END-- [ RunTime:0.002829s ]
INFO: [ app_begin ] --START--
INFO: Run Behavior\ReadHtmlCacheBehavior [ RunTime:0.010553s ]
INFO: [ app_begin ] --END-- [ RunTime:0.010747s ]
NOTIC: [8] A session had already been started - ignoring session_start() D:\wamp\www\oldmanage\ThinkPHP\Common\functions.php 第 1191 行.
SQL: SHOW COLUMNS FROM `apart_work` [ RunTime:0.004845s ]
SQL: SELECT COUNT(*) AS tp_count FROM `apart_work` WHERE ( apart_id = 2 ) LIMIT 1   [ RunTime:0.000120s ]
NOTIC: [2] Division by zero D:\wamp\www\oldmanage\ThinkPHP\Library\Think\Page.class.php 第 84 行.
SQL: SELECT * FROM `apart_work` LEFT JOIN work ON apart_work.work_id = work.id  WHERE ( apart_id = 2 )  [ RunTime:0.000260s ]
INFO: [ view_parse ] --START--
INFO: [ template_filter ] --START--
INFO: Run Behavior\ContentReplaceBehavior [ RunTime:0.000104s ]
INFO: [ template_filter ] --END-- [ RunTime:0.000204s ]
INFO: Run Behavior\ParseTemplateBehavior [ RunTime:0.056706s ]
INFO: [ view_parse ] --END-- [ RunTime:0.056821s ]
INFO: [ view_filter ] --START--
INFO: Run Behavior\WriteHtmlCacheBehavior [ RunTime:0.008978s ]
INFO: [ view_filter ] --END-- [ RunTime:0.009063s ]
INFO: [ app_end ] --START--
INFO: Run Behavior\ShowPageTraceBehavior [ RunTime:0.009179s ]
INFO: [ app_end ] --END-- [ RunTime:0.009262s ]

[ 2014-10-03T10:11:50+08:00 ] 127.0.0.1 /oldmanage/index.php/Home/Index/index
INFO: [ app_init ] --START--
INFO: Run Behavior\BuildLiteBehavior [ RunTime:0.000026s ]
INFO: [ app_init ] --END-- [ RunTime:0.002992s ]
INFO: [ app_begin ] --START--
INFO: Run Behavior\ReadHtmlCacheBehavior [ RunTime:0.009622s ]
INFO: [ app_begin ] --END-- [ RunTime:0.009769s ]
NOTIC: [8] A session had already been started - ignoring session_start() D:\wamp\www\oldmanage\ThinkPHP\Common\functions.php 第 1191 行.
SQL: SHOW COLUMNS FROM `apart_work` [ RunTime:0.005392s ]
SQL: SELECT COUNT(*) AS tp_count FROM `apart_work` WHERE ( apart_id = 2 ) LIMIT 1   [ RunTime:0.000311s ]
NOTIC: [2] Division by zero D:\wamp\www\oldmanage\ThinkPHP\Library\Think\Page.class.php 第 84 行.
SQL: SELECT * FROM `apart_work` LEFT JOIN work ON apart_work.work_id = work.id  WHERE ( apart_id = 2 )  [ RunTime:0.000293s ]
INFO: [ view_parse ] --START--
INFO: [ template_filter ] --START--
INFO: Run Behavior\ContentReplaceBehavior [ RunTime:0.000132s ]
INFO: [ template_filter ] --END-- [ RunTime:0.000259s ]
NOTIC: [8] Undefined variable: log D:\wamp\www\oldmanage\App\Runtime\Cache\Home\00e52909bed743ea261af4b6823297ff.php 第 24 行.
INFO: Run Behavior\ParseTemplateBehavior [ RunTime:0.058124s ]
INFO: [ view_parse ] --END-- [ RunTime:0.058228s ]
INFO: [ view_filter ] --START--
INFO: Run Behavior\WriteHtmlCacheBehavior [ RunTime:0.010515s ]
INFO: [ view_filter ] --END-- [ RunTime:0.010630s ]
INFO: [ app_end ] --START--
INFO: Run Behavior\ShowPageTraceBehavior [ RunTime:0.009940s ]
INFO: [ app_end ] --END-- [ RunTime:0.010044s ]

[ 2014-10-03T17:13:46+08:00 ] 127.0.0.1 /oldmanage/
INFO: [ app_init ] --START--
INFO: Run Behavior\BuildLiteBehavior [ RunTime:0.000030s ]
INFO: [ app_init ] --END-- [ RunTime:0.022654s ]
INFO: [ app_begin ] --START--
INFO: Run Behavior\ReadHtmlCacheBehavior [ RunTime:0.025777s ]
INFO: [ app_begin ] --END-- [ RunTime:0.025927s ]
NOTIC: [8] A session had already been started - ignoring session_start() D:\wamp\www\oldmanage\ThinkPHP\Common\functions.php 第 1191 行.
SQL: SHOW COLUMNS FROM `apart_work` [ RunTime:0.056112s ]
SQL: SELECT COUNT(*) AS tp_count FROM `apart_work` WHERE ( apart_id = 2 ) LIMIT 1   [ RunTime:0.000179s ]
NOTIC: [2] Division by zero D:\wamp\www\oldmanage\ThinkPHP\Library\Think\Page.class.php 第 84 行.
SQL: SELECT * FROM `apart_work` LEFT JOIN work ON apart_work.work_id = work.id  WHERE ( apart_id = 2 )  [ RunTime:0.000476s ]
INFO: [ view_parse ] --START--
INFO: [ template_filter ] --START--
INFO: Run Behavior\ContentReplaceBehavior [ RunTime:0.000105s ]
INFO: [ template_filter ] --END-- [ RunTime:0.000200s ]
NOTIC: [8] Undefined variable: log D:\wamp\www\oldmanage\App\Runtime\Cache\Home\00e52909bed743ea261af4b6823297ff.php 第 24 行.
INFO: Run Behavior\ParseTemplateBehavior [ RunTime:0.162582s ]
INFO: [ view_parse ] --END-- [ RunTime:0.162693s ]
INFO: [ view_filter ] --START--
INFO: Run Behavior\WriteHtmlCacheBehavior [ RunTime:0.012705s ]
INFO: [ view_filter ] --END-- [ RunTime:0.012803s ]
INFO: [ app_end ] --START--
INFO: Run Behavior\ShowPageTraceBehavior [ RunTime:0.020080s ]
INFO: [ app_end ] --END-- [ RunTime:0.020183s ]

[ 2014-10-03T17:13:57+08:00 ] 127.0.0.1 /oldmanage/
INFO: [ app_init ] --START--
INFO: Run Behavior\BuildLiteBehavior [ RunTime:0.000029s ]
INFO: [ app_init ] --END-- [ RunTime:0.002949s ]
INFO: [ app_begin ] --START--
INFO: Run Behavior\ReadHtmlCacheBehavior [ RunTime:0.009420s ]
INFO: [ app_begin ] --END-- [ RunTime:0.009565s ]
NOTIC: [8] A session had already been started - ignoring session_start() D:\wamp\www\oldmanage\ThinkPHP\Common\functions.php 第 1191 行.
SQL: SHOW COLUMNS FROM `apart_work` [ RunTime:0.006029s ]
SQL: SELECT COUNT(*) AS tp_count FROM `apart_work` WHERE ( apart_id = 2 ) LIMIT 1   [ RunTime:0.000154s ]
NOTIC: [2] Division by zero D:\wamp\www\oldmanage\ThinkPHP\Library\Think\Page.class.php 第 84 行.
SQL: SELECT * FROM `apart_work` LEFT JOIN work ON apart_work.work_id = work.id  WHERE ( apart_id = 2 )  [ RunTime:0.000323s ]
INFO: [ view_parse ] --START--
INFO: [ template_filter ] --START--
INFO: Run Behavior\ContentReplaceBehavior [ RunTime:0.000106s ]
INFO: [ template_filter ] --END-- [ RunTime:0.000207s ]
NOTIC: [8] Undefined variable: log D:\wamp\www\oldmanage\App\Runtime\Cache\Home\00e52909bed743ea261af4b6823297ff.php 第 24 行.
INFO: Run Behavior\ParseTemplateBehavior [ RunTime:0.051627s ]
INFO: [ view_parse ] --END-- [ RunTime:0.051729s ]
INFO: [ view_filter ] --START--
INFO: Run Behavior\WriteHtmlCacheBehavior [ RunTime:0.009043s ]
INFO: [ view_filter ] --END-- [ RunTime:0.009159s ]
INFO: [ app_end ] --START--
INFO: Run Behavior\ShowPageTraceBehavior [ RunTime:0.010296s ]
INFO: [ app_end ] --END-- [ RunTime:0.010413s ]

[ 2014-10-03T17:14:29+08:00 ] 127.0.0.1 /oldmanage/
INFO: [ app_init ] --START--
INFO: Run Behavior\BuildLiteBehavior [ RunTime:0.000025s ]
INFO: [ app_init ] --END-- [ RunTime:0.003054s ]
INFO: [ app_begin ] --START--
INFO: Run Behavior\ReadHtmlCacheBehavior [ RunTime:0.011638s ]
INFO: [ app_begin ] --END-- [ RunTime:0.011801s ]
NOTIC: [8] A session had already been started - ignoring session_start() D:\wamp\www\oldmanage\ThinkPHP\Common\functions.php 第 1191 行.
SQL: SHOW COLUMNS FROM `apart_work` [ RunTime:0.006117s ]
SQL: SELECT COUNT(*) AS tp_count FROM `apart_work` WHERE ( apart_id = 2 ) LIMIT 1   [ RunTime:0.000165s ]
NOTIC: [2] Division by zero D:\wamp\www\oldmanage\ThinkPHP\Library\Think\Page.class.php 第 84 行.
SQL: SELECT * FROM `apart_work` LEFT JOIN work ON apart_work.work_id = work.id  WHERE ( apart_id = 2 )  [ RunTime:0.000276s ]
INFO: [ view_parse ] --START--
INFO: [ template_filter ] --START--
INFO: Run Behavior\ContentReplaceBehavior [ RunTime:0.000118s ]
INFO: [ template_filter ] --END-- [ RunTime:0.000250s ]
INFO: Run Behavior\ParseTemplateBehavior [ RunTime:0.060876s ]
INFO: [ view_parse ] --END-- [ RunTime:0.061030s ]
INFO: [ view_filter ] --START--
INFO: Run Behavior\WriteHtmlCacheBehavior [ RunTime:0.010969s ]
INFO: [ view_filter ] --END-- [ RunTime:0.011071s ]
INFO: [ app_end ] --START--
INFO: Run Behavior\ShowPageTraceBehavior [ RunTime:0.012665s ]
INFO: [ app_end ] --END-- [ RunTime:0.012771s ]

[ 2014-10-03T17:14:43+08:00 ] 127.0.0.1 /oldmanage/index.php/Home/Login/login.html
INFO: [ app_init ] --START--
INFO: Run Behavior\BuildLiteBehavior [ RunTime:0.000026s ]
INFO: [ app_init ] --END-- [ RunTime:0.002921s ]
INFO: [ app_begin ] --START--
INFO: Run Behavior\ReadHtmlCacheBehavior [ RunTime:0.009402s ]
INFO: [ app_begin ] --END-- [ RunTime:0.009541s ]
NOTIC: [8] A session had already been started - ignoring session_start() D:\wamp\www\oldmanage\ThinkPHP\Common\functions.php 第 1191 行.
SQL: SHOW COLUMNS FROM `user` [ RunTime:0.021209s ]
SQL: SELECT * FROM `user` WHERE `username` = '李竞熠' LIMIT 1   [ RunTime:0.020328s ]
SQL: UPDATE `user` SET `logintime`=1412327682,`loginip`='127.0.0.1' WHERE `id` = 29 [ RunTime:0.018071s ]
SQL: SHOW COLUMNS FROM `user` [ RunTime:0.005585s ]
SQL: SELECT `id`,`username`,`logintime`,`loginip`,`lock` FROM `user` WHERE `id` = 29  [ RunTime:0.000576s ]
SQL: SHOW COLUMNS FROM `role` [ RunTime:0.061074s ]
NOTIC: [8] Undefined index: mapping_order D:\wamp\www\oldmanage\ThinkPHP\Library\Think\Model\RelationModel.class.php 第 186 行.
NOTIC: [8] Undefined index: mapping_limit D:\wamp\www\oldmanage\ThinkPHP\Library\Think\Model\RelationModel.class.php 第 187 行.
SQL: SELECT b.id, name, remark FROM role_user AS a, role AS b WHERE a.role_id = b.id AND a. user_id='29' [ RunTime:0.072850s ]
SQL: SHOW COLUMNS FROM `apartment` [ RunTime:0.145266s ]
NOTIC: [8] Undefined index: mapping_order D:\wamp\www\oldmanage\ThinkPHP\Library\Think\Model\RelationModel.class.php 第 186 行.
NOTIC: [8] Undefined index: mapping_limit D:\wamp\www\oldmanage\ThinkPHP\Library\Think\Model\RelationModel.class.php 第 187 行.
SQL: SELECT b.id, name FROM apart_user AS a, apartment AS b WHERE a.apart_id = b.id AND a. user_id='29' [ RunTime:0.073532s ]
SQL: SHOW COLUMNS FROM `level` [ RunTime:0.083933s ]
NOTIC: [8] Undefined index: mapping_order D:\wamp\www\oldmanage\ThinkPHP\Library\Think\Model\RelationModel.class.php 第 186 行.
NOTIC: [8] Undefined index: mapping_limit D:\wamp\www\oldmanage\ThinkPHP\Library\Think\Model\RelationModel.class.php 第 187 行.
SQL: SELECT b.id, name FROM level_user AS a, level AS b WHERE a.level_id = b.id AND a. user_id='29' [ RunTime:0.063127s ]
SQL: SHOW COLUMNS FROM `work` [ RunTime:0.038088s ]
NOTIC: [8] Undefined index: mapping_order D:\wamp\www\oldmanage\ThinkPHP\Library\Think\Model\RelationModel.class.php 第 186 行.
NOTIC: [8] Undefined index: mapping_limit D:\wamp\www\oldmanage\ThinkPHP\Library\Think\Model\RelationModel.class.php 第 187 行.
SQL: SELECT b.id, title, content, deadline FROM work_user AS a, work AS b WHERE a.work_id = b.id AND a. user_id='29' [ RunTime:0.047118s ]
SQL: SELECT `id`,`username`,`logintime`,`loginip`,`lock` FROM `user` WHERE `id` = 29  [ RunTime:0.000325s ]
NOTIC: [8] Undefined index: mapping_order D:\wamp\www\oldmanage\ThinkPHP\Library\Think\Model\RelationModel.class.php 第 186 行.
NOTIC: [8] Undefined index: mapping_limit D:\wamp\www\oldmanage\ThinkPHP\Library\Think\Model\RelationModel.class.php 第 187 行.
SQL: SELECT b.id, name, remark FROM role_user AS a, role AS b WHERE a.role_id = b.id AND a. user_id='29' [ RunTime:0.000224s ]
NOTIC: [8] Undefined index: mapping_order D:\wamp\www\oldmanage\ThinkPHP\Library\Think\Model\RelationModel.class.php 第 186 行.
NOTIC: [8] Undefined index: mapping_limit D:\wamp\www\oldmanage\ThinkPHP\Library\Think\Model\RelationModel.class.php 第 187 行.
SQL: SELECT b.id, name FROM apart_user AS a, apartment AS b WHERE a.apart_id = b.id AND a. user_id='29' [ RunTime:0.000314s ]
NOTIC: [8] Undefined index: mapping_order D:\wamp\www\oldmanage\ThinkPHP\Library\Think\Model\RelationModel.class.php 第 186 行.
NOTIC: [8] Undefined index: mapping_limit D:\wamp\www\oldmanage\ThinkPHP\Library\Think\Model\RelationModel.class.php 第 187 行.
SQL: SELECT b.id, name FROM level_user AS a, level AS b WHERE a.level_id = b.id AND a. user_id='29' [ RunTime:0.000210s ]
NOTIC: [8] Undefined index: mapping_order D:\wamp\www\oldmanage\ThinkPHP\Library\Think\Model\RelationModel.class.php 第 186 行.
NOTIC: [8] Undefined index: mapping_limit D:\wamp\www\oldmanage\ThinkPHP\Library\Think\Model\RelationModel.class.php 第 187 行.
SQL: SELECT b.id, title, content, deadline FROM work_user AS a, work AS b WHERE a.work_id = b.id AND a. user_id='29' [ RunTime:0.000347s ]
NOTIC: [8] Undefined index: superadmin D:\wamp\www\oldmanage\ThinkPHP\Library\Org\Util\Rbac.class.php 第 88 行.
SQL: select node.id,node.name from role as role,role_user as user,access as access ,node as node where user.user_id='29' and user.role_id=role.id and ( access.role_id=role.id  or (access.role_id=role.pid and role.pid!=0 ) ) and role.status=1 and access.node_id=node.id and node.level=1 and node.status=1 [ RunTime:0.121275s ]
SQL: select node.id,node.name from role as role,role_user as user,access as access ,node as node where user.user_id='29' and user.role_id=role.id and ( access.role_id=role.id  or (access.role_id=role.pid and role.pid!=0 ) ) and role.status=1 and access.node_id=node.id and node.level=2 and node.pid=1 and node.status=1 [ RunTime:0.002138s ]
SQL: select node.id,node.name from role as role,role_user as user,access as access ,node as node where user.user_id='29' and user.role_id=role.id and ( access.role_id=role.id  or (access.role_id=role.pid and role.pid!=0 ) ) and role.status=1 and access.node_id=node.id and node.level=3 and node.pid=4 and node.status=1 [ RunTime:0.000719s ]
SQL: select node.id,node.name from role as role,role_user as user,access as access ,node as node where user.user_id='29' and user.role_id=role.id and ( access.role_id=role.id  or (access.role_id=role.pid and role.pid!=0 ) ) and role.status=1 and access.node_id=node.id and node.level=3 and node.pid=16 and node.status=1 [ RunTime:0.000502s ]
SQL: select node.id,node.name from role as role,role_user as user,access as access ,node as node where user.user_id='29' and user.role_id=role.id and ( access.role_id=role.id  or (access.role_id=role.pid and role.pid!=0 ) ) and role.status=1 and access.node_id=node.id and node.level=3 and node.pid=29 and node.status=1 [ RunTime:0.000658s ]
SQL: select node.id,node.name from role as role,role_user as user,access as access ,node as node where user.user_id='29' and user.role_id=role.id and ( access.role_id=role.id  or (access.role_id=role.pid and role.pid!=0 ) ) and role.status=1 and access.node_id=node.id and node.level=2 and node.pid=2 and node.status=1 [ RunTime:0.000646s ]
SQL: select node.id,node.name from role as role,role_user as user,access as access ,node as node where user.user_id='29' and user.role_id=role.id and ( access.role_id=role.id  or (access.role_id=role.pid and role.pid!=0 ) ) and role.status=1 and access.node_id=node.id and node.level=3 and node.pid=27 and node.status=1 [ RunTime:0.000595s ]
INFO: [ view_parse ] --START--
INFO: [ template_filter ] --START--
INFO: Run Behavior\ContentReplaceBehavior [ RunTime:0.000059s ]
INFO: [ template_filter ] --END-- [ RunTime:0.000156s ]
INFO: Run Behavior\ParseTemplateBehavior [ RunTime:0.094979s ]
INFO: [ view_parse ] --END-- [ RunTime:0.095129s ]
INFO: [ view_filter ] --START--
INFO: Run Behavior\WriteHtmlCacheBehavior [ RunTime:0.009220s ]
INFO: [ view_filter ] --END-- [ RunTime:0.009316s ]
INFO: [ app_end ] --START--
INFO: Run Behavior\ShowPageTraceBehavior [ RunTime:0.009626s ]
INFO: [ app_end ] --END-- [ RunTime:0.009727s ]

[ 2014-10-03T17:14:45+08:00 ] 127.0.0.1 /oldmanage/index.php/Home/Index/index
INFO: [ app_init ] --START--
INFO: Run Behavior\BuildLiteBehavior [ RunTime:0.000026s ]
INFO: [ app_init ] --END-- [ RunTime:0.003459s ]
INFO: [ app_begin ] --START--
INFO: Run Behavior\ReadHtmlCacheBehavior [ RunTime:0.013063s ]
INFO: [ app_begin ] --END-- [ RunTime:0.013242s ]
NOTIC: [8] A session had already been started - ignoring session_start() D:\wamp\www\oldmanage\ThinkPHP\Common\functions.php 第 1191 行.
SQL: SHOW COLUMNS FROM `apart_work` [ RunTime:0.005382s ]
SQL: SELECT COUNT(*) AS tp_count FROM `apart_work` WHERE ( apart_id = 2 ) LIMIT 1   [ RunTime:0.000202s ]
NOTIC: [2] Division by zero D:\wamp\www\oldmanage\ThinkPHP\Library\Think\Page.class.php 第 84 行.
SQL: SELECT * FROM `apart_work` LEFT JOIN work ON apart_work.work_id = work.id  WHERE ( apart_id = 2 )  [ RunTime:0.000357s ]
INFO: [ view_parse ] --START--
INFO: [ template_filter ] --START--
INFO: Run Behavior\ContentReplaceBehavior [ RunTime:0.000113s ]
INFO: [ template_filter ] --END-- [ RunTime:0.000268s ]
INFO: Run Behavior\ParseTemplateBehavior [ RunTime:0.060887s ]
INFO: [ view_parse ] --END-- [ RunTime:0.061013s ]
INFO: [ view_filter ] --START--
INFO: Run Behavior\WriteHtmlCacheBehavior [ RunTime:0.009577s ]
INFO: [ view_filter ] --END-- [ RunTime:0.009681s ]
INFO: [ app_end ] --START--
INFO: Run Behavior\ShowPageTraceBehavior [ RunTime:0.009587s ]
INFO: [ app_end ] --END-- [ RunTime:0.009695s ]

[ 2014-10-03T17:14:47+08:00 ] 127.0.0.1 /oldmanage/index.php/Home/Apart/index.html
INFO: [ app_init ] --START--
INFO: Run Behavior\BuildLiteBehavior [ RunTime:0.000028s ]
INFO: [ app_init ] --END-- [ RunTime:0.002803s ]
INFO: [ app_begin ] --START--
INFO: Run Behavior\ReadHtmlCacheBehavior [ RunTime:0.014530s ]
INFO: [ app_begin ] --END-- [ RunTime:0.014822s ]
NOTIC: [8] A session had already been started - ignoring session_start() D:\wamp\www\oldmanage\ThinkPHP\Common\functions.php 第 1191 行.
SQL: SHOW COLUMNS FROM `apartment` [ RunTime:0.005363s ]
SQL: SELECT * FROM `apartment` WHERE `id` = 3  [ RunTime:0.000421s ]
SQL: SHOW COLUMNS FROM `work` [ RunTime:0.005756s ]
SQL: SELECT `deadline` FROM `work` LEFT JOIN work_user ON work_user.work_id = work.id LEFT JOIN work_level ON work_level.work_id = work.id  WHERE ( user_id = 29 OR (apart_id = 3 AND level_id = 3) ) ORDER BY deadline desc LIMIT 1   [ RunTime:0.080950s ]
SQL: SHOW COLUMNS FROM `work_up` [ RunTime:0.051334s ]
SQL: SELECT `work_id` FROM `work_up` WHERE ( user_id = 29 )  [ RunTime:0.000565s ]
SQL: SELECT `id` FROM `work` LEFT JOIN work_user ON work_user.work_id = work.id LEFT JOIN work_level ON work_level.work_id = work.id  WHERE ( user_id = 29 OR (apart_id = 3 AND level_id = 3) )  [ RunTime:0.001722s ]
NOTIC: [2] array_diff(): Argument #1 is not an array D:\wamp\www\oldmanage\App\Home\Controller\ApartController.class.php 第 76 行.
NOTIC: [2] Invalid argument supplied for foreach() D:\wamp\www\oldmanage\App\Home\Controller\ApartController.class.php 第 80 行.
NOTIC: [8] Undefined variable: data D:\wamp\www\oldmanage\App\Home\Controller\ApartController.class.php 第 124 行.
SQL: SHOW COLUMNS FROM `apart_work` [ RunTime:0.007596s ]
SQL: SELECT * FROM `apart_work` LEFT JOIN work ON apart_work.work_id = work.id  WHERE ( apart_id = 3 ) ORDER BY id desc LIMIT 6   [ RunTime:0.041796s ]
SQL: SELECT `work_id` FROM `apart_work` WHERE ( apart_id = 3 )  [ RunTime:0.000470s ]
SQL: SHOW COLUMNS FROM `work_level` [ RunTime:0.009010s ]
SQL: SELECT `work_id`,`name` FROM `work_level` LEFT JOIN level ON work_level.level_id = level.id  WHERE (  work_id = 67  )  [ RunTime:0.000812s ]
SQL: SELECT `work_id`,`name` FROM `work_level` LEFT JOIN level ON work_level.level_id = level.id  WHERE (  work_id = 73  )  [ RunTime:0.000410s ]
SQL: SHOW COLUMNS FROM `resource` [ RunTime:0.061199s ]
SQL: SELECT * FROM `resource` ORDER BY id desc LIMIT 13   [ RunTime:0.000390s ]
SQL: SHOW COLUMNS FROM `question` [ RunTime:0.092415s ]
SQL: SELECT * FROM `question` LEFT JOIN user ON question.uid = user.id   [ RunTime:0.000568s ]
SQL: SHOW COLUMNS FROM `user` [ RunTime:0.006255s ]
SQL: SELECT * FROM `user` RIGHT JOIN information ON user.id = information.uid   [ RunTime:0.075747s ]
SQL: SELECT * FROM `work_up` LEFT JOIN apart_user ON work_up.user_id = apart_user.user_id LEFT JOIN user ON user.id = work_up.user_id LEFT JOIN work ON work.id = work_up.work_id  WHERE ( apart_id = 3 )  [ RunTime:0.000992s ]
SQL: SHOW COLUMNS FROM `notice` [ RunTime:0.064088s ]
SQL: SELECT * FROM `notice` LEFT JOIN apart_notice ON notice.id = apart_notice.notice_id  WHERE ( apart_notice.apart_id = 3 ) ORDER BY createtime desc LIMIT 1   [ RunTime:0.014242s ]
INFO: [ view_parse ] --START--
INFO: [ template_filter ] --START--
INFO: Run Behavior\ContentReplaceBehavior [ RunTime:0.000241s ]
INFO: [ template_filter ] --END-- [ RunTime:0.000337s ]
NOTIC: [8] Undefined variable: page D:\wamp\www\oldmanage\App\Runtime\Cache\Home\cf2a18121bf2639402ad186f532a5c6a.php 第 175 行.
NOTIC: [8] Undefined index: username D:\wamp\www\oldmanage\App\Runtime\Cache\Home\cf2a18121bf2639402ad186f532a5c6a.php 第 189 行.
NOTIC: [8] Undefined index: username D:\wamp\www\oldmanage\App\Runtime\Cache\Home\cf2a18121bf2639402ad186f532a5c6a.php 第 189 行.
NOTIC: [8] Undefined variable: invalid_page D:\wamp\www\oldmanage\App\Runtime\Cache\Home\cf2a18121bf2639402ad186f532a5c6a.php 第 199 行.
INFO: Run Behavior\ParseTemplateBehavior [ RunTime:0.119361s ]
INFO: [ view_parse ] --END-- [ RunTime:0.119480s ]
INFO: [ view_filter ] --START--
INFO: Run Behavior\WriteHtmlCacheBehavior [ RunTime:0.009769s ]
INFO: [ view_filter ] --END-- [ RunTime:0.009861s ]
INFO: [ app_end ] --START--
INFO: Run Behavior\ShowPageTraceBehavior [ RunTime:0.012984s ]
INFO: [ app_end ] --END-- [ RunTime:0.013093s ]

[ 2014-10-03T17:27:08+08:00 ] 127.0.0.1 /oldmanage/index.php/Home/Index/index
INFO: [ app_init ] --START--
INFO: Run Behavior\BuildLiteBehavior [ RunTime:0.000027s ]
INFO: [ app_init ] --END-- [ RunTime:0.002858s ]
INFO: [ app_begin ] --START--
INFO: Run Behavior\ReadHtmlCacheBehavior [ RunTime:0.009340s ]
INFO: [ app_begin ] --END-- [ RunTime:0.009478s ]
NOTIC: [8] A session had already been started - ignoring session_start() D:\wamp\www\oldmanage\ThinkPHP\Common\functions.php 第 1191 行.
SQL: SHOW COLUMNS FROM `apart_work` [ RunTime:0.006033s ]
SQL: SELECT COUNT(*) AS tp_count FROM `apart_work` WHERE ( apart_id = 2 ) LIMIT 1   [ RunTime:0.000333s ]
NOTIC: [2] Division by zero D:\wamp\www\oldmanage\ThinkPHP\Library\Think\Page.class.php 第 84 行.
SQL: SELECT * FROM `apart_work` LEFT JOIN work ON apart_work.work_id = work.id  WHERE ( apart_id = 2 )  [ RunTime:0.000500s ]
INFO: [ view_parse ] --START--
INFO: [ template_filter ] --START--
INFO: Run Behavior\ContentReplaceBehavior [ RunTime:0.000108s ]
INFO: [ template_filter ] --END-- [ RunTime:0.000217s ]
INFO: Run Behavior\ParseTemplateBehavior [ RunTime:0.104591s ]
INFO: [ view_parse ] --END-- [ RunTime:0.104711s ]
INFO: [ view_filter ] --START--
INFO: Run Behavior\WriteHtmlCacheBehavior [ RunTime:0.017766s ]
INFO: [ view_filter ] --END-- [ RunTime:0.017867s ]
INFO: [ app_end ] --START--
INFO: Run Behavior\ShowPageTraceBehavior [ RunTime:0.019685s ]
INFO: [ app_end ] --END-- [ RunTime:0.019789s ]

[ 2014-10-03T21:18:31+08:00 ] 127.0.0.1 /oldmanage/
INFO: [ app_init ] --START--
INFO: Run Behavior\BuildLiteBehavior [ RunTime:0.000030s ]
INFO: [ app_init ] --END-- [ RunTime:0.022518s ]
INFO: [ app_begin ] --START--
INFO: Run Behavior\ReadHtmlCacheBehavior [ RunTime:0.020655s ]
INFO: [ app_begin ] --END-- [ RunTime:0.020798s ]
NOTIC: [8] A session had already been started - ignoring session_start() D:\wamp\www\oldmanage\ThinkPHP\Common\functions.php 第 1191 行.
SQL: SHOW COLUMNS FROM `apart_work` [ RunTime:0.124297s ]
SQL: SELECT COUNT(*) AS tp_count FROM `apart_work` WHERE ( apart_id = 2 ) LIMIT 1   [ RunTime:0.041614s ]
NOTIC: [2] Division by zero D:\wamp\www\oldmanage\ThinkPHP\Library\Think\Page.class.php 第 84 行.
SQL: SELECT * FROM `apart_work` LEFT JOIN work ON apart_work.work_id = work.id  WHERE ( apart_id = 2 )  [ RunTime:0.066795s ]
INFO: [ view_parse ] --START--
INFO: [ template_filter ] --START--
INFO: Run Behavior\ContentReplaceBehavior [ RunTime:0.000193s ]
INFO: [ template_filter ] --END-- [ RunTime:0.000342s ]
NOTIC: [8] Undefined variable: log D:\wamp\www\oldmanage\App\Runtime\Cache\Home\00e52909bed743ea261af4b6823297ff.php 第 24 行.
INFO: Run Behavior\ParseTemplateBehavior [ RunTime:0.218467s ]
INFO: [ view_parse ] --END-- [ RunTime:0.218590s ]
INFO: [ view_filter ] --START--
INFO: Run Behavior\WriteHtmlCacheBehavior [ RunTime:0.018059s ]
INFO: [ view_filter ] --END-- [ RunTime:0.018174s ]
INFO: [ app_end ] --START--
INFO: Run Behavior\ShowPageTraceBehavior [ RunTime:0.027127s ]
INFO: [ app_end ] --END-- [ RunTime:0.027232s ]

[ 2014-10-03T21:19:35+08:00 ] 127.0.0.1 /oldmanage/
INFO: [ app_init ] --START--
INFO: Run Behavior\BuildLiteBehavior [ RunTime:0.000024s ]
INFO: [ app_init ] --END-- [ RunTime:0.002821s ]
INFO: [ app_begin ] --START--
INFO: Run Behavior\ReadHtmlCacheBehavior [ RunTime:0.009358s ]
INFO: [ app_begin ] --END-- [ RunTime:0.009491s ]
NOTIC: [8] A session had already been started - ignoring session_start() D:\wamp\www\oldmanage\ThinkPHP\Common\functions.php 第 1191 行.
SQL: SHOW COLUMNS FROM `apart_work` [ RunTime:0.005100s ]
SQL: SELECT COUNT(*) AS tp_count FROM `apart_work` WHERE ( apart_id = 2 ) LIMIT 1   [ RunTime:0.000187s ]
NOTIC: [2] Division by zero D:\wamp\www\oldmanage\ThinkPHP\Library\Think\Page.class.php 第 84 行.
SQL: SELECT * FROM `apart_work` LEFT JOIN work ON apart_work.work_id = work.id  WHERE ( apart_id = 2 )  [ RunTime:0.000325s ]
INFO: [ view_parse ] --START--
INFO: [ template_filter ] --START--
INFO: Run Behavior\ContentReplaceBehavior [ RunTime:0.000106s ]
INFO: [ template_filter ] --END-- [ RunTime:0.000221s ]
INFO: Run Behavior\ParseTemplateBehavior [ RunTime:0.054200s ]
INFO: [ view_parse ] --END-- [ RunTime:0.054315s ]
INFO: [ view_filter ] --START--
INFO: Run Behavior\WriteHtmlCacheBehavior [ RunTime:0.009770s ]
INFO: [ view_filter ] --END-- [ RunTime:0.009861s ]
INFO: [ app_end ] --START--
INFO: Run Behavior\ShowPageTraceBehavior [ RunTime:0.010493s ]
INFO: [ app_end ] --END-- [ RunTime:0.010590s ]

[ 2014-10-03T21:19:43+08:00 ] 127.0.0.1 /oldmanage/index.php/Home/Login/login.html
INFO: [ app_init ] --START--
INFO: Run Behavior\BuildLiteBehavior [ RunTime:0.000023s ]
INFO: [ app_init ] --END-- [ RunTime:0.002975s ]
INFO: [ app_begin ] --START--
INFO: Run Behavior\ReadHtmlCacheBehavior [ RunTime:0.011910s ]
INFO: [ app_begin ] --END-- [ RunTime:0.012053s ]
NOTIC: [8] A session had already been started - ignoring session_start() D:\wamp\www\oldmanage\ThinkPHP\Common\functions.php 第 1191 行.
SQL: SHOW COLUMNS FROM `user` [ RunTime:0.066822s ]
SQL: SELECT * FROM `user` WHERE `username` = 'admin' LIMIT 1   [ RunTime:0.000516s ]
SQL: UPDATE `user` SET `logintime`=1412342382,`loginip`='127.0.0.1' WHERE `id` = 1 [ RunTime:0.013278s ]
SQL: SHOW COLUMNS FROM `user` [ RunTime:0.005315s ]
SQL: SELECT `id`,`username`,`logintime`,`loginip`,`lock` FROM `user` WHERE `id` = 1  [ RunTime:0.000367s ]
SQL: SHOW COLUMNS FROM `role` [ RunTime:0.052797s ]
NOTIC: [8] Undefined index: mapping_order D:\wamp\www\oldmanage\ThinkPHP\Library\Think\Model\RelationModel.class.php 第 186 行.
NOTIC: [8] Undefined index: mapping_limit D:\wamp\www\oldmanage\ThinkPHP\Library\Think\Model\RelationModel.class.php 第 187 行.
SQL: SELECT b.id, name, remark FROM role_user AS a, role AS b WHERE a.role_id = b.id AND a. user_id='1' [ RunTime:0.051796s ]
SQL: SHOW COLUMNS FROM `apartment` [ RunTime:0.055667s ]
NOTIC: [8] Undefined index: mapping_order D:\wamp\www\oldmanage\ThinkPHP\Library\Think\Model\RelationModel.class.php 第 186 行.
NOTIC: [8] Undefined index: mapping_limit D:\wamp\www\oldmanage\ThinkPHP\Library\Think\Model\RelationModel.class.php 第 187 行.
SQL: SELECT b.id, name FROM apart_user AS a, apartment AS b WHERE a.apart_id = b.id AND a. user_id='1' [ RunTime:0.071817s ]
SQL: SHOW COLUMNS FROM `level` [ RunTime:0.041531s ]
NOTIC: [8] Undefined index: mapping_order D:\wamp\www\oldmanage\ThinkPHP\Library\Think\Model\RelationModel.class.php 第 186 行.
NOTIC: [8] Undefined index: mapping_limit D:\wamp\www\oldmanage\ThinkPHP\Library\Think\Model\RelationModel.class.php 第 187 行.
SQL: SELECT b.id, name FROM level_user AS a, level AS b WHERE a.level_id = b.id AND a. user_id='1' [ RunTime:0.035013s ]
SQL: SHOW COLUMNS FROM `work` [ RunTime:0.005375s ]
NOTIC: [8] Undefined index: mapping_order D:\wamp\www\oldmanage\ThinkPHP\Library\Think\Model\RelationModel.class.php 第 186 行.
NOTIC: [8] Undefined index: mapping_limit D:\wamp\www\oldmanage\ThinkPHP\Library\Think\Model\RelationModel.class.php 第 187 行.
SQL: SELECT b.id, title, content, deadline FROM work_user AS a, work AS b WHERE a.work_id = b.id AND a. user_id='1' [ RunTime:0.055195s ]
SQL: SELECT `id`,`username`,`logintime`,`loginip`,`lock` FROM `user` WHERE `id` = 1  [ RunTime:0.000313s ]
NOTIC: [8] Undefined index: mapping_order D:\wamp\www\oldmanage\ThinkPHP\Library\Think\Model\RelationModel.class.php 第 186 行.
NOTIC: [8] Undefined index: mapping_limit D:\wamp\www\oldmanage\ThinkPHP\Library\Think\Model\RelationModel.class.php 第 187 行.
SQL: SELECT b.id, name, remark FROM role_user AS a, role AS b WHERE a.role_id = b.id AND a. user_id='1' [ RunTime:0.000298s ]
NOTIC: [8] Undefined index: mapping_order D:\wamp\www\oldmanage\ThinkPHP\Library\Think\Model\RelationModel.class.php 第 186 行.
NOTIC: [8] Undefined index: mapping_limit D:\wamp\www\oldmanage\ThinkPHP\Library\Think\Model\RelationModel.class.php 第 187 行.
SQL: SELECT b.id, name FROM apart_user AS a, apartment AS b WHERE a.apart_id = b.id AND a. user_id='1' [ RunTime:0.000304s ]
NOTIC: [8] Undefined index: mapping_order D:\wamp\www\oldmanage\ThinkPHP\Library\Think\Model\RelationModel.class.php 第 186 行.
NOTIC: [8] Undefined index: mapping_limit D:\wamp\www\oldmanage\ThinkPHP\Library\Think\Model\RelationModel.class.php 第 187 行.
SQL: SELECT b.id, name FROM level_user AS a, level AS b WHERE a.level_id = b.id AND a. user_id='1' [ RunTime:0.000331s ]
NOTIC: [8] Undefined index: mapping_order D:\wamp\www\oldmanage\ThinkPHP\Library\Think\Model\RelationModel.class.php 第 186 行.
NOTIC: [8] Undefined index: mapping_limit D:\wamp\www\oldmanage\ThinkPHP\Library\Think\Model\RelationModel.class.php 第 187 行.
SQL: SELECT b.id, title, content, deadline FROM work_user AS a, work AS b WHERE a.work_id = b.id AND a. user_id='1' [ RunTime:0.000379s ]
NOTIC: [8] Undefined offset: 0 D:\wamp\www\oldmanage\App\Home\Controller\LoginController.class.php 第 48 行.
INFO: [ view_parse ] --START--
INFO: [ template_filter ] --START--
INFO: Run Behavior\ContentReplaceBehavior [ RunTime:0.000064s ]
INFO: [ template_filter ] --END-- [ RunTime:0.000165s ]
INFO: Run Behavior\ParseTemplateBehavior [ RunTime:0.085035s ]
INFO: [ view_parse ] --END-- [ RunTime:0.085163s ]
INFO: [ view_filter ] --START--
INFO: Run Behavior\WriteHtmlCacheBehavior [ RunTime:0.009228s ]
INFO: [ view_filter ] --END-- [ RunTime:0.009320s ]
INFO: [ app_end ] --START--
INFO: Run Behavior\ShowPageTraceBehavior [ RunTime:0.009426s ]
INFO: [ app_end ] --END-- [ RunTime:0.009520s ]

[ 2014-10-03T21:19:44+08:00 ] 127.0.0.1 /oldmanage/index.php/Home/Index/index
INFO: [ app_init ] --START--
INFO: Run Behavior\BuildLiteBehavior [ RunTime:0.000029s ]
INFO: [ app_init ] --END-- [ RunTime:0.003272s ]
INFO: [ app_begin ] --START--
INFO: Run Behavior\ReadHtmlCacheBehavior [ RunTime:0.010517s ]
INFO: [ app_begin ] --END-- [ RunTime:0.010682s ]
NOTIC: [8] A session had already been started - ignoring session_start() D:\wamp\www\oldmanage\ThinkPHP\Common\functions.php 第 1191 行.
SQL: SHOW COLUMNS FROM `apart_work` [ RunTime:0.006248s ]
SQL: SELECT COUNT(*) AS tp_count FROM `apart_work` WHERE ( apart_id = 2 ) LIMIT 1   [ RunTime:0.000125s ]
NOTIC: [2] Division by zero D:\wamp\www\oldmanage\ThinkPHP\Library\Think\Page.class.php 第 84 行.
SQL: SELECT * FROM `apart_work` LEFT JOIN work ON apart_work.work_id = work.id  WHERE ( apart_id = 2 )  [ RunTime:0.000306s ]
INFO: [ view_parse ] --START--
INFO: [ template_filter ] --START--
INFO: Run Behavior\ContentReplaceBehavior [ RunTime:0.000113s ]
INFO: [ template_filter ] --END-- [ RunTime:0.000220s ]
INFO: Run Behavior\ParseTemplateBehavior [ RunTime:0.069860s ]
INFO: [ view_parse ] --END-- [ RunTime:0.070028s ]
INFO: [ view_filter ] --START--
INFO: Run Behavior\WriteHtmlCacheBehavior [ RunTime:0.009166s ]
INFO: [ view_filter ] --END-- [ RunTime:0.009266s ]
INFO: [ app_end ] --START--
INFO: Run Behavior\ShowPageTraceBehavior [ RunTime:0.009665s ]
INFO: [ app_end ] --END-- [ RunTime:0.009771s ]

